CRITICAL - 2025-01-13 07:12:16 --> Undefined array key "valor"
in APPPATH/Controllers/Anexos2024.php on line 163.
 1 APPPATH/Controllers/Anexos2024.php(163): CodeIgniter\Debug\Exceptions->errorHandler(2, 'Undefined array key "valor"', 'APPPATH/Controllers/Anexos2024.php', 163)
 2 SYSTEMPATH/CodeIgniter.php(927): App\Controllers\Anexos2024->postGuardarDatos()
 3 SYSTEMPATH/CodeIgniter.php(482): CodeIgniter\CodeIgniter->runController(Object(App\Controllers\Anexos2024))
 4 SYSTEMPATH/CodeIgniter.php(351): CodeIgniter\CodeIgniter->handleRequest(null, Object(Config\Cache), false)
 5 FCPATH/index.php(67): CodeIgniter\CodeIgniter->run()
CRITICAL - 2025-01-13 07:21:01 --> Undefined array key 0
in APPPATH/Controllers/Informes2.php on line 362.
 1 APPPATH/Controllers/Informes2.php(362): CodeIgniter\Debug\Exceptions->errorHandler(2, 'Undefined array key 0', 'APPPATH/Controllers/Informes2.php', 362)
 2 SYSTEMPATH/CodeIgniter.php(927): App\Controllers\Informes2->getCumple()
 3 SYSTEMPATH/CodeIgniter.php(482): CodeIgniter\CodeIgniter->runController(Object(App\Controllers\Informes2))
 4 SYSTEMPATH/CodeIgniter.php(351): CodeIgniter\CodeIgniter->handleRequest(null, Object(Config\Cache), false)
 5 FCPATH/index.php(67): CodeIgniter\CodeIgniter->run()
CRITICAL - 2025-01-13 07:24:54 --> unlink(/home/customer/www/xurainc.com/public_html/monitoreo/writable/debugbar/debugbar_1736774662.884498.json): No such file or directory
in SYSTEMPATH/Debug/Toolbar/Collectors/History.php on line 76.
 1 [internal function]: CodeIgniter\Debug\Exceptions->errorHandler(2, 'unlink(/home/customer/www/xurainc.com/public_html/monitoreo/writable/debugbar/debugbar_1736774662.884498.json): No such file or directory', 'SYSTEMPATH/Debug/Toolbar/Collectors/History.php', 76)
 2 SYSTEMPATH/Debug/Toolbar/Collectors/History.php(76): unlink('FCPATH/writable/debugbar/debugbar_1736774662.884498.json')
 3 SYSTEMPATH/Debug/Toolbar.php(500): CodeIgniter\Debug\Toolbar\Collectors\History->setFiles('1736774690.058141', 20)
 4 SYSTEMPATH/Debug/Toolbar.php(477): CodeIgniter\Debug\Toolbar->format([...], 'html')
 5 APPPATH/Config/Events.php(46): CodeIgniter\Debug\Toolbar->respond()
 6 SYSTEMPATH/Events/Events.php(149): CodeIgniter\Events\Events::Config\{closure}()
 7 SYSTEMPATH/CodeIgniter.php(328): CodeIgniter\Events\Events::trigger('pre_system')
 8 FCPATH/index.php(67): CodeIgniter\CodeIgniter->run()
CRITICAL - 2025-01-13 08:24:14 --> Undefined array key 0
in APPPATH/Controllers/Informes2.php on line 362.
 1 APPPATH/Controllers/Informes2.php(362): CodeIgniter\Debug\Exceptions->errorHandler(2, 'Undefined array key 0', 'APPPATH/Controllers/Informes2.php', 362)
 2 SYSTEMPATH/CodeIgniter.php(927): App\Controllers\Informes2->getCumple()
 3 SYSTEMPATH/CodeIgniter.php(482): CodeIgniter\CodeIgniter->runController(Object(App\Controllers\Informes2))
 4 SYSTEMPATH/CodeIgniter.php(351): CodeIgniter\CodeIgniter->handleRequest(null, Object(Config\Cache), false)
 5 FCPATH/index.php(67): CodeIgniter\CodeIgniter->run()
CRITICAL - 2025-01-13 08:36:01 --> Undefined array key "valor"
in APPPATH/Controllers/Anexos2024.php on line 163.
 1 APPPATH/Controllers/Anexos2024.php(163): CodeIgniter\Debug\Exceptions->errorHandler(2, 'Undefined array key "valor"', 'APPPATH/Controllers/Anexos2024.php', 163)
 2 SYSTEMPATH/CodeIgniter.php(927): App\Controllers\Anexos2024->postGuardarDatos()
 3 SYSTEMPATH/CodeIgniter.php(482): CodeIgniter\CodeIgniter->runController(Object(App\Controllers\Anexos2024))
 4 SYSTEMPATH/CodeIgniter.php(351): CodeIgniter\CodeIgniter->handleRequest(null, Object(Config\Cache), false)
 5 FCPATH/index.php(67): CodeIgniter\CodeIgniter->run()
CRITICAL - 2025-01-13 08:36:37 --> Undefined array key "valor"
in APPPATH/Controllers/Anexos2024.php on line 163.
 1 APPPATH/Controllers/Anexos2024.php(163): CodeIgniter\Debug\Exceptions->errorHandler(2, 'Undefined array key "valor"', 'APPPATH/Controllers/Anexos2024.php', 163)
 2 SYSTEMPATH/CodeIgniter.php(927): App\Controllers\Anexos2024->postGuardarDatos()
 3 SYSTEMPATH/CodeIgniter.php(482): CodeIgniter\CodeIgniter->runController(Object(App\Controllers\Anexos2024))
 4 SYSTEMPATH/CodeIgniter.php(351): CodeIgniter\CodeIgniter->handleRequest(null, Object(Config\Cache), false)
 5 FCPATH/index.php(67): CodeIgniter\CodeIgniter->run()
CRITICAL - 2025-01-13 08:37:53 --> Undefined array key "valor"
in APPPATH/Controllers/Anexos2024.php on line 163.
 1 APPPATH/Controllers/Anexos2024.php(163): CodeIgniter\Debug\Exceptions->errorHandler(2, 'Undefined array key "valor"', 'APPPATH/Controllers/Anexos2024.php', 163)
 2 SYSTEMPATH/CodeIgniter.php(927): App\Controllers\Anexos2024->postGuardarDatos()
 3 SYSTEMPATH/CodeIgniter.php(482): CodeIgniter\CodeIgniter->runController(Object(App\Controllers\Anexos2024))
 4 SYSTEMPATH/CodeIgniter.php(351): CodeIgniter\CodeIgniter->handleRequest(null, Object(Config\Cache), false)
 5 FCPATH/index.php(67): CodeIgniter\CodeIgniter->run()
CRITICAL - 2025-01-13 08:49:14 --> Undefined array key 0
in APPPATH/Controllers/Informes2.php on line 73.
 1 APPPATH/Controllers/Informes2.php(73): CodeIgniter\Debug\Exceptions->errorHandler(2, 'Undefined array key 0', 'APPPATH/Controllers/Informes2.php', 73)
 2 SYSTEMPATH/CodeIgniter.php(927): App\Controllers\Informes2->getInformesUGEL()
 3 SYSTEMPATH/CodeIgniter.php(482): CodeIgniter\CodeIgniter->runController(Object(App\Controllers\Informes2))
 4 SYSTEMPATH/CodeIgniter.php(351): CodeIgniter\CodeIgniter->handleRequest(null, Object(Config\Cache), false)
 5 FCPATH/index.php(67): CodeIgniter\CodeIgniter->run()
CRITICAL - 2025-01-13 09:30:59 --> Undefined array key 0
in APPPATH/Controllers/Informes2.php on line 73.
 1 APPPATH/Controllers/Informes2.php(73): CodeIgniter\Debug\Exceptions->errorHandler(2, 'Undefined array key 0', 'APPPATH/Controllers/Informes2.php', 73)
 2 SYSTEMPATH/CodeIgniter.php(927): App\Controllers\Informes2->getInformesUGEL()
 3 SYSTEMPATH/CodeIgniter.php(482): CodeIgniter\CodeIgniter->runController(Object(App\Controllers\Informes2))
 4 SYSTEMPATH/CodeIgniter.php(351): CodeIgniter\CodeIgniter->handleRequest(null, Object(Config\Cache), false)
 5 FCPATH/index.php(67): CodeIgniter\CodeIgniter->run()
CRITICAL - 2025-01-13 10:35:29 --> unlink(/home/customer/www/xurainc.com/public_html/monitoreo/writable/debugbar/debugbar_1736786104.738998.json): No such file or directory
in SYSTEMPATH/Debug/Toolbar/Collectors/History.php on line 76.
 1 [internal function]: CodeIgniter\Debug\Exceptions->errorHandler(2, 'unlink(/home/customer/www/xurainc.com/public_html/monitoreo/writable/debugbar/debugbar_1736786104.738998.json): No such file or directory', 'SYSTEMPATH/Debug/Toolbar/Collectors/History.php', 76)
 2 SYSTEMPATH/Debug/Toolbar/Collectors/History.php(76): unlink('FCPATH/writable/debugbar/debugbar_1736786104.738998.json')
 3 SYSTEMPATH/Debug/Toolbar.php(500): CodeIgniter\Debug\Toolbar\Collectors\History->setFiles('1736786127.184690', 20)
 4 SYSTEMPATH/Debug/Toolbar.php(477): CodeIgniter\Debug\Toolbar->format([...], 'html')
 5 APPPATH/Config/Events.php(46): CodeIgniter\Debug\Toolbar->respond()
 6 SYSTEMPATH/Events/Events.php(149): CodeIgniter\Events\Events::Config\{closure}()
 7 SYSTEMPATH/CodeIgniter.php(328): CodeIgniter\Events\Events::trigger('pre_system')
 8 FCPATH/index.php(67): CodeIgniter\CodeIgniter->run()
CRITICAL - 2025-01-13 10:58:43 --> Undefined array key 0
in APPPATH/Controllers/Evaluacion.php on line 1034.
 1 APPPATH/Controllers/Evaluacion.php(1034): CodeIgniter\Debug\Exceptions->errorHandler(2, 'Undefined array key 0', 'APPPATH/Controllers/Evaluacion.php', 1034)
 2 SYSTEMPATH/CodeIgniter.php(927): App\Controllers\Evaluacion->getGraficoAvanceIIEE()
 3 SYSTEMPATH/CodeIgniter.php(482): CodeIgniter\CodeIgniter->runController(Object(App\Controllers\Evaluacion))
 4 SYSTEMPATH/CodeIgniter.php(351): CodeIgniter\CodeIgniter->handleRequest(null, Object(Config\Cache), false)
 5 FCPATH/index.php(67): CodeIgniter\CodeIgniter->run()
CRITICAL - 2025-01-13 10:59:49 --> Undefined array key 0
in APPPATH/Controllers/Evaluacion.php on line 1034.
 1 APPPATH/Controllers/Evaluacion.php(1034): CodeIgniter\Debug\Exceptions->errorHandler(2, 'Undefined array key 0', 'APPPATH/Controllers/Evaluacion.php', 1034)
 2 SYSTEMPATH/CodeIgniter.php(927): App\Controllers\Evaluacion->getGraficoAvanceIIEE()
 3 SYSTEMPATH/CodeIgniter.php(482): CodeIgniter\CodeIgniter->runController(Object(App\Controllers\Evaluacion))
 4 SYSTEMPATH/CodeIgniter.php(351): CodeIgniter\CodeIgniter->handleRequest(null, Object(Config\Cache), false)
 5 FCPATH/index.php(67): CodeIgniter\CodeIgniter->run()
CRITICAL - 2025-01-13 11:00:08 --> Undefined array key 0
in APPPATH/Controllers/Evaluacion.php on line 1194.
 1 APPPATH/Controllers/Evaluacion.php(1194): CodeIgniter\Debug\Exceptions->errorHandler(2, 'Undefined array key 0', 'APPPATH/Controllers/Evaluacion.php', 1194)
 2 SYSTEMPATH/CodeIgniter.php(927): App\Controllers\Evaluacion->getCuadroComparativoUgel()
 3 SYSTEMPATH/CodeIgniter.php(482): CodeIgniter\CodeIgniter->runController(Object(App\Controllers\Evaluacion))
 4 SYSTEMPATH/CodeIgniter.php(351): CodeIgniter\CodeIgniter->handleRequest(null, Object(Config\Cache), false)
 5 FCPATH/index.php(67): CodeIgniter\CodeIgniter->run()
CRITICAL - 2025-01-13 13:01:34 --> Undefined array key 0
in APPPATH/Controllers/Informes2.php on line 362.
 1 APPPATH/Controllers/Informes2.php(362): CodeIgniter\Debug\Exceptions->errorHandler(2, 'Undefined array key 0', 'APPPATH/Controllers/Informes2.php', 362)
 2 SYSTEMPATH/CodeIgniter.php(927): App\Controllers\Informes2->getCumple()
 3 SYSTEMPATH/CodeIgniter.php(482): CodeIgniter\CodeIgniter->runController(Object(App\Controllers\Informes2))
 4 SYSTEMPATH/CodeIgniter.php(351): CodeIgniter\CodeIgniter->handleRequest(null, Object(Config\Cache), false)
 5 FCPATH/index.php(67): CodeIgniter\CodeIgniter->run()
CRITICAL - 2025-01-13 14:01:13 --> Undefined array key 0
in APPPATH/Controllers/Evaluacion.php on line 1500.
 1 APPPATH/Controllers/Evaluacion.php(1500): CodeIgniter\Debug\Exceptions->errorHandler(2, 'Undefined array key 0', 'APPPATH/Controllers/Evaluacion.php', 1500)
 2 SYSTEMPATH/CodeIgniter.php(927): App\Controllers\Evaluacion->getGraficoAvanceUGEL()
 3 SYSTEMPATH/CodeIgniter.php(482): CodeIgniter\CodeIgniter->runController(Object(App\Controllers\Evaluacion))
 4 SYSTEMPATH/CodeIgniter.php(351): CodeIgniter\CodeIgniter->handleRequest(null, Object(Config\Cache), false)
 5 FCPATH/index.php(67): CodeIgniter\CodeIgniter->run()
CRITICAL - 2025-01-13 14:32:04 --> Undefined array key 0
in APPPATH/Controllers/Informes2.php on line 362.
 1 APPPATH/Controllers/Informes2.php(362): CodeIgniter\Debug\Exceptions->errorHandler(2, 'Undefined array key 0', 'APPPATH/Controllers/Informes2.php', 362)
 2 SYSTEMPATH/CodeIgniter.php(927): App\Controllers\Informes2->getCumple()
 3 SYSTEMPATH/CodeIgniter.php(482): CodeIgniter\CodeIgniter->runController(Object(App\Controllers\Informes2))
 4 SYSTEMPATH/CodeIgniter.php(351): CodeIgniter\CodeIgniter->handleRequest(null, Object(Config\Cache), false)
 5 FCPATH/index.php(67): CodeIgniter\CodeIgniter->run()
CRITICAL - 2025-01-13 14:47:59 --> Undefined array key 0
in APPPATH/Controllers/Evaluacion.php on line 1194.
 1 APPPATH/Controllers/Evaluacion.php(1194): CodeIgniter\Debug\Exceptions->errorHandler(2, 'Undefined array key 0', 'APPPATH/Controllers/Evaluacion.php', 1194)
 2 SYSTEMPATH/CodeIgniter.php(927): App\Controllers\Evaluacion->getCuadroComparativoUgel()
 3 SYSTEMPATH/CodeIgniter.php(482): CodeIgniter\CodeIgniter->runController(Object(App\Controllers\Evaluacion))
 4 SYSTEMPATH/CodeIgniter.php(351): CodeIgniter\CodeIgniter->handleRequest(null, Object(Config\Cache), false)
 5 FCPATH/index.php(67): CodeIgniter\CodeIgniter->run()
CRITICAL - 2025-01-13 15:02:43 --> Undefined array key 0
in APPPATH/Controllers/Evaluacion.php on line 1559.
 1 APPPATH/Controllers/Evaluacion.php(1559): CodeIgniter\Debug\Exceptions->errorHandler(2, 'Undefined array key 0', 'APPPATH/Controllers/Evaluacion.php', 1559)
 2 SYSTEMPATH/CodeIgniter.php(927): App\Controllers\Evaluacion->getListadoAvanceDrep()
 3 SYSTEMPATH/CodeIgniter.php(482): CodeIgniter\CodeIgniter->runController(Object(App\Controllers\Evaluacion))
 4 SYSTEMPATH/CodeIgniter.php(351): CodeIgniter\CodeIgniter->handleRequest(null, Object(Config\Cache), false)
 5 FCPATH/index.php(67): CodeIgniter\CodeIgniter->run()
CRITICAL - 2025-01-13 17:21:52 --> unlink(/home/customer/www/xurainc.com/public_html/monitoreo/writable/debugbar/debugbar_1736810498.055868.json): No such file or directory
in SYSTEMPATH/Debug/Toolbar/Collectors/History.php on line 76.
 1 [internal function]: CodeIgniter\Debug\Exceptions->errorHandler(2, 'unlink(/home/customer/www/xurainc.com/public_html/monitoreo/writable/debugbar/debugbar_1736810498.055868.json): No such file or directory', 'SYSTEMPATH/Debug/Toolbar/Collectors/History.php', 76)
 2 SYSTEMPATH/Debug/Toolbar/Collectors/History.php(76): unlink('FCPATH/writable/debugbar/debugbar_1736810498.055868.json')
 3 SYSTEMPATH/Debug/Toolbar.php(500): CodeIgniter\Debug\Toolbar\Collectors\History->setFiles('1736810509.209924', 20)
 4 SYSTEMPATH/Debug/Toolbar.php(477): CodeIgniter\Debug\Toolbar->format([...], 'html')
 5 APPPATH/Config/Events.php(46): CodeIgniter\Debug\Toolbar->respond()
 6 SYSTEMPATH/Events/Events.php(149): CodeIgniter\Events\Events::Config\{closure}()
 7 SYSTEMPATH/CodeIgniter.php(328): CodeIgniter\Events\Events::trigger('pre_system')
 8 FCPATH/index.php(67): CodeIgniter\CodeIgniter->run()
CRITICAL - 2025-01-13 19:52:44 --> Undefined array key "valor"
in APPPATH/Controllers/Anexos2024.php on line 163.
 1 APPPATH/Controllers/Anexos2024.php(163): CodeIgniter\Debug\Exceptions->errorHandler(2, 'Undefined array key "valor"', 'APPPATH/Controllers/Anexos2024.php', 163)
 2 SYSTEMPATH/CodeIgniter.php(927): App\Controllers\Anexos2024->postGuardarDatos()
 3 SYSTEMPATH/CodeIgniter.php(482): CodeIgniter\CodeIgniter->runController(Object(App\Controllers\Anexos2024))
 4 SYSTEMPATH/CodeIgniter.php(351): CodeIgniter\CodeIgniter->handleRequest(null, Object(Config\Cache), false)
 5 FCPATH/index.php(67): CodeIgniter\CodeIgniter->run()
CRITICAL - 2025-01-13 19:55:02 --> Undefined array key "valor"
in APPPATH/Controllers/Anexos2024.php on line 163.
 1 APPPATH/Controllers/Anexos2024.php(163): CodeIgniter\Debug\Exceptions->errorHandler(2, 'Undefined array key "valor"', 'APPPATH/Controllers/Anexos2024.php', 163)
 2 SYSTEMPATH/CodeIgniter.php(927): App\Controllers\Anexos2024->postGuardarDatos()
 3 SYSTEMPATH/CodeIgniter.php(482): CodeIgniter\CodeIgniter->runController(Object(App\Controllers\Anexos2024))
 4 SYSTEMPATH/CodeIgniter.php(351): CodeIgniter\CodeIgniter->handleRequest(null, Object(Config\Cache), false)
 5 FCPATH/index.php(67): CodeIgniter\CodeIgniter->run()
CRITICAL - 2025-01-13 19:55:02 --> Undefined array key "valor"
in APPPATH/Controllers/Anexos2024.php on line 163.
 1 APPPATH/Controllers/Anexos2024.php(163): CodeIgniter\Debug\Exceptions->errorHandler(2, 'Undefined array key "valor"', 'APPPATH/Controllers/Anexos2024.php', 163)
 2 SYSTEMPATH/CodeIgniter.php(927): App\Controllers\Anexos2024->postGuardarDatos()
 3 SYSTEMPATH/CodeIgniter.php(482): CodeIgniter\CodeIgniter->runController(Object(App\Controllers\Anexos2024))
 4 SYSTEMPATH/CodeIgniter.php(351): CodeIgniter\CodeIgniter->handleRequest(null, Object(Config\Cache), false)
 5 FCPATH/index.php(67): CodeIgniter\CodeIgniter->run()
CRITICAL - 2025-01-13 19:55:02 --> Undefined array key "valor"
in APPPATH/Controllers/Anexos2024.php on line 163.
 1 APPPATH/Controllers/Anexos2024.php(163): CodeIgniter\Debug\Exceptions->errorHandler(2, 'Undefined array key "valor"', 'APPPATH/Controllers/Anexos2024.php', 163)
 2 SYSTEMPATH/CodeIgniter.php(927): App\Controllers\Anexos2024->postGuardarDatos()
 3 SYSTEMPATH/CodeIgniter.php(482): CodeIgniter\CodeIgniter->runController(Object(App\Controllers\Anexos2024))
 4 SYSTEMPATH/CodeIgniter.php(351): CodeIgniter\CodeIgniter->handleRequest(null, Object(Config\Cache), false)
 5 FCPATH/index.php(67): CodeIgniter\CodeIgniter->run()
CRITICAL - 2025-01-13 19:55:02 --> Undefined array key "valor"
in APPPATH/Controllers/Anexos2024.php on line 163.
 1 APPPATH/Controllers/Anexos2024.php(163): CodeIgniter\Debug\Exceptions->errorHandler(2, 'Undefined array key "valor"', 'APPPATH/Controllers/Anexos2024.php', 163)
 2 SYSTEMPATH/CodeIgniter.php(927): App\Controllers\Anexos2024->postGuardarDatos()
 3 SYSTEMPATH/CodeIgniter.php(482): CodeIgniter\CodeIgniter->runController(Object(App\Controllers\Anexos2024))
 4 SYSTEMPATH/CodeIgniter.php(351): CodeIgniter\CodeIgniter->handleRequest(null, Object(Config\Cache), false)
 5 FCPATH/index.php(67): CodeIgniter\CodeIgniter->run()
CRITICAL - 2025-01-13 19:55:02 --> Undefined array key "valor"
in APPPATH/Controllers/Anexos2024.php on line 163.
 1 APPPATH/Controllers/Anexos2024.php(163): CodeIgniter\Debug\Exceptions->errorHandler(2, 'Undefined array key "valor"', 'APPPATH/Controllers/Anexos2024.php', 163)
 2 SYSTEMPATH/CodeIgniter.php(927): App\Controllers\Anexos2024->postGuardarDatos()
 3 SYSTEMPATH/CodeIgniter.php(482): CodeIgniter\CodeIgniter->runController(Object(App\Controllers\Anexos2024))
 4 SYSTEMPATH/CodeIgniter.php(351): CodeIgniter\CodeIgniter->handleRequest(null, Object(Config\Cache), false)
 5 FCPATH/index.php(67): CodeIgniter\CodeIgniter->run()
CRITICAL - 2025-01-13 19:55:02 --> Undefined array key "valor"
in APPPATH/Controllers/Anexos2024.php on line 163.
 1 APPPATH/Controllers/Anexos2024.php(163): CodeIgniter\Debug\Exceptions->errorHandler(2, 'Undefined array key "valor"', 'APPPATH/Controllers/Anexos2024.php', 163)
 2 SYSTEMPATH/CodeIgniter.php(927): App\Controllers\Anexos2024->postGuardarDatos()
 3 SYSTEMPATH/CodeIgniter.php(482): CodeIgniter\CodeIgniter->runController(Object(App\Controllers\Anexos2024))
 4 SYSTEMPATH/CodeIgniter.php(351): CodeIgniter\CodeIgniter->handleRequest(null, Object(Config\Cache), false)
 5 FCPATH/index.php(67): CodeIgniter\CodeIgniter->run()
CRITICAL - 2025-01-13 19:55:02 --> Undefined array key "valor"
in APPPATH/Controllers/Anexos2024.php on line 163.
 1 APPPATH/Controllers/Anexos2024.php(163): CodeIgniter\Debug\Exceptions->errorHandler(2, 'Undefined array key "valor"', 'APPPATH/Controllers/Anexos2024.php', 163)
 2 SYSTEMPATH/CodeIgniter.php(927): App\Controllers\Anexos2024->postGuardarDatos()
 3 SYSTEMPATH/CodeIgniter.php(482): CodeIgniter\CodeIgniter->runController(Object(App\Controllers\Anexos2024))
 4 SYSTEMPATH/CodeIgniter.php(351): CodeIgniter\CodeIgniter->handleRequest(null, Object(Config\Cache), false)
 5 FCPATH/index.php(67): CodeIgniter\CodeIgniter->run()
CRITICAL - 2025-01-13 19:55:03 --> Undefined array key "valor"
in APPPATH/Controllers/Anexos2024.php on line 163.
 1 APPPATH/Controllers/Anexos2024.php(163): CodeIgniter\Debug\Exceptions->errorHandler(2, 'Undefined array key "valor"', 'APPPATH/Controllers/Anexos2024.php', 163)
 2 SYSTEMPATH/CodeIgniter.php(927): App\Controllers\Anexos2024->postGuardarDatos()
 3 SYSTEMPATH/CodeIgniter.php(482): CodeIgniter\CodeIgniter->runController(Object(App\Controllers\Anexos2024))
 4 SYSTEMPATH/CodeIgniter.php(351): CodeIgniter\CodeIgniter->handleRequest(null, Object(Config\Cache), false)
 5 FCPATH/index.php(67): CodeIgniter\CodeIgniter->run()
CRITICAL - 2025-01-13 19:55:03 --> Undefined array key "valor"
in APPPATH/Controllers/Anexos2024.php on line 163.
 1 APPPATH/Controllers/Anexos2024.php(163): CodeIgniter\Debug\Exceptions->errorHandler(2, 'Undefined array key "valor"', 'APPPATH/Controllers/Anexos2024.php', 163)
 2 SYSTEMPATH/CodeIgniter.php(927): App\Controllers\Anexos2024->postGuardarDatos()
 3 SYSTEMPATH/CodeIgniter.php(482): CodeIgniter\CodeIgniter->runController(Object(App\Controllers\Anexos2024))
 4 SYSTEMPATH/CodeIgniter.php(351): CodeIgniter\CodeIgniter->handleRequest(null, Object(Config\Cache), false)
 5 FCPATH/index.php(67): CodeIgniter\CodeIgniter->run()
CRITICAL - 2025-01-13 19:55:03 --> Undefined array key "valor"
in APPPATH/Controllers/Anexos2024.php on line 163.
 1 APPPATH/Controllers/Anexos2024.php(163): CodeIgniter\Debug\Exceptions->errorHandler(2, 'Undefined array key "valor"', 'APPPATH/Controllers/Anexos2024.php', 163)
 2 SYSTEMPATH/CodeIgniter.php(927): App\Controllers\Anexos2024->postGuardarDatos()
 3 SYSTEMPATH/CodeIgniter.php(482): CodeIgniter\CodeIgniter->runController(Object(App\Controllers\Anexos2024))
 4 SYSTEMPATH/CodeIgniter.php(351): CodeIgniter\CodeIgniter->handleRequest(null, Object(Config\Cache), false)
 5 FCPATH/index.php(67): CodeIgniter\CodeIgniter->run()
CRITICAL - 2025-01-13 19:55:03 --> Undefined array key "valor"
in APPPATH/Controllers/Anexos2024.php on line 163.
 1 APPPATH/Controllers/Anexos2024.php(163): CodeIgniter\Debug\Exceptions->errorHandler(2, 'Undefined array key "valor"', 'APPPATH/Controllers/Anexos2024.php', 163)
 2 SYSTEMPATH/CodeIgniter.php(927): App\Controllers\Anexos2024->postGuardarDatos()
 3 SYSTEMPATH/CodeIgniter.php(482): CodeIgniter\CodeIgniter->runController(Object(App\Controllers\Anexos2024))
 4 SYSTEMPATH/CodeIgniter.php(351): CodeIgniter\CodeIgniter->handleRequest(null, Object(Config\Cache), false)
 5 FCPATH/index.php(67): CodeIgniter\CodeIgniter->run()
CRITICAL - 2025-01-13 19:55:03 --> Undefined array key "valor"
in APPPATH/Controllers/Anexos2024.php on line 163.
 1 APPPATH/Controllers/Anexos2024.php(163): CodeIgniter\Debug\Exceptions->errorHandler(2, 'Undefined array key "valor"', 'APPPATH/Controllers/Anexos2024.php', 163)
 2 SYSTEMPATH/CodeIgniter.php(927): App\Controllers\Anexos2024->postGuardarDatos()
 3 SYSTEMPATH/CodeIgniter.php(482): CodeIgniter\CodeIgniter->runController(Object(App\Controllers\Anexos2024))
 4 SYSTEMPATH/CodeIgniter.php(351): CodeIgniter\CodeIgniter->handleRequest(null, Object(Config\Cache), false)
 5 FCPATH/index.php(67): CodeIgniter\CodeIgniter->run()
CRITICAL - 2025-01-13 19:55:03 --> Undefined array key "valor"
in APPPATH/Controllers/Anexos2024.php on line 163.
 1 APPPATH/Controllers/Anexos2024.php(163): CodeIgniter\Debug\Exceptions->errorHandler(2, 'Undefined array key "valor"', 'APPPATH/Controllers/Anexos2024.php', 163)
 2 SYSTEMPATH/CodeIgniter.php(927): App\Controllers\Anexos2024->postGuardarDatos()
 3 SYSTEMPATH/CodeIgniter.php(482): CodeIgniter\CodeIgniter->runController(Object(App\Controllers\Anexos2024))
 4 SYSTEMPATH/CodeIgniter.php(351): CodeIgniter\CodeIgniter->handleRequest(null, Object(Config\Cache), false)
 5 FCPATH/index.php(67): CodeIgniter\CodeIgniter->run()
CRITICAL - 2025-01-13 19:55:03 --> Undefined array key "valor"
in APPPATH/Controllers/Anexos2024.php on line 163.
 1 APPPATH/Controllers/Anexos2024.php(163): CodeIgniter\Debug\Exceptions->errorHandler(2, 'Undefined array key "valor"', 'APPPATH/Controllers/Anexos2024.php', 163)
 2 SYSTEMPATH/CodeIgniter.php(927): App\Controllers\Anexos2024->postGuardarDatos()
 3 SYSTEMPATH/CodeIgniter.php(482): CodeIgniter\CodeIgniter->runController(Object(App\Controllers\Anexos2024))
 4 SYSTEMPATH/CodeIgniter.php(351): CodeIgniter\CodeIgniter->handleRequest(null, Object(Config\Cache), false)
 5 FCPATH/index.php(67): CodeIgniter\CodeIgniter->run()
CRITICAL - 2025-01-13 19:55:03 --> Undefined array key "valor"
in APPPATH/Controllers/Anexos2024.php on line 163.
 1 APPPATH/Controllers/Anexos2024.php(163): CodeIgniter\Debug\Exceptions->errorHandler(2, 'Undefined array key "valor"', 'APPPATH/Controllers/Anexos2024.php', 163)
 2 SYSTEMPATH/CodeIgniter.php(927): App\Controllers\Anexos2024->postGuardarDatos()
 3 SYSTEMPATH/CodeIgniter.php(482): CodeIgniter\CodeIgniter->runController(Object(App\Controllers\Anexos2024))
 4 SYSTEMPATH/CodeIgniter.php(351): CodeIgniter\CodeIgniter->handleRequest(null, Object(Config\Cache), false)
 5 FCPATH/index.php(67): CodeIgniter\CodeIgniter->run()
CRITICAL - 2025-01-13 19:55:03 --> Undefined array key "valor"
in APPPATH/Controllers/Anexos2024.php on line 163.
 1 APPPATH/Controllers/Anexos2024.php(163): CodeIgniter\Debug\Exceptions->errorHandler(2, 'Undefined array key "valor"', 'APPPATH/Controllers/Anexos2024.php', 163)
 2 SYSTEMPATH/CodeIgniter.php(927): App\Controllers\Anexos2024->postGuardarDatos()
 3 SYSTEMPATH/CodeIgniter.php(482): CodeIgniter\CodeIgniter->runController(Object(App\Controllers\Anexos2024))
 4 SYSTEMPATH/CodeIgniter.php(351): CodeIgniter\CodeIgniter->handleRequest(null, Object(Config\Cache), false)
 5 FCPATH/index.php(67): CodeIgniter\CodeIgniter->run()
CRITICAL - 2025-01-13 19:55:03 --> Undefined array key "valor"
in APPPATH/Controllers/Anexos2024.php on line 163.
 1 APPPATH/Controllers/Anexos2024.php(163): CodeIgniter\Debug\Exceptions->errorHandler(2, 'Undefined array key "valor"', 'APPPATH/Controllers/Anexos2024.php', 163)
 2 SYSTEMPATH/CodeIgniter.php(927): App\Controllers\Anexos2024->postGuardarDatos()
 3 SYSTEMPATH/CodeIgniter.php(482): CodeIgniter\CodeIgniter->runController(Object(App\Controllers\Anexos2024))
 4 SYSTEMPATH/CodeIgniter.php(351): CodeIgniter\CodeIgniter->handleRequest(null, Object(Config\Cache), false)
 5 FCPATH/index.php(67): CodeIgniter\CodeIgniter->run()
CRITICAL - 2025-01-13 19:55:03 --> Undefined array key "valor"
in APPPATH/Controllers/Anexos2024.php on line 163.
 1 APPPATH/Controllers/Anexos2024.php(163): CodeIgniter\Debug\Exceptions->errorHandler(2, 'Undefined array key "valor"', 'APPPATH/Controllers/Anexos2024.php', 163)
 2 SYSTEMPATH/CodeIgniter.php(927): App\Controllers\Anexos2024->postGuardarDatos()
 3 SYSTEMPATH/CodeIgniter.php(482): CodeIgniter\CodeIgniter->runController(Object(App\Controllers\Anexos2024))
 4 SYSTEMPATH/CodeIgniter.php(351): CodeIgniter\CodeIgniter->handleRequest(null, Object(Config\Cache), false)
 5 FCPATH/index.php(67): CodeIgniter\CodeIgniter->run()
CRITICAL - 2025-01-13 19:55:03 --> Undefined array key "valor"
in APPPATH/Controllers/Anexos2024.php on line 163.
 1 APPPATH/Controllers/Anexos2024.php(163): CodeIgniter\Debug\Exceptions->errorHandler(2, 'Undefined array key "valor"', 'APPPATH/Controllers/Anexos2024.php', 163)
 2 SYSTEMPATH/CodeIgniter.php(927): App\Controllers\Anexos2024->postGuardarDatos()
 3 SYSTEMPATH/CodeIgniter.php(482): CodeIgniter\CodeIgniter->runController(Object(App\Controllers\Anexos2024))
 4 SYSTEMPATH/CodeIgniter.php(351): CodeIgniter\CodeIgniter->handleRequest(null, Object(Config\Cache), false)
 5 FCPATH/index.php(67): CodeIgniter\CodeIgniter->run()
CRITICAL - 2025-01-13 19:55:03 --> Undefined array key "valor"
in APPPATH/Controllers/Anexos2024.php on line 163.
 1 APPPATH/Controllers/Anexos2024.php(163): CodeIgniter\Debug\Exceptions->errorHandler(2, 'Undefined array key "valor"', 'APPPATH/Controllers/Anexos2024.php', 163)
 2 SYSTEMPATH/CodeIgniter.php(927): App\Controllers\Anexos2024->postGuardarDatos()
 3 SYSTEMPATH/CodeIgniter.php(482): CodeIgniter\CodeIgniter->runController(Object(App\Controllers\Anexos2024))
 4 SYSTEMPATH/CodeIgniter.php(351): CodeIgniter\CodeIgniter->handleRequest(null, Object(Config\Cache), false)
 5 FCPATH/index.php(67): CodeIgniter\CodeIgniter->run()
CRITICAL - 2025-01-13 19:55:04 --> Undefined array key "valor"
in APPPATH/Controllers/Anexos2024.php on line 163.
 1 APPPATH/Controllers/Anexos2024.php(163): CodeIgniter\Debug\Exceptions->errorHandler(2, 'Undefined array key "valor"', 'APPPATH/Controllers/Anexos2024.php', 163)
 2 SYSTEMPATH/CodeIgniter.php(927): App\Controllers\Anexos2024->postGuardarDatos()
 3 SYSTEMPATH/CodeIgniter.php(482): CodeIgniter\CodeIgniter->runController(Object(App\Controllers\Anexos2024))
 4 SYSTEMPATH/CodeIgniter.php(351): CodeIgniter\CodeIgniter->handleRequest(null, Object(Config\Cache), false)
 5 FCPATH/index.php(67): CodeIgniter\CodeIgniter->run()
CRITICAL - 2025-01-13 19:55:04 --> Undefined array key "valor"
in APPPATH/Controllers/Anexos2024.php on line 163.
 1 APPPATH/Controllers/Anexos2024.php(163): CodeIgniter\Debug\Exceptions->errorHandler(2, 'Undefined array key "valor"', 'APPPATH/Controllers/Anexos2024.php', 163)
 2 SYSTEMPATH/CodeIgniter.php(927): App\Controllers\Anexos2024->postGuardarDatos()
 3 SYSTEMPATH/CodeIgniter.php(482): CodeIgniter\CodeIgniter->runController(Object(App\Controllers\Anexos2024))
 4 SYSTEMPATH/CodeIgniter.php(351): CodeIgniter\CodeIgniter->handleRequest(null, Object(Config\Cache), false)
 5 FCPATH/index.php(67): CodeIgniter\CodeIgniter->run()
CRITICAL - 2025-01-13 19:55:04 --> Undefined array key "valor"
in APPPATH/Controllers/Anexos2024.php on line 163.
 1 APPPATH/Controllers/Anexos2024.php(163): CodeIgniter\Debug\Exceptions->errorHandler(2, 'Undefined array key "valor"', 'APPPATH/Controllers/Anexos2024.php', 163)
 2 SYSTEMPATH/CodeIgniter.php(927): App\Controllers\Anexos2024->postGuardarDatos()
 3 SYSTEMPATH/CodeIgniter.php(482): CodeIgniter\CodeIgniter->runController(Object(App\Controllers\Anexos2024))
 4 SYSTEMPATH/CodeIgniter.php(351): CodeIgniter\CodeIgniter->handleRequest(null, Object(Config\Cache), false)
 5 FCPATH/index.php(67): CodeIgniter\CodeIgniter->run()
CRITICAL - 2025-01-13 19:55:04 --> Undefined array key "valor"
in APPPATH/Controllers/Anexos2024.php on line 163.
 1 APPPATH/Controllers/Anexos2024.php(163): CodeIgniter\Debug\Exceptions->errorHandler(2, 'Undefined array key "valor"', 'APPPATH/Controllers/Anexos2024.php', 163)
 2 SYSTEMPATH/CodeIgniter.php(927): App\Controllers\Anexos2024->postGuardarDatos()
 3 SYSTEMPATH/CodeIgniter.php(482): CodeIgniter\CodeIgniter->runController(Object(App\Controllers\Anexos2024))
 4 SYSTEMPATH/CodeIgniter.php(351): CodeIgniter\CodeIgniter->handleRequest(null, Object(Config\Cache), false)
 5 FCPATH/index.php(67): CodeIgniter\CodeIgniter->run()
CRITICAL - 2025-01-13 19:55:04 --> Undefined array key "valor"
in APPPATH/Controllers/Anexos2024.php on line 163.
 1 APPPATH/Controllers/Anexos2024.php(163): CodeIgniter\Debug\Exceptions->errorHandler(2, 'Undefined array key "valor"', 'APPPATH/Controllers/Anexos2024.php', 163)
 2 SYSTEMPATH/CodeIgniter.php(927): App\Controllers\Anexos2024->postGuardarDatos()
 3 SYSTEMPATH/CodeIgniter.php(482): CodeIgniter\CodeIgniter->runController(Object(App\Controllers\Anexos2024))
 4 SYSTEMPATH/CodeIgniter.php(351): CodeIgniter\CodeIgniter->handleRequest(null, Object(Config\Cache), false)
 5 FCPATH/index.php(67): CodeIgniter\CodeIgniter->run()
CRITICAL - 2025-01-13 19:55:04 --> Undefined array key "valor"
in APPPATH/Controllers/Anexos2024.php on line 163.
 1 APPPATH/Controllers/Anexos2024.php(163): CodeIgniter\Debug\Exceptions->errorHandler(2, 'Undefined array key "valor"', 'APPPATH/Controllers/Anexos2024.php', 163)
 2 SYSTEMPATH/CodeIgniter.php(927): App\Controllers\Anexos2024->postGuardarDatos()
 3 SYSTEMPATH/CodeIgniter.php(482): CodeIgniter\CodeIgniter->runController(Object(App\Controllers\Anexos2024))
 4 SYSTEMPATH/CodeIgniter.php(351): CodeIgniter\CodeIgniter->handleRequest(null, Object(Config\Cache), false)
 5 FCPATH/index.php(67): CodeIgniter\CodeIgniter->run()
CRITICAL - 2025-01-13 19:55:04 --> Undefined array key "valor"
in APPPATH/Controllers/Anexos2024.php on line 163.
 1 APPPATH/Controllers/Anexos2024.php(163): CodeIgniter\Debug\Exceptions->errorHandler(2, 'Undefined array key "valor"', 'APPPATH/Controllers/Anexos2024.php', 163)
 2 SYSTEMPATH/CodeIgniter.php(927): App\Controllers\Anexos2024->postGuardarDatos()
 3 SYSTEMPATH/CodeIgniter.php(482): CodeIgniter\CodeIgniter->runController(Object(App\Controllers\Anexos2024))
 4 SYSTEMPATH/CodeIgniter.php(351): CodeIgniter\CodeIgniter->handleRequest(null, Object(Config\Cache), false)
 5 FCPATH/index.php(67): CodeIgniter\CodeIgniter->run()
CRITICAL - 2025-01-13 19:55:04 --> Undefined array key "valor"
in APPPATH/Controllers/Anexos2024.php on line 163.
 1 APPPATH/Controllers/Anexos2024.php(163): CodeIgniter\Debug\Exceptions->errorHandler(2, 'Undefined array key "valor"', 'APPPATH/Controllers/Anexos2024.php', 163)
 2 SYSTEMPATH/CodeIgniter.php(927): App\Controllers\Anexos2024->postGuardarDatos()
 3 SYSTEMPATH/CodeIgniter.php(482): CodeIgniter\CodeIgniter->runController(Object(App\Controllers\Anexos2024))
 4 SYSTEMPATH/CodeIgniter.php(351): CodeIgniter\CodeIgniter->handleRequest(null, Object(Config\Cache), false)
 5 FCPATH/index.php(67): CodeIgniter\CodeIgniter->run()
CRITICAL - 2025-01-13 20:43:08 --> unlink(/home/customer/www/xurainc.com/public_html/monitoreo/writable/debugbar/debugbar_1736822586.520935.json): No such file or directory
in SYSTEMPATH/Debug/Toolbar/Collectors/History.php on line 76.
 1 [internal function]: CodeIgniter\Debug\Exceptions->errorHandler(2, 'unlink(/home/customer/www/xurainc.com/public_html/monitoreo/writable/debugbar/debugbar_1736822586.520935.json): No such file or directory', 'SYSTEMPATH/Debug/Toolbar/Collectors/History.php', 76)
 2 SYSTEMPATH/Debug/Toolbar/Collectors/History.php(76): unlink('FCPATH/writable/debugbar/debugbar_1736822586.520935.json')
 3 SYSTEMPATH/Debug/Toolbar.php(500): CodeIgniter\Debug\Toolbar\Collectors\History->setFiles('1736822583.040476', 20)
 4 SYSTEMPATH/Debug/Toolbar.php(477): CodeIgniter\Debug\Toolbar->format([...], 'html')
 5 APPPATH/Config/Events.php(46): CodeIgniter\Debug\Toolbar->respond()
 6 SYSTEMPATH/Events/Events.php(149): CodeIgniter\Events\Events::Config\{closure}()
 7 SYSTEMPATH/CodeIgniter.php(328): CodeIgniter\Events\Events::trigger('pre_system')
 8 FCPATH/index.php(67): CodeIgniter\CodeIgniter->run()
CRITICAL - 2025-01-13 20:43:40 --> unlink(/home/customer/www/xurainc.com/public_html/monitoreo/writable/debugbar/debugbar_1736822616.269062.json): No such file or directory
in SYSTEMPATH/Debug/Toolbar/Collectors/History.php on line 76.
 1 [internal function]: CodeIgniter\Debug\Exceptions->errorHandler(2, 'unlink(/home/customer/www/xurainc.com/public_html/monitoreo/writable/debugbar/debugbar_1736822616.269062.json): No such file or directory', 'SYSTEMPATH/Debug/Toolbar/Collectors/History.php', 76)
 2 SYSTEMPATH/Debug/Toolbar/Collectors/History.php(76): unlink('FCPATH/writable/debugbar/debugbar_1736822616.269062.json')
 3 SYSTEMPATH/Debug/Toolbar.php(500): CodeIgniter\Debug\Toolbar\Collectors\History->setFiles('1736822618.386499', 20)
 4 SYSTEMPATH/Debug/Toolbar.php(477): CodeIgniter\Debug\Toolbar->format([...], 'html')
 5 APPPATH/Config/Events.php(46): CodeIgniter\Debug\Toolbar->respond()
 6 SYSTEMPATH/Events/Events.php(149): CodeIgniter\Events\Events::Config\{closure}()
 7 SYSTEMPATH/CodeIgniter.php(328): CodeIgniter\Events\Events::trigger('pre_system')
 8 FCPATH/index.php(67): CodeIgniter\CodeIgniter->run()
CRITICAL - 2025-01-13 21:57:43 --> Undefined array key "valor"
in APPPATH/Controllers/Anexos2024.php on line 163.
 1 APPPATH/Controllers/Anexos2024.php(163): CodeIgniter\Debug\Exceptions->errorHandler(2, 'Undefined array key "valor"', 'APPPATH/Controllers/Anexos2024.php', 163)
 2 SYSTEMPATH/CodeIgniter.php(927): App\Controllers\Anexos2024->postGuardarDatos()
 3 SYSTEMPATH/CodeIgniter.php(482): CodeIgniter\CodeIgniter->runController(Object(App\Controllers\Anexos2024))
 4 SYSTEMPATH/CodeIgniter.php(351): CodeIgniter\CodeIgniter->handleRequest(null, Object(Config\Cache), false)
 5 FCPATH/index.php(67): CodeIgniter\CodeIgniter->run()
CRITICAL - 2025-01-13 21:57:43 --> Undefined array key "valor"
in APPPATH/Controllers/Anexos2024.php on line 163.
 1 APPPATH/Controllers/Anexos2024.php(163): CodeIgniter\Debug\Exceptions->errorHandler(2, 'Undefined array key "valor"', 'APPPATH/Controllers/Anexos2024.php', 163)
 2 SYSTEMPATH/CodeIgniter.php(927): App\Controllers\Anexos2024->postGuardarDatos()
 3 SYSTEMPATH/CodeIgniter.php(482): CodeIgniter\CodeIgniter->runController(Object(App\Controllers\Anexos2024))
 4 SYSTEMPATH/CodeIgniter.php(351): CodeIgniter\CodeIgniter->handleRequest(null, Object(Config\Cache), false)
 5 FCPATH/index.php(67): CodeIgniter\CodeIgniter->run()
CRITICAL - 2025-01-13 21:57:44 --> Undefined array key "valor"
in APPPATH/Controllers/Anexos2024.php on line 163.
 1 APPPATH/Controllers/Anexos2024.php(163): CodeIgniter\Debug\Exceptions->errorHandler(2, 'Undefined array key "valor"', 'APPPATH/Controllers/Anexos2024.php', 163)
 2 SYSTEMPATH/CodeIgniter.php(927): App\Controllers\Anexos2024->postGuardarDatos()
 3 SYSTEMPATH/CodeIgniter.php(482): CodeIgniter\CodeIgniter->runController(Object(App\Controllers\Anexos2024))
 4 SYSTEMPATH/CodeIgniter.php(351): CodeIgniter\CodeIgniter->handleRequest(null, Object(Config\Cache), false)
 5 FCPATH/index.php(67): CodeIgniter\CodeIgniter->run()
CRITICAL - 2025-01-13 21:57:44 --> Undefined array key "valor"
in APPPATH/Controllers/Anexos2024.php on line 163.
 1 APPPATH/Controllers/Anexos2024.php(163): CodeIgniter\Debug\Exceptions->errorHandler(2, 'Undefined array key "valor"', 'APPPATH/Controllers/Anexos2024.php', 163)
 2 SYSTEMPATH/CodeIgniter.php(927): App\Controllers\Anexos2024->postGuardarDatos()
 3 SYSTEMPATH/CodeIgniter.php(482): CodeIgniter\CodeIgniter->runController(Object(App\Controllers\Anexos2024))
 4 SYSTEMPATH/CodeIgniter.php(351): CodeIgniter\CodeIgniter->handleRequest(null, Object(Config\Cache), false)
 5 FCPATH/index.php(67): CodeIgniter\CodeIgniter->run()
CRITICAL - 2025-01-13 21:57:46 --> Undefined array key "valor"
in APPPATH/Controllers/Anexos2024.php on line 163.
 1 APPPATH/Controllers/Anexos2024.php(163): CodeIgniter\Debug\Exceptions->errorHandler(2, 'Undefined array key "valor"', 'APPPATH/Controllers/Anexos2024.php', 163)
 2 SYSTEMPATH/CodeIgniter.php(927): App\Controllers\Anexos2024->postGuardarDatos()
 3 SYSTEMPATH/CodeIgniter.php(482): CodeIgniter\CodeIgniter->runController(Object(App\Controllers\Anexos2024))
 4 SYSTEMPATH/CodeIgniter.php(351): CodeIgniter\CodeIgniter->handleRequest(null, Object(Config\Cache), false)
 5 FCPATH/index.php(67): CodeIgniter\CodeIgniter->run()
CRITICAL - 2025-01-13 21:57:46 --> Undefined array key "valor"
in APPPATH/Controllers/Anexos2024.php on line 163.
 1 APPPATH/Controllers/Anexos2024.php(163): CodeIgniter\Debug\Exceptions->errorHandler(2, 'Undefined array key "valor"', 'APPPATH/Controllers/Anexos2024.php', 163)
 2 SYSTEMPATH/CodeIgniter.php(927): App\Controllers\Anexos2024->postGuardarDatos()
 3 SYSTEMPATH/CodeIgniter.php(482): CodeIgniter\CodeIgniter->runController(Object(App\Controllers\Anexos2024))
 4 SYSTEMPATH/CodeIgniter.php(351): CodeIgniter\CodeIgniter->handleRequest(null, Object(Config\Cache), false)
 5 FCPATH/index.php(67): CodeIgniter\CodeIgniter->run()
CRITICAL - 2025-01-13 21:57:49 --> Undefined array key "valor"
in APPPATH/Controllers/Anexos2024.php on line 163.
 1 APPPATH/Controllers/Anexos2024.php(163): CodeIgniter\Debug\Exceptions->errorHandler(2, 'Undefined array key "valor"', 'APPPATH/Controllers/Anexos2024.php', 163)
 2 SYSTEMPATH/CodeIgniter.php(927): App\Controllers\Anexos2024->postGuardarDatos()
 3 SYSTEMPATH/CodeIgniter.php(482): CodeIgniter\CodeIgniter->runController(Object(App\Controllers\Anexos2024))
 4 SYSTEMPATH/CodeIgniter.php(351): CodeIgniter\CodeIgniter->handleRequest(null, Object(Config\Cache), false)
 5 FCPATH/index.php(67): CodeIgniter\CodeIgniter->run()
CRITICAL - 2025-01-13 21:57:49 --> Undefined array key "valor"
in APPPATH/Controllers/Anexos2024.php on line 163.
 1 APPPATH/Controllers/Anexos2024.php(163): CodeIgniter\Debug\Exceptions->errorHandler(2, 'Undefined array key "valor"', 'APPPATH/Controllers/Anexos2024.php', 163)
 2 SYSTEMPATH/CodeIgniter.php(927): App\Controllers\Anexos2024->postGuardarDatos()
 3 SYSTEMPATH/CodeIgniter.php(482): CodeIgniter\CodeIgniter->runController(Object(App\Controllers\Anexos2024))
 4 SYSTEMPATH/CodeIgniter.php(351): CodeIgniter\CodeIgniter->handleRequest(null, Object(Config\Cache), false)
 5 FCPATH/index.php(67): CodeIgniter\CodeIgniter->run()
CRITICAL - 2025-01-13 21:57:49 --> Undefined array key "valor"
in APPPATH/Controllers/Anexos2024.php on line 163.
 1 APPPATH/Controllers/Anexos2024.php(163): CodeIgniter\Debug\Exceptions->errorHandler(2, 'Undefined array key "valor"', 'APPPATH/Controllers/Anexos2024.php', 163)
 2 SYSTEMPATH/CodeIgniter.php(927): App\Controllers\Anexos2024->postGuardarDatos()
 3 SYSTEMPATH/CodeIgniter.php(482): CodeIgniter\CodeIgniter->runController(Object(App\Controllers\Anexos2024))
 4 SYSTEMPATH/CodeIgniter.php(351): CodeIgniter\CodeIgniter->handleRequest(null, Object(Config\Cache), false)
 5 FCPATH/index.php(67): CodeIgniter\CodeIgniter->run()
CRITICAL - 2025-01-13 21:57:49 --> Undefined array key "valor"
in APPPATH/Controllers/Anexos2024.php on line 163.
 1 APPPATH/Controllers/Anexos2024.php(163): CodeIgniter\Debug\Exceptions->errorHandler(2, 'Undefined array key "valor"', 'APPPATH/Controllers/Anexos2024.php', 163)
 2 SYSTEMPATH/CodeIgniter.php(927): App\Controllers\Anexos2024->postGuardarDatos()
 3 SYSTEMPATH/CodeIgniter.php(482): CodeIgniter\CodeIgniter->runController(Object(App\Controllers\Anexos2024))
 4 SYSTEMPATH/CodeIgniter.php(351): CodeIgniter\CodeIgniter->handleRequest(null, Object(Config\Cache), false)
 5 FCPATH/index.php(67): CodeIgniter\CodeIgniter->run()
CRITICAL - 2025-01-13 21:57:49 --> Undefined array key "valor"
in APPPATH/Controllers/Anexos2024.php on line 163.
 1 APPPATH/Controllers/Anexos2024.php(163): CodeIgniter\Debug\Exceptions->errorHandler(2, 'Undefined array key "valor"', 'APPPATH/Controllers/Anexos2024.php', 163)
 2 SYSTEMPATH/CodeIgniter.php(927): App\Controllers\Anexos2024->postGuardarDatos()
 3 SYSTEMPATH/CodeIgniter.php(482): CodeIgniter\CodeIgniter->runController(Object(App\Controllers\Anexos2024))
 4 SYSTEMPATH/CodeIgniter.php(351): CodeIgniter\CodeIgniter->handleRequest(null, Object(Config\Cache), false)
 5 FCPATH/index.php(67): CodeIgniter\CodeIgniter->run()
CRITICAL - 2025-01-13 21:57:51 --> Undefined array key "valor"
in APPPATH/Controllers/Anexos2024.php on line 163.
 1 APPPATH/Controllers/Anexos2024.php(163): CodeIgniter\Debug\Exceptions->errorHandler(2, 'Undefined array key "valor"', 'APPPATH/Controllers/Anexos2024.php', 163)
 2 SYSTEMPATH/CodeIgniter.php(927): App\Controllers\Anexos2024->postGuardarDatos()
 3 SYSTEMPATH/CodeIgniter.php(482): CodeIgniter\CodeIgniter->runController(Object(App\Controllers\Anexos2024))
 4 SYSTEMPATH/CodeIgniter.php(351): CodeIgniter\CodeIgniter->handleRequest(null, Object(Config\Cache), false)
 5 FCPATH/index.php(67): CodeIgniter\CodeIgniter->run()
CRITICAL - 2025-01-13 21:57:51 --> Undefined array key "valor"
in APPPATH/Controllers/Anexos2024.php on line 163.
 1 APPPATH/Controllers/Anexos2024.php(163): CodeIgniter\Debug\Exceptions->errorHandler(2, 'Undefined array key "valor"', 'APPPATH/Controllers/Anexos2024.php', 163)
 2 SYSTEMPATH/CodeIgniter.php(927): App\Controllers\Anexos2024->postGuardarDatos()
 3 SYSTEMPATH/CodeIgniter.php(482): CodeIgniter\CodeIgniter->runController(Object(App\Controllers\Anexos2024))
 4 SYSTEMPATH/CodeIgniter.php(351): CodeIgniter\CodeIgniter->handleRequest(null, Object(Config\Cache), false)
 5 FCPATH/index.php(67): CodeIgniter\CodeIgniter->run()
CRITICAL - 2025-01-13 21:57:51 --> Undefined array key "valor"
in APPPATH/Controllers/Anexos2024.php on line 163.
 1 APPPATH/Controllers/Anexos2024.php(163): CodeIgniter\Debug\Exceptions->errorHandler(2, 'Undefined array key "valor"', 'APPPATH/Controllers/Anexos2024.php', 163)
 2 SYSTEMPATH/CodeIgniter.php(927): App\Controllers\Anexos2024->postGuardarDatos()
 3 SYSTEMPATH/CodeIgniter.php(482): CodeIgniter\CodeIgniter->runController(Object(App\Controllers\Anexos2024))
 4 SYSTEMPATH/CodeIgniter.php(351): CodeIgniter\CodeIgniter->handleRequest(null, Object(Config\Cache), false)
 5 FCPATH/index.php(67): CodeIgniter\CodeIgniter->run()
CRITICAL - 2025-01-13 21:57:51 --> Undefined array key "valor"
in APPPATH/Controllers/Anexos2024.php on line 163.
 1 APPPATH/Controllers/Anexos2024.php(163): CodeIgniter\Debug\Exceptions->errorHandler(2, 'Undefined array key "valor"', 'APPPATH/Controllers/Anexos2024.php', 163)
 2 SYSTEMPATH/CodeIgniter.php(927): App\Controllers\Anexos2024->postGuardarDatos()
 3 SYSTEMPATH/CodeIgniter.php(482): CodeIgniter\CodeIgniter->runController(Object(App\Controllers\Anexos2024))
 4 SYSTEMPATH/CodeIgniter.php(351): CodeIgniter\CodeIgniter->handleRequest(null, Object(Config\Cache), false)
 5 FCPATH/index.php(67): CodeIgniter\CodeIgniter->run()
CRITICAL - 2025-01-13 21:57:51 --> Undefined array key "valor"
in APPPATH/Controllers/Anexos2024.php on line 163.
 1 APPPATH/Controllers/Anexos2024.php(163): CodeIgniter\Debug\Exceptions->errorHandler(2, 'Undefined array key "valor"', 'APPPATH/Controllers/Anexos2024.php', 163)
 2 SYSTEMPATH/CodeIgniter.php(927): App\Controllers\Anexos2024->postGuardarDatos()
 3 SYSTEMPATH/CodeIgniter.php(482): CodeIgniter\CodeIgniter->runController(Object(App\Controllers\Anexos2024))
 4 SYSTEMPATH/CodeIgniter.php(351): CodeIgniter\CodeIgniter->handleRequest(null, Object(Config\Cache), false)
 5 FCPATH/index.php(67): CodeIgniter\CodeIgniter->run()
CRITICAL - 2025-01-13 21:57:51 --> Undefined array key "valor"
in APPPATH/Controllers/Anexos2024.php on line 163.
 1 APPPATH/Controllers/Anexos2024.php(163): CodeIgniter\Debug\Exceptions->errorHandler(2, 'Undefined array key "valor"', 'APPPATH/Controllers/Anexos2024.php', 163)
 2 SYSTEMPATH/CodeIgniter.php(927): App\Controllers\Anexos2024->postGuardarDatos()
 3 SYSTEMPATH/CodeIgniter.php(482): CodeIgniter\CodeIgniter->runController(Object(App\Controllers\Anexos2024))
 4 SYSTEMPATH/CodeIgniter.php(351): CodeIgniter\CodeIgniter->handleRequest(null, Object(Config\Cache), false)
 5 FCPATH/index.php(67): CodeIgniter\CodeIgniter->run()
CRITICAL - 2025-01-13 21:57:51 --> Undefined array key "valor"
in APPPATH/Controllers/Anexos2024.php on line 163.
 1 APPPATH/Controllers/Anexos2024.php(163): CodeIgniter\Debug\Exceptions->errorHandler(2, 'Undefined array key "valor"', 'APPPATH/Controllers/Anexos2024.php', 163)
 2 SYSTEMPATH/CodeIgniter.php(927): App\Controllers\Anexos2024->postGuardarDatos()
 3 SYSTEMPATH/CodeIgniter.php(482): CodeIgniter\CodeIgniter->runController(Object(App\Controllers\Anexos2024))
 4 SYSTEMPATH/CodeIgniter.php(351): CodeIgniter\CodeIgniter->handleRequest(null, Object(Config\Cache), false)
 5 FCPATH/index.php(67): CodeIgniter\CodeIgniter->run()
CRITICAL - 2025-01-13 21:57:51 --> Undefined array key "valor"
in APPPATH/Controllers/Anexos2024.php on line 163.
 1 APPPATH/Controllers/Anexos2024.php(163): CodeIgniter\Debug\Exceptions->errorHandler(2, 'Undefined array key "valor"', 'APPPATH/Controllers/Anexos2024.php', 163)
 2 SYSTEMPATH/CodeIgniter.php(927): App\Controllers\Anexos2024->postGuardarDatos()
 3 SYSTEMPATH/CodeIgniter.php(482): CodeIgniter\CodeIgniter->runController(Object(App\Controllers\Anexos2024))
 4 SYSTEMPATH/CodeIgniter.php(351): CodeIgniter\CodeIgniter->handleRequest(null, Object(Config\Cache), false)
 5 FCPATH/index.php(67): CodeIgniter\CodeIgniter->run()
CRITICAL - 2025-01-13 21:57:51 --> Undefined array key "valor"
in APPPATH/Controllers/Anexos2024.php on line 163.
 1 APPPATH/Controllers/Anexos2024.php(163): CodeIgniter\Debug\Exceptions->errorHandler(2, 'Undefined array key "valor"', 'APPPATH/Controllers/Anexos2024.php', 163)
 2 SYSTEMPATH/CodeIgniter.php(927): App\Controllers\Anexos2024->postGuardarDatos()
 3 SYSTEMPATH/CodeIgniter.php(482): CodeIgniter\CodeIgniter->runController(Object(App\Controllers\Anexos2024))
 4 SYSTEMPATH/CodeIgniter.php(351): CodeIgniter\CodeIgniter->handleRequest(null, Object(Config\Cache), false)
 5 FCPATH/index.php(67): CodeIgniter\CodeIgniter->run()
CRITICAL - 2025-01-13 21:57:51 --> Undefined array key "valor"
in APPPATH/Controllers/Anexos2024.php on line 163.
 1 APPPATH/Controllers/Anexos2024.php(163): CodeIgniter\Debug\Exceptions->errorHandler(2, 'Undefined array key "valor"', 'APPPATH/Controllers/Anexos2024.php', 163)
 2 SYSTEMPATH/CodeIgniter.php(927): App\Controllers\Anexos2024->postGuardarDatos()
 3 SYSTEMPATH/CodeIgniter.php(482): CodeIgniter\CodeIgniter->runController(Object(App\Controllers\Anexos2024))
 4 SYSTEMPATH/CodeIgniter.php(351): CodeIgniter\CodeIgniter->handleRequest(null, Object(Config\Cache), false)
 5 FCPATH/index.php(67): CodeIgniter\CodeIgniter->run()
CRITICAL - 2025-01-13 21:57:51 --> Undefined array key "valor"
in APPPATH/Controllers/Anexos2024.php on line 163.
 1 APPPATH/Controllers/Anexos2024.php(163): CodeIgniter\Debug\Exceptions->errorHandler(2, 'Undefined array key "valor"', 'APPPATH/Controllers/Anexos2024.php', 163)
 2 SYSTEMPATH/CodeIgniter.php(927): App\Controllers\Anexos2024->postGuardarDatos()
 3 SYSTEMPATH/CodeIgniter.php(482): CodeIgniter\CodeIgniter->runController(Object(App\Controllers\Anexos2024))
 4 SYSTEMPATH/CodeIgniter.php(351): CodeIgniter\CodeIgniter->handleRequest(null, Object(Config\Cache), false)
 5 FCPATH/index.php(67): CodeIgniter\CodeIgniter->run()
CRITICAL - 2025-01-13 21:57:51 --> Undefined array key "valor"
in APPPATH/Controllers/Anexos2024.php on line 163.
 1 APPPATH/Controllers/Anexos2024.php(163): CodeIgniter\Debug\Exceptions->errorHandler(2, 'Undefined array key "valor"', 'APPPATH/Controllers/Anexos2024.php', 163)
 2 SYSTEMPATH/CodeIgniter.php(927): App\Controllers\Anexos2024->postGuardarDatos()
 3 SYSTEMPATH/CodeIgniter.php(482): CodeIgniter\CodeIgniter->runController(Object(App\Controllers\Anexos2024))
 4 SYSTEMPATH/CodeIgniter.php(351): CodeIgniter\CodeIgniter->handleRequest(null, Object(Config\Cache), false)
 5 FCPATH/index.php(67): CodeIgniter\CodeIgniter->run()
CRITICAL - 2025-01-13 21:57:51 --> Undefined array key "valor"
in APPPATH/Controllers/Anexos2024.php on line 163.
 1 APPPATH/Controllers/Anexos2024.php(163): CodeIgniter\Debug\Exceptions->errorHandler(2, 'Undefined array key "valor"', 'APPPATH/Controllers/Anexos2024.php', 163)
 2 SYSTEMPATH/CodeIgniter.php(927): App\Controllers\Anexos2024->postGuardarDatos()
 3 SYSTEMPATH/CodeIgniter.php(482): CodeIgniter\CodeIgniter->runController(Object(App\Controllers\Anexos2024))
 4 SYSTEMPATH/CodeIgniter.php(351): CodeIgniter\CodeIgniter->handleRequest(null, Object(Config\Cache), false)
 5 FCPATH/index.php(67): CodeIgniter\CodeIgniter->run()
CRITICAL - 2025-01-13 21:57:51 --> Undefined array key "valor"
in APPPATH/Controllers/Anexos2024.php on line 163.
 1 APPPATH/Controllers/Anexos2024.php(163): CodeIgniter\Debug\Exceptions->errorHandler(2, 'Undefined array key "valor"', 'APPPATH/Controllers/Anexos2024.php', 163)
 2 SYSTEMPATH/CodeIgniter.php(927): App\Controllers\Anexos2024->postGuardarDatos()
 3 SYSTEMPATH/CodeIgniter.php(482): CodeIgniter\CodeIgniter->runController(Object(App\Controllers\Anexos2024))
 4 SYSTEMPATH/CodeIgniter.php(351): CodeIgniter\CodeIgniter->handleRequest(null, Object(Config\Cache), false)
 5 FCPATH/index.php(67): CodeIgniter\CodeIgniter->run()
CRITICAL - 2025-01-13 21:57:52 --> Undefined array key "valor"
in APPPATH/Controllers/Anexos2024.php on line 163.
 1 APPPATH/Controllers/Anexos2024.php(163): CodeIgniter\Debug\Exceptions->errorHandler(2, 'Undefined array key "valor"', 'APPPATH/Controllers/Anexos2024.php', 163)
 2 SYSTEMPATH/CodeIgniter.php(927): App\Controllers\Anexos2024->postGuardarDatos()
 3 SYSTEMPATH/CodeIgniter.php(482): CodeIgniter\CodeIgniter->runController(Object(App\Controllers\Anexos2024))
 4 SYSTEMPATH/CodeIgniter.php(351): CodeIgniter\CodeIgniter->handleRequest(null, Object(Config\Cache), false)
 5 FCPATH/index.php(67): CodeIgniter\CodeIgniter->run()
CRITICAL - 2025-01-13 21:57:52 --> Undefined array key "valor"
in APPPATH/Controllers/Anexos2024.php on line 163.
 1 APPPATH/Controllers/Anexos2024.php(163): CodeIgniter\Debug\Exceptions->errorHandler(2, 'Undefined array key "valor"', 'APPPATH/Controllers/Anexos2024.php', 163)
 2 SYSTEMPATH/CodeIgniter.php(927): App\Controllers\Anexos2024->postGuardarDatos()
 3 SYSTEMPATH/CodeIgniter.php(482): CodeIgniter\CodeIgniter->runController(Object(App\Controllers\Anexos2024))
 4 SYSTEMPATH/CodeIgniter.php(351): CodeIgniter\CodeIgniter->handleRequest(null, Object(Config\Cache), false)
 5 FCPATH/index.php(67): CodeIgniter\CodeIgniter->run()
CRITICAL - 2025-01-13 21:57:52 --> Undefined array key "valor"
in APPPATH/Controllers/Anexos2024.php on line 163.
 1 APPPATH/Controllers/Anexos2024.php(163): CodeIgniter\Debug\Exceptions->errorHandler(2, 'Undefined array key "valor"', 'APPPATH/Controllers/Anexos2024.php', 163)
 2 SYSTEMPATH/CodeIgniter.php(927): App\Controllers\Anexos2024->postGuardarDatos()
 3 SYSTEMPATH/CodeIgniter.php(482): CodeIgniter\CodeIgniter->runController(Object(App\Controllers\Anexos2024))
 4 SYSTEMPATH/CodeIgniter.php(351): CodeIgniter\CodeIgniter->handleRequest(null, Object(Config\Cache), false)
 5 FCPATH/index.php(67): CodeIgniter\CodeIgniter->run()
CRITICAL - 2025-01-13 22:23:48 --> Undefined array key "valor"
in APPPATH/Controllers/Anexos2024.php on line 163.
 1 APPPATH/Controllers/Anexos2024.php(163): CodeIgniter\Debug\Exceptions->errorHandler(2, 'Undefined array key "valor"', 'APPPATH/Controllers/Anexos2024.php', 163)
 2 SYSTEMPATH/CodeIgniter.php(927): App\Controllers\Anexos2024->postGuardarDatos()
 3 SYSTEMPATH/CodeIgniter.php(482): CodeIgniter\CodeIgniter->runController(Object(App\Controllers\Anexos2024))
 4 SYSTEMPATH/CodeIgniter.php(351): CodeIgniter\CodeIgniter->handleRequest(null, Object(Config\Cache), false)
 5 FCPATH/index.php(67): CodeIgniter\CodeIgniter->run()
ERROR - 2025-01-13 23:02:32 --> mysqli_sql_exception: You have an error in your SQL syntax; check the manual that corresponds to your MySQL server version for the right syntax to use near 'AND
                `arch_anio` = 2024 AND
                arch_anexo = 7' at line 5 in /home/customer/www/xurainc.com/public_html/monitoreo/system/Database/MySQLi/Connection.php:292
Stack trace:
#0 /home/customer/www/xurainc.com/public_html/monitoreo/system/Database/MySQLi/Connection.php(292): mysqli->query('SELECT *\nFROM `...', 0)
#1 /home/customer/www/xurainc.com/public_html/monitoreo/system/Database/BaseConnection.php(666): CodeIgniter\Database\MySQLi\Connection->execute('SELECT *\nFROM `...')
#2 /home/customer/www/xurainc.com/public_html/monitoreo/system/Database/BaseConnection.php(593): CodeIgniter\Database\BaseConnection->simpleQuery('SELECT *\nFROM `...')
#3 /home/customer/www/xurainc.com/public_html/monitoreo/system/Database/BaseBuilder.php(1585): CodeIgniter\Database\BaseConnection->query('SELECT *\nFROM `...', Array, false)
#4 /home/customer/www/xurainc.com/public_html/monitoreo/app/Models/Generaldb.php(70): CodeIgniter\Database\BaseBuilder->get()
#5 /home/customer/www/xurainc.com/public_html/monitoreo/app/Controllers/Anexos2024.php(29): App\Models\Generaldb->selectSomeData('*', '2024_archivos,e...', '\r\n             ...')
#6 /home/customer/www/xurainc.com/public_html/monitoreo/app/Controllers/Anexos2024.php(131): App\Controllers\Anexos2024->anexos(2024, 7, Array, '/anexos2024/ane...', Array)
#7 /home/customer/www/xurainc.com/public_html/monitoreo/system/CodeIgniter.php(927): App\Controllers\Anexos2024->getAnexo7()
#8 /home/customer/www/xurainc.com/public_html/monitoreo/system/CodeIgniter.php(482): CodeIgniter\CodeIgniter->runController(Object(App\Controllers\Anexos2024))
#9 /home/customer/www/xurainc.com/public_html/monitoreo/system/CodeIgniter.php(351): CodeIgniter\CodeIgniter->handleRequest(NULL, Object(Config\Cache), false)
#10 /home/customer/www/xurainc.com/public_html/monitoreo/index.php(67): CodeIgniter\CodeIgniter->run()
#11 {main}
CRITICAL - 2025-01-13 23:02:32 --> You have an error in your SQL syntax; check the manual that corresponds to your MySQL server version for the right syntax to use near 'AND
                `arch_anio` = 2024 AND
                arch_anexo = 7' at line 5
in SYSTEMPATH/Database/MySQLi/Connection.php on line 292.
 1 SYSTEMPATH/Database/MySQLi/Connection.php(292): mysqli->query('SELECT *
FROM `2024_archivos`, `estados` `e`
WHERE 
                arch_esta_ide = e.esta_ide AND
                `arch_iiee_ide` =  AND
                `arch_anio` = 2024 AND
                arch_anexo = 7
            ', 0)
 2 SYSTEMPATH/Database/BaseConnection.php(666): CodeIgniter\Database\MySQLi\Connection->execute('SELECT *
FROM `2024_archivos`, `estados` `e`
WHERE 
                arch_esta_ide = e.esta_ide AND
                `arch_iiee_ide` =  AND
                `arch_anio` = 2024 AND
                arch_anexo = 7
            ')
 3 SYSTEMPATH/Database/BaseConnection.php(593): CodeIgniter\Database\BaseConnection->simpleQuery('SELECT *
FROM `2024_archivos`, `estados` `e`
WHERE 
                arch_esta_ide = e.esta_ide AND
                `arch_iiee_ide` =  AND
                `arch_anio` = 2024 AND
                arch_anexo = 7
            ')
 4 SYSTEMPATH/Database/BaseBuilder.php(1585): CodeIgniter\Database\BaseConnection->query('SELECT *
FROM `2024_archivos`, `estados` `e`
WHERE 
                arch_esta_ide = e.esta_ide AND
                `arch_iiee_ide` =  AND
                `arch_anio` = 2024 AND
                arch_anexo = 7
            ', [], false)
 5 APPPATH/Models/Generaldb.php(70): CodeIgniter\Database\BaseBuilder->get()
 6 APPPATH/Controllers/Anexos2024.php(29): App\Models\Generaldb->selectSomeData('*', '2024_archivos,estados e', '
                arch_esta_ide = e.esta_ide AND
                arch_iiee_ide =  AND
                arch_anio = 2024 AND
                arch_anexo = 7
            ')
 7 APPPATH/Controllers/Anexos2024.php(131): App\Controllers\Anexos2024->anexos(2024, 7, [...], '/anexos2024/anexo7', [...])
 8 SYSTEMPATH/CodeIgniter.php(927): App\Controllers\Anexos2024->getAnexo7()
 9 SYSTEMPATH/CodeIgniter.php(482): CodeIgniter\CodeIgniter->runController(Object(App\Controllers\Anexos2024))
10 SYSTEMPATH/CodeIgniter.php(351): CodeIgniter\CodeIgniter->handleRequest(null, Object(Config\Cache), false)
11 FCPATH/index.php(67): CodeIgniter\CodeIgniter->run()
ERROR - 2025-01-13 23:38:40 --> mysqli_sql_exception: You have an error in your SQL syntax; check the manual that corresponds to your MySQL server version for the right syntax to use near 'AND
                `arch_anio` = 2024 AND
                arch_anexo = 2' at line 5 in /home/customer/www/xurainc.com/public_html/monitoreo/system/Database/MySQLi/Connection.php:292
Stack trace:
#0 /home/customer/www/xurainc.com/public_html/monitoreo/system/Database/MySQLi/Connection.php(292): mysqli->query('SELECT *\nFROM `...', 0)
#1 /home/customer/www/xurainc.com/public_html/monitoreo/system/Database/BaseConnection.php(666): CodeIgniter\Database\MySQLi\Connection->execute('SELECT *\nFROM `...')
#2 /home/customer/www/xurainc.com/public_html/monitoreo/system/Database/BaseConnection.php(593): CodeIgniter\Database\BaseConnection->simpleQuery('SELECT *\nFROM `...')
#3 /home/customer/www/xurainc.com/public_html/monitoreo/system/Database/BaseBuilder.php(1585): CodeIgniter\Database\BaseConnection->query('SELECT *\nFROM `...', Array, false)
#4 /home/customer/www/xurainc.com/public_html/monitoreo/app/Models/Generaldb.php(70): CodeIgniter\Database\BaseBuilder->get()
#5 /home/customer/www/xurainc.com/public_html/monitoreo/app/Controllers/Anexos2024.php(29): App\Models\Generaldb->selectSomeData('*', '2024_archivos,e...', '\r\n             ...')
#6 /home/customer/www/xurainc.com/public_html/monitoreo/app/Controllers/Anexos2024.php(81): App\Controllers\Anexos2024->anexos(2024, 2, Array, '/anexos2024/ane...', Array)
#7 /home/customer/www/xurainc.com/public_html/monitoreo/system/CodeIgniter.php(927): App\Controllers\Anexos2024->getAnexo2()
#8 /home/customer/www/xurainc.com/public_html/monitoreo/system/CodeIgniter.php(482): CodeIgniter\CodeIgniter->runController(Object(App\Controllers\Anexos2024))
#9 /home/customer/www/xurainc.com/public_html/monitoreo/system/CodeIgniter.php(351): CodeIgniter\CodeIgniter->handleRequest(NULL, Object(Config\Cache), false)
#10 /home/customer/www/xurainc.com/public_html/monitoreo/index.php(67): CodeIgniter\CodeIgniter->run()
#11 {main}
CRITICAL - 2025-01-13 23:38:40 --> You have an error in your SQL syntax; check the manual that corresponds to your MySQL server version for the right syntax to use near 'AND
                `arch_anio` = 2024 AND
                arch_anexo = 2' at line 5
in SYSTEMPATH/Database/MySQLi/Connection.php on line 292.
 1 SYSTEMPATH/Database/MySQLi/Connection.php(292): mysqli->query('SELECT *
FROM `2024_archivos`, `estados` `e`
WHERE 
                arch_esta_ide = e.esta_ide AND
                `arch_iiee_ide` =  AND
                `arch_anio` = 2024 AND
                arch_anexo = 2
            ', 0)
 2 SYSTEMPATH/Database/BaseConnection.php(666): CodeIgniter\Database\MySQLi\Connection->execute('SELECT *
FROM `2024_archivos`, `estados` `e`
WHERE 
                arch_esta_ide = e.esta_ide AND
                `arch_iiee_ide` =  AND
                `arch_anio` = 2024 AND
                arch_anexo = 2
            ')
 3 SYSTEMPATH/Database/BaseConnection.php(593): CodeIgniter\Database\BaseConnection->simpleQuery('SELECT *
FROM `2024_archivos`, `estados` `e`
WHERE 
                arch_esta_ide = e.esta_ide AND
                `arch_iiee_ide` =  AND
                `arch_anio` = 2024 AND
                arch_anexo = 2
            ')
 4 SYSTEMPATH/Database/BaseBuilder.php(1585): CodeIgniter\Database\BaseConnection->query('SELECT *
FROM `2024_archivos`, `estados` `e`
WHERE 
                arch_esta_ide = e.esta_ide AND
                `arch_iiee_ide` =  AND
                `arch_anio` = 2024 AND
                arch_anexo = 2
            ', [], false)
 5 APPPATH/Models/Generaldb.php(70): CodeIgniter\Database\BaseBuilder->get()
 6 APPPATH/Controllers/Anexos2024.php(29): App\Models\Generaldb->selectSomeData('*', '2024_archivos,estados e', '
                arch_esta_ide = e.esta_ide AND
                arch_iiee_ide =  AND
                arch_anio = 2024 AND
                arch_anexo = 2
            ')
 7 APPPATH/Controllers/Anexos2024.php(81): App\Controllers\Anexos2024->anexos(2024, 2, [...], '/anexos2024/anexo2', [...])
 8 SYSTEMPATH/CodeIgniter.php(927): App\Controllers\Anexos2024->getAnexo2()
 9 SYSTEMPATH/CodeIgniter.php(482): CodeIgniter\CodeIgniter->runController(Object(App\Controllers\Anexos2024))
10 SYSTEMPATH/CodeIgniter.php(351): CodeIgniter\CodeIgniter->handleRequest(null, Object(Config\Cache), false)
11 FCPATH/index.php(67): CodeIgniter\CodeIgniter->run()
ERROR - 2025-01-13 23:39:11 --> mysqli_sql_exception: You have an error in your SQL syntax; check the manual that corresponds to your MySQL server version for the right syntax to use near 'AND
                `arch_anio` = 2024 AND
                arch_anexo = 1' at line 5 in /home/customer/www/xurainc.com/public_html/monitoreo/system/Database/MySQLi/Connection.php:292
Stack trace:
#0 /home/customer/www/xurainc.com/public_html/monitoreo/system/Database/MySQLi/Connection.php(292): mysqli->query('SELECT *\nFROM `...', 0)
#1 /home/customer/www/xurainc.com/public_html/monitoreo/system/Database/BaseConnection.php(666): CodeIgniter\Database\MySQLi\Connection->execute('SELECT *\nFROM `...')
#2 /home/customer/www/xurainc.com/public_html/monitoreo/system/Database/BaseConnection.php(593): CodeIgniter\Database\BaseConnection->simpleQuery('SELECT *\nFROM `...')
#3 /home/customer/www/xurainc.com/public_html/monitoreo/system/Database/BaseBuilder.php(1585): CodeIgniter\Database\BaseConnection->query('SELECT *\nFROM `...', Array, false)
#4 /home/customer/www/xurainc.com/public_html/monitoreo/app/Models/Generaldb.php(70): CodeIgniter\Database\BaseBuilder->get()
#5 /home/customer/www/xurainc.com/public_html/monitoreo/app/Controllers/Anexos2024.php(29): App\Models\Generaldb->selectSomeData('*', '2024_archivos,e...', '\r\n             ...')
#6 /home/customer/www/xurainc.com/public_html/monitoreo/app/Controllers/Anexos2024.php(71): App\Controllers\Anexos2024->anexos(2024, 1, Array, '/anexos2024/ane...', Array)
#7 /home/customer/www/xurainc.com/public_html/monitoreo/system/CodeIgniter.php(927): App\Controllers\Anexos2024->getAnexo1()
#8 /home/customer/www/xurainc.com/public_html/monitoreo/system/CodeIgniter.php(482): CodeIgniter\CodeIgniter->runController(Object(App\Controllers\Anexos2024))
#9 /home/customer/www/xurainc.com/public_html/monitoreo/system/CodeIgniter.php(351): CodeIgniter\CodeIgniter->handleRequest(NULL, Object(Config\Cache), false)
#10 /home/customer/www/xurainc.com/public_html/monitoreo/index.php(67): CodeIgniter\CodeIgniter->run()
#11 {main}
CRITICAL - 2025-01-13 23:39:11 --> You have an error in your SQL syntax; check the manual that corresponds to your MySQL server version for the right syntax to use near 'AND
                `arch_anio` = 2024 AND
                arch_anexo = 1' at line 5
in SYSTEMPATH/Database/MySQLi/Connection.php on line 292.
 1 SYSTEMPATH/Database/MySQLi/Connection.php(292): mysqli->query('SELECT *
FROM `2024_archivos`, `estados` `e`
WHERE 
                arch_esta_ide = e.esta_ide AND
                `arch_iiee_ide` =  AND
                `arch_anio` = 2024 AND
                arch_anexo = 1
            ', 0)
 2 SYSTEMPATH/Database/BaseConnection.php(666): CodeIgniter\Database\MySQLi\Connection->execute('SELECT *
FROM `2024_archivos`, `estados` `e`
WHERE 
                arch_esta_ide = e.esta_ide AND
                `arch_iiee_ide` =  AND
                `arch_anio` = 2024 AND
                arch_anexo = 1
            ')
 3 SYSTEMPATH/Database/BaseConnection.php(593): CodeIgniter\Database\BaseConnection->simpleQuery('SELECT *
FROM `2024_archivos`, `estados` `e`
WHERE 
                arch_esta_ide = e.esta_ide AND
                `arch_iiee_ide` =  AND
                `arch_anio` = 2024 AND
                arch_anexo = 1
            ')
 4 SYSTEMPATH/Database/BaseBuilder.php(1585): CodeIgniter\Database\BaseConnection->query('SELECT *
FROM `2024_archivos`, `estados` `e`
WHERE 
                arch_esta_ide = e.esta_ide AND
                `arch_iiee_ide` =  AND
                `arch_anio` = 2024 AND
                arch_anexo = 1
            ', [], false)
 5 APPPATH/Models/Generaldb.php(70): CodeIgniter\Database\BaseBuilder->get()
 6 APPPATH/Controllers/Anexos2024.php(29): App\Models\Generaldb->selectSomeData('*', '2024_archivos,estados e', '
                arch_esta_ide = e.esta_ide AND
                arch_iiee_ide =  AND
                arch_anio = 2024 AND
                arch_anexo = 1
            ')
 7 APPPATH/Controllers/Anexos2024.php(71): App\Controllers\Anexos2024->anexos(2024, 1, [...], '/anexos2024/anexo1', [...])
 8 SYSTEMPATH/CodeIgniter.php(927): App\Controllers\Anexos2024->getAnexo1()
 9 SYSTEMPATH/CodeIgniter.php(482): CodeIgniter\CodeIgniter->runController(Object(App\Controllers\Anexos2024))
10 SYSTEMPATH/CodeIgniter.php(351): CodeIgniter\CodeIgniter->handleRequest(null, Object(Config\Cache), false)
11 FCPATH/index.php(67): CodeIgniter\CodeIgniter->run()
