ERROR - 2023-04-01 21:19:10 --> mysqli_sql_exception: Unknown column 'usuarios.usua_deleted_at' in 'where clause' in C:\wamp64\www\plantillaciv4\system\Database\MySQLi\Connection.php:292
Stack trace:
#0 C:\wamp64\www\plantillaciv4\system\Database\MySQLi\Connection.php(292): mysqli->query('SELECT *\nFROM `...', 0)
#1 C:\wamp64\www\plantillaciv4\system\Database\BaseConnection.php(666): CodeIgniter\Database\MySQLi\Connection->execute('SELECT *\nFROM `...')
#2 C:\wamp64\www\plantillaciv4\system\Database\BaseConnection.php(593): CodeIgniter\Database\BaseConnection->simpleQuery('SELECT *\nFROM `...')
#3 C:\wamp64\www\plantillaciv4\system\Database\BaseBuilder.php(1585): CodeIgniter\Database\BaseConnection->query('SELECT *\nFROM `...', Array, false)
#4 C:\wamp64\www\plantillaciv4\system\Model.php(185): CodeIgniter\Database\BaseBuilder->get()
#5 C:\wamp64\www\plantillaciv4\system\BaseModel.php(524): CodeIgniter\Model->doFind(false, NULL)
#6 C:\wamp64\www\plantillaciv4\app\Controllers\Login.php(24): CodeIgniter\BaseModel->find()
#7 C:\wamp64\www\plantillaciv4\system\CodeIgniter.php(927): App\Controllers\Login->verificar()
#8 C:\wamp64\www\plantillaciv4\system\CodeIgniter.php(482): CodeIgniter\CodeIgniter->runController(Object(App\Controllers\Login))
#9 C:\wamp64\www\plantillaciv4\system\CodeIgniter.php(351): CodeIgniter\CodeIgniter->handleRequest(NULL, Object(Config\Cache), false)
#10 C:\wamp64\www\plantillaciv4\index.php(67): CodeIgniter\CodeIgniter->run()
#11 {main}
CRITICAL - 2023-04-01 21:19:10 --> Unknown column 'usuarios.usua_deleted_at' in 'where clause'
in SYSTEMPATH\Database\MySQLi\Connection.php on line 292.
 1 SYSTEMPATH\Database\MySQLi\Connection.php(292): mysqli->query('SELECT *
FROM `usuarios`
WHERE `usua_user` = \'admin\'
AND `usua_pass` = \'admin\'
AND `usua_esta_ide` = 1
AND `usuarios`.`usua_deleted_at` IS NULL', 0)
 2 SYSTEMPATH\Database\BaseConnection.php(666): CodeIgniter\Database\MySQLi\Connection->execute('SELECT *
FROM `usuarios`
WHERE `usua_user` = \'admin\'
AND `usua_pass` = \'admin\'
AND `usua_esta_ide` = 1
AND `usuarios`.`usua_deleted_at` IS NULL')
 3 SYSTEMPATH\Database\BaseConnection.php(593): CodeIgniter\Database\BaseConnection->simpleQuery('SELECT *
FROM `usuarios`
WHERE `usua_user` = \'admin\'
AND `usua_pass` = \'admin\'
AND `usua_esta_ide` = 1
AND `usuarios`.`usua_deleted_at` IS NULL')
 4 SYSTEMPATH\Database\BaseBuilder.php(1585): CodeIgniter\Database\BaseConnection->query('SELECT *
FROM `usuarios`
WHERE `usua_user` = :usua_user:
AND `usua_pass` = :usua_pass:
AND `usua_esta_ide` = :usua_esta_ide:
AND `usuarios`.`usua_deleted_at` IS NULL', [...], false)
 5 SYSTEMPATH\Model.php(185): CodeIgniter\Database\BaseBuilder->get()
 6 SYSTEMPATH\BaseModel.php(524): CodeIgniter\Model->doFind(false, null)
 7 APPPATH\Controllers\Login.php(24): CodeIgniter\BaseModel->find()
 8 SYSTEMPATH\CodeIgniter.php(927): App\Controllers\Login->verificar()
 9 SYSTEMPATH\CodeIgniter.php(482): CodeIgniter\CodeIgniter->runController(Object(App\Controllers\Login))
10 SYSTEMPATH\CodeIgniter.php(351): CodeIgniter\CodeIgniter->handleRequest(null, Object(Config\Cache), false)
11 FCPATH\index.php(67): CodeIgniter\CodeIgniter->run()
ERROR - 2023-04-01 21:20:37 --> mysqli_sql_exception: Unknown column 'usuarios.usua_deleted_at' in 'where clause' in C:\wamp64\www\plantillaciv4\system\Database\MySQLi\Connection.php:292
Stack trace:
#0 C:\wamp64\www\plantillaciv4\system\Database\MySQLi\Connection.php(292): mysqli->query('SELECT *\nFROM `...', 0)
#1 C:\wamp64\www\plantillaciv4\system\Database\BaseConnection.php(666): CodeIgniter\Database\MySQLi\Connection->execute('SELECT *\nFROM `...')
#2 C:\wamp64\www\plantillaciv4\system\Database\BaseConnection.php(593): CodeIgniter\Database\BaseConnection->simpleQuery('SELECT *\nFROM `...')
#3 C:\wamp64\www\plantillaciv4\system\Database\BaseBuilder.php(1585): CodeIgniter\Database\BaseConnection->query('SELECT *\nFROM `...', Array, false)
#4 C:\wamp64\www\plantillaciv4\system\Model.php(185): CodeIgniter\Database\BaseBuilder->get()
#5 C:\wamp64\www\plantillaciv4\system\BaseModel.php(524): CodeIgniter\Model->doFind(false, NULL)
#6 C:\wamp64\www\plantillaciv4\app\Controllers\Login.php(24): CodeIgniter\BaseModel->find()
#7 C:\wamp64\www\plantillaciv4\system\CodeIgniter.php(927): App\Controllers\Login->verificar()
#8 C:\wamp64\www\plantillaciv4\system\CodeIgniter.php(482): CodeIgniter\CodeIgniter->runController(Object(App\Controllers\Login))
#9 C:\wamp64\www\plantillaciv4\system\CodeIgniter.php(351): CodeIgniter\CodeIgniter->handleRequest(NULL, Object(Config\Cache), false)
#10 C:\wamp64\www\plantillaciv4\index.php(67): CodeIgniter\CodeIgniter->run()
#11 {main}
CRITICAL - 2023-04-01 21:20:37 --> Unknown column 'usuarios.usua_deleted_at' in 'where clause'
in SYSTEMPATH\Database\MySQLi\Connection.php on line 292.
 1 SYSTEMPATH\Database\MySQLi\Connection.php(292): mysqli->query('SELECT *
FROM `usuarios`
WHERE `usua_user` = \'admin\'
AND `usua_pass` = \'admin\'
AND `usua_esta_ide` = 1
AND `usuarios`.`usua_deleted_at` IS NULL', 0)
 2 SYSTEMPATH\Database\BaseConnection.php(666): CodeIgniter\Database\MySQLi\Connection->execute('SELECT *
FROM `usuarios`
WHERE `usua_user` = \'admin\'
AND `usua_pass` = \'admin\'
AND `usua_esta_ide` = 1
AND `usuarios`.`usua_deleted_at` IS NULL')
 3 SYSTEMPATH\Database\BaseConnection.php(593): CodeIgniter\Database\BaseConnection->simpleQuery('SELECT *
FROM `usuarios`
WHERE `usua_user` = \'admin\'
AND `usua_pass` = \'admin\'
AND `usua_esta_ide` = 1
AND `usuarios`.`usua_deleted_at` IS NULL')
 4 SYSTEMPATH\Database\BaseBuilder.php(1585): CodeIgniter\Database\BaseConnection->query('SELECT *
FROM `usuarios`
WHERE `usua_user` = :usua_user:
AND `usua_pass` = :usua_pass:
AND `usua_esta_ide` = :usua_esta_ide:
AND `usuarios`.`usua_deleted_at` IS NULL', [...], false)
 5 SYSTEMPATH\Model.php(185): CodeIgniter\Database\BaseBuilder->get()
 6 SYSTEMPATH\BaseModel.php(524): CodeIgniter\Model->doFind(false, null)
 7 APPPATH\Controllers\Login.php(24): CodeIgniter\BaseModel->find()
 8 SYSTEMPATH\CodeIgniter.php(927): App\Controllers\Login->verificar()
 9 SYSTEMPATH\CodeIgniter.php(482): CodeIgniter\CodeIgniter->runController(Object(App\Controllers\Login))
10 SYSTEMPATH\CodeIgniter.php(351): CodeIgniter\CodeIgniter->handleRequest(null, Object(Config\Cache), false)
11 FCPATH\index.php(67): CodeIgniter\CodeIgniter->run()
ERROR - 2023-04-01 21:22:40 --> mysqli_sql_exception: Unknown column 'usuarios.usua_deleted_at' in 'where clause' in C:\wamp64\www\plantillaciv4\system\Database\MySQLi\Connection.php:292
Stack trace:
#0 C:\wamp64\www\plantillaciv4\system\Database\MySQLi\Connection.php(292): mysqli->query('SELECT *\nFROM `...', 0)
#1 C:\wamp64\www\plantillaciv4\system\Database\BaseConnection.php(666): CodeIgniter\Database\MySQLi\Connection->execute('SELECT *\nFROM `...')
#2 C:\wamp64\www\plantillaciv4\system\Database\BaseConnection.php(593): CodeIgniter\Database\BaseConnection->simpleQuery('SELECT *\nFROM `...')
#3 C:\wamp64\www\plantillaciv4\system\Database\BaseBuilder.php(1585): CodeIgniter\Database\BaseConnection->query('SELECT *\nFROM `...', Array, false)
#4 C:\wamp64\www\plantillaciv4\system\Model.php(185): CodeIgniter\Database\BaseBuilder->get()
#5 C:\wamp64\www\plantillaciv4\system\BaseModel.php(524): CodeIgniter\Model->doFind(false, NULL)
#6 C:\wamp64\www\plantillaciv4\app\Controllers\Login.php(24): CodeIgniter\BaseModel->find()
#7 C:\wamp64\www\plantillaciv4\system\CodeIgniter.php(927): App\Controllers\Login->verificar()
#8 C:\wamp64\www\plantillaciv4\system\CodeIgniter.php(482): CodeIgniter\CodeIgniter->runController(Object(App\Controllers\Login))
#9 C:\wamp64\www\plantillaciv4\system\CodeIgniter.php(351): CodeIgniter\CodeIgniter->handleRequest(NULL, Object(Config\Cache), false)
#10 C:\wamp64\www\plantillaciv4\index.php(67): CodeIgniter\CodeIgniter->run()
#11 {main}
CRITICAL - 2023-04-01 21:22:40 --> Unknown column 'usuarios.usua_deleted_at' in 'where clause'
in SYSTEMPATH\Database\MySQLi\Connection.php on line 292.
 1 SYSTEMPATH\Database\MySQLi\Connection.php(292): mysqli->query('SELECT *
FROM `usuarios`
WHERE `usua_user` = \'admin\'
AND `usua_pass` = \'admin\'
AND `usua_esta_ide` = 1
AND `usuarios`.`usua_deleted_at` IS NULL', 0)
 2 SYSTEMPATH\Database\BaseConnection.php(666): CodeIgniter\Database\MySQLi\Connection->execute('SELECT *
FROM `usuarios`
WHERE `usua_user` = \'admin\'
AND `usua_pass` = \'admin\'
AND `usua_esta_ide` = 1
AND `usuarios`.`usua_deleted_at` IS NULL')
 3 SYSTEMPATH\Database\BaseConnection.php(593): CodeIgniter\Database\BaseConnection->simpleQuery('SELECT *
FROM `usuarios`
WHERE `usua_user` = \'admin\'
AND `usua_pass` = \'admin\'
AND `usua_esta_ide` = 1
AND `usuarios`.`usua_deleted_at` IS NULL')
 4 SYSTEMPATH\Database\BaseBuilder.php(1585): CodeIgniter\Database\BaseConnection->query('SELECT *
FROM `usuarios`
WHERE `usua_user` = :usua_user:
AND `usua_pass` = :usua_pass:
AND `usua_esta_ide` = :usua_esta_ide:
AND `usuarios`.`usua_deleted_at` IS NULL', [...], false)
 5 SYSTEMPATH\Model.php(185): CodeIgniter\Database\BaseBuilder->get()
 6 SYSTEMPATH\BaseModel.php(524): CodeIgniter\Model->doFind(false, null)
 7 APPPATH\Controllers\Login.php(24): CodeIgniter\BaseModel->find()
 8 SYSTEMPATH\CodeIgniter.php(927): App\Controllers\Login->verificar()
 9 SYSTEMPATH\CodeIgniter.php(482): CodeIgniter\CodeIgniter->runController(Object(App\Controllers\Login))
10 SYSTEMPATH\CodeIgniter.php(351): CodeIgniter\CodeIgniter->handleRequest(null, Object(Config\Cache), false)
11 FCPATH\index.php(67): CodeIgniter\CodeIgniter->run()
ERROR - 2023-04-01 21:23:18 --> mysqli_sql_exception: Unknown column 'a.acce_usua_ide' in 'where clause' in C:\wamp64\www\plantillaciv4\system\Database\MySQLi\Connection.php:292
Stack trace:
#0 C:\wamp64\www\plantillaciv4\system\Database\MySQLi\Connection.php(292): mysqli->query('SELECT `m`.`mod...', 0)
#1 C:\wamp64\www\plantillaciv4\system\Database\BaseConnection.php(666): CodeIgniter\Database\MySQLi\Connection->execute('SELECT `m`.`mod...')
#2 C:\wamp64\www\plantillaciv4\system\Database\BaseConnection.php(593): CodeIgniter\Database\BaseConnection->simpleQuery('SELECT `m`.`mod...')
#3 C:\wamp64\www\plantillaciv4\system\Database\BaseBuilder.php(1585): CodeIgniter\Database\BaseConnection->query('SELECT `m`.`mod...', Array, false)
#4 C:\wamp64\www\plantillaciv4\app\Models\General.php(33): CodeIgniter\Database\BaseBuilder->get()
#5 C:\wamp64\www\plantillaciv4\app\Controllers\Application.php(52): App\Models\General::getRoles('1')
#6 C:\wamp64\www\plantillaciv4\system\CodeIgniter.php(927): App\Controllers\Application->index()
#7 C:\wamp64\www\plantillaciv4\system\CodeIgniter.php(482): CodeIgniter\CodeIgniter->runController(Object(App\Controllers\Application))
#8 C:\wamp64\www\plantillaciv4\system\CodeIgniter.php(351): CodeIgniter\CodeIgniter->handleRequest(NULL, Object(Config\Cache), false)
#9 C:\wamp64\www\plantillaciv4\index.php(67): CodeIgniter\CodeIgniter->run()
#10 {main}
CRITICAL - 2023-04-01 21:23:18 --> Unknown column 'a.acce_usua_ide' in 'where clause'
in SYSTEMPATH\Database\MySQLi\Connection.php on line 292.
 1 SYSTEMPATH\Database\MySQLi\Connection.php(292): mysqli->query('SELECT `m`.`modu_ide`, `r`.`role_ide`, `m`.`modu_orden`, `r`.`role_orden`, `m`.`modu_icono`, `m`.`modu_nombre`, `r`.`role_nombre`, `r`.`role_url`, `r`.`role_descripcion`, `m`.`modu_clase`
FROM `accesos` `a`, `roles` `r`, `modulos` `m`
WHERE `a`.`acce_usua_ide` = \'1\'
AND `a`.`acce_role_ide` = `r`.`role_ide`
AND `r`.`role_modu_ide` = `m`.`modu_ide`
AND `a`.`acce_esta_ide` = 1
ORDER BY `m`.`modu_orden`, `r`.`role_orden`', 0)
 2 SYSTEMPATH\Database\BaseConnection.php(666): CodeIgniter\Database\MySQLi\Connection->execute('SELECT `m`.`modu_ide`, `r`.`role_ide`, `m`.`modu_orden`, `r`.`role_orden`, `m`.`modu_icono`, `m`.`modu_nombre`, `r`.`role_nombre`, `r`.`role_url`, `r`.`role_descripcion`, `m`.`modu_clase`
FROM `accesos` `a`, `roles` `r`, `modulos` `m`
WHERE `a`.`acce_usua_ide` = \'1\'
AND `a`.`acce_role_ide` = `r`.`role_ide`
AND `r`.`role_modu_ide` = `m`.`modu_ide`
AND `a`.`acce_esta_ide` = 1
ORDER BY `m`.`modu_orden`, `r`.`role_orden`')
 3 SYSTEMPATH\Database\BaseConnection.php(593): CodeIgniter\Database\BaseConnection->simpleQuery('SELECT `m`.`modu_ide`, `r`.`role_ide`, `m`.`modu_orden`, `r`.`role_orden`, `m`.`modu_icono`, `m`.`modu_nombre`, `r`.`role_nombre`, `r`.`role_url`, `r`.`role_descripcion`, `m`.`modu_clase`
FROM `accesos` `a`, `roles` `r`, `modulos` `m`
WHERE `a`.`acce_usua_ide` = \'1\'
AND `a`.`acce_role_ide` = `r`.`role_ide`
AND `r`.`role_modu_ide` = `m`.`modu_ide`
AND `a`.`acce_esta_ide` = 1
ORDER BY `m`.`modu_orden`, `r`.`role_orden`')
 4 SYSTEMPATH\Database\BaseBuilder.php(1585): CodeIgniter\Database\BaseConnection->query('SELECT `m`.`modu_ide`, `r`.`role_ide`, `m`.`modu_orden`, `r`.`role_orden`, `m`.`modu_icono`, `m`.`modu_nombre`, `r`.`role_nombre`, `r`.`role_url`, `r`.`role_descripcion`, `m`.`modu_clase`
FROM `accesos` `a`, `roles` `r`, `modulos` `m`
WHERE `a`.`acce_usua_ide` = :a.acce_usua_ide:
AND `a`.`acce_role_ide` = `r`.`role_ide`
AND `r`.`role_modu_ide` = `m`.`modu_ide`
AND `a`.`acce_esta_ide` = 1
ORDER BY `m`.`modu_orden`, `r`.`role_orden`', [...], false)
 5 APPPATH\Models\General.php(33): CodeIgniter\Database\BaseBuilder->get()
 6 APPPATH\Controllers\Application.php(52): App\Models\General::getRoles('1')
 7 SYSTEMPATH\CodeIgniter.php(927): App\Controllers\Application->index()
 8 SYSTEMPATH\CodeIgniter.php(482): CodeIgniter\CodeIgniter->runController(Object(App\Controllers\Application))
 9 SYSTEMPATH\CodeIgniter.php(351): CodeIgniter\CodeIgniter->handleRequest(null, Object(Config\Cache), false)
10 FCPATH\index.php(67): CodeIgniter\CodeIgniter->run()
CRITICAL - 2023-04-01 21:28:20 --> Undefined property: stdClass::$perf_ide
in APPPATH\Controllers\Login.php on line 29.
 1 APPPATH\Controllers\Login.php(29): CodeIgniter\Debug\Exceptions->errorHandler(2, 'Undefined property: stdClass::$perf_ide', 'APPPATH\\Controllers\\Login.php', 29)
 2 SYSTEMPATH\CodeIgniter.php(927): App\Controllers\Login->verificar()
 3 SYSTEMPATH\CodeIgniter.php(482): CodeIgniter\CodeIgniter->runController(Object(App\Controllers\Login))
 4 SYSTEMPATH\CodeIgniter.php(351): CodeIgniter\CodeIgniter->handleRequest(null, Object(Config\Cache), false)
 5 FCPATH\index.php(67): CodeIgniter\CodeIgniter->run()
