CRITICAL - 2024-01-07 07:22:34 --> Undefined array key 0
in APPPATH\Controllers\Evaluacion.php on line 39.
 1 APPPATH\Controllers\Evaluacion.php(39): CodeIgniter\Debug\Exceptions->errorHandler(2, 'Undefined array key 0', 'APPPATH\\Controllers\\Evaluacion.php', 39)
 2 SYSTEMPATH\CodeIgniter.php(927): App\Controllers\Evaluacion->getIndex()
 3 SYSTEMPATH\CodeIgniter.php(482): CodeIgniter\CodeIgniter->runController(Object(App\Controllers\Evaluacion))
 4 SYSTEMPATH\CodeIgniter.php(351): CodeIgniter\CodeIgniter->handleRequest(null, Object(Config\Cache), false)
 5 FCPATH\index.php(67): CodeIgniter\CodeIgniter->run()
CRITICAL - 2024-01-07 07:22:40 --> Undefined array key 0
in APPPATH\Controllers\Informes2.php on line 32.
 1 APPPATH\Controllers\Informes2.php(32): CodeIgniter\Debug\Exceptions->errorHandler(2, 'Undefined array key 0', 'APPPATH\\Controllers\\Informes2.php', 32)
 2 SYSTEMPATH\CodeIgniter.php(927): App\Controllers\Informes2->getInformesIE()
 3 SYSTEMPATH\CodeIgniter.php(482): CodeIgniter\CodeIgniter->runController(Object(App\Controllers\Informes2))
 4 SYSTEMPATH\CodeIgniter.php(351): CodeIgniter\CodeIgniter->handleRequest(null, Object(Config\Cache), false)
 5 FCPATH\index.php(67): CodeIgniter\CodeIgniter->run()
CRITICAL - 2024-01-07 07:22:44 --> Undefined array key 0
in APPPATH\Views\informes2\vinformes.php on line 31.
 1 APPPATH\Views\informes2\vinformes.php(31): CodeIgniter\Debug\Exceptions->errorHandler(2, 'Undefined array key 0', 'APPPATH\\Views\\informes2\\vinformes.php', 31)
 2 SYSTEMPATH\View\View.php(213): include('APPPATH\\Views\\informes2\\vinformes.php')
 3 SYSTEMPATH\View\View.php(216): CodeIgniter\View\View->CodeIgniter\View\{closure}()
 4 SYSTEMPATH\Common.php(1134): CodeIgniter\View\View->render('informes2/vinformes', [], true)
 5 APPPATH\Controllers\Informes2.php(51): view('informes2/vinformes', [...])
 6 SYSTEMPATH\CodeIgniter.php(927): App\Controllers\Informes2->getInformesUGEL()
 7 SYSTEMPATH\CodeIgniter.php(482): CodeIgniter\CodeIgniter->runController(Object(App\Controllers\Informes2))
 8 SYSTEMPATH\CodeIgniter.php(351): CodeIgniter\CodeIgniter->handleRequest(null, Object(Config\Cache), false)
 9 FCPATH\index.php(67): CodeIgniter\CodeIgniter->run()
