CRITICAL - 2026-03-17 10:56:40 --> syntax error, unexpected token "\", expecting end of file
in APPPATH\Config\Routes.php on line 72.
 1 SYSTEMPATH\CodeIgniter.php(430): CodeIgniter\CodeIgniter->tryToRouteIt(null)
 2 SYSTEMPATH\CodeIgniter.php(351): CodeIgniter\CodeIgniter->handleRequest(null, Object(Config\Cache), false)
 3 FCPATH\index.php(67): CodeIgniter\CodeIgniter->run()
CRITICAL - 2026-03-17 10:56:40 --> syntax error, unexpected token "\", expecting end of file
in APPPATH\Config\Routes.php on line 72.
 1 SYSTEMPATH\CodeIgniter.php(430): CodeIgniter\CodeIgniter->tryToRouteIt(null)
 2 SYSTEMPATH\CodeIgniter.php(351): CodeIgniter\CodeIgniter->handleRequest(null, Object(Config\Cache), false)
 3 FCPATH\index.php(67): CodeIgniter\CodeIgniter->run()
CRITICAL - 2026-03-17 10:57:06 --> syntax error, unexpected token "\", expecting end of file
in APPPATH\Config\Routes.php on line 72.
 1 SYSTEMPATH\CodeIgniter.php(430): CodeIgniter\CodeIgniter->tryToRouteIt(null)
 2 SYSTEMPATH\CodeIgniter.php(351): CodeIgniter\CodeIgniter->handleRequest(null, Object(Config\Cache), false)
 3 FCPATH\index.php(67): CodeIgniter\CodeIgniter->run()
CRITICAL - 2026-03-17 10:57:06 --> syntax error, unexpected token "\", expecting end of file
in APPPATH\Config\Routes.php on line 72.
 1 SYSTEMPATH\CodeIgniter.php(430): CodeIgniter\CodeIgniter->tryToRouteIt(null)
 2 SYSTEMPATH\CodeIgniter.php(351): CodeIgniter\CodeIgniter->handleRequest(null, Object(Config\Cache), false)
 3 FCPATH\index.php(67): CodeIgniter\CodeIgniter->run()
CRITICAL - 2026-03-17 10:58:46 --> Undefined variable $curs_ide
in APPPATH\Views\panel\vvercurso.php on line 208.
 1 APPPATH\Views\panel\vvercurso.php(208): CodeIgniter\Debug\Exceptions->errorHandler(2, 'Undefined variable $curs_ide', 'APPPATH\\Views\\panel\\vvercurso.php', 208)
 2 SYSTEMPATH\View\View.php(213): include('APPPATH\\Views\\panel\\vvercurso.php')
 3 SYSTEMPATH\View\View.php(216): CodeIgniter\View\View->CodeIgniter\View\{closure}()
 4 SYSTEMPATH\Common.php(1134): CodeIgniter\View\View->render('panel/vvercurso', [], true)
 5 APPPATH\Controllers\Panel.php(96): view('panel/vvercurso', [...])
 6 SYSTEMPATH\CodeIgniter.php(927): App\Controllers\Panel->ver('3')
 7 SYSTEMPATH\CodeIgniter.php(482): CodeIgniter\CodeIgniter->runController(Object(App\Controllers\Panel))
 8 SYSTEMPATH\CodeIgniter.php(351): CodeIgniter\CodeIgniter->handleRequest(null, Object(Config\Cache), false)
 9 FCPATH\index.php(67): CodeIgniter\CodeIgniter->run()
CRITICAL - 2026-03-17 10:58:49 --> Undefined variable $curs_ide
in APPPATH\Views\panel\vvercurso.php on line 208.
 1 APPPATH\Views\panel\vvercurso.php(208): CodeIgniter\Debug\Exceptions->errorHandler(2, 'Undefined variable $curs_ide', 'APPPATH\\Views\\panel\\vvercurso.php', 208)
 2 SYSTEMPATH\View\View.php(213): include('APPPATH\\Views\\panel\\vvercurso.php')
 3 SYSTEMPATH\View\View.php(216): CodeIgniter\View\View->CodeIgniter\View\{closure}()
 4 SYSTEMPATH\Common.php(1134): CodeIgniter\View\View->render('panel/vvercurso', [], true)
 5 APPPATH\Controllers\Panel.php(96): view('panel/vvercurso', [...])
 6 SYSTEMPATH\CodeIgniter.php(927): App\Controllers\Panel->ver('2')
 7 SYSTEMPATH\CodeIgniter.php(482): CodeIgniter\CodeIgniter->runController(Object(App\Controllers\Panel))
 8 SYSTEMPATH\CodeIgniter.php(351): CodeIgniter\CodeIgniter->handleRequest(null, Object(Config\Cache), false)
 9 FCPATH\index.php(67): CodeIgniter\CodeIgniter->run()
CRITICAL - 2026-03-17 10:58:53 --> Undefined variable $curs_ide
in APPPATH\Views\panel\vvercurso.php on line 208.
 1 APPPATH\Views\panel\vvercurso.php(208): CodeIgniter\Debug\Exceptions->errorHandler(2, 'Undefined variable $curs_ide', 'APPPATH\\Views\\panel\\vvercurso.php', 208)
 2 SYSTEMPATH\View\View.php(213): include('APPPATH\\Views\\panel\\vvercurso.php')
 3 SYSTEMPATH\View\View.php(216): CodeIgniter\View\View->CodeIgniter\View\{closure}()
 4 SYSTEMPATH\Common.php(1134): CodeIgniter\View\View->render('panel/vvercurso', [], true)
 5 APPPATH\Controllers\Panel.php(96): view('panel/vvercurso', [...])
 6 SYSTEMPATH\CodeIgniter.php(927): App\Controllers\Panel->ver('1')
 7 SYSTEMPATH\CodeIgniter.php(482): CodeIgniter\CodeIgniter->runController(Object(App\Controllers\Panel))
 8 SYSTEMPATH\CodeIgniter.php(351): CodeIgniter\CodeIgniter->handleRequest(null, Object(Config\Cache), false)
 9 FCPATH\index.php(67): CodeIgniter\CodeIgniter->run()
CRITICAL - 2026-03-17 10:58:56 --> Undefined variable $curs_ide
in APPPATH\Views\panel\vvercurso.php on line 208.
 1 APPPATH\Views\panel\vvercurso.php(208): CodeIgniter\Debug\Exceptions->errorHandler(2, 'Undefined variable $curs_ide', 'APPPATH\\Views\\panel\\vvercurso.php', 208)
 2 SYSTEMPATH\View\View.php(213): include('APPPATH\\Views\\panel\\vvercurso.php')
 3 SYSTEMPATH\View\View.php(216): CodeIgniter\View\View->CodeIgniter\View\{closure}()
 4 SYSTEMPATH\Common.php(1134): CodeIgniter\View\View->render('panel/vvercurso', [], true)
 5 APPPATH\Controllers\Panel.php(96): view('panel/vvercurso', [...])
 6 SYSTEMPATH\CodeIgniter.php(927): App\Controllers\Panel->ver('2')
 7 SYSTEMPATH\CodeIgniter.php(482): CodeIgniter\CodeIgniter->runController(Object(App\Controllers\Panel))
 8 SYSTEMPATH\CodeIgniter.php(351): CodeIgniter\CodeIgniter->handleRequest(null, Object(Config\Cache), false)
 9 FCPATH\index.php(67): CodeIgniter\CodeIgniter->run()
CRITICAL - 2026-03-17 10:59:01 --> Undefined variable $curs_ide
in APPPATH\Views\panel\vvercurso.php on line 208.
 1 APPPATH\Views\panel\vvercurso.php(208): CodeIgniter\Debug\Exceptions->errorHandler(2, 'Undefined variable $curs_ide', 'APPPATH\\Views\\panel\\vvercurso.php', 208)
 2 SYSTEMPATH\View\View.php(213): include('APPPATH\\Views\\panel\\vvercurso.php')
 3 SYSTEMPATH\View\View.php(216): CodeIgniter\View\View->CodeIgniter\View\{closure}()
 4 SYSTEMPATH\Common.php(1134): CodeIgniter\View\View->render('panel/vvercurso', [], true)
 5 APPPATH\Controllers\Panel.php(96): view('panel/vvercurso', [...])
 6 SYSTEMPATH\CodeIgniter.php(927): App\Controllers\Panel->ver('1')
 7 SYSTEMPATH\CodeIgniter.php(482): CodeIgniter\CodeIgniter->runController(Object(App\Controllers\Panel))
 8 SYSTEMPATH\CodeIgniter.php(351): CodeIgniter\CodeIgniter->handleRequest(null, Object(Config\Cache), false)
 9 FCPATH\index.php(67): CodeIgniter\CodeIgniter->run()
CRITICAL - 2026-03-17 10:59:07 --> Undefined variable $curs_ide
in APPPATH\Views\panel\vvercurso.php on line 208.
 1 APPPATH\Views\panel\vvercurso.php(208): CodeIgniter\Debug\Exceptions->errorHandler(2, 'Undefined variable $curs_ide', 'APPPATH\\Views\\panel\\vvercurso.php', 208)
 2 SYSTEMPATH\View\View.php(213): include('APPPATH\\Views\\panel\\vvercurso.php')
 3 SYSTEMPATH\View\View.php(216): CodeIgniter\View\View->CodeIgniter\View\{closure}()
 4 SYSTEMPATH\Common.php(1134): CodeIgniter\View\View->render('panel/vvercurso', [], true)
 5 APPPATH\Controllers\Panel.php(96): view('panel/vvercurso', [...])
 6 SYSTEMPATH\CodeIgniter.php(927): App\Controllers\Panel->ver('3')
 7 SYSTEMPATH\CodeIgniter.php(482): CodeIgniter\CodeIgniter->runController(Object(App\Controllers\Panel))
 8 SYSTEMPATH\CodeIgniter.php(351): CodeIgniter\CodeIgniter->handleRequest(null, Object(Config\Cache), false)
 9 FCPATH\index.php(67): CodeIgniter\CodeIgniter->run()
CRITICAL - 2026-03-17 11:00:08 --> Call to undefined method CodeIgniter\Database\MySQLi\Builder::whereNull()
in APPPATH\Controllers\Usuarios.php on line 24.
 1 SYSTEMPATH\CodeIgniter.php(927): App\Controllers\Usuarios->alumnos()
 2 SYSTEMPATH\CodeIgniter.php(482): CodeIgniter\CodeIgniter->runController(Object(App\Controllers\Usuarios))
 3 SYSTEMPATH\CodeIgniter.php(351): CodeIgniter\CodeIgniter->handleRequest(null, Object(Config\Cache), false)
 4 FCPATH\index.php(67): CodeIgniter\CodeIgniter->run()
CRITICAL - 2026-03-17 11:00:13 --> Call to undefined method CodeIgniter\Database\MySQLi\Builder::whereNull()
in APPPATH\Controllers\Usuarios.php on line 45.
 1 SYSTEMPATH\CodeIgniter.php(927): App\Controllers\Usuarios->profesores()
 2 SYSTEMPATH\CodeIgniter.php(482): CodeIgniter\CodeIgniter->runController(Object(App\Controllers\Usuarios))
 3 SYSTEMPATH\CodeIgniter.php(351): CodeIgniter\CodeIgniter->handleRequest(null, Object(Config\Cache), false)
 4 FCPATH\index.php(67): CodeIgniter\CodeIgniter->run()
CRITICAL - 2026-03-17 11:00:15 --> Call to undefined method CodeIgniter\Database\MySQLi\Builder::whereNull()
in APPPATH\Controllers\Usuarios.php on line 24.
 1 SYSTEMPATH\CodeIgniter.php(927): App\Controllers\Usuarios->alumnos()
 2 SYSTEMPATH\CodeIgniter.php(482): CodeIgniter\CodeIgniter->runController(Object(App\Controllers\Usuarios))
 3 SYSTEMPATH\CodeIgniter.php(351): CodeIgniter\CodeIgniter->handleRequest(null, Object(Config\Cache), false)
 4 FCPATH\index.php(67): CodeIgniter\CodeIgniter->run()
CRITICAL - 2026-03-17 11:00:19 --> Call to undefined method CodeIgniter\Database\MySQLi\Builder::whereNull()
in APPPATH\Controllers\Reportes.php on line 17.
 1 SYSTEMPATH\CodeIgniter.php(927): App\Controllers\Reportes->progreso()
 2 SYSTEMPATH\CodeIgniter.php(482): CodeIgniter\CodeIgniter->runController(Object(App\Controllers\Reportes))
 3 SYSTEMPATH\CodeIgniter.php(351): CodeIgniter\CodeIgniter->handleRequest(null, Object(Config\Cache), false)
 4 FCPATH\index.php(67): CodeIgniter\CodeIgniter->run()
CRITICAL - 2026-03-17 18:31:35 --> Cannot redeclare App\Controllers\Panel::guardarResena()
in APPPATH\Controllers\Panel.php on line 224.
 1 [internal function]: CodeIgniter\Debug\Exceptions->shutdownHandler()
CRITICAL - 2026-03-17 18:31:44 --> Cannot redeclare App\Controllers\Panel::guardarResena()
in APPPATH\Controllers\Panel.php on line 224.
 1 [internal function]: CodeIgniter\Debug\Exceptions->shutdownHandler()
CRITICAL - 2026-03-17 18:32:35 --> Cannot redeclare App\Controllers\Panel::guardarResena()
in APPPATH\Controllers\Panel.php on line 224.
 1 [internal function]: CodeIgniter\Debug\Exceptions->shutdownHandler()
CRITICAL - 2026-03-17 18:32:38 --> Cannot redeclare App\Controllers\Panel::guardarResena()
in APPPATH\Controllers\Panel.php on line 224.
 1 [internal function]: CodeIgniter\Debug\Exceptions->shutdownHandler()
CRITICAL - 2026-03-17 18:33:46 --> Call to undefined method CodeIgniter\Database\MySQLi\Builder::whereNull()
in APPPATH\Controllers\Usuarios.php on line 24.
 1 SYSTEMPATH\CodeIgniter.php(927): App\Controllers\Usuarios->alumnos()
 2 SYSTEMPATH\CodeIgniter.php(482): CodeIgniter\CodeIgniter->runController(Object(App\Controllers\Usuarios))
 3 SYSTEMPATH\CodeIgniter.php(351): CodeIgniter\CodeIgniter->handleRequest(null, Object(Config\Cache), false)
 4 FCPATH\index.php(67): CodeIgniter\CodeIgniter->run()
CRITICAL - 2026-03-17 18:34:18 --> Call to undefined method CodeIgniter\Database\MySQLi\Builder::whereNull()
in APPPATH\Controllers\Usuarios.php on line 24.
 1 SYSTEMPATH\CodeIgniter.php(927): App\Controllers\Usuarios->alumnos()
 2 SYSTEMPATH\CodeIgniter.php(482): CodeIgniter\CodeIgniter->runController(Object(App\Controllers\Usuarios))
 3 SYSTEMPATH\CodeIgniter.php(351): CodeIgniter\CodeIgniter->handleRequest(null, Object(Config\Cache), false)
 4 FCPATH\index.php(67): CodeIgniter\CodeIgniter->run()
CRITICAL - 2026-03-17 18:36:40 --> Call to undefined method CodeIgniter\Database\MySQLi\Builder::whereNull()
in APPPATH\Controllers\Usuarios.php on line 24.
 1 SYSTEMPATH\CodeIgniter.php(927): App\Controllers\Usuarios->alumnos()
 2 SYSTEMPATH\CodeIgniter.php(482): CodeIgniter\CodeIgniter->runController(Object(App\Controllers\Usuarios))
 3 SYSTEMPATH\CodeIgniter.php(351): CodeIgniter\CodeIgniter->handleRequest(null, Object(Config\Cache), false)
 4 FCPATH\index.php(67): CodeIgniter\CodeIgniter->run()
CRITICAL - 2026-03-17 18:36:53 --> Cannot redeclare App\Controllers\Panel::guardarResena()
in APPPATH\Controllers\Panel.php on line 224.
 1 [internal function]: CodeIgniter\Debug\Exceptions->shutdownHandler()
CRITICAL - 2026-03-17 18:36:57 --> Cannot redeclare App\Controllers\Panel::guardarResena()
in APPPATH\Controllers\Panel.php on line 224.
 1 [internal function]: CodeIgniter\Debug\Exceptions->shutdownHandler()
CRITICAL - 2026-03-17 18:39:35 --> Call to undefined method CodeIgniter\Database\MySQLi\Builder::whereNull()
in APPPATH\Controllers\Usuarios.php on line 24.
 1 SYSTEMPATH\CodeIgniter.php(927): App\Controllers\Usuarios->alumnos()
 2 SYSTEMPATH\CodeIgniter.php(482): CodeIgniter\CodeIgniter->runController(Object(App\Controllers\Usuarios))
 3 SYSTEMPATH\CodeIgniter.php(351): CodeIgniter\CodeIgniter->handleRequest(null, Object(Config\Cache), false)
 4 FCPATH\index.php(67): CodeIgniter\CodeIgniter->run()
CRITICAL - 2026-03-17 18:39:38 --> Call to undefined method CodeIgniter\Database\MySQLi\Builder::whereNull()
in APPPATH\Controllers\Usuarios.php on line 24.
 1 SYSTEMPATH\CodeIgniter.php(927): App\Controllers\Usuarios->alumnos()
 2 SYSTEMPATH\CodeIgniter.php(482): CodeIgniter\CodeIgniter->runController(Object(App\Controllers\Usuarios))
 3 SYSTEMPATH\CodeIgniter.php(351): CodeIgniter\CodeIgniter->handleRequest(null, Object(Config\Cache), false)
 4 FCPATH\index.php(67): CodeIgniter\CodeIgniter->run()
CRITICAL - 2026-03-17 18:39:40 --> Call to undefined method CodeIgniter\Database\MySQLi\Builder::whereNull()
in APPPATH\Controllers\Usuarios.php on line 45.
 1 SYSTEMPATH\CodeIgniter.php(927): App\Controllers\Usuarios->profesores()
 2 SYSTEMPATH\CodeIgniter.php(482): CodeIgniter\CodeIgniter->runController(Object(App\Controllers\Usuarios))
 3 SYSTEMPATH\CodeIgniter.php(351): CodeIgniter\CodeIgniter->handleRequest(null, Object(Config\Cache), false)
 4 FCPATH\index.php(67): CodeIgniter\CodeIgniter->run()
CRITICAL - 2026-03-17 18:39:43 --> Call to undefined method CodeIgniter\Database\MySQLi\Builder::whereNull()
in APPPATH\Controllers\Reportes.php on line 17.
 1 SYSTEMPATH\CodeIgniter.php(927): App\Controllers\Reportes->progreso()
 2 SYSTEMPATH\CodeIgniter.php(482): CodeIgniter\CodeIgniter->runController(Object(App\Controllers\Reportes))
 3 SYSTEMPATH\CodeIgniter.php(351): CodeIgniter\CodeIgniter->handleRequest(null, Object(Config\Cache), false)
 4 FCPATH\index.php(67): CodeIgniter\CodeIgniter->run()
CRITICAL - 2026-03-17 18:39:47 --> Call to undefined method CodeIgniter\Database\MySQLi\Builder::whereNull()
in APPPATH\Controllers\Usuarios.php on line 24.
 1 SYSTEMPATH\CodeIgniter.php(927): App\Controllers\Usuarios->alumnos()
 2 SYSTEMPATH\CodeIgniter.php(482): CodeIgniter\CodeIgniter->runController(Object(App\Controllers\Usuarios))
 3 SYSTEMPATH\CodeIgniter.php(351): CodeIgniter\CodeIgniter->handleRequest(null, Object(Config\Cache), false)
 4 FCPATH\index.php(67): CodeIgniter\CodeIgniter->run()
CRITICAL - 2026-03-17 18:39:50 --> Call to undefined method CodeIgniter\Database\MySQLi\Builder::whereNull()
in APPPATH\Controllers\Usuarios.php on line 45.
 1 SYSTEMPATH\CodeIgniter.php(927): App\Controllers\Usuarios->profesores()
 2 SYSTEMPATH\CodeIgniter.php(482): CodeIgniter\CodeIgniter->runController(Object(App\Controllers\Usuarios))
 3 SYSTEMPATH\CodeIgniter.php(351): CodeIgniter\CodeIgniter->handleRequest(null, Object(Config\Cache), false)
 4 FCPATH\index.php(67): CodeIgniter\CodeIgniter->run()
CRITICAL - 2026-03-17 18:43:38 --> Cannot redeclare App\Controllers\Panel::guardarResena()
in APPPATH\Controllers\Panel.php on line 224.
 1 [internal function]: CodeIgniter\Debug\Exceptions->shutdownHandler()
CRITICAL - 2026-03-17 18:43:43 --> Cannot redeclare App\Controllers\Panel::guardarResena()
in APPPATH\Controllers\Panel.php on line 224.
 1 [internal function]: CodeIgniter\Debug\Exceptions->shutdownHandler()
CRITICAL - 2026-03-17 18:43:46 --> Cannot redeclare App\Controllers\Panel::guardarResena()
in APPPATH\Controllers\Panel.php on line 224.
 1 [internal function]: CodeIgniter\Debug\Exceptions->shutdownHandler()
CRITICAL - 2026-03-17 18:43:48 --> Cannot redeclare App\Controllers\Panel::guardarResena()
in APPPATH\Controllers\Panel.php on line 224.
 1 [internal function]: CodeIgniter\Debug\Exceptions->shutdownHandler()
CRITICAL - 2026-03-17 18:43:52 --> Cannot redeclare App\Controllers\Panel::guardarResena()
in APPPATH\Controllers\Panel.php on line 224.
 1 [internal function]: CodeIgniter\Debug\Exceptions->shutdownHandler()
CRITICAL - 2026-03-17 18:52:40 --> Call to undefined method CodeIgniter\Database\MySQLi\Builder::whereNull()
in APPPATH\Controllers\Usuarios.php on line 24.
 1 SYSTEMPATH\CodeIgniter.php(927): App\Controllers\Usuarios->alumnos()
 2 SYSTEMPATH\CodeIgniter.php(482): CodeIgniter\CodeIgniter->runController(Object(App\Controllers\Usuarios))
 3 SYSTEMPATH\CodeIgniter.php(351): CodeIgniter\CodeIgniter->handleRequest(null, Object(Config\Cache), false)
 4 FCPATH\index.php(67): CodeIgniter\CodeIgniter->run()
CRITICAL - 2026-03-17 18:52:44 --> Call to undefined method CodeIgniter\Database\MySQLi\Builder::whereNull()
in APPPATH\Controllers\Usuarios.php on line 45.
 1 SYSTEMPATH\CodeIgniter.php(927): App\Controllers\Usuarios->profesores()
 2 SYSTEMPATH\CodeIgniter.php(482): CodeIgniter\CodeIgniter->runController(Object(App\Controllers\Usuarios))
 3 SYSTEMPATH\CodeIgniter.php(351): CodeIgniter\CodeIgniter->handleRequest(null, Object(Config\Cache), false)
 4 FCPATH\index.php(67): CodeIgniter\CodeIgniter->run()
CRITICAL - 2026-03-17 18:52:48 --> Call to undefined method CodeIgniter\Database\MySQLi\Builder::whereNull()
in APPPATH\Controllers\Reportes.php on line 17.
 1 SYSTEMPATH\CodeIgniter.php(927): App\Controllers\Reportes->progreso()
 2 SYSTEMPATH\CodeIgniter.php(482): CodeIgniter\CodeIgniter->runController(Object(App\Controllers\Reportes))
 3 SYSTEMPATH\CodeIgniter.php(351): CodeIgniter\CodeIgniter->handleRequest(null, Object(Config\Cache), false)
 4 FCPATH\index.php(67): CodeIgniter\CodeIgniter->run()
CRITICAL - 2026-03-17 18:54:04 --> Call to undefined method CodeIgniter\Database\MySQLi\Builder::whereNull()
in APPPATH\Controllers\Usuarios.php on line 24.
 1 SYSTEMPATH\CodeIgniter.php(927): App\Controllers\Usuarios->alumnos()
 2 SYSTEMPATH\CodeIgniter.php(482): CodeIgniter\CodeIgniter->runController(Object(App\Controllers\Usuarios))
 3 SYSTEMPATH\CodeIgniter.php(351): CodeIgniter\CodeIgniter->handleRequest(null, Object(Config\Cache), false)
 4 FCPATH\index.php(67): CodeIgniter\CodeIgniter->run()
CRITICAL - 2026-03-17 19:07:08 --> Call to undefined method CodeIgniter\Database\MySQLi\Builder::whereNull()
in APPPATH\Controllers\Reportes.php on line 17.
 1 SYSTEMPATH\CodeIgniter.php(927): App\Controllers\Reportes->progreso()
 2 SYSTEMPATH\CodeIgniter.php(482): CodeIgniter\CodeIgniter->runController(Object(App\Controllers\Reportes))
 3 SYSTEMPATH\CodeIgniter.php(351): CodeIgniter\CodeIgniter->handleRequest(null, Object(Config\Cache), false)
 4 FCPATH\index.php(67): CodeIgniter\CodeIgniter->run()
CRITICAL - 2026-03-17 19:07:45 --> Call to undefined method CodeIgniter\Database\MySQLi\Builder::whereNull()
in APPPATH\Controllers\Reportes.php on line 17.
 1 SYSTEMPATH\CodeIgniter.php(927): App\Controllers\Reportes->progreso()
 2 SYSTEMPATH\CodeIgniter.php(482): CodeIgniter\CodeIgniter->runController(Object(App\Controllers\Reportes))
 3 SYSTEMPATH\CodeIgniter.php(351): CodeIgniter\CodeIgniter->handleRequest(null, Object(Config\Cache), false)
 4 FCPATH\index.php(67): CodeIgniter\CodeIgniter->run()
CRITICAL - 2026-03-17 19:08:02 --> Call to undefined method CodeIgniter\Database\MySQLi\Builder::whereNull()
in APPPATH\Controllers\Reportes.php on line 17.
 1 SYSTEMPATH\CodeIgniter.php(927): App\Controllers\Reportes->progreso()
 2 SYSTEMPATH\CodeIgniter.php(482): CodeIgniter\CodeIgniter->runController(Object(App\Controllers\Reportes))
 3 SYSTEMPATH\CodeIgniter.php(351): CodeIgniter\CodeIgniter->handleRequest(null, Object(Config\Cache), false)
 4 FCPATH\index.php(67): CodeIgniter\CodeIgniter->run()
