CRITICAL - 2024-01-02 13:04:41 --> Undefined array key 0
in APPPATH\Controllers\Evaluacion.php on line 39.
 1 APPPATH\Controllers\Evaluacion.php(39): CodeIgniter\Debug\Exceptions->errorHandler(2, 'Undefined array key 0', 'APPPATH\\Controllers\\Evaluacion.php', 39)
 2 SYSTEMPATH\CodeIgniter.php(927): App\Controllers\Evaluacion->getIndex()
 3 SYSTEMPATH\CodeIgniter.php(482): CodeIgniter\CodeIgniter->runController(Object(App\Controllers\Evaluacion))
 4 SYSTEMPATH\CodeIgniter.php(351): CodeIgniter\CodeIgniter->handleRequest(null, Object(Config\Cache), false)
 5 FCPATH\index.php(67): CodeIgniter\CodeIgniter->run()
CRITICAL - 2024-01-02 13:04:48 --> Undefined array key 0
in APPPATH\Controllers\Evaluacion.php on line 39.
 1 APPPATH\Controllers\Evaluacion.php(39): CodeIgniter\Debug\Exceptions->errorHandler(2, 'Undefined array key 0', 'APPPATH\\Controllers\\Evaluacion.php', 39)
 2 SYSTEMPATH\CodeIgniter.php(927): App\Controllers\Evaluacion->getIndex()
 3 SYSTEMPATH\CodeIgniter.php(482): CodeIgniter\CodeIgniter->runController(Object(App\Controllers\Evaluacion))
 4 SYSTEMPATH\CodeIgniter.php(351): CodeIgniter\CodeIgniter->handleRequest(null, Object(Config\Cache), false)
 5 FCPATH\index.php(67): CodeIgniter\CodeIgniter->run()
ERROR - 2024-01-02 18:29:21 --> mysqli_sql_exception: You have an error in your SQL syntax; check the manual that corresponds to your MySQL server version for the right syntax to use near 'IS NULL' at line 3 in D:\wamp\www\simondrep\system\Database\MySQLi\Connection.php:292
Stack trace:
#0 D:\wamp\www\simondrep\system\Database\MySQLi\Connection.php(292): mysqli->query('SELECT *\nFROM `...', 0)
#1 D:\wamp\www\simondrep\system\Database\BaseConnection.php(666): CodeIgniter\Database\MySQLi\Connection->execute('SELECT *\nFROM `...')
#2 D:\wamp\www\simondrep\system\Database\BaseConnection.php(593): CodeIgniter\Database\BaseConnection->simpleQuery('SELECT *\nFROM `...')
#3 D:\wamp\www\simondrep\system\Database\BaseBuilder.php(1585): CodeIgniter\Database\BaseConnection->query('SELECT *\nFROM `...', Array, false)
#4 D:\wamp\www\simondrep\app\Models\Generaldb.php(112): CodeIgniter\Database\BaseBuilder->get()
#5 D:\wamp\www\simondrep\app\Controllers\Informes2.php(25): App\Models\Generaldb->selectSomeDataJoin('*', 'com_informes', '\r\n\r\n           ...')
#6 D:\wamp\www\simondrep\system\CodeIgniter.php(927): App\Controllers\Informes2->getInformesIE()
#7 D:\wamp\www\simondrep\system\CodeIgniter.php(482): CodeIgniter\CodeIgniter->runController(Object(App\Controllers\Informes2))
#8 D:\wamp\www\simondrep\system\CodeIgniter.php(351): CodeIgniter\CodeIgniter->handleRequest(NULL, Object(Config\Cache), false)
#9 D:\wamp\www\simondrep\index.php(67): CodeIgniter\CodeIgniter->run()
#10 {main}
CRITICAL - 2024-01-02 18:29:21 --> You have an error in your SQL syntax; check the manual that corresponds to your MySQL server version for the right syntax to use near 'IS NULL' at line 3
in SYSTEMPATH\Database\MySQLi\Connection.php on line 292.
 1 SYSTEMPATH\Database\MySQLi\Connection.php(292): mysqli->query('SELECT *
FROM `com_informes`
WHERE  IS NULL', 0)
 2 SYSTEMPATH\Database\BaseConnection.php(666): CodeIgniter\Database\MySQLi\Connection->execute('SELECT *
FROM `com_informes`
WHERE  IS NULL')
 3 SYSTEMPATH\Database\BaseConnection.php(593): CodeIgniter\Database\BaseConnection->simpleQuery('SELECT *
FROM `com_informes`
WHERE  IS NULL')
 4 SYSTEMPATH\Database\BaseBuilder.php(1585): CodeIgniter\Database\BaseConnection->query('SELECT *
FROM `com_informes`
WHERE  IS NULL', [], false)
 5 APPPATH\Models\Generaldb.php(112): CodeIgniter\Database\BaseBuilder->get()
 6 APPPATH\Controllers\Informes2.php(25): App\Models\Generaldb->selectSomeDataJoin('*', 'com_informes', '

                ')
 7 SYSTEMPATH\CodeIgniter.php(927): App\Controllers\Informes2->getInformesIE()
 8 SYSTEMPATH\CodeIgniter.php(482): CodeIgniter\CodeIgniter->runController(Object(App\Controllers\Informes2))
 9 SYSTEMPATH\CodeIgniter.php(351): CodeIgniter\CodeIgniter->handleRequest(null, Object(Config\Cache), false)
10 FCPATH\index.php(67): CodeIgniter\CodeIgniter->run()
ERROR - 2024-01-02 18:30:10 --> mysqli_sql_exception: You have an error in your SQL syntax; check the manual that corresponds to your MySQL server version for the right syntax to use near 'IS NULL' at line 3 in D:\wamp\www\simondrep\system\Database\MySQLi\Connection.php:292
Stack trace:
#0 D:\wamp\www\simondrep\system\Database\MySQLi\Connection.php(292): mysqli->query('SELECT *\nFROM `...', 0)
#1 D:\wamp\www\simondrep\system\Database\BaseConnection.php(666): CodeIgniter\Database\MySQLi\Connection->execute('SELECT *\nFROM `...')
#2 D:\wamp\www\simondrep\system\Database\BaseConnection.php(593): CodeIgniter\Database\BaseConnection->simpleQuery('SELECT *\nFROM `...')
#3 D:\wamp\www\simondrep\system\Database\BaseBuilder.php(1585): CodeIgniter\Database\BaseConnection->query('SELECT *\nFROM `...', Array, false)
#4 D:\wamp\www\simondrep\app\Models\Generaldb.php(112): CodeIgniter\Database\BaseBuilder->get()
#5 D:\wamp\www\simondrep\app\Controllers\Informes2.php(25): App\Models\Generaldb->selectSomeDataJoin('*', 'com_informes', '\r\n\r\n           ...')
#6 D:\wamp\www\simondrep\system\CodeIgniter.php(927): App\Controllers\Informes2->getInformesIE()
#7 D:\wamp\www\simondrep\system\CodeIgniter.php(482): CodeIgniter\CodeIgniter->runController(Object(App\Controllers\Informes2))
#8 D:\wamp\www\simondrep\system\CodeIgniter.php(351): CodeIgniter\CodeIgniter->handleRequest(NULL, Object(Config\Cache), false)
#9 D:\wamp\www\simondrep\index.php(67): CodeIgniter\CodeIgniter->run()
#10 {main}
CRITICAL - 2024-01-02 18:30:10 --> You have an error in your SQL syntax; check the manual that corresponds to your MySQL server version for the right syntax to use near 'IS NULL' at line 3
in SYSTEMPATH\Database\MySQLi\Connection.php on line 292.
 1 SYSTEMPATH\Database\MySQLi\Connection.php(292): mysqli->query('SELECT *
FROM `com_informes`
WHERE  IS NULL', 0)
 2 SYSTEMPATH\Database\BaseConnection.php(666): CodeIgniter\Database\MySQLi\Connection->execute('SELECT *
FROM `com_informes`
WHERE  IS NULL')
 3 SYSTEMPATH\Database\BaseConnection.php(593): CodeIgniter\Database\BaseConnection->simpleQuery('SELECT *
FROM `com_informes`
WHERE  IS NULL')
 4 SYSTEMPATH\Database\BaseBuilder.php(1585): CodeIgniter\Database\BaseConnection->query('SELECT *
FROM `com_informes`
WHERE  IS NULL', [], false)
 5 APPPATH\Models\Generaldb.php(112): CodeIgniter\Database\BaseBuilder->get()
 6 APPPATH\Controllers\Informes2.php(25): App\Models\Generaldb->selectSomeDataJoin('*', 'com_informes', '

                ')
 7 SYSTEMPATH\CodeIgniter.php(927): App\Controllers\Informes2->getInformesIE()
 8 SYSTEMPATH\CodeIgniter.php(482): CodeIgniter\CodeIgniter->runController(Object(App\Controllers\Informes2))
 9 SYSTEMPATH\CodeIgniter.php(351): CodeIgniter\CodeIgniter->handleRequest(null, Object(Config\Cache), false)
10 FCPATH\index.php(67): CodeIgniter\CodeIgniter->run()
ERROR - 2024-01-02 18:30:22 --> mysqli_sql_exception: You have an error in your SQL syntax; check the manual that corresponds to your MySQL server version for the right syntax to use near 'IS NULL' at line 3 in D:\wamp\www\simondrep\system\Database\MySQLi\Connection.php:292
Stack trace:
#0 D:\wamp\www\simondrep\system\Database\MySQLi\Connection.php(292): mysqli->query('SELECT *\nFROM `...', 0)
#1 D:\wamp\www\simondrep\system\Database\BaseConnection.php(666): CodeIgniter\Database\MySQLi\Connection->execute('SELECT *\nFROM `...')
#2 D:\wamp\www\simondrep\system\Database\BaseConnection.php(593): CodeIgniter\Database\BaseConnection->simpleQuery('SELECT *\nFROM `...')
#3 D:\wamp\www\simondrep\system\Database\BaseBuilder.php(1585): CodeIgniter\Database\BaseConnection->query('SELECT *\nFROM `...', Array, false)
#4 D:\wamp\www\simondrep\app\Models\Generaldb.php(112): CodeIgniter\Database\BaseBuilder->get()
#5 D:\wamp\www\simondrep\app\Controllers\Informes2.php(25): App\Models\Generaldb->selectSomeDataJoin('*', 'com_informes', '\r\n\r\n           ...')
#6 D:\wamp\www\simondrep\system\CodeIgniter.php(927): App\Controllers\Informes2->getInformesIE()
#7 D:\wamp\www\simondrep\system\CodeIgniter.php(482): CodeIgniter\CodeIgniter->runController(Object(App\Controllers\Informes2))
#8 D:\wamp\www\simondrep\system\CodeIgniter.php(351): CodeIgniter\CodeIgniter->handleRequest(NULL, Object(Config\Cache), false)
#9 D:\wamp\www\simondrep\index.php(67): CodeIgniter\CodeIgniter->run()
#10 {main}
CRITICAL - 2024-01-02 18:30:22 --> You have an error in your SQL syntax; check the manual that corresponds to your MySQL server version for the right syntax to use near 'IS NULL' at line 3
in SYSTEMPATH\Database\MySQLi\Connection.php on line 292.
 1 SYSTEMPATH\Database\MySQLi\Connection.php(292): mysqli->query('SELECT *
FROM `com_informes`
WHERE  IS NULL', 0)
 2 SYSTEMPATH\Database\BaseConnection.php(666): CodeIgniter\Database\MySQLi\Connection->execute('SELECT *
FROM `com_informes`
WHERE  IS NULL')
 3 SYSTEMPATH\Database\BaseConnection.php(593): CodeIgniter\Database\BaseConnection->simpleQuery('SELECT *
FROM `com_informes`
WHERE  IS NULL')
 4 SYSTEMPATH\Database\BaseBuilder.php(1585): CodeIgniter\Database\BaseConnection->query('SELECT *
FROM `com_informes`
WHERE  IS NULL', [], false)
 5 APPPATH\Models\Generaldb.php(112): CodeIgniter\Database\BaseBuilder->get()
 6 APPPATH\Controllers\Informes2.php(25): App\Models\Generaldb->selectSomeDataJoin('*', 'com_informes', '

                ')
 7 SYSTEMPATH\CodeIgniter.php(927): App\Controllers\Informes2->getInformesIE()
 8 SYSTEMPATH\CodeIgniter.php(482): CodeIgniter\CodeIgniter->runController(Object(App\Controllers\Informes2))
 9 SYSTEMPATH\CodeIgniter.php(351): CodeIgniter\CodeIgniter->handleRequest(null, Object(Config\Cache), false)
10 FCPATH\index.php(67): CodeIgniter\CodeIgniter->run()
CRITICAL - 2024-01-02 18:33:35 --> Object of class stdClass could not be converted to string
in APPPATH\Controllers\Informes2.php on line 30.
 1 SYSTEMPATH\CodeIgniter.php(927): App\Controllers\Informes2->getInformesIE()
 2 SYSTEMPATH\CodeIgniter.php(482): CodeIgniter\CodeIgniter->runController(Object(App\Controllers\Informes2))
 3 SYSTEMPATH\CodeIgniter.php(351): CodeIgniter\CodeIgniter->handleRequest(null, Object(Config\Cache), false)
 4 FCPATH\index.php(67): CodeIgniter\CodeIgniter->run()
CRITICAL - 2024-01-02 18:54:18 --> syntax error, unexpected token "}", expecting "," or ";"
in APPPATH\Views\informes2\vinformesie.php on line 9.
 1 SYSTEMPATH\View\View.php(216): CodeIgniter\View\View->CodeIgniter\View\{closure}()
 2 SYSTEMPATH\Common.php(1134): CodeIgniter\View\View->render('informes2/vinformesie', [], true)
 3 APPPATH\Controllers\Informes2.php(42): view('informes2/vinformesie', [...])
 4 SYSTEMPATH\CodeIgniter.php(927): App\Controllers\Informes2->getInformesIE()
 5 SYSTEMPATH\CodeIgniter.php(482): CodeIgniter\CodeIgniter->runController(Object(App\Controllers\Informes2))
 6 SYSTEMPATH\CodeIgniter.php(351): CodeIgniter\CodeIgniter->handleRequest(null, Object(Config\Cache), false)
 7 FCPATH\index.php(67): CodeIgniter\CodeIgniter->run()
CRITICAL - 2024-01-02 18:54:28 --> syntax error, unexpected token "}", expecting "," or ";"
in APPPATH\Views\informes2\vinformesie.php on line 9.
 1 SYSTEMPATH\View\View.php(216): CodeIgniter\View\View->CodeIgniter\View\{closure}()
 2 SYSTEMPATH\Common.php(1134): CodeIgniter\View\View->render('informes2/vinformesie', [], true)
 3 APPPATH\Controllers\Informes2.php(42): view('informes2/vinformesie', [...])
 4 SYSTEMPATH\CodeIgniter.php(927): App\Controllers\Informes2->getInformesIE()
 5 SYSTEMPATH\CodeIgniter.php(482): CodeIgniter\CodeIgniter->runController(Object(App\Controllers\Informes2))
 6 SYSTEMPATH\CodeIgniter.php(351): CodeIgniter\CodeIgniter->handleRequest(null, Object(Config\Cache), false)
 7 FCPATH\index.php(67): CodeIgniter\CodeIgniter->run()
CRITICAL - 2024-01-02 20:19:03 --> Undefined variable $prog_curricular
in APPPATH\Views\informes2\vinformes.php on line 37.
 1 APPPATH\Views\informes2\vinformes.php(37): CodeIgniter\Debug\Exceptions->errorHandler(2, 'Undefined variable $prog_curricular', 'APPPATH\\Views\\informes2\\vinformes.php', 37)
 2 SYSTEMPATH\View\View.php(213): include('APPPATH\\Views\\informes2\\vinformes.php')
 3 SYSTEMPATH\View\View.php(216): CodeIgniter\View\View->CodeIgniter\View\{closure}()
 4 SYSTEMPATH\Common.php(1134): CodeIgniter\View\View->render('informes2/vinformes', [], true)
 5 APPPATH\Controllers\Informes2.php(45): view('informes2/vinformes', [...])
 6 SYSTEMPATH\CodeIgniter.php(927): App\Controllers\Informes2->getInformesIE()
 7 SYSTEMPATH\CodeIgniter.php(482): CodeIgniter\CodeIgniter->runController(Object(App\Controllers\Informes2))
 8 SYSTEMPATH\CodeIgniter.php(351): CodeIgniter\CodeIgniter->handleRequest(null, Object(Config\Cache), false)
 9 FCPATH\index.php(67): CodeIgniter\CodeIgniter->run()
CRITICAL - 2024-01-02 20:19:09 --> Undefined variable $prog_curricular
in APPPATH\Views\informes2\vinformes.php on line 37.
 1 APPPATH\Views\informes2\vinformes.php(37): CodeIgniter\Debug\Exceptions->errorHandler(2, 'Undefined variable $prog_curricular', 'APPPATH\\Views\\informes2\\vinformes.php', 37)
 2 SYSTEMPATH\View\View.php(213): include('APPPATH\\Views\\informes2\\vinformes.php')
 3 SYSTEMPATH\View\View.php(216): CodeIgniter\View\View->CodeIgniter\View\{closure}()
 4 SYSTEMPATH\Common.php(1134): CodeIgniter\View\View->render('informes2/vinformes', [], true)
 5 APPPATH\Controllers\Informes2.php(45): view('informes2/vinformes', [...])
 6 SYSTEMPATH\CodeIgniter.php(927): App\Controllers\Informes2->getInformesIE()
 7 SYSTEMPATH\CodeIgniter.php(482): CodeIgniter\CodeIgniter->runController(Object(App\Controllers\Informes2))
 8 SYSTEMPATH\CodeIgniter.php(351): CodeIgniter\CodeIgniter->handleRequest(null, Object(Config\Cache), false)
 9 FCPATH\index.php(67): CodeIgniter\CodeIgniter->run()
CRITICAL - 2024-01-02 19:23:55 --> Object of class stdClass could not be converted to string
in APPPATH\Controllers\Informes2.php on line 46.
 1 SYSTEMPATH\CodeIgniter.php(927): App\Controllers\Informes2->getInformesIE()
 2 SYSTEMPATH\CodeIgniter.php(482): CodeIgniter\CodeIgniter->runController(Object(App\Controllers\Informes2))
 3 SYSTEMPATH\CodeIgniter.php(351): CodeIgniter\CodeIgniter->handleRequest(null, Object(Config\Cache), false)
 4 FCPATH\index.php(67): CodeIgniter\CodeIgniter->run()
CRITICAL - 2024-01-02 19:24:00 --> Object of class stdClass could not be converted to string
in APPPATH\Controllers\Informes2.php on line 46.
 1 SYSTEMPATH\CodeIgniter.php(927): App\Controllers\Informes2->getInformesIE()
 2 SYSTEMPATH\CodeIgniter.php(482): CodeIgniter\CodeIgniter->runController(Object(App\Controllers\Informes2))
 3 SYSTEMPATH\CodeIgniter.php(351): CodeIgniter\CodeIgniter->handleRequest(null, Object(Config\Cache), false)
 4 FCPATH\index.php(67): CodeIgniter\CodeIgniter->run()
CRITICAL - 2024-01-02 19:24:45 --> syntax error, unexpected identifier "informes2", expecting ")"
in APPPATH\Controllers\Informes2.php on line 48.
 1 SYSTEMPATH\Autoloader\Autoloader.php(259): CodeIgniter\Autoloader\Autoloader->includeFile('APPPATH\\Controllers\\Informes2.php')
 2 SYSTEMPATH\Autoloader\Autoloader.php(237): CodeIgniter\Autoloader\Autoloader->loadInNamespace('App\\Controllers\\Informes2')
 3 [internal function]: CodeIgniter\Autoloader\Autoloader->loadClass('App\\Controllers\\Informes2')
 4 SYSTEMPATH\Router\AutoRouterImproved.php(264): class_exists('App\\Controllers\\Informes2')
 5 SYSTEMPATH\Router\AutoRouterImproved.php(115): CodeIgniter\Router\AutoRouterImproved->scanControllers([...])
 6 SYSTEMPATH\Router\Router.php(499): CodeIgniter\Router\AutoRouterImproved->getRoute('informes2/informesie')
 7 SYSTEMPATH\Router\Router.php(205): CodeIgniter\Router\Router->autoRoute('informes2/informesie')
 8 SYSTEMPATH\CodeIgniter.php(802): CodeIgniter\Router\Router->handle('informes2/informesie')
 9 SYSTEMPATH\CodeIgniter.php(430): CodeIgniter\CodeIgniter->tryToRouteIt(Object(CodeIgniter\Router\RouteCollection))
10 SYSTEMPATH\CodeIgniter.php(351): CodeIgniter\CodeIgniter->handleRequest(null, Object(Config\Cache), false)
11 FCPATH\index.php(67): CodeIgniter\CodeIgniter->run()
CRITICAL - 2024-01-02 19:25:35 --> Undefined array key 1
in APPPATH\Controllers\Informes2.php on line 46.
 1 APPPATH\Controllers\Informes2.php(46): CodeIgniter\Debug\Exceptions->errorHandler(2, 'Undefined array key 1', 'APPPATH\\Controllers\\Informes2.php', 46)
 2 SYSTEMPATH\CodeIgniter.php(927): App\Controllers\Informes2->getInformesIE()
 3 SYSTEMPATH\CodeIgniter.php(482): CodeIgniter\CodeIgniter->runController(Object(App\Controllers\Informes2))
 4 SYSTEMPATH\CodeIgniter.php(351): CodeIgniter\CodeIgniter->handleRequest(null, Object(Config\Cache), false)
 5 FCPATH\index.php(67): CodeIgniter\CodeIgniter->run()
CRITICAL - 2024-01-02 19:25:39 --> Undefined array key 1
in APPPATH\Controllers\Informes2.php on line 46.
 1 APPPATH\Controllers\Informes2.php(46): CodeIgniter\Debug\Exceptions->errorHandler(2, 'Undefined array key 1', 'APPPATH\\Controllers\\Informes2.php', 46)
 2 SYSTEMPATH\CodeIgniter.php(927): App\Controllers\Informes2->getInformesIE()
 3 SYSTEMPATH\CodeIgniter.php(482): CodeIgniter\CodeIgniter->runController(Object(App\Controllers\Informes2))
 4 SYSTEMPATH\CodeIgniter.php(351): CodeIgniter\CodeIgniter->handleRequest(null, Object(Config\Cache), false)
 5 FCPATH\index.php(67): CodeIgniter\CodeIgniter->run()
CRITICAL - 2024-01-02 19:25:55 --> Undefined array key 1
in APPPATH\Views\informes2\vinformes.php on line 37.
 1 APPPATH\Views\informes2\vinformes.php(37): CodeIgniter\Debug\Exceptions->errorHandler(2, 'Undefined array key 1', 'APPPATH\\Views\\informes2\\vinformes.php', 37)
 2 SYSTEMPATH\View\View.php(213): include('APPPATH\\Views\\informes2\\vinformes.php')
 3 SYSTEMPATH\View\View.php(216): CodeIgniter\View\View->CodeIgniter\View\{closure}()
 4 SYSTEMPATH\Common.php(1134): CodeIgniter\View\View->render('informes2/vinformes', [], true)
 5 APPPATH\Controllers\Informes2.php(48): view('informes2/vinformes', [...])
 6 SYSTEMPATH\CodeIgniter.php(927): App\Controllers\Informes2->getInformesIE()
 7 SYSTEMPATH\CodeIgniter.php(482): CodeIgniter\CodeIgniter->runController(Object(App\Controllers\Informes2))
 8 SYSTEMPATH\CodeIgniter.php(351): CodeIgniter\CodeIgniter->handleRequest(null, Object(Config\Cache), false)
 9 FCPATH\index.php(67): CodeIgniter\CodeIgniter->run()
ERROR - 2024-01-02 19:30:52 --> mysqli_sql_exception: You have an error in your SQL syntax; check the manual that corresponds to your MySQL server version for the right syntax to use near 'info_cate_ide in (10313)' at line 8 in D:\wamp\www\simondrep\system\Database\MySQLi\Connection.php:292
Stack trace:
#0 D:\wamp\www\simondrep\system\Database\MySQLi\Connection.php(292): mysqli->query('SELECT *\nFROM `...', 0)
#1 D:\wamp\www\simondrep\system\Database\BaseConnection.php(666): CodeIgniter\Database\MySQLi\Connection->execute('SELECT *\nFROM `...')
#2 D:\wamp\www\simondrep\system\Database\BaseConnection.php(593): CodeIgniter\Database\BaseConnection->simpleQuery('SELECT *\nFROM `...')
#3 D:\wamp\www\simondrep\system\Database\BaseBuilder.php(1585): CodeIgniter\Database\BaseConnection->query('SELECT *\nFROM `...', Array, false)
#4 D:\wamp\www\simondrep\app\Models\Generaldb.php(112): CodeIgniter\Database\BaseBuilder->get()
#5 D:\wamp\www\simondrep\app\Controllers\Informes2.php(38): App\Models\Generaldb->selectSomeDataJoin('*', 'com_informes', '\r\n             ...', false, false, false, Array)
#6 D:\wamp\www\simondrep\system\CodeIgniter.php(927): App\Controllers\Informes2->postInformesDetalle()
#7 D:\wamp\www\simondrep\system\CodeIgniter.php(482): CodeIgniter\CodeIgniter->runController(Object(App\Controllers\Informes2))
#8 D:\wamp\www\simondrep\system\CodeIgniter.php(351): CodeIgniter\CodeIgniter->handleRequest(NULL, Object(Config\Cache), false)
#9 D:\wamp\www\simondrep\index.php(67): CodeIgniter\CodeIgniter->run()
#10 {main}
CRITICAL - 2024-01-02 19:30:52 --> You have an error in your SQL syntax; check the manual that corresponds to your MySQL server version for the right syntax to use near 'info_cate_ide in (10313)' at line 8
in SYSTEMPATH\Database\MySQLi\Connection.php on line 292.
 1 SYSTEMPATH\Database\MySQLi\Connection.php(292): mysqli->query('SELECT *
FROM `com_informes`
JOIN `com_categorias` ON `cate_ide` = `info_cate_ide`
JOIN `niveles` ON `nive_ide` = `info_nive_ide`
WHERE 
                    info_nive_ide = 11 AND
                    info_anio = 2023
                    info_cate_ide in (10313)
                ', 0)
 2 SYSTEMPATH\Database\BaseConnection.php(666): CodeIgniter\Database\MySQLi\Connection->execute('SELECT *
FROM `com_informes`
JOIN `com_categorias` ON `cate_ide` = `info_cate_ide`
JOIN `niveles` ON `nive_ide` = `info_nive_ide`
WHERE 
                    info_nive_ide = 11 AND
                    info_anio = 2023
                    info_cate_ide in (10313)
                ')
 3 SYSTEMPATH\Database\BaseConnection.php(593): CodeIgniter\Database\BaseConnection->simpleQuery('SELECT *
FROM `com_informes`
JOIN `com_categorias` ON `cate_ide` = `info_cate_ide`
JOIN `niveles` ON `nive_ide` = `info_nive_ide`
WHERE 
                    info_nive_ide = 11 AND
                    info_anio = 2023
                    info_cate_ide in (10313)
                ')
 4 SYSTEMPATH\Database\BaseBuilder.php(1585): CodeIgniter\Database\BaseConnection->query('SELECT *
FROM `com_informes`
JOIN `com_categorias` ON `cate_ide` = `info_cate_ide`
JOIN `niveles` ON `nive_ide` = `info_nive_ide`
WHERE 
                    info_nive_ide = 11 AND
                    info_anio = 2023
                    info_cate_ide in (10313)
                ', [], false)
 5 APPPATH\Models\Generaldb.php(112): CodeIgniter\Database\BaseBuilder->get()
 6 APPPATH\Controllers\Informes2.php(38): App\Models\Generaldb->selectSomeDataJoin('*', 'com_informes', '
                    info_nive_ide = 11 AND
                    info_anio = 2023
                    info_cate_ide in (10313)
                ', false, false, false, [...])
 7 SYSTEMPATH\CodeIgniter.php(927): App\Controllers\Informes2->postInformesDetalle()
 8 SYSTEMPATH\CodeIgniter.php(482): CodeIgniter\CodeIgniter->runController(Object(App\Controllers\Informes2))
 9 SYSTEMPATH\CodeIgniter.php(351): CodeIgniter\CodeIgniter->handleRequest(null, Object(Config\Cache), false)
10 FCPATH\index.php(67): CodeIgniter\CodeIgniter->run()
ERROR - 2024-01-02 19:31:18 --> mysqli_sql_exception: You have an error in your SQL syntax; check the manual that corresponds to your MySQL server version for the right syntax to use near 'info_cate_ide in (10313)' at line 8 in D:\wamp\www\simondrep\system\Database\MySQLi\Connection.php:292
Stack trace:
#0 D:\wamp\www\simondrep\system\Database\MySQLi\Connection.php(292): mysqli->query('SELECT *\nFROM `...', 0)
#1 D:\wamp\www\simondrep\system\Database\BaseConnection.php(666): CodeIgniter\Database\MySQLi\Connection->execute('SELECT *\nFROM `...')
#2 D:\wamp\www\simondrep\system\Database\BaseConnection.php(593): CodeIgniter\Database\BaseConnection->simpleQuery('SELECT *\nFROM `...')
#3 D:\wamp\www\simondrep\system\Database\BaseBuilder.php(1585): CodeIgniter\Database\BaseConnection->query('SELECT *\nFROM `...', Array, false)
#4 D:\wamp\www\simondrep\app\Models\Generaldb.php(112): CodeIgniter\Database\BaseBuilder->get()
#5 D:\wamp\www\simondrep\app\Controllers\Informes2.php(38): App\Models\Generaldb->selectSomeDataJoin('*', 'com_informes', '\r\n             ...', false, false, false, Array)
#6 D:\wamp\www\simondrep\system\CodeIgniter.php(927): App\Controllers\Informes2->postInformesDetalle()
#7 D:\wamp\www\simondrep\system\CodeIgniter.php(482): CodeIgniter\CodeIgniter->runController(Object(App\Controllers\Informes2))
#8 D:\wamp\www\simondrep\system\CodeIgniter.php(351): CodeIgniter\CodeIgniter->handleRequest(NULL, Object(Config\Cache), false)
#9 D:\wamp\www\simondrep\index.php(67): CodeIgniter\CodeIgniter->run()
#10 {main}
CRITICAL - 2024-01-02 19:31:18 --> You have an error in your SQL syntax; check the manual that corresponds to your MySQL server version for the right syntax to use near 'info_cate_ide in (10313)' at line 8
in SYSTEMPATH\Database\MySQLi\Connection.php on line 292.
 1 SYSTEMPATH\Database\MySQLi\Connection.php(292): mysqli->query('SELECT *
FROM `com_informes`
JOIN `com_categorias` ON `cate_ide` = `info_cate_ide`
JOIN `niveles` ON `nive_ide` = `info_nive_ide`
WHERE 
                    info_nive_ide = 11 AND
                    info_anio = 2023
                    info_cate_ide in (10313)
                ', 0)
 2 SYSTEMPATH\Database\BaseConnection.php(666): CodeIgniter\Database\MySQLi\Connection->execute('SELECT *
FROM `com_informes`
JOIN `com_categorias` ON `cate_ide` = `info_cate_ide`
JOIN `niveles` ON `nive_ide` = `info_nive_ide`
WHERE 
                    info_nive_ide = 11 AND
                    info_anio = 2023
                    info_cate_ide in (10313)
                ')
 3 SYSTEMPATH\Database\BaseConnection.php(593): CodeIgniter\Database\BaseConnection->simpleQuery('SELECT *
FROM `com_informes`
JOIN `com_categorias` ON `cate_ide` = `info_cate_ide`
JOIN `niveles` ON `nive_ide` = `info_nive_ide`
WHERE 
                    info_nive_ide = 11 AND
                    info_anio = 2023
                    info_cate_ide in (10313)
                ')
 4 SYSTEMPATH\Database\BaseBuilder.php(1585): CodeIgniter\Database\BaseConnection->query('SELECT *
FROM `com_informes`
JOIN `com_categorias` ON `cate_ide` = `info_cate_ide`
JOIN `niveles` ON `nive_ide` = `info_nive_ide`
WHERE 
                    info_nive_ide = 11 AND
                    info_anio = 2023
                    info_cate_ide in (10313)
                ', [], false)
 5 APPPATH\Models\Generaldb.php(112): CodeIgniter\Database\BaseBuilder->get()
 6 APPPATH\Controllers\Informes2.php(38): App\Models\Generaldb->selectSomeDataJoin('*', 'com_informes', '
                    info_nive_ide = 11 AND
                    info_anio = 2023
                    info_cate_ide in (10313)
                ', false, false, false, [...])
 7 SYSTEMPATH\CodeIgniter.php(927): App\Controllers\Informes2->postInformesDetalle()
 8 SYSTEMPATH\CodeIgniter.php(482): CodeIgniter\CodeIgniter->runController(Object(App\Controllers\Informes2))
 9 SYSTEMPATH\CodeIgniter.php(351): CodeIgniter\CodeIgniter->handleRequest(null, Object(Config\Cache), false)
10 FCPATH\index.php(67): CodeIgniter\CodeIgniter->run()
CRITICAL - 2024-01-02 19:32:27 --> Invalid file: informes2/vinformes_detalle.php
in SYSTEMPATH\Exceptions\FrameworkException.php on line 33.
 1 SYSTEMPATH\View\View.php(201): CodeIgniter\Exceptions\FrameworkException::forInvalidFile('informes2/vinformes_detalle.php')
 2 SYSTEMPATH\Common.php(1134): CodeIgniter\View\View->render('informes2/vinformes_detalle', [], true)
 3 APPPATH\Controllers\Informes2.php(57): view('informes2/vinformes_detalle', [...])
 4 SYSTEMPATH\CodeIgniter.php(927): App\Controllers\Informes2->postInformesDetalle()
 5 SYSTEMPATH\CodeIgniter.php(482): CodeIgniter\CodeIgniter->runController(Object(App\Controllers\Informes2))
 6 SYSTEMPATH\CodeIgniter.php(351): CodeIgniter\CodeIgniter->handleRequest(null, Object(Config\Cache), false)
 7 FCPATH\index.php(67): CodeIgniter\CodeIgniter->run()
CRITICAL - 2024-01-02 19:32:36 --> Invalid file: informes2/vinformes_detalle.php
in SYSTEMPATH\Exceptions\FrameworkException.php on line 33.
 1 SYSTEMPATH\View\View.php(201): CodeIgniter\Exceptions\FrameworkException::forInvalidFile('informes2/vinformes_detalle.php')
 2 SYSTEMPATH\Common.php(1134): CodeIgniter\View\View->render('informes2/vinformes_detalle', [], true)
 3 APPPATH\Controllers\Informes2.php(57): view('informes2/vinformes_detalle', [...])
 4 SYSTEMPATH\CodeIgniter.php(927): App\Controllers\Informes2->postInformesDetalle()
 5 SYSTEMPATH\CodeIgniter.php(482): CodeIgniter\CodeIgniter->runController(Object(App\Controllers\Informes2))
 6 SYSTEMPATH\CodeIgniter.php(351): CodeIgniter\CodeIgniter->handleRequest(null, Object(Config\Cache), false)
 7 FCPATH\index.php(67): CodeIgniter\CodeIgniter->run()
ERROR - 2024-01-02 21:38:55 --> mysqli_sql_exception: You have an error in your SQL syntax; check the manual that corresponds to your MySQL server version for the right syntax to use near 'IS NULL' at line 3 in D:\wamp\www\simondrep\system\Database\MySQLi\Connection.php:292
Stack trace:
#0 D:\wamp\www\simondrep\system\Database\MySQLi\Connection.php(292): mysqli->query('SELECT *\nFROM `...', 0)
#1 D:\wamp\www\simondrep\system\Database\BaseConnection.php(666): CodeIgniter\Database\MySQLi\Connection->execute('SELECT *\nFROM `...')
#2 D:\wamp\www\simondrep\system\Database\BaseConnection.php(593): CodeIgniter\Database\BaseConnection->simpleQuery('SELECT *\nFROM `...')
#3 D:\wamp\www\simondrep\system\Database\BaseBuilder.php(1585): CodeIgniter\Database\BaseConnection->query('SELECT *\nFROM `...', Array, false)
#4 D:\wamp\www\simondrep\app\Models\Generaldb.php(112): CodeIgniter\Database\BaseBuilder->get()
#5 D:\wamp\www\simondrep\app\Controllers\Informes2.php(68): App\Models\Generaldb->selectSomeDataJoin('*', 'com_subidos', '\r\n             ...')
#6 D:\wamp\www\simondrep\system\CodeIgniter.php(927): App\Controllers\Informes2->postArchivosEntregados()
#7 D:\wamp\www\simondrep\system\CodeIgniter.php(482): CodeIgniter\CodeIgniter->runController(Object(App\Controllers\Informes2))
#8 D:\wamp\www\simondrep\system\CodeIgniter.php(351): CodeIgniter\CodeIgniter->handleRequest(NULL, Object(Config\Cache), false)
#9 D:\wamp\www\simondrep\index.php(67): CodeIgniter\CodeIgniter->run()
#10 {main}
CRITICAL - 2024-01-02 21:38:55 --> You have an error in your SQL syntax; check the manual that corresponds to your MySQL server version for the right syntax to use near 'IS NULL' at line 3
in SYSTEMPATH\Database\MySQLi\Connection.php on line 292.
 1 SYSTEMPATH\Database\MySQLi\Connection.php(292): mysqli->query('SELECT *
FROM `com_subidos`
WHERE  IS NULL', 0)
 2 SYSTEMPATH\Database\BaseConnection.php(666): CodeIgniter\Database\MySQLi\Connection->execute('SELECT *
FROM `com_subidos`
WHERE  IS NULL')
 3 SYSTEMPATH\Database\BaseConnection.php(593): CodeIgniter\Database\BaseConnection->simpleQuery('SELECT *
FROM `com_subidos`
WHERE  IS NULL')
 4 SYSTEMPATH\Database\BaseBuilder.php(1585): CodeIgniter\Database\BaseConnection->query('SELECT *
FROM `com_subidos`
WHERE  IS NULL', [], false)
 5 APPPATH\Models\Generaldb.php(112): CodeIgniter\Database\BaseBuilder->get()
 6 APPPATH\Controllers\Informes2.php(68): App\Models\Generaldb->selectSomeDataJoin('*', 'com_subidos', '
                
            ')
 7 SYSTEMPATH\CodeIgniter.php(927): App\Controllers\Informes2->postArchivosEntregados()
 8 SYSTEMPATH\CodeIgniter.php(482): CodeIgniter\CodeIgniter->runController(Object(App\Controllers\Informes2))
 9 SYSTEMPATH\CodeIgniter.php(351): CodeIgniter\CodeIgniter->handleRequest(null, Object(Config\Cache), false)
10 FCPATH\index.php(67): CodeIgniter\CodeIgniter->run()
ERROR - 2024-01-02 21:41:02 --> mysqli_sql_exception: Unknown column 'subi_iiee_ide' in 'where clause' in D:\wamp\www\simondrep\system\Database\MySQLi\Connection.php:292
Stack trace:
#0 D:\wamp\www\simondrep\system\Database\MySQLi\Connection.php(292): mysqli->query('SELECT *\nFROM `...', 0)
#1 D:\wamp\www\simondrep\system\Database\BaseConnection.php(666): CodeIgniter\Database\MySQLi\Connection->execute('SELECT *\nFROM `...')
#2 D:\wamp\www\simondrep\system\Database\BaseConnection.php(593): CodeIgniter\Database\BaseConnection->simpleQuery('SELECT *\nFROM `...')
#3 D:\wamp\www\simondrep\system\Database\BaseBuilder.php(1585): CodeIgniter\Database\BaseConnection->query('SELECT *\nFROM `...', Array, false)
#4 D:\wamp\www\simondrep\app\Models\Generaldb.php(112): CodeIgniter\Database\BaseBuilder->get()
#5 D:\wamp\www\simondrep\app\Controllers\Informes2.php(70): App\Models\Generaldb->selectSomeDataJoin('*', 'com_subidos', '\r\n             ...')
#6 D:\wamp\www\simondrep\system\CodeIgniter.php(927): App\Controllers\Informes2->postArchivosEntregados()
#7 D:\wamp\www\simondrep\system\CodeIgniter.php(482): CodeIgniter\CodeIgniter->runController(Object(App\Controllers\Informes2))
#8 D:\wamp\www\simondrep\system\CodeIgniter.php(351): CodeIgniter\CodeIgniter->handleRequest(NULL, Object(Config\Cache), false)
#9 D:\wamp\www\simondrep\index.php(67): CodeIgniter\CodeIgniter->run()
#10 {main}
CRITICAL - 2024-01-02 21:41:02 --> Unknown column 'subi_iiee_ide' in 'where clause'
in SYSTEMPATH\Database\MySQLi\Connection.php on line 292.
 1 SYSTEMPATH\Database\MySQLi\Connection.php(292): mysqli->query('SELECT *
FROM `com_subidos`
WHERE 
                subi_iiee_ide = 10016 AND
                `subi_usua_ide` = 10016 AND
                subi_info_ide = 1
            ', 0)
 2 SYSTEMPATH\Database\BaseConnection.php(666): CodeIgniter\Database\MySQLi\Connection->execute('SELECT *
FROM `com_subidos`
WHERE 
                subi_iiee_ide = 10016 AND
                `subi_usua_ide` = 10016 AND
                subi_info_ide = 1
            ')
 3 SYSTEMPATH\Database\BaseConnection.php(593): CodeIgniter\Database\BaseConnection->simpleQuery('SELECT *
FROM `com_subidos`
WHERE 
                subi_iiee_ide = 10016 AND
                `subi_usua_ide` = 10016 AND
                subi_info_ide = 1
            ')
 4 SYSTEMPATH\Database\BaseBuilder.php(1585): CodeIgniter\Database\BaseConnection->query('SELECT *
FROM `com_subidos`
WHERE 
                subi_iiee_ide = 10016 AND
                `subi_usua_ide` = 10016 AND
                subi_info_ide = 1
            ', [], false)
 5 APPPATH\Models\Generaldb.php(112): CodeIgniter\Database\BaseBuilder->get()
 6 APPPATH\Controllers\Informes2.php(70): App\Models\Generaldb->selectSomeDataJoin('*', 'com_subidos', '
                subi_iiee_ide = 10016 AND
                subi_usua_ide = 10016 AND
                subi_info_ide = 1
            ')
 7 SYSTEMPATH\CodeIgniter.php(927): App\Controllers\Informes2->postArchivosEntregados()
 8 SYSTEMPATH\CodeIgniter.php(482): CodeIgniter\CodeIgniter->runController(Object(App\Controllers\Informes2))
 9 SYSTEMPATH\CodeIgniter.php(351): CodeIgniter\CodeIgniter->handleRequest(null, Object(Config\Cache), false)
10 FCPATH\index.php(67): CodeIgniter\CodeIgniter->run()
ERROR - 2024-01-02 21:41:24 --> mysqli_sql_exception: Unknown column 'subi_iiee_ide' in 'where clause' in D:\wamp\www\simondrep\system\Database\MySQLi\Connection.php:292
Stack trace:
#0 D:\wamp\www\simondrep\system\Database\MySQLi\Connection.php(292): mysqli->query('SELECT *\nFROM `...', 0)
#1 D:\wamp\www\simondrep\system\Database\BaseConnection.php(666): CodeIgniter\Database\MySQLi\Connection->execute('SELECT *\nFROM `...')
#2 D:\wamp\www\simondrep\system\Database\BaseConnection.php(593): CodeIgniter\Database\BaseConnection->simpleQuery('SELECT *\nFROM `...')
#3 D:\wamp\www\simondrep\system\Database\BaseBuilder.php(1585): CodeIgniter\Database\BaseConnection->query('SELECT *\nFROM `...', Array, false)
#4 D:\wamp\www\simondrep\app\Models\Generaldb.php(112): CodeIgniter\Database\BaseBuilder->get()
#5 D:\wamp\www\simondrep\app\Controllers\Informes2.php(70): App\Models\Generaldb->selectSomeDataJoin('*', 'com_subidos', '\r\n             ...')
#6 D:\wamp\www\simondrep\system\CodeIgniter.php(927): App\Controllers\Informes2->postArchivosEntregados()
#7 D:\wamp\www\simondrep\system\CodeIgniter.php(482): CodeIgniter\CodeIgniter->runController(Object(App\Controllers\Informes2))
#8 D:\wamp\www\simondrep\system\CodeIgniter.php(351): CodeIgniter\CodeIgniter->handleRequest(NULL, Object(Config\Cache), false)
#9 D:\wamp\www\simondrep\index.php(67): CodeIgniter\CodeIgniter->run()
#10 {main}
CRITICAL - 2024-01-02 21:41:24 --> Unknown column 'subi_iiee_ide' in 'where clause'
in SYSTEMPATH\Database\MySQLi\Connection.php on line 292.
 1 SYSTEMPATH\Database\MySQLi\Connection.php(292): mysqli->query('SELECT *
FROM `com_subidos`
WHERE 
                subi_iiee_ide = 10016 AND
                `subi_usua_ide` = 10016 AND
                subi_info_ide = 1
            ', 0)
 2 SYSTEMPATH\Database\BaseConnection.php(666): CodeIgniter\Database\MySQLi\Connection->execute('SELECT *
FROM `com_subidos`
WHERE 
                subi_iiee_ide = 10016 AND
                `subi_usua_ide` = 10016 AND
                subi_info_ide = 1
            ')
 3 SYSTEMPATH\Database\BaseConnection.php(593): CodeIgniter\Database\BaseConnection->simpleQuery('SELECT *
FROM `com_subidos`
WHERE 
                subi_iiee_ide = 10016 AND
                `subi_usua_ide` = 10016 AND
                subi_info_ide = 1
            ')
 4 SYSTEMPATH\Database\BaseBuilder.php(1585): CodeIgniter\Database\BaseConnection->query('SELECT *
FROM `com_subidos`
WHERE 
                subi_iiee_ide = 10016 AND
                `subi_usua_ide` = 10016 AND
                subi_info_ide = 1
            ', [], false)
 5 APPPATH\Models\Generaldb.php(112): CodeIgniter\Database\BaseBuilder->get()
 6 APPPATH\Controllers\Informes2.php(70): App\Models\Generaldb->selectSomeDataJoin('*', 'com_subidos', '
                subi_iiee_ide = 10016 AND
                subi_usua_ide = 10016 AND
                subi_info_ide = 1
            ')
 7 SYSTEMPATH\CodeIgniter.php(927): App\Controllers\Informes2->postArchivosEntregados()
 8 SYSTEMPATH\CodeIgniter.php(482): CodeIgniter\CodeIgniter->runController(Object(App\Controllers\Informes2))
 9 SYSTEMPATH\CodeIgniter.php(351): CodeIgniter\CodeIgniter->handleRequest(null, Object(Config\Cache), false)
10 FCPATH\index.php(67): CodeIgniter\CodeIgniter->run()
CRITICAL - 2024-01-02 21:56:53 --> Array to string conversion
in APPPATH\Libraries\Componente.php on line 21.
 1 APPPATH\Libraries\Componente.php(21): CodeIgniter\Debug\Exceptions->errorHandler(2, 'Array to string conversion', 'APPPATH\\Libraries\\Componente.php', 21)
 2 APPPATH\Controllers\Informes2.php(87): App\Libraries\Componente->get('div', 'row', 'D:\\wamp\\www\\simondrep')
 3 SYSTEMPATH\CodeIgniter.php(927): App\Controllers\Informes2->postArchivosEntregados()
 4 SYSTEMPATH\CodeIgniter.php(482): CodeIgniter\CodeIgniter->runController(Object(App\Controllers\Informes2))
 5 SYSTEMPATH\CodeIgniter.php(351): CodeIgniter\CodeIgniter->handleRequest(null, Object(Config\Cache), false)
 6 FCPATH\index.php(67): CodeIgniter\CodeIgniter->run()
CRITICAL - 2024-01-02 21:57:14 --> Array to string conversion
in APPPATH\Libraries\Componente.php on line 21.
 1 APPPATH\Libraries\Componente.php(21): CodeIgniter\Debug\Exceptions->errorHandler(2, 'Array to string conversion', 'APPPATH\\Libraries\\Componente.php', 21)
 2 APPPATH\Controllers\Informes2.php(87): App\Libraries\Componente->get('div', 'row', 'D:\\wamp\\www\\simondrep')
 3 SYSTEMPATH\CodeIgniter.php(927): App\Controllers\Informes2->postArchivosEntregados()
 4 SYSTEMPATH\CodeIgniter.php(482): CodeIgniter\CodeIgniter->runController(Object(App\Controllers\Informes2))
 5 SYSTEMPATH\CodeIgniter.php(351): CodeIgniter\CodeIgniter->handleRequest(null, Object(Config\Cache), false)
 6 FCPATH\index.php(67): CodeIgniter\CodeIgniter->run()
CRITICAL - 2024-01-02 22:40:49 --> Undefined array key "archivo_pdf1"
in APPPATH\Controllers\Informes2.php on line 125.
 1 APPPATH\Controllers\Informes2.php(125): CodeIgniter\Debug\Exceptions->errorHandler(2, 'Undefined array key "archivo_pdf1"', 'APPPATH\\Controllers\\Informes2.php', 125)
 2 SYSTEMPATH\CodeIgniter.php(927): App\Controllers\Informes2->postEntregarDoc()
 3 SYSTEMPATH\CodeIgniter.php(482): CodeIgniter\CodeIgniter->runController(Object(App\Controllers\Informes2))
 4 SYSTEMPATH\CodeIgniter.php(351): CodeIgniter\CodeIgniter->handleRequest(null, Object(Config\Cache), false)
 5 FCPATH\index.php(67): CodeIgniter\CodeIgniter->run()
CRITICAL - 2024-01-02 22:41:04 --> Undefined array key "archivo_pdf1"
in APPPATH\Controllers\Informes2.php on line 125.
 1 APPPATH\Controllers\Informes2.php(125): CodeIgniter\Debug\Exceptions->errorHandler(2, 'Undefined array key "archivo_pdf1"', 'APPPATH\\Controllers\\Informes2.php', 125)
 2 SYSTEMPATH\CodeIgniter.php(927): App\Controllers\Informes2->postEntregarDoc()
 3 SYSTEMPATH\CodeIgniter.php(482): CodeIgniter\CodeIgniter->runController(Object(App\Controllers\Informes2))
 4 SYSTEMPATH\CodeIgniter.php(351): CodeIgniter\CodeIgniter->handleRequest(null, Object(Config\Cache), false)
 5 FCPATH\index.php(67): CodeIgniter\CodeIgniter->run()
ERROR - 2024-01-02 23:19:35 --> mysqli_sql_exception: Not unique table/alias: 'com_informes' in D:\wamp\www\simondrep\system\Database\MySQLi\Connection.php:292
Stack trace:
#0 D:\wamp\www\simondrep\system\Database\MySQLi\Connection.php(292): mysqli->query('SELECT *\nFROM `...', 0)
#1 D:\wamp\www\simondrep\system\Database\BaseConnection.php(666): CodeIgniter\Database\MySQLi\Connection->execute('SELECT *\nFROM `...')
#2 D:\wamp\www\simondrep\system\Database\BaseConnection.php(593): CodeIgniter\Database\BaseConnection->simpleQuery('SELECT *\nFROM `...')
#3 D:\wamp\www\simondrep\system\Database\BaseBuilder.php(1585): CodeIgniter\Database\BaseConnection->query('SELECT *\nFROM `...', Array, false)
#4 D:\wamp\www\simondrep\app\Models\Generaldb.php(112): CodeIgniter\Database\BaseBuilder->get()
#5 D:\wamp\www\simondrep\app\Controllers\Informes2.php(72): App\Models\Generaldb->selectSomeDataJoin('*', 'com_subidos', '\r\n             ...', false, false, false, Array)
#6 D:\wamp\www\simondrep\system\CodeIgniter.php(927): App\Controllers\Informes2->postArchivosEntregados()
#7 D:\wamp\www\simondrep\system\CodeIgniter.php(482): CodeIgniter\CodeIgniter->runController(Object(App\Controllers\Informes2))
#8 D:\wamp\www\simondrep\system\CodeIgniter.php(351): CodeIgniter\CodeIgniter->handleRequest(NULL, Object(Config\Cache), false)
#9 D:\wamp\www\simondrep\index.php(67): CodeIgniter\CodeIgniter->run()
#10 {main}
CRITICAL - 2024-01-02 23:19:35 --> Not unique table/alias: 'com_informes'
in SYSTEMPATH\Database\MySQLi\Connection.php on line 292.
 1 SYSTEMPATH\Database\MySQLi\Connection.php(292): mysqli->query('SELECT *
FROM `com_subidos`
JOIN `iiee` ON `iiee_ide` = `subi_iiee_ide`
JOIN `usuarios` ON `usua_ide` = `subi_usua_ide`
JOIN `com_informes` ON `info_ide` = `subi_info_ide`
JOIN `com_categorias` ON `cate_ide` = `info_cate_ide`
JOIN `com_informes` ON `info_ide` = `subi_info_ide`
WHERE 
                subi_iiee_ide = 10016 AND
                `subi_usua_ide` = 10016 AND
                subi_info_ide = 1
            ', 0)
 2 SYSTEMPATH\Database\BaseConnection.php(666): CodeIgniter\Database\MySQLi\Connection->execute('SELECT *
FROM `com_subidos`
JOIN `iiee` ON `iiee_ide` = `subi_iiee_ide`
JOIN `usuarios` ON `usua_ide` = `subi_usua_ide`
JOIN `com_informes` ON `info_ide` = `subi_info_ide`
JOIN `com_categorias` ON `cate_ide` = `info_cate_ide`
JOIN `com_informes` ON `info_ide` = `subi_info_ide`
WHERE 
                subi_iiee_ide = 10016 AND
                `subi_usua_ide` = 10016 AND
                subi_info_ide = 1
            ')
 3 SYSTEMPATH\Database\BaseConnection.php(593): CodeIgniter\Database\BaseConnection->simpleQuery('SELECT *
FROM `com_subidos`
JOIN `iiee` ON `iiee_ide` = `subi_iiee_ide`
JOIN `usuarios` ON `usua_ide` = `subi_usua_ide`
JOIN `com_informes` ON `info_ide` = `subi_info_ide`
JOIN `com_categorias` ON `cate_ide` = `info_cate_ide`
JOIN `com_informes` ON `info_ide` = `subi_info_ide`
WHERE 
                subi_iiee_ide = 10016 AND
                `subi_usua_ide` = 10016 AND
                subi_info_ide = 1
            ')
 4 SYSTEMPATH\Database\BaseBuilder.php(1585): CodeIgniter\Database\BaseConnection->query('SELECT *
FROM `com_subidos`
JOIN `iiee` ON `iiee_ide` = `subi_iiee_ide`
JOIN `usuarios` ON `usua_ide` = `subi_usua_ide`
JOIN `com_informes` ON `info_ide` = `subi_info_ide`
JOIN `com_categorias` ON `cate_ide` = `info_cate_ide`
JOIN `com_informes` ON `info_ide` = `subi_info_ide`
WHERE 
                subi_iiee_ide = 10016 AND
                `subi_usua_ide` = 10016 AND
                subi_info_ide = 1
            ', [], false)
 5 APPPATH\Models\Generaldb.php(112): CodeIgniter\Database\BaseBuilder->get()
 6 APPPATH\Controllers\Informes2.php(72): App\Models\Generaldb->selectSomeDataJoin('*', 'com_subidos', '
                subi_iiee_ide = 10016 AND
                subi_usua_ide = 10016 AND
                subi_info_ide = 1
            ', false, false, false, [...])
 7 SYSTEMPATH\CodeIgniter.php(927): App\Controllers\Informes2->postArchivosEntregados()
 8 SYSTEMPATH\CodeIgniter.php(482): CodeIgniter\CodeIgniter->runController(Object(App\Controllers\Informes2))
 9 SYSTEMPATH\CodeIgniter.php(351): CodeIgniter\CodeIgniter->handleRequest(null, Object(Config\Cache), false)
10 FCPATH\index.php(67): CodeIgniter\CodeIgniter->run()
ERROR - 2024-01-02 23:19:41 --> mysqli_sql_exception: Not unique table/alias: 'com_informes' in D:\wamp\www\simondrep\system\Database\MySQLi\Connection.php:292
Stack trace:
#0 D:\wamp\www\simondrep\system\Database\MySQLi\Connection.php(292): mysqli->query('SELECT *\nFROM `...', 0)
#1 D:\wamp\www\simondrep\system\Database\BaseConnection.php(666): CodeIgniter\Database\MySQLi\Connection->execute('SELECT *\nFROM `...')
#2 D:\wamp\www\simondrep\system\Database\BaseConnection.php(593): CodeIgniter\Database\BaseConnection->simpleQuery('SELECT *\nFROM `...')
#3 D:\wamp\www\simondrep\system\Database\BaseBuilder.php(1585): CodeIgniter\Database\BaseConnection->query('SELECT *\nFROM `...', Array, false)
#4 D:\wamp\www\simondrep\app\Models\Generaldb.php(112): CodeIgniter\Database\BaseBuilder->get()
#5 D:\wamp\www\simondrep\app\Controllers\Informes2.php(72): App\Models\Generaldb->selectSomeDataJoin('*', 'com_subidos', '\r\n             ...', false, false, false, Array)
#6 D:\wamp\www\simondrep\system\CodeIgniter.php(927): App\Controllers\Informes2->postArchivosEntregados()
#7 D:\wamp\www\simondrep\system\CodeIgniter.php(482): CodeIgniter\CodeIgniter->runController(Object(App\Controllers\Informes2))
#8 D:\wamp\www\simondrep\system\CodeIgniter.php(351): CodeIgniter\CodeIgniter->handleRequest(NULL, Object(Config\Cache), false)
#9 D:\wamp\www\simondrep\index.php(67): CodeIgniter\CodeIgniter->run()
#10 {main}
CRITICAL - 2024-01-02 23:19:41 --> Not unique table/alias: 'com_informes'
in SYSTEMPATH\Database\MySQLi\Connection.php on line 292.
 1 SYSTEMPATH\Database\MySQLi\Connection.php(292): mysqli->query('SELECT *
FROM `com_subidos`
JOIN `iiee` ON `iiee_ide` = `subi_iiee_ide`
JOIN `usuarios` ON `usua_ide` = `subi_usua_ide`
JOIN `com_informes` ON `info_ide` = `subi_info_ide`
JOIN `com_categorias` ON `cate_ide` = `info_cate_ide`
JOIN `com_informes` ON `info_ide` = `subi_info_ide`
WHERE 
                subi_iiee_ide = 10016 AND
                `subi_usua_ide` = 10016 AND
                subi_info_ide = 1
            ', 0)
 2 SYSTEMPATH\Database\BaseConnection.php(666): CodeIgniter\Database\MySQLi\Connection->execute('SELECT *
FROM `com_subidos`
JOIN `iiee` ON `iiee_ide` = `subi_iiee_ide`
JOIN `usuarios` ON `usua_ide` = `subi_usua_ide`
JOIN `com_informes` ON `info_ide` = `subi_info_ide`
JOIN `com_categorias` ON `cate_ide` = `info_cate_ide`
JOIN `com_informes` ON `info_ide` = `subi_info_ide`
WHERE 
                subi_iiee_ide = 10016 AND
                `subi_usua_ide` = 10016 AND
                subi_info_ide = 1
            ')
 3 SYSTEMPATH\Database\BaseConnection.php(593): CodeIgniter\Database\BaseConnection->simpleQuery('SELECT *
FROM `com_subidos`
JOIN `iiee` ON `iiee_ide` = `subi_iiee_ide`
JOIN `usuarios` ON `usua_ide` = `subi_usua_ide`
JOIN `com_informes` ON `info_ide` = `subi_info_ide`
JOIN `com_categorias` ON `cate_ide` = `info_cate_ide`
JOIN `com_informes` ON `info_ide` = `subi_info_ide`
WHERE 
                subi_iiee_ide = 10016 AND
                `subi_usua_ide` = 10016 AND
                subi_info_ide = 1
            ')
 4 SYSTEMPATH\Database\BaseBuilder.php(1585): CodeIgniter\Database\BaseConnection->query('SELECT *
FROM `com_subidos`
JOIN `iiee` ON `iiee_ide` = `subi_iiee_ide`
JOIN `usuarios` ON `usua_ide` = `subi_usua_ide`
JOIN `com_informes` ON `info_ide` = `subi_info_ide`
JOIN `com_categorias` ON `cate_ide` = `info_cate_ide`
JOIN `com_informes` ON `info_ide` = `subi_info_ide`
WHERE 
                subi_iiee_ide = 10016 AND
                `subi_usua_ide` = 10016 AND
                subi_info_ide = 1
            ', [], false)
 5 APPPATH\Models\Generaldb.php(112): CodeIgniter\Database\BaseBuilder->get()
 6 APPPATH\Controllers\Informes2.php(72): App\Models\Generaldb->selectSomeDataJoin('*', 'com_subidos', '
                subi_iiee_ide = 10016 AND
                subi_usua_ide = 10016 AND
                subi_info_ide = 1
            ', false, false, false, [...])
 7 SYSTEMPATH\CodeIgniter.php(927): App\Controllers\Informes2->postArchivosEntregados()
 8 SYSTEMPATH\CodeIgniter.php(482): CodeIgniter\CodeIgniter->runController(Object(App\Controllers\Informes2))
 9 SYSTEMPATH\CodeIgniter.php(351): CodeIgniter\CodeIgniter->handleRequest(null, Object(Config\Cache), false)
10 FCPATH\index.php(67): CodeIgniter\CodeIgniter->run()
ERROR - 2024-01-02 23:52:23 --> mysqli_sql_exception: Table 'simondrep.subidos' doesn't exist in D:\wamp\www\simondrep\system\Database\MySQLi\Connection.php:292
Stack trace:
#0 D:\wamp\www\simondrep\system\Database\MySQLi\Connection.php(292): mysqli->query('DELETE FROM `su...', 0)
#1 D:\wamp\www\simondrep\system\Database\BaseConnection.php(666): CodeIgniter\Database\MySQLi\Connection->execute('DELETE FROM `su...')
#2 D:\wamp\www\simondrep\system\Database\BaseConnection.php(593): CodeIgniter\Database\BaseConnection->simpleQuery('DELETE FROM `su...')
#3 D:\wamp\www\simondrep\system\Database\BaseBuilder.php(2391): CodeIgniter\Database\BaseConnection->query('DELETE FROM `su...', Array, false)
#4 D:\wamp\www\simondrep\app\Models\Generaldb.php(190): CodeIgniter\Database\BaseBuilder->delete()
#5 D:\wamp\www\simondrep\app\Controllers\Informes2.php(173): App\Models\Generaldb->deleteData('subidos', Array)
#6 D:\wamp\www\simondrep\system\CodeIgniter.php(927): App\Controllers\Informes2->postDelEntre()
#7 D:\wamp\www\simondrep\system\CodeIgniter.php(482): CodeIgniter\CodeIgniter->runController(Object(App\Controllers\Informes2))
#8 D:\wamp\www\simondrep\system\CodeIgniter.php(351): CodeIgniter\CodeIgniter->handleRequest(NULL, Object(Config\Cache), false)
#9 D:\wamp\www\simondrep\index.php(67): CodeIgniter\CodeIgniter->run()
#10 {main}
ERROR - 2024-01-02 23:52:50 --> mysqli_sql_exception: Table 'simondrep.subidos' doesn't exist in D:\wamp\www\simondrep\system\Database\MySQLi\Connection.php:292
Stack trace:
#0 D:\wamp\www\simondrep\system\Database\MySQLi\Connection.php(292): mysqli->query('DELETE FROM `su...', 0)
#1 D:\wamp\www\simondrep\system\Database\BaseConnection.php(666): CodeIgniter\Database\MySQLi\Connection->execute('DELETE FROM `su...')
#2 D:\wamp\www\simondrep\system\Database\BaseConnection.php(593): CodeIgniter\Database\BaseConnection->simpleQuery('DELETE FROM `su...')
#3 D:\wamp\www\simondrep\system\Database\BaseBuilder.php(2391): CodeIgniter\Database\BaseConnection->query('DELETE FROM `su...', Array, false)
#4 D:\wamp\www\simondrep\app\Models\Generaldb.php(190): CodeIgniter\Database\BaseBuilder->delete()
#5 D:\wamp\www\simondrep\app\Controllers\Informes2.php(173): App\Models\Generaldb->deleteData('subidos', Array)
#6 D:\wamp\www\simondrep\system\CodeIgniter.php(927): App\Controllers\Informes2->postDelEntre()
#7 D:\wamp\www\simondrep\system\CodeIgniter.php(482): CodeIgniter\CodeIgniter->runController(Object(App\Controllers\Informes2))
#8 D:\wamp\www\simondrep\system\CodeIgniter.php(351): CodeIgniter\CodeIgniter->handleRequest(NULL, Object(Config\Cache), false)
#9 D:\wamp\www\simondrep\index.php(67): CodeIgniter\CodeIgniter->run()
#10 {main}
ERROR - 2024-01-02 23:53:13 --> mysqli_sql_exception: Table 'simondrep.subidos' doesn't exist in D:\wamp\www\simondrep\system\Database\MySQLi\Connection.php:292
Stack trace:
#0 D:\wamp\www\simondrep\system\Database\MySQLi\Connection.php(292): mysqli->query('DELETE FROM `su...', 0)
#1 D:\wamp\www\simondrep\system\Database\BaseConnection.php(666): CodeIgniter\Database\MySQLi\Connection->execute('DELETE FROM `su...')
#2 D:\wamp\www\simondrep\system\Database\BaseConnection.php(593): CodeIgniter\Database\BaseConnection->simpleQuery('DELETE FROM `su...')
#3 D:\wamp\www\simondrep\system\Database\BaseBuilder.php(2391): CodeIgniter\Database\BaseConnection->query('DELETE FROM `su...', Array, false)
#4 D:\wamp\www\simondrep\app\Models\Generaldb.php(190): CodeIgniter\Database\BaseBuilder->delete()
#5 D:\wamp\www\simondrep\app\Controllers\Informes2.php(173): App\Models\Generaldb->deleteData('subidos', Array)
#6 D:\wamp\www\simondrep\system\CodeIgniter.php(927): App\Controllers\Informes2->postDelEntre()
#7 D:\wamp\www\simondrep\system\CodeIgniter.php(482): CodeIgniter\CodeIgniter->runController(Object(App\Controllers\Informes2))
#8 D:\wamp\www\simondrep\system\CodeIgniter.php(351): CodeIgniter\CodeIgniter->handleRequest(NULL, Object(Config\Cache), false)
#9 D:\wamp\www\simondrep\index.php(67): CodeIgniter\CodeIgniter->run()
#10 {main}
ERROR - 2024-01-02 23:54:39 --> mysqli_sql_exception: Table 'simondrep.subidos' doesn't exist in D:\wamp\www\simondrep\system\Database\MySQLi\Connection.php:292
Stack trace:
#0 D:\wamp\www\simondrep\system\Database\MySQLi\Connection.php(292): mysqli->query('DELETE FROM `su...', 0)
#1 D:\wamp\www\simondrep\system\Database\BaseConnection.php(666): CodeIgniter\Database\MySQLi\Connection->execute('DELETE FROM `su...')
#2 D:\wamp\www\simondrep\system\Database\BaseConnection.php(593): CodeIgniter\Database\BaseConnection->simpleQuery('DELETE FROM `su...')
#3 D:\wamp\www\simondrep\system\Database\BaseBuilder.php(2391): CodeIgniter\Database\BaseConnection->query('DELETE FROM `su...', Array, false)
#4 D:\wamp\www\simondrep\app\Models\Generaldb.php(190): CodeIgniter\Database\BaseBuilder->delete()
#5 D:\wamp\www\simondrep\app\Controllers\Informes2.php(173): App\Models\Generaldb->deleteData('subidos', Array)
#6 D:\wamp\www\simondrep\system\CodeIgniter.php(927): App\Controllers\Informes2->postDelEntre()
#7 D:\wamp\www\simondrep\system\CodeIgniter.php(482): CodeIgniter\CodeIgniter->runController(Object(App\Controllers\Informes2))
#8 D:\wamp\www\simondrep\system\CodeIgniter.php(351): CodeIgniter\CodeIgniter->handleRequest(NULL, Object(Config\Cache), false)
#9 D:\wamp\www\simondrep\index.php(67): CodeIgniter\CodeIgniter->run()
#10 {main}
