ERROR - 2025-09-16 18:05:48 --> mysqli_sql_exception: You have an error in your SQL syntax; check the manual that corresponds to your MySQL server version for the right syntax to use near 'AND
                u.usua_ugel_ide = 210001' at line 6 in D:\wamp\www\monitoreo3\system\Database\MySQLi\Connection.php:292
Stack trace:
#0 D:\wamp\www\monitoreo3\system\Database\MySQLi\Connection.php(292): mysqli->query('SELECT `usua_id...', 0)
#1 D:\wamp\www\monitoreo3\system\Database\BaseConnection.php(666): CodeIgniter\Database\MySQLi\Connection->execute('SELECT `usua_id...')
#2 D:\wamp\www\monitoreo3\system\Database\BaseConnection.php(593): CodeIgniter\Database\BaseConnection->simpleQuery('SELECT `usua_id...')
#3 D:\wamp\www\monitoreo3\system\Database\BaseBuilder.php(1585): CodeIgniter\Database\BaseConnection->query('SELECT `usua_id...', Array, false)
#4 D:\wamp\www\monitoreo3\app\Models\Generaldb.php(111): CodeIgniter\Database\BaseBuilder->get()
#5 D:\wamp\www\monitoreo3\app\Controllers\Eval1.php(430): App\Models\Generaldb->selectSomeDataJoin('\r\n             ...', 'eval2_respuesta...', '\r\n             ...', false, false, false, Array)
#6 D:\wamp\www\monitoreo3\system\CodeIgniter.php(927): App\Controllers\Eval1->postAlumEval()
#7 D:\wamp\www\monitoreo3\system\CodeIgniter.php(482): CodeIgniter\CodeIgniter->runController(Object(App\Controllers\Eval1))
#8 D:\wamp\www\monitoreo3\system\CodeIgniter.php(351): CodeIgniter\CodeIgniter->handleRequest(NULL, Object(Config\Cache), false)
#9 D:\wamp\www\monitoreo3\index.php(67): CodeIgniter\CodeIgniter->run()
#10 {main}
CRITICAL - 2025-09-16 18:05:48 --> You have an error in your SQL syntax; check the manual that corresponds to your MySQL server version for the right syntax to use near 'AND
                u.usua_ugel_ide = 210001' at line 6
in SYSTEMPATH\Database\MySQLi\Connection.php on line 292.
 1 SYSTEMPATH\Database\MySQLi\Connection.php(292): mysqli->query('SELECT `usua_ide` as `id`, concat(usua_paterno, \' \', `usua_materno`, \', \', usua_nombres) as nombre
FROM `eval2_respuestas` `r`
JOIN `usuarios` `u` ON `r`.`resp_usua_ide` = `u`.`usua_ide`
WHERE 
                r.resp_eval2_ide = 
                AND
                u.usua_ugel_ide = 210001
            ', 0)
 2 SYSTEMPATH\Database\BaseConnection.php(666): CodeIgniter\Database\MySQLi\Connection->execute('SELECT `usua_ide` as `id`, concat(usua_paterno, \' \', `usua_materno`, \', \', usua_nombres) as nombre
FROM `eval2_respuestas` `r`
JOIN `usuarios` `u` ON `r`.`resp_usua_ide` = `u`.`usua_ide`
WHERE 
                r.resp_eval2_ide = 
                AND
                u.usua_ugel_ide = 210001
            ')
 3 SYSTEMPATH\Database\BaseConnection.php(593): CodeIgniter\Database\BaseConnection->simpleQuery('SELECT `usua_ide` as `id`, concat(usua_paterno, \' \', `usua_materno`, \', \', usua_nombres) as nombre
FROM `eval2_respuestas` `r`
JOIN `usuarios` `u` ON `r`.`resp_usua_ide` = `u`.`usua_ide`
WHERE 
                r.resp_eval2_ide = 
                AND
                u.usua_ugel_ide = 210001
            ')
 4 SYSTEMPATH\Database\BaseBuilder.php(1585): CodeIgniter\Database\BaseConnection->query('SELECT `usua_ide` as `id`, concat(usua_paterno, \' \', `usua_materno`, \', \', usua_nombres) as nombre
FROM `eval2_respuestas` `r`
JOIN `usuarios` `u` ON `r`.`resp_usua_ide` = `u`.`usua_ide`
WHERE 
                r.resp_eval2_ide = 
                AND
                u.usua_ugel_ide = 210001
            ', [], false)
 5 APPPATH\Models\Generaldb.php(111): CodeIgniter\Database\BaseBuilder->get()
 6 APPPATH\Controllers\Eval1.php(430): App\Models\Generaldb->selectSomeDataJoin('
                usua_ide as id,
                concat(usua_paterno,\' \',usua_materno,\', \',usua_nombres) as nombre
            ', 'eval2_respuestas r', '
                r.resp_eval2_ide = 
                AND
                u.usua_ugel_ide = 210001
            ', false, false, false, [...])
 7 SYSTEMPATH\CodeIgniter.php(927): App\Controllers\Eval1->postAlumEval()
 8 SYSTEMPATH\CodeIgniter.php(482): CodeIgniter\CodeIgniter->runController(Object(App\Controllers\Eval1))
 9 SYSTEMPATH\CodeIgniter.php(351): CodeIgniter\CodeIgniter->handleRequest(null, Object(Config\Cache), false)
10 FCPATH\index.php(67): CodeIgniter\CodeIgniter->run()
ERROR - 2025-09-16 19:37:04 --> mysqli_sql_exception: Table 'monitoreo_2025_09.area' doesn't exist in D:\wamp\www\monitoreo3\system\Database\MySQLi\Connection.php:292
Stack trace:
#0 D:\wamp\www\monitoreo3\system\Database\MySQLi\Connection.php(292): mysqli->query('SELECT *\nFROM `...', 0)
#1 D:\wamp\www\monitoreo3\system\Database\BaseConnection.php(666): CodeIgniter\Database\MySQLi\Connection->execute('SELECT *\nFROM `...')
#2 D:\wamp\www\monitoreo3\system\Database\BaseConnection.php(593): CodeIgniter\Database\BaseConnection->simpleQuery('SELECT *\nFROM `...')
#3 D:\wamp\www\monitoreo3\system\Database\BaseBuilder.php(1585): CodeIgniter\Database\BaseConnection->query('SELECT *\nFROM `...', Array, false)
#4 D:\wamp\www\monitoreo3\app\Models\Generaldb.php(111): CodeIgniter\Database\BaseBuilder->get()
#5 D:\wamp\www\monitoreo3\app\Controllers\Eval1.php(469): App\Models\Generaldb->selectSomeDataJoin('*', 'iiee i', 'i.iiee_ide = 13...', false, false, false, Array)
#6 D:\wamp\www\monitoreo3\system\CodeIgniter.php(927): App\Controllers\Eval1->postVerAlter()
#7 D:\wamp\www\monitoreo3\system\CodeIgniter.php(482): CodeIgniter\CodeIgniter->runController(Object(App\Controllers\Eval1))
#8 D:\wamp\www\monitoreo3\system\CodeIgniter.php(351): CodeIgniter\CodeIgniter->handleRequest(NULL, Object(Config\Cache), false)
#9 D:\wamp\www\monitoreo3\index.php(67): CodeIgniter\CodeIgniter->run()
#10 {main}
CRITICAL - 2025-09-16 19:37:04 --> Table 'monitoreo_2025_09.area' doesn't exist
in SYSTEMPATH\Database\MySQLi\Connection.php on line 292.
 1 SYSTEMPATH\Database\MySQLi\Connection.php(292): mysqli->query('SELECT *
FROM `iiee` `i`
JOIN `area` `a` ON `a`.`area_ide` = `i`.`iiee_area_ide`
WHERE `i`.`iiee_ide` = 13387', 0)
 2 SYSTEMPATH\Database\BaseConnection.php(666): CodeIgniter\Database\MySQLi\Connection->execute('SELECT *
FROM `iiee` `i`
JOIN `area` `a` ON `a`.`area_ide` = `i`.`iiee_area_ide`
WHERE `i`.`iiee_ide` = 13387')
 3 SYSTEMPATH\Database\BaseConnection.php(593): CodeIgniter\Database\BaseConnection->simpleQuery('SELECT *
FROM `iiee` `i`
JOIN `area` `a` ON `a`.`area_ide` = `i`.`iiee_area_ide`
WHERE `i`.`iiee_ide` = 13387')
 4 SYSTEMPATH\Database\BaseBuilder.php(1585): CodeIgniter\Database\BaseConnection->query('SELECT *
FROM `iiee` `i`
JOIN `area` `a` ON `a`.`area_ide` = `i`.`iiee_area_ide`
WHERE `i`.`iiee_ide` = 13387', [], false)
 5 APPPATH\Models\Generaldb.php(111): CodeIgniter\Database\BaseBuilder->get()
 6 APPPATH\Controllers\Eval1.php(469): App\Models\Generaldb->selectSomeDataJoin('*', 'iiee i', 'i.iiee_ide = 13387', false, false, false, [...])
 7 SYSTEMPATH\CodeIgniter.php(927): App\Controllers\Eval1->postVerAlter()
 8 SYSTEMPATH\CodeIgniter.php(482): CodeIgniter\CodeIgniter->runController(Object(App\Controllers\Eval1))
 9 SYSTEMPATH\CodeIgniter.php(351): CodeIgniter\CodeIgniter->handleRequest(null, Object(Config\Cache), false)
10 FCPATH\index.php(67): CodeIgniter\CodeIgniter->run()
ERROR - 2025-09-16 19:37:18 --> mysqli_sql_exception: Table 'monitoreo_2025_09.area' doesn't exist in D:\wamp\www\monitoreo3\system\Database\MySQLi\Connection.php:292
Stack trace:
#0 D:\wamp\www\monitoreo3\system\Database\MySQLi\Connection.php(292): mysqli->query('SELECT *\nFROM `...', 0)
#1 D:\wamp\www\monitoreo3\system\Database\BaseConnection.php(666): CodeIgniter\Database\MySQLi\Connection->execute('SELECT *\nFROM `...')
#2 D:\wamp\www\monitoreo3\system\Database\BaseConnection.php(593): CodeIgniter\Database\BaseConnection->simpleQuery('SELECT *\nFROM `...')
#3 D:\wamp\www\monitoreo3\system\Database\BaseBuilder.php(1585): CodeIgniter\Database\BaseConnection->query('SELECT *\nFROM `...', Array, false)
#4 D:\wamp\www\monitoreo3\app\Models\Generaldb.php(111): CodeIgniter\Database\BaseBuilder->get()
#5 D:\wamp\www\monitoreo3\app\Controllers\Eval1.php(469): App\Models\Generaldb->selectSomeDataJoin('*', 'iiee i', 'i.iiee_ide = 13...', false, false, false, Array)
#6 D:\wamp\www\monitoreo3\system\CodeIgniter.php(927): App\Controllers\Eval1->postVerAlter()
#7 D:\wamp\www\monitoreo3\system\CodeIgniter.php(482): CodeIgniter\CodeIgniter->runController(Object(App\Controllers\Eval1))
#8 D:\wamp\www\monitoreo3\system\CodeIgniter.php(351): CodeIgniter\CodeIgniter->handleRequest(NULL, Object(Config\Cache), false)
#9 D:\wamp\www\monitoreo3\index.php(67): CodeIgniter\CodeIgniter->run()
#10 {main}
CRITICAL - 2025-09-16 19:37:18 --> Table 'monitoreo_2025_09.area' doesn't exist
in SYSTEMPATH\Database\MySQLi\Connection.php on line 292.
 1 SYSTEMPATH\Database\MySQLi\Connection.php(292): mysqli->query('SELECT *
FROM `iiee` `i`
JOIN `area` `a` ON `a`.`area_ide` = `i`.`iiee_area_ide`
WHERE `i`.`iiee_ide` = 13387', 0)
 2 SYSTEMPATH\Database\BaseConnection.php(666): CodeIgniter\Database\MySQLi\Connection->execute('SELECT *
FROM `iiee` `i`
JOIN `area` `a` ON `a`.`area_ide` = `i`.`iiee_area_ide`
WHERE `i`.`iiee_ide` = 13387')
 3 SYSTEMPATH\Database\BaseConnection.php(593): CodeIgniter\Database\BaseConnection->simpleQuery('SELECT *
FROM `iiee` `i`
JOIN `area` `a` ON `a`.`area_ide` = `i`.`iiee_area_ide`
WHERE `i`.`iiee_ide` = 13387')
 4 SYSTEMPATH\Database\BaseBuilder.php(1585): CodeIgniter\Database\BaseConnection->query('SELECT *
FROM `iiee` `i`
JOIN `area` `a` ON `a`.`area_ide` = `i`.`iiee_area_ide`
WHERE `i`.`iiee_ide` = 13387', [], false)
 5 APPPATH\Models\Generaldb.php(111): CodeIgniter\Database\BaseBuilder->get()
 6 APPPATH\Controllers\Eval1.php(469): App\Models\Generaldb->selectSomeDataJoin('*', 'iiee i', 'i.iiee_ide = 13387', false, false, false, [...])
 7 SYSTEMPATH\CodeIgniter.php(927): App\Controllers\Eval1->postVerAlter()
 8 SYSTEMPATH\CodeIgniter.php(482): CodeIgniter\CodeIgniter->runController(Object(App\Controllers\Eval1))
 9 SYSTEMPATH\CodeIgniter.php(351): CodeIgniter\CodeIgniter->handleRequest(null, Object(Config\Cache), false)
10 FCPATH\index.php(67): CodeIgniter\CodeIgniter->run()
ERROR - 2025-09-16 19:37:27 --> mysqli_sql_exception: Table 'monitoreo_2025_09.area' doesn't exist in D:\wamp\www\monitoreo3\system\Database\MySQLi\Connection.php:292
Stack trace:
#0 D:\wamp\www\monitoreo3\system\Database\MySQLi\Connection.php(292): mysqli->query('SELECT *\nFROM `...', 0)
#1 D:\wamp\www\monitoreo3\system\Database\BaseConnection.php(666): CodeIgniter\Database\MySQLi\Connection->execute('SELECT *\nFROM `...')
#2 D:\wamp\www\monitoreo3\system\Database\BaseConnection.php(593): CodeIgniter\Database\BaseConnection->simpleQuery('SELECT *\nFROM `...')
#3 D:\wamp\www\monitoreo3\system\Database\BaseBuilder.php(1585): CodeIgniter\Database\BaseConnection->query('SELECT *\nFROM `...', Array, false)
#4 D:\wamp\www\monitoreo3\app\Models\Generaldb.php(111): CodeIgniter\Database\BaseBuilder->get()
#5 D:\wamp\www\monitoreo3\app\Controllers\Eval1.php(469): App\Models\Generaldb->selectSomeDataJoin('*', 'iiee i', 'i.iiee_ide = 13...', false, false, false, Array)
#6 D:\wamp\www\monitoreo3\system\CodeIgniter.php(927): App\Controllers\Eval1->postVerAlter()
#7 D:\wamp\www\monitoreo3\system\CodeIgniter.php(482): CodeIgniter\CodeIgniter->runController(Object(App\Controllers\Eval1))
#8 D:\wamp\www\monitoreo3\system\CodeIgniter.php(351): CodeIgniter\CodeIgniter->handleRequest(NULL, Object(Config\Cache), false)
#9 D:\wamp\www\monitoreo3\index.php(67): CodeIgniter\CodeIgniter->run()
#10 {main}
CRITICAL - 2025-09-16 19:37:27 --> Table 'monitoreo_2025_09.area' doesn't exist
in SYSTEMPATH\Database\MySQLi\Connection.php on line 292.
 1 SYSTEMPATH\Database\MySQLi\Connection.php(292): mysqli->query('SELECT *
FROM `iiee` `i`
JOIN `area` `a` ON `a`.`area_ide` = `i`.`iiee_area_ide`
WHERE `i`.`iiee_ide` = 13387', 0)
 2 SYSTEMPATH\Database\BaseConnection.php(666): CodeIgniter\Database\MySQLi\Connection->execute('SELECT *
FROM `iiee` `i`
JOIN `area` `a` ON `a`.`area_ide` = `i`.`iiee_area_ide`
WHERE `i`.`iiee_ide` = 13387')
 3 SYSTEMPATH\Database\BaseConnection.php(593): CodeIgniter\Database\BaseConnection->simpleQuery('SELECT *
FROM `iiee` `i`
JOIN `area` `a` ON `a`.`area_ide` = `i`.`iiee_area_ide`
WHERE `i`.`iiee_ide` = 13387')
 4 SYSTEMPATH\Database\BaseBuilder.php(1585): CodeIgniter\Database\BaseConnection->query('SELECT *
FROM `iiee` `i`
JOIN `area` `a` ON `a`.`area_ide` = `i`.`iiee_area_ide`
WHERE `i`.`iiee_ide` = 13387', [], false)
 5 APPPATH\Models\Generaldb.php(111): CodeIgniter\Database\BaseBuilder->get()
 6 APPPATH\Controllers\Eval1.php(469): App\Models\Generaldb->selectSomeDataJoin('*', 'iiee i', 'i.iiee_ide = 13387', false, false, false, [...])
 7 SYSTEMPATH\CodeIgniter.php(927): App\Controllers\Eval1->postVerAlter()
 8 SYSTEMPATH\CodeIgniter.php(482): CodeIgniter\CodeIgniter->runController(Object(App\Controllers\Eval1))
 9 SYSTEMPATH\CodeIgniter.php(351): CodeIgniter\CodeIgniter->handleRequest(null, Object(Config\Cache), false)
10 FCPATH\index.php(67): CodeIgniter\CodeIgniter->run()
CRITICAL - 2025-09-16 19:39:11 --> Undefined property: stdClass::$area_modalidad
in APPPATH\Controllers\Eval1.php on line 541.
 1 APPPATH\Controllers\Eval1.php(541): CodeIgniter\Debug\Exceptions->errorHandler(2, 'Undefined property: stdClass::$area_modalidad', 'APPPATH\\Controllers\\Eval1.php', 541)
 2 SYSTEMPATH\CodeIgniter.php(927): App\Controllers\Eval1->postVerAlter()
 3 SYSTEMPATH\CodeIgniter.php(482): CodeIgniter\CodeIgniter->runController(Object(App\Controllers\Eval1))
 4 SYSTEMPATH\CodeIgniter.php(351): CodeIgniter\CodeIgniter->handleRequest(null, Object(Config\Cache), false)
 5 FCPATH\index.php(67): CodeIgniter\CodeIgniter->run()
CRITICAL - 2025-09-16 19:50:51 --> Undefined variable $fecha
in APPPATH\Controllers\Eval1.php on line 598.
 1 APPPATH\Controllers\Eval1.php(598): CodeIgniter\Debug\Exceptions->errorHandler(2, 'Undefined variable $fecha', 'APPPATH\\Controllers\\Eval1.php', 598)
 2 SYSTEMPATH\CodeIgniter.php(927): App\Controllers\Eval1->postVerAlter()
 3 SYSTEMPATH\CodeIgniter.php(482): CodeIgniter\CodeIgniter->runController(Object(App\Controllers\Eval1))
 4 SYSTEMPATH\CodeIgniter.php(351): CodeIgniter\CodeIgniter->handleRequest(null, Object(Config\Cache), false)
 5 FCPATH\index.php(67): CodeIgniter\CodeIgniter->run()
