CRITICAL - 2024-01-06 07:22:47 --> Undefined array key 0
in APPPATH\Views\evaluacion\logro_anual.php on line 31.
 1 APPPATH\Views\evaluacion\logro_anual.php(31): CodeIgniter\Debug\Exceptions->errorHandler(2, 'Undefined array key 0', 'APPPATH\\Views\\evaluacion\\logro_anual.php', 31)
 2 SYSTEMPATH\View\View.php(213): include('APPPATH\\Views\\evaluacion\\logro_anual.php')
 3 SYSTEMPATH\View\View.php(216): CodeIgniter\View\View->CodeIgniter\View\{closure}()
 4 SYSTEMPATH\Common.php(1134): CodeIgniter\View\View->render('evaluacion/logro_anual', [], true)
 5 APPPATH\Controllers\Evaluacion.php(74): view('evaluacion/logro_anual', [...])
 6 SYSTEMPATH\CodeIgniter.php(927): App\Controllers\Evaluacion->getIndex()
 7 SYSTEMPATH\CodeIgniter.php(482): CodeIgniter\CodeIgniter->runController(Object(App\Controllers\Evaluacion))
 8 SYSTEMPATH\CodeIgniter.php(351): CodeIgniter\CodeIgniter->handleRequest(null, Object(Config\Cache), false)
 9 FCPATH\index.php(67): CodeIgniter\CodeIgniter->run()
CRITICAL - 2024-01-06 07:22:58 --> Undefined array key 0
in APPPATH\Views\evaluacion\logro_anual.php on line 31.
 1 APPPATH\Views\evaluacion\logro_anual.php(31): CodeIgniter\Debug\Exceptions->errorHandler(2, 'Undefined array key 0', 'APPPATH\\Views\\evaluacion\\logro_anual.php', 31)
 2 SYSTEMPATH\View\View.php(213): include('APPPATH\\Views\\evaluacion\\logro_anual.php')
 3 SYSTEMPATH\View\View.php(216): CodeIgniter\View\View->CodeIgniter\View\{closure}()
 4 SYSTEMPATH\Common.php(1134): CodeIgniter\View\View->render('evaluacion/logro_anual', [], true)
 5 APPPATH\Controllers\Evaluacion.php(74): view('evaluacion/logro_anual', [...])
 6 SYSTEMPATH\CodeIgniter.php(927): App\Controllers\Evaluacion->getIndex()
 7 SYSTEMPATH\CodeIgniter.php(482): CodeIgniter\CodeIgniter->runController(Object(App\Controllers\Evaluacion))
 8 SYSTEMPATH\CodeIgniter.php(351): CodeIgniter\CodeIgniter->handleRequest(null, Object(Config\Cache), false)
 9 FCPATH\index.php(67): CodeIgniter\CodeIgniter->run()
CRITICAL - 2024-01-06 07:23:53 --> Undefined array key 0
in APPPATH\Views\evaluacion\logro_anual.php on line 31.
 1 APPPATH\Views\evaluacion\logro_anual.php(31): CodeIgniter\Debug\Exceptions->errorHandler(2, 'Undefined array key 0', 'APPPATH\\Views\\evaluacion\\logro_anual.php', 31)
 2 SYSTEMPATH\View\View.php(213): include('APPPATH\\Views\\evaluacion\\logro_anual.php')
 3 SYSTEMPATH\View\View.php(216): CodeIgniter\View\View->CodeIgniter\View\{closure}()
 4 SYSTEMPATH\Common.php(1134): CodeIgniter\View\View->render('evaluacion/logro_anual', [], true)
 5 APPPATH\Controllers\Evaluacion.php(74): view('evaluacion/logro_anual', [...])
 6 SYSTEMPATH\CodeIgniter.php(927): App\Controllers\Evaluacion->getIndex()
 7 SYSTEMPATH\CodeIgniter.php(482): CodeIgniter\CodeIgniter->runController(Object(App\Controllers\Evaluacion))
 8 SYSTEMPATH\CodeIgniter.php(351): CodeIgniter\CodeIgniter->handleRequest(null, Object(Config\Cache), false)
 9 FCPATH\index.php(67): CodeIgniter\CodeIgniter->run()
CRITICAL - 2024-01-06 07:26:09 --> Undefined array key 0
in APPPATH\Views\evaluacion\logro_anual.php on line 31.
 1 APPPATH\Views\evaluacion\logro_anual.php(31): CodeIgniter\Debug\Exceptions->errorHandler(2, 'Undefined array key 0', 'APPPATH\\Views\\evaluacion\\logro_anual.php', 31)
 2 SYSTEMPATH\View\View.php(213): include('APPPATH\\Views\\evaluacion\\logro_anual.php')
 3 SYSTEMPATH\View\View.php(216): CodeIgniter\View\View->CodeIgniter\View\{closure}()
 4 SYSTEMPATH\Common.php(1134): CodeIgniter\View\View->render('evaluacion/logro_anual', [], true)
 5 APPPATH\Controllers\Evaluacion.php(74): view('evaluacion/logro_anual', [...])
 6 SYSTEMPATH\CodeIgniter.php(927): App\Controllers\Evaluacion->getIndex()
 7 SYSTEMPATH\CodeIgniter.php(482): CodeIgniter\CodeIgniter->runController(Object(App\Controllers\Evaluacion))
 8 SYSTEMPATH\CodeIgniter.php(351): CodeIgniter\CodeIgniter->handleRequest(null, Object(Config\Cache), false)
 9 FCPATH\index.php(67): CodeIgniter\CodeIgniter->run()
CRITICAL - 2024-01-06 07:29:02 --> Undefined array key 0
in APPPATH\Views\evaluacion\logro_anual.php on line 31.
 1 APPPATH\Views\evaluacion\logro_anual.php(31): CodeIgniter\Debug\Exceptions->errorHandler(2, 'Undefined array key 0', 'APPPATH\\Views\\evaluacion\\logro_anual.php', 31)
 2 SYSTEMPATH\View\View.php(213): include('APPPATH\\Views\\evaluacion\\logro_anual.php')
 3 SYSTEMPATH\View\View.php(216): CodeIgniter\View\View->CodeIgniter\View\{closure}()
 4 SYSTEMPATH\Common.php(1134): CodeIgniter\View\View->render('evaluacion/logro_anual', [], true)
 5 APPPATH\Controllers\Evaluacion.php(74): view('evaluacion/logro_anual', [...])
 6 SYSTEMPATH\CodeIgniter.php(927): App\Controllers\Evaluacion->getIndex()
 7 SYSTEMPATH\CodeIgniter.php(482): CodeIgniter\CodeIgniter->runController(Object(App\Controllers\Evaluacion))
 8 SYSTEMPATH\CodeIgniter.php(351): CodeIgniter\CodeIgniter->handleRequest(null, Object(Config\Cache), false)
 9 FCPATH\index.php(67): CodeIgniter\CodeIgniter->run()
CRITICAL - 2024-01-06 07:29:06 --> Undefined array key 0
in APPPATH\Views\evaluacion\logro_anual.php on line 31.
 1 APPPATH\Views\evaluacion\logro_anual.php(31): CodeIgniter\Debug\Exceptions->errorHandler(2, 'Undefined array key 0', 'APPPATH\\Views\\evaluacion\\logro_anual.php', 31)
 2 SYSTEMPATH\View\View.php(213): include('APPPATH\\Views\\evaluacion\\logro_anual.php')
 3 SYSTEMPATH\View\View.php(216): CodeIgniter\View\View->CodeIgniter\View\{closure}()
 4 SYSTEMPATH\Common.php(1134): CodeIgniter\View\View->render('evaluacion/logro_anual', [], true)
 5 APPPATH\Controllers\Evaluacion.php(74): view('evaluacion/logro_anual', [...])
 6 SYSTEMPATH\CodeIgniter.php(927): App\Controllers\Evaluacion->getIndex()
 7 SYSTEMPATH\CodeIgniter.php(482): CodeIgniter\CodeIgniter->runController(Object(App\Controllers\Evaluacion))
 8 SYSTEMPATH\CodeIgniter.php(351): CodeIgniter\CodeIgniter->handleRequest(null, Object(Config\Cache), false)
 9 FCPATH\index.php(67): CodeIgniter\CodeIgniter->run()
CRITICAL - 2024-01-06 07:29:51 --> Undefined array key 0
in APPPATH\Views\evaluacion\logro_anual.php on line 31.
 1 APPPATH\Views\evaluacion\logro_anual.php(31): CodeIgniter\Debug\Exceptions->errorHandler(2, 'Undefined array key 0', 'APPPATH\\Views\\evaluacion\\logro_anual.php', 31)
 2 SYSTEMPATH\View\View.php(213): include('APPPATH\\Views\\evaluacion\\logro_anual.php')
 3 SYSTEMPATH\View\View.php(216): CodeIgniter\View\View->CodeIgniter\View\{closure}()
 4 SYSTEMPATH\Common.php(1134): CodeIgniter\View\View->render('evaluacion/logro_anual', [], true)
 5 APPPATH\Controllers\Evaluacion.php(74): view('evaluacion/logro_anual', [...])
 6 SYSTEMPATH\CodeIgniter.php(927): App\Controllers\Evaluacion->getIndex()
 7 SYSTEMPATH\CodeIgniter.php(482): CodeIgniter\CodeIgniter->runController(Object(App\Controllers\Evaluacion))
 8 SYSTEMPATH\CodeIgniter.php(351): CodeIgniter\CodeIgniter->handleRequest(null, Object(Config\Cache), false)
 9 FCPATH\index.php(67): CodeIgniter\CodeIgniter->run()
CRITICAL - 2024-01-06 07:29:55 --> Undefined array key 0
in APPPATH\Views\evaluacion\logro_anual.php on line 31.
 1 APPPATH\Views\evaluacion\logro_anual.php(31): CodeIgniter\Debug\Exceptions->errorHandler(2, 'Undefined array key 0', 'APPPATH\\Views\\evaluacion\\logro_anual.php', 31)
 2 SYSTEMPATH\View\View.php(213): include('APPPATH\\Views\\evaluacion\\logro_anual.php')
 3 SYSTEMPATH\View\View.php(216): CodeIgniter\View\View->CodeIgniter\View\{closure}()
 4 SYSTEMPATH\Common.php(1134): CodeIgniter\View\View->render('evaluacion/logro_anual', [], true)
 5 APPPATH\Controllers\Evaluacion.php(74): view('evaluacion/logro_anual', [...])
 6 SYSTEMPATH\CodeIgniter.php(927): App\Controllers\Evaluacion->getIndex()
 7 SYSTEMPATH\CodeIgniter.php(482): CodeIgniter\CodeIgniter->runController(Object(App\Controllers\Evaluacion))
 8 SYSTEMPATH\CodeIgniter.php(351): CodeIgniter\CodeIgniter->handleRequest(null, Object(Config\Cache), false)
 9 FCPATH\index.php(67): CodeIgniter\CodeIgniter->run()
CRITICAL - 2024-01-06 07:30:25 --> Undefined array key 0
in APPPATH\Views\evaluacion\logro_anual.php on line 31.
 1 APPPATH\Views\evaluacion\logro_anual.php(31): CodeIgniter\Debug\Exceptions->errorHandler(2, 'Undefined array key 0', 'APPPATH\\Views\\evaluacion\\logro_anual.php', 31)
 2 SYSTEMPATH\View\View.php(213): include('APPPATH\\Views\\evaluacion\\logro_anual.php')
 3 SYSTEMPATH\View\View.php(216): CodeIgniter\View\View->CodeIgniter\View\{closure}()
 4 SYSTEMPATH\Common.php(1134): CodeIgniter\View\View->render('evaluacion/logro_anual', [], true)
 5 APPPATH\Controllers\Evaluacion.php(75): view('evaluacion/logro_anual', [...])
 6 SYSTEMPATH\CodeIgniter.php(927): App\Controllers\Evaluacion->getIndex()
 7 SYSTEMPATH\CodeIgniter.php(482): CodeIgniter\CodeIgniter->runController(Object(App\Controllers\Evaluacion))
 8 SYSTEMPATH\CodeIgniter.php(351): CodeIgniter\CodeIgniter->handleRequest(null, Object(Config\Cache), false)
 9 FCPATH\index.php(67): CodeIgniter\CodeIgniter->run()
