ERROR - 2023-04-05 19:51:11 --> mysqli_sql_exception: Unknown column 'modu_esta_nombre' in 'where clause' in C:\wamp64\www\plantillaciv4\system\Database\MySQLi\Connection.php:292
Stack trace:
#0 C:\wamp64\www\plantillaciv4\system\Database\MySQLi\Connection.php(292): mysqli->query('SELECT `modu_id...', 0)
#1 C:\wamp64\www\plantillaciv4\system\Database\BaseConnection.php(666): CodeIgniter\Database\MySQLi\Connection->execute('SELECT `modu_id...')
#2 C:\wamp64\www\plantillaciv4\system\Database\BaseConnection.php(593): CodeIgniter\Database\BaseConnection->simpleQuery('SELECT `modu_id...')
#3 C:\wamp64\www\plantillaciv4\system\Database\BaseBuilder.php(1718): CodeIgniter\Database\BaseConnection->query('SELECT `modu_id...', Array, false)
#4 C:\wamp64\www\plantillaciv4\app\Models\Generaldb.php(39): CodeIgniter\Database\BaseBuilder->getWhere('modu_esta_nombr...')
#5 C:\wamp64\www\plantillaciv4\app\Controllers\Administrador.php(96): App\Models\Generaldb->selectSomeData('modu_ide \tas id...', 'modulos', 'modu_esta_nombr...', 'modu_orden')
#6 C:\wamp64\www\plantillaciv4\system\CodeIgniter.php(927): App\Controllers\Administrador->getRoles()
#7 C:\wamp64\www\plantillaciv4\system\CodeIgniter.php(482): CodeIgniter\CodeIgniter->runController(Object(App\Controllers\Administrador))
#8 C:\wamp64\www\plantillaciv4\system\CodeIgniter.php(351): CodeIgniter\CodeIgniter->handleRequest(NULL, Object(Config\Cache), false)
#9 C:\wamp64\www\plantillaciv4\index.php(67): CodeIgniter\CodeIgniter->run()
#10 {main}
CRITICAL - 2023-04-05 19:51:11 --> Unknown column 'modu_esta_nombre' in 'where clause'
in SYSTEMPATH\Database\MySQLi\Connection.php on line 292.
 1 SYSTEMPATH\Database\MySQLi\Connection.php(292): mysqli->query('SELECT `modu_ide` as `ide`, `modu_nombre` as `nombre`
FROM `modulos`
WHERE `modu_esta_nombre` = 1
ORDER BY `modu_orden`', 0)
 2 SYSTEMPATH\Database\BaseConnection.php(666): CodeIgniter\Database\MySQLi\Connection->execute('SELECT `modu_ide` as `ide`, `modu_nombre` as `nombre`
FROM `modulos`
WHERE `modu_esta_nombre` = 1
ORDER BY `modu_orden`')
 3 SYSTEMPATH\Database\BaseConnection.php(593): CodeIgniter\Database\BaseConnection->simpleQuery('SELECT `modu_ide` as `ide`, `modu_nombre` as `nombre`
FROM `modulos`
WHERE `modu_esta_nombre` = 1
ORDER BY `modu_orden`')
 4 SYSTEMPATH\Database\BaseBuilder.php(1718): CodeIgniter\Database\BaseConnection->query('SELECT `modu_ide` as `ide`, `modu_nombre` as `nombre`
FROM `modulos`
WHERE `modu_esta_nombre` = 1
ORDER BY `modu_orden`', [], false)
 5 APPPATH\Models\Generaldb.php(39): CodeIgniter\Database\BaseBuilder->getWhere('modu_esta_nombre = 1')
 6 APPPATH\Controllers\Administrador.php(96): App\Models\Generaldb->selectSomeData('modu_ide 	as ide,
            modu_nombre as nombre', 'modulos', 'modu_esta_nombre = 1', 'modu_orden')
 7 SYSTEMPATH\CodeIgniter.php(927): App\Controllers\Administrador->getRoles()
 8 SYSTEMPATH\CodeIgniter.php(482): CodeIgniter\CodeIgniter->runController(Object(App\Controllers\Administrador))
 9 SYSTEMPATH\CodeIgniter.php(351): CodeIgniter\CodeIgniter->handleRequest(null, Object(Config\Cache), false)
10 FCPATH\index.php(67): CodeIgniter\CodeIgniter->run()
ERROR - 2023-04-05 19:51:59 --> mysqli_sql_exception: Table 'dbsirre.tarea' doesn't exist in C:\wamp64\www\plantillaciv4\system\Database\MySQLi\Connection.php:292
Stack trace:
#0 C:\wamp64\www\plantillaciv4\system\Database\MySQLi\Connection.php(292): mysqli->query('SELECT `tar_ide...', 0)
#1 C:\wamp64\www\plantillaciv4\system\Database\BaseConnection.php(666): CodeIgniter\Database\MySQLi\Connection->execute('SELECT `tar_ide...')
#2 C:\wamp64\www\plantillaciv4\system\Database\BaseConnection.php(593): CodeIgniter\Database\BaseConnection->simpleQuery('SELECT `tar_ide...')
#3 C:\wamp64\www\plantillaciv4\system\Database\BaseBuilder.php(1585): CodeIgniter\Database\BaseConnection->query('SELECT `tar_ide...', Array, false)
#4 C:\wamp64\www\plantillaciv4\app\Models\Generaldb.php(42): CodeIgniter\Database\BaseBuilder->get()
#5 C:\wamp64\www\plantillaciv4\app\Controllers\Administrador.php(120): App\Models\Generaldb->selectSomeData('tar_ide \tas ide...', 'tarea')
#6 C:\wamp64\www\plantillaciv4\system\CodeIgniter.php(927): App\Controllers\Administrador->getRoles()
#7 C:\wamp64\www\plantillaciv4\system\CodeIgniter.php(482): CodeIgniter\CodeIgniter->runController(Object(App\Controllers\Administrador))
#8 C:\wamp64\www\plantillaciv4\system\CodeIgniter.php(351): CodeIgniter\CodeIgniter->handleRequest(NULL, Object(Config\Cache), false)
#9 C:\wamp64\www\plantillaciv4\index.php(67): CodeIgniter\CodeIgniter->run()
#10 {main}
CRITICAL - 2023-04-05 19:51:59 --> Table 'dbsirre.tarea' doesn't exist
in SYSTEMPATH\Database\MySQLi\Connection.php on line 292.
 1 SYSTEMPATH\Database\MySQLi\Connection.php(292): mysqli->query('SELECT `tar_ide` as `ide`, `tar_nombre` as `nombre`, `tar_menu` as `menu`, `tar_descripcion` as `descripcion`, `tar_link` as `link`, `tar_icon` as `icon`
FROM `tarea`', 0)
 2 SYSTEMPATH\Database\BaseConnection.php(666): CodeIgniter\Database\MySQLi\Connection->execute('SELECT `tar_ide` as `ide`, `tar_nombre` as `nombre`, `tar_menu` as `menu`, `tar_descripcion` as `descripcion`, `tar_link` as `link`, `tar_icon` as `icon`
FROM `tarea`')
 3 SYSTEMPATH\Database\BaseConnection.php(593): CodeIgniter\Database\BaseConnection->simpleQuery('SELECT `tar_ide` as `ide`, `tar_nombre` as `nombre`, `tar_menu` as `menu`, `tar_descripcion` as `descripcion`, `tar_link` as `link`, `tar_icon` as `icon`
FROM `tarea`')
 4 SYSTEMPATH\Database\BaseBuilder.php(1585): CodeIgniter\Database\BaseConnection->query('SELECT `tar_ide` as `ide`, `tar_nombre` as `nombre`, `tar_menu` as `menu`, `tar_descripcion` as `descripcion`, `tar_link` as `link`, `tar_icon` as `icon`
FROM `tarea`', [], false)
 5 APPPATH\Models\Generaldb.php(42): CodeIgniter\Database\BaseBuilder->get()
 6 APPPATH\Controllers\Administrador.php(120): App\Models\Generaldb->selectSomeData('tar_ide 	as ide,
				tar_nombre 	as nombre,
				tar_menu 	as menu,
				tar_descripcion	as descripcion,
				tar_link	as link,
				tar_icon	as icon', 'tarea')
 7 SYSTEMPATH\CodeIgniter.php(927): App\Controllers\Administrador->getRoles()
 8 SYSTEMPATH\CodeIgniter.php(482): CodeIgniter\CodeIgniter->runController(Object(App\Controllers\Administrador))
 9 SYSTEMPATH\CodeIgniter.php(351): CodeIgniter\CodeIgniter->handleRequest(null, Object(Config\Cache), false)
10 FCPATH\index.php(67): CodeIgniter\CodeIgniter->run()
ERROR - 2023-04-05 20:21:46 --> mysqli_sql_exception: Unknown column 'role_esta_ide' in 'field list' in C:\wamp64\www\plantillaciv4\system\Database\MySQLi\Connection.php:292
Stack trace:
#0 C:\wamp64\www\plantillaciv4\system\Database\MySQLi\Connection.php(292): mysqli->query('SELECT `acce_id...', 0)
#1 C:\wamp64\www\plantillaciv4\system\Database\BaseConnection.php(666): CodeIgniter\Database\MySQLi\Connection->execute('SELECT `acce_id...')
#2 C:\wamp64\www\plantillaciv4\system\Database\BaseConnection.php(593): CodeIgniter\Database\BaseConnection->simpleQuery('SELECT `acce_id...')
#3 C:\wamp64\www\plantillaciv4\system\Database\BaseBuilder.php(1585): CodeIgniter\Database\BaseConnection->query('SELECT `acce_id...', Array, false)
#4 C:\wamp64\www\plantillaciv4\app\Models\Generaldb.php(42): CodeIgniter\Database\BaseBuilder->get()
#5 C:\wamp64\www\plantillaciv4\app\Controllers\Administrador.php(185): App\Models\Generaldb->selectSomeData('acce_ide \tas id...', 'accesos')
#6 C:\wamp64\www\plantillaciv4\system\CodeIgniter.php(927): App\Controllers\Administrador->getAccesos()
#7 C:\wamp64\www\plantillaciv4\system\CodeIgniter.php(482): CodeIgniter\CodeIgniter->runController(Object(App\Controllers\Administrador))
#8 C:\wamp64\www\plantillaciv4\system\CodeIgniter.php(351): CodeIgniter\CodeIgniter->handleRequest(NULL, Object(Config\Cache), false)
#9 C:\wamp64\www\plantillaciv4\index.php(67): CodeIgniter\CodeIgniter->run()
#10 {main}
CRITICAL - 2023-04-05 20:21:46 --> Unknown column 'role_esta_ide' in 'field list'
in SYSTEMPATH\Database\MySQLi\Connection.php on line 292.
 1 SYSTEMPATH\Database\MySQLi\Connection.php(292): mysqli->query('SELECT `acce_ide` as `ide`, `acce_perf_ide` as `perf_ide`, `acce_role_ide` as `role_ide`, `role_esta_ide` as `esta_ide`
FROM `accesos`', 0)
 2 SYSTEMPATH\Database\BaseConnection.php(666): CodeIgniter\Database\MySQLi\Connection->execute('SELECT `acce_ide` as `ide`, `acce_perf_ide` as `perf_ide`, `acce_role_ide` as `role_ide`, `role_esta_ide` as `esta_ide`
FROM `accesos`')
 3 SYSTEMPATH\Database\BaseConnection.php(593): CodeIgniter\Database\BaseConnection->simpleQuery('SELECT `acce_ide` as `ide`, `acce_perf_ide` as `perf_ide`, `acce_role_ide` as `role_ide`, `role_esta_ide` as `esta_ide`
FROM `accesos`')
 4 SYSTEMPATH\Database\BaseBuilder.php(1585): CodeIgniter\Database\BaseConnection->query('SELECT `acce_ide` as `ide`, `acce_perf_ide` as `perf_ide`, `acce_role_ide` as `role_ide`, `role_esta_ide` as `esta_ide`
FROM `accesos`', [], false)
 5 APPPATH\Models\Generaldb.php(42): CodeIgniter\Database\BaseBuilder->get()
 6 APPPATH\Controllers\Administrador.php(185): App\Models\Generaldb->selectSomeData('acce_ide 	as ide,
				acce_perf_ide 	as perf_ide,
				acce_role_ide 	as role_ide,
				role_esta_ide	as esta_ide', 'accesos')
 7 SYSTEMPATH\CodeIgniter.php(927): App\Controllers\Administrador->getAccesos()
 8 SYSTEMPATH\CodeIgniter.php(482): CodeIgniter\CodeIgniter->runController(Object(App\Controllers\Administrador))
 9 SYSTEMPATH\CodeIgniter.php(351): CodeIgniter\CodeIgniter->handleRequest(null, Object(Config\Cache), false)
10 FCPATH\index.php(67): CodeIgniter\CodeIgniter->run()
CRITICAL - 2023-04-05 20:33:22 --> Undefined constant "CodeIgniter\Debug\VENDORPATH"
in SYSTEMPATH\Debug\Exceptions.php on line 177.
 1 SYSTEMPATH\Debug\Exceptions.php(157): CodeIgniter\Debug\Exceptions->isFakerDeprecationError(8192, 'strlen(): Passing null to parameter #1 ($string) of type string is deprecated', 'APPPATH\\Views\\admin\\formulario.php', 94)
 2 APPPATH\Views\admin\formulario.php(94): CodeIgniter\Debug\Exceptions->errorHandler(8192, 'strlen(): Passing null to parameter #1 ($string) of type string is deprecated', 'APPPATH\\Views\\admin\\formulario.php', 94)
 3 SYSTEMPATH\View\View.php(213): include('APPPATH\\Views\\admin\\formulario.php')
 4 SYSTEMPATH\View\View.php(216): CodeIgniter\View\View->CodeIgniter\View\{closure}()
 5 SYSTEMPATH\Common.php(1134): CodeIgniter\View\View->render('admin/formulario', [], true)
 6 APPPATH\Controllers\Administrador.php(229): view('admin/formulario', [...])
 7 SYSTEMPATH\CodeIgniter.php(927): App\Controllers\Administrador->getPerfiles()
 8 SYSTEMPATH\CodeIgniter.php(482): CodeIgniter\CodeIgniter->runController(Object(App\Controllers\Administrador))
 9 SYSTEMPATH\CodeIgniter.php(351): CodeIgniter\CodeIgniter->handleRequest(null, Object(Config\Cache), false)
10 FCPATH\index.php(67): CodeIgniter\CodeIgniter->run()
CRITICAL - 2023-04-05 20:34:01 --> Undefined constant "CodeIgniter\Debug\VENDORPATH"
in SYSTEMPATH\Debug\Exceptions.php on line 177.
 1 SYSTEMPATH\Debug\Exceptions.php(157): CodeIgniter\Debug\Exceptions->isFakerDeprecationError(8192, 'strlen(): Passing null to parameter #1 ($string) of type string is deprecated', 'APPPATH\\Views\\admin\\formulario.php', 94)
 2 APPPATH\Views\admin\formulario.php(94): CodeIgniter\Debug\Exceptions->errorHandler(8192, 'strlen(): Passing null to parameter #1 ($string) of type string is deprecated', 'APPPATH\\Views\\admin\\formulario.php', 94)
 3 SYSTEMPATH\View\View.php(213): include('APPPATH\\Views\\admin\\formulario.php')
 4 SYSTEMPATH\View\View.php(216): CodeIgniter\View\View->CodeIgniter\View\{closure}()
 5 SYSTEMPATH\Common.php(1134): CodeIgniter\View\View->render('admin/formulario', [], true)
 6 APPPATH\Controllers\Administrador.php(229): view('admin/formulario', [...])
 7 SYSTEMPATH\CodeIgniter.php(927): App\Controllers\Administrador->getPerfiles()
 8 SYSTEMPATH\CodeIgniter.php(482): CodeIgniter\CodeIgniter->runController(Object(App\Controllers\Administrador))
 9 SYSTEMPATH\CodeIgniter.php(351): CodeIgniter\CodeIgniter->handleRequest(null, Object(Config\Cache), false)
10 FCPATH\index.php(67): CodeIgniter\CodeIgniter->run()
CRITICAL - 2023-04-05 20:34:55 --> Undefined constant "CodeIgniter\Debug\VENDORPATH"
in SYSTEMPATH\Debug\Exceptions.php on line 177.
 1 SYSTEMPATH\Debug\Exceptions.php(157): CodeIgniter\Debug\Exceptions->isFakerDeprecationError(8192, 'strlen(): Passing null to parameter #1 ($string) of type string is deprecated', 'APPPATH\\Views\\admin\\formulario.php', 94)
 2 APPPATH\Views\admin\formulario.php(94): CodeIgniter\Debug\Exceptions->errorHandler(8192, 'strlen(): Passing null to parameter #1 ($string) of type string is deprecated', 'APPPATH\\Views\\admin\\formulario.php', 94)
 3 SYSTEMPATH\View\View.php(213): include('APPPATH\\Views\\admin\\formulario.php')
 4 SYSTEMPATH\View\View.php(216): CodeIgniter\View\View->CodeIgniter\View\{closure}()
 5 SYSTEMPATH\Common.php(1134): CodeIgniter\View\View->render('admin/formulario', [], true)
 6 APPPATH\Controllers\Administrador.php(229): view('admin/formulario', [...])
 7 SYSTEMPATH\CodeIgniter.php(927): App\Controllers\Administrador->getPerfiles()
 8 SYSTEMPATH\CodeIgniter.php(482): CodeIgniter\CodeIgniter->runController(Object(App\Controllers\Administrador))
 9 SYSTEMPATH\CodeIgniter.php(351): CodeIgniter\CodeIgniter->handleRequest(null, Object(Config\Cache), false)
10 FCPATH\index.php(67): CodeIgniter\CodeIgniter->run()
CRITICAL - 2023-04-05 20:37:46 --> Undefined constant "CodeIgniter\Debug\VENDORPATH"
in SYSTEMPATH\Debug\Exceptions.php on line 177.
 1 SYSTEMPATH\Debug\Exceptions.php(157): CodeIgniter\Debug\Exceptions->isFakerDeprecationError(8192, 'strlen(): Passing null to parameter #1 ($string) of type string is deprecated', 'APPPATH\\Views\\admin\\formulario.php', 94)
 2 APPPATH\Views\admin\formulario.php(94): CodeIgniter\Debug\Exceptions->errorHandler(8192, 'strlen(): Passing null to parameter #1 ($string) of type string is deprecated', 'APPPATH\\Views\\admin\\formulario.php', 94)
 3 SYSTEMPATH\View\View.php(213): include('APPPATH\\Views\\admin\\formulario.php')
 4 SYSTEMPATH\View\View.php(216): CodeIgniter\View\View->CodeIgniter\View\{closure}()
 5 SYSTEMPATH\Common.php(1134): CodeIgniter\View\View->render('admin/formulario', [], true)
 6 APPPATH\Controllers\Administrador.php(230): view('admin/formulario', [...])
 7 SYSTEMPATH\CodeIgniter.php(927): App\Controllers\Administrador->getPerfiles()
 8 SYSTEMPATH\CodeIgniter.php(482): CodeIgniter\CodeIgniter->runController(Object(App\Controllers\Administrador))
 9 SYSTEMPATH\CodeIgniter.php(351): CodeIgniter\CodeIgniter->handleRequest(null, Object(Config\Cache), false)
10 FCPATH\index.php(67): CodeIgniter\CodeIgniter->run()
CRITICAL - 2023-04-05 20:41:00 --> strlen(): Passing null to parameter #1 ($string) of type string is deprecated
in APPPATH\Views\admin\formulario.php on line 94.
 1 APPPATH\Views\admin\formulario.php(94): CodeIgniter\Debug\Exceptions->errorHandler(8192, 'strlen(): Passing null to parameter #1 ($string) of type string is deprecated', 'APPPATH\\Views\\admin\\formulario.php', 94)
 2 SYSTEMPATH\View\View.php(213): include('APPPATH\\Views\\admin\\formulario.php')
 3 SYSTEMPATH\View\View.php(216): CodeIgniter\View\View->CodeIgniter\View\{closure}()
 4 SYSTEMPATH\Common.php(1134): CodeIgniter\View\View->render('admin/formulario', [], true)
 5 APPPATH\Controllers\Administrador.php(230): view('admin/formulario', [...])
 6 SYSTEMPATH\CodeIgniter.php(927): App\Controllers\Administrador->getPerfiles()
 7 SYSTEMPATH\CodeIgniter.php(482): CodeIgniter\CodeIgniter->runController(Object(App\Controllers\Administrador))
 8 SYSTEMPATH\CodeIgniter.php(351): CodeIgniter\CodeIgniter->handleRequest(null, Object(Config\Cache), false)
 9 FCPATH\index.php(67): CodeIgniter\CodeIgniter->run()
CRITICAL - 2023-04-05 20:41:47 --> Undefined constant "CodeIgniter\Debug\VENDORPATH"
in SYSTEMPATH\Debug\Exceptions.php on line 177.
 1 SYSTEMPATH\Debug\Exceptions.php(157): CodeIgniter\Debug\Exceptions->isFakerDeprecationError(8192, 'strlen(): Passing null to parameter #1 ($string) of type string is deprecated', 'APPPATH\\Views\\admin\\formulario.php', 94)
 2 APPPATH\Views\admin\formulario.php(94): CodeIgniter\Debug\Exceptions->errorHandler(8192, 'strlen(): Passing null to parameter #1 ($string) of type string is deprecated', 'APPPATH\\Views\\admin\\formulario.php', 94)
 3 SYSTEMPATH\View\View.php(213): include('APPPATH\\Views\\admin\\formulario.php')
 4 SYSTEMPATH\View\View.php(216): CodeIgniter\View\View->CodeIgniter\View\{closure}()
 5 SYSTEMPATH\Common.php(1134): CodeIgniter\View\View->render('admin/formulario', [], true)
 6 APPPATH\Controllers\Administrador.php(230): view('admin/formulario', [...])
 7 SYSTEMPATH\CodeIgniter.php(927): App\Controllers\Administrador->getPerfiles()
 8 SYSTEMPATH\CodeIgniter.php(482): CodeIgniter\CodeIgniter->runController(Object(App\Controllers\Administrador))
 9 SYSTEMPATH\CodeIgniter.php(351): CodeIgniter\CodeIgniter->handleRequest(null, Object(Config\Cache), false)
10 FCPATH\index.php(67): CodeIgniter\CodeIgniter->run()
CRITICAL - 2023-04-05 20:42:18 --> Undefined constant "CodeIgniter\Debug\VENDORPATH"
in SYSTEMPATH\Debug\Exceptions.php on line 177.
 1 SYSTEMPATH\Debug\Exceptions.php(157): CodeIgniter\Debug\Exceptions->isFakerDeprecationError(8192, 'strlen(): Passing null to parameter #1 ($string) of type string is deprecated', 'APPPATH\\Views\\admin\\formulario.php', 94)
 2 APPPATH\Views\admin\formulario.php(94): CodeIgniter\Debug\Exceptions->errorHandler(8192, 'strlen(): Passing null to parameter #1 ($string) of type string is deprecated', 'APPPATH\\Views\\admin\\formulario.php', 94)
 3 SYSTEMPATH\View\View.php(213): include('APPPATH\\Views\\admin\\formulario.php')
 4 SYSTEMPATH\View\View.php(216): CodeIgniter\View\View->CodeIgniter\View\{closure}()
 5 SYSTEMPATH\Common.php(1134): CodeIgniter\View\View->render('admin/formulario', [], true)
 6 APPPATH\Controllers\Administrador.php(230): view('admin/formulario', [...])
 7 SYSTEMPATH\CodeIgniter.php(927): App\Controllers\Administrador->getPerfil()
 8 SYSTEMPATH\CodeIgniter.php(482): CodeIgniter\CodeIgniter->runController(Object(App\Controllers\Administrador))
 9 SYSTEMPATH\CodeIgniter.php(351): CodeIgniter\CodeIgniter->handleRequest(null, Object(Config\Cache), false)
10 FCPATH\index.php(67): CodeIgniter\CodeIgniter->run()
CRITICAL - 2023-04-05 20:44:12 --> Undefined constant "CodeIgniter\Debug\VENDORPATH"
in SYSTEMPATH\Debug\Exceptions.php on line 177.
 1 SYSTEMPATH\Debug\Exceptions.php(157): CodeIgniter\Debug\Exceptions->isFakerDeprecationError(8192, 'strlen(): Passing null to parameter #1 ($string) of type string is deprecated', 'APPPATH\\Views\\admin\\formulario.php', 94)
 2 APPPATH\Views\admin\formulario.php(94): CodeIgniter\Debug\Exceptions->errorHandler(8192, 'strlen(): Passing null to parameter #1 ($string) of type string is deprecated', 'APPPATH\\Views\\admin\\formulario.php', 94)
 3 SYSTEMPATH\View\View.php(213): include('APPPATH\\Views\\admin\\formulario.php')
 4 SYSTEMPATH\View\View.php(216): CodeIgniter\View\View->CodeIgniter\View\{closure}()
 5 SYSTEMPATH\Common.php(1134): CodeIgniter\View\View->render('admin/formulario', [], true)
 6 APPPATH\Controllers\Administrador.php(230): view('admin/formulario', [...])
 7 SYSTEMPATH\CodeIgniter.php(927): App\Controllers\Administrador->getPerfil()
 8 SYSTEMPATH\CodeIgniter.php(482): CodeIgniter\CodeIgniter->runController(Object(App\Controllers\Administrador))
 9 SYSTEMPATH\CodeIgniter.php(351): CodeIgniter\CodeIgniter->handleRequest(null, Object(Config\Cache), false)
10 FCPATH\index.php(67): CodeIgniter\CodeIgniter->run()
CRITICAL - 2023-04-05 20:44:36 --> Undefined constant "CodeIgniter\Debug\VENDORPATH"
in SYSTEMPATH\Debug\Exceptions.php on line 177.
 1 SYSTEMPATH\Debug\Exceptions.php(157): CodeIgniter\Debug\Exceptions->isFakerDeprecationError(8192, 'strlen(): Passing null to parameter #1 ($string) of type string is deprecated', 'APPPATH\\Views\\admin\\formulario.php', 94)
 2 APPPATH\Views\admin\formulario.php(94): CodeIgniter\Debug\Exceptions->errorHandler(8192, 'strlen(): Passing null to parameter #1 ($string) of type string is deprecated', 'APPPATH\\Views\\admin\\formulario.php', 94)
 3 SYSTEMPATH\View\View.php(213): include('APPPATH\\Views\\admin\\formulario.php')
 4 SYSTEMPATH\View\View.php(216): CodeIgniter\View\View->CodeIgniter\View\{closure}()
 5 SYSTEMPATH\Common.php(1134): CodeIgniter\View\View->render('admin/formulario', [], true)
 6 APPPATH\Controllers\Administrador.php(230): view('admin/formulario', [...])
 7 SYSTEMPATH\CodeIgniter.php(927): App\Controllers\Administrador->getPerfil()
 8 SYSTEMPATH\CodeIgniter.php(482): CodeIgniter\CodeIgniter->runController(Object(App\Controllers\Administrador))
 9 SYSTEMPATH\CodeIgniter.php(351): CodeIgniter\CodeIgniter->handleRequest(null, Object(Config\Cache), false)
10 FCPATH\index.php(67): CodeIgniter\CodeIgniter->run()
CRITICAL - 2023-04-05 20:46:04 --> strlen(): Passing null to parameter #1 ($string) of type string is deprecated
in APPPATH\Views\admin\formulario.php on line 94.
 1 APPPATH\Views\admin\formulario.php(94): CodeIgniter\Debug\Exceptions->errorHandler(8192, 'strlen(): Passing null to parameter #1 ($string) of type string is deprecated', 'APPPATH\\Views\\admin\\formulario.php', 94)
 2 SYSTEMPATH\View\View.php(213): include('APPPATH\\Views\\admin\\formulario.php')
 3 SYSTEMPATH\View\View.php(216): CodeIgniter\View\View->CodeIgniter\View\{closure}()
 4 SYSTEMPATH\Common.php(1134): CodeIgniter\View\View->render('admin/formulario', [], true)
 5 APPPATH\Controllers\Administrador.php(230): view('admin/formulario', [...])
 6 SYSTEMPATH\CodeIgniter.php(927): App\Controllers\Administrador->getPerfil()
 7 SYSTEMPATH\CodeIgniter.php(482): CodeIgniter\CodeIgniter->runController(Object(App\Controllers\Administrador))
 8 SYSTEMPATH\CodeIgniter.php(351): CodeIgniter\CodeIgniter->handleRequest(null, Object(Config\Cache), false)
 9 FCPATH\index.php(67): CodeIgniter\CodeIgniter->run()
