CRITICAL - 2025-09-17 09:42:53 --> Undefined array key 0
in APPPATH\Views\informes2\vinformes.php on line 32.
 1 APPPATH\Views\informes2\vinformes.php(32): CodeIgniter\Debug\Exceptions->errorHandler(2, 'Undefined array key 0', 'APPPATH\\Views\\informes2\\vinformes.php', 32)
 2 SYSTEMPATH\View\View.php(213): include('APPPATH\\Views\\informes2\\vinformes.php')
 3 SYSTEMPATH\View\View.php(216): CodeIgniter\View\View->CodeIgniter\View\{closure}()
 4 SYSTEMPATH\Common.php(1134): CodeIgniter\View\View->render('informes2/vinformes', [], true)
 5 APPPATH\Controllers\Informes2.php(76): view('informes2/vinformes', [...])
 6 SYSTEMPATH\CodeIgniter.php(927): App\Controllers\Informes2->getInformesUGEL()
 7 SYSTEMPATH\CodeIgniter.php(482): CodeIgniter\CodeIgniter->runController(Object(App\Controllers\Informes2))
 8 SYSTEMPATH\CodeIgniter.php(351): CodeIgniter\CodeIgniter->handleRequest(null, Object(Config\Cache), false)
 9 FCPATH\index.php(67): CodeIgniter\CodeIgniter->run()
ERROR - 2025-09-17 10:34:48 --> mysqli_sql_exception: Table 'monitoreo_2025_09.entidades' doesn't exist in D:\wamp\www\monitoreo3\system\Database\MySQLi\Connection.php:292
Stack trace:
#0 D:\wamp\www\monitoreo3\system\Database\MySQLi\Connection.php(292): mysqli->query('SELECT `enti_id...', 0)
#1 D:\wamp\www\monitoreo3\system\Database\BaseConnection.php(666): CodeIgniter\Database\MySQLi\Connection->execute('SELECT `enti_id...')
#2 D:\wamp\www\monitoreo3\system\Database\BaseConnection.php(593): CodeIgniter\Database\BaseConnection->simpleQuery('SELECT `enti_id...')
#3 D:\wamp\www\monitoreo3\system\Database\BaseBuilder.php(1585): CodeIgniter\Database\BaseConnection->query('SELECT `enti_id...', Array, false)
#4 D:\wamp\www\monitoreo3\app\Models\Generaldb.php(70): CodeIgniter\Database\BaseBuilder->get()
#5 D:\wamp\www\monitoreo3\app\Controllers\Administrador.php(1018): App\Models\Generaldb->selectSomeData('enti_ide \tas id...', 'entidades', false, 'enti_nombre')
#6 D:\wamp\www\monitoreo3\system\CodeIgniter.php(927): App\Controllers\Administrador->getUsuarios()
#7 D:\wamp\www\monitoreo3\system\CodeIgniter.php(482): CodeIgniter\CodeIgniter->runController(Object(App\Controllers\Administrador))
#8 D:\wamp\www\monitoreo3\system\CodeIgniter.php(351): CodeIgniter\CodeIgniter->handleRequest(NULL, Object(Config\Cache), false)
#9 D:\wamp\www\monitoreo3\index.php(67): CodeIgniter\CodeIgniter->run()
#10 {main}
CRITICAL - 2025-09-17 10:34:48 --> Table 'monitoreo_2025_09.entidades' doesn't exist
in SYSTEMPATH\Database\MySQLi\Connection.php on line 292.
 1 SYSTEMPATH\Database\MySQLi\Connection.php(292): mysqli->query('SELECT `enti_ide` as `ide`, `enti_nombre` as `nombre`
FROM `entidades`
ORDER BY `enti_nombre`', 0)
 2 SYSTEMPATH\Database\BaseConnection.php(666): CodeIgniter\Database\MySQLi\Connection->execute('SELECT `enti_ide` as `ide`, `enti_nombre` as `nombre`
FROM `entidades`
ORDER BY `enti_nombre`')
 3 SYSTEMPATH\Database\BaseConnection.php(593): CodeIgniter\Database\BaseConnection->simpleQuery('SELECT `enti_ide` as `ide`, `enti_nombre` as `nombre`
FROM `entidades`
ORDER BY `enti_nombre`')
 4 SYSTEMPATH\Database\BaseBuilder.php(1585): CodeIgniter\Database\BaseConnection->query('SELECT `enti_ide` as `ide`, `enti_nombre` as `nombre`
FROM `entidades`
ORDER BY `enti_nombre`', [], false)
 5 APPPATH\Models\Generaldb.php(70): CodeIgniter\Database\BaseBuilder->get()
 6 APPPATH\Controllers\Administrador.php(1018): App\Models\Generaldb->selectSomeData('enti_ide 	as ide,
		enti_nombre as nombre', 'entidades', false, 'enti_nombre')
 7 SYSTEMPATH\CodeIgniter.php(927): App\Controllers\Administrador->getUsuarios()
 8 SYSTEMPATH\CodeIgniter.php(482): CodeIgniter\CodeIgniter->runController(Object(App\Controllers\Administrador))
 9 SYSTEMPATH\CodeIgniter.php(351): CodeIgniter\CodeIgniter->handleRequest(null, Object(Config\Cache), false)
10 FCPATH\index.php(67): CodeIgniter\CodeIgniter->run()
ERROR - 2025-09-17 10:35:35 --> mysqli_sql_exception: Table 'monitoreo_2025_09.entidades' doesn't exist in D:\wamp\www\monitoreo3\system\Database\MySQLi\Connection.php:292
Stack trace:
#0 D:\wamp\www\monitoreo3\system\Database\MySQLi\Connection.php(292): mysqli->query('SELECT `enti_id...', 0)
#1 D:\wamp\www\monitoreo3\system\Database\BaseConnection.php(666): CodeIgniter\Database\MySQLi\Connection->execute('SELECT `enti_id...')
#2 D:\wamp\www\monitoreo3\system\Database\BaseConnection.php(593): CodeIgniter\Database\BaseConnection->simpleQuery('SELECT `enti_id...')
#3 D:\wamp\www\monitoreo3\system\Database\BaseBuilder.php(1585): CodeIgniter\Database\BaseConnection->query('SELECT `enti_id...', Array, false)
#4 D:\wamp\www\monitoreo3\app\Models\Generaldb.php(70): CodeIgniter\Database\BaseBuilder->get()
#5 D:\wamp\www\monitoreo3\app\Controllers\Administrador.php(1018): App\Models\Generaldb->selectSomeData('enti_ide \tas id...', 'entidades', false, 'enti_nombre')
#6 D:\wamp\www\monitoreo3\system\CodeIgniter.php(927): App\Controllers\Administrador->getUsuarios()
#7 D:\wamp\www\monitoreo3\system\CodeIgniter.php(482): CodeIgniter\CodeIgniter->runController(Object(App\Controllers\Administrador))
#8 D:\wamp\www\monitoreo3\system\CodeIgniter.php(351): CodeIgniter\CodeIgniter->handleRequest(NULL, Object(Config\Cache), false)
#9 D:\wamp\www\monitoreo3\index.php(67): CodeIgniter\CodeIgniter->run()
#10 {main}
CRITICAL - 2025-09-17 10:35:35 --> Table 'monitoreo_2025_09.entidades' doesn't exist
in SYSTEMPATH\Database\MySQLi\Connection.php on line 292.
 1 SYSTEMPATH\Database\MySQLi\Connection.php(292): mysqli->query('SELECT `enti_ide` as `ide`, `enti_nombre` as `nombre`
FROM `entidades`
ORDER BY `enti_nombre`', 0)
 2 SYSTEMPATH\Database\BaseConnection.php(666): CodeIgniter\Database\MySQLi\Connection->execute('SELECT `enti_ide` as `ide`, `enti_nombre` as `nombre`
FROM `entidades`
ORDER BY `enti_nombre`')
 3 SYSTEMPATH\Database\BaseConnection.php(593): CodeIgniter\Database\BaseConnection->simpleQuery('SELECT `enti_ide` as `ide`, `enti_nombre` as `nombre`
FROM `entidades`
ORDER BY `enti_nombre`')
 4 SYSTEMPATH\Database\BaseBuilder.php(1585): CodeIgniter\Database\BaseConnection->query('SELECT `enti_ide` as `ide`, `enti_nombre` as `nombre`
FROM `entidades`
ORDER BY `enti_nombre`', [], false)
 5 APPPATH\Models\Generaldb.php(70): CodeIgniter\Database\BaseBuilder->get()
 6 APPPATH\Controllers\Administrador.php(1018): App\Models\Generaldb->selectSomeData('enti_ide 	as ide,
		enti_nombre as nombre', 'entidades', false, 'enti_nombre')
 7 SYSTEMPATH\CodeIgniter.php(927): App\Controllers\Administrador->getUsuarios()
 8 SYSTEMPATH\CodeIgniter.php(482): CodeIgniter\CodeIgniter->runController(Object(App\Controllers\Administrador))
 9 SYSTEMPATH\CodeIgniter.php(351): CodeIgniter\CodeIgniter->handleRequest(null, Object(Config\Cache), false)
10 FCPATH\index.php(67): CodeIgniter\CodeIgniter->run()
ERROR - 2025-09-17 10:35:40 --> mysqli_sql_exception: Table 'monitoreo_2025_09.entidades' doesn't exist in D:\wamp\www\monitoreo3\system\Database\MySQLi\Connection.php:292
Stack trace:
#0 D:\wamp\www\monitoreo3\system\Database\MySQLi\Connection.php(292): mysqli->query('SELECT `enti_id...', 0)
#1 D:\wamp\www\monitoreo3\system\Database\BaseConnection.php(666): CodeIgniter\Database\MySQLi\Connection->execute('SELECT `enti_id...')
#2 D:\wamp\www\monitoreo3\system\Database\BaseConnection.php(593): CodeIgniter\Database\BaseConnection->simpleQuery('SELECT `enti_id...')
#3 D:\wamp\www\monitoreo3\system\Database\BaseBuilder.php(1585): CodeIgniter\Database\BaseConnection->query('SELECT `enti_id...', Array, false)
#4 D:\wamp\www\monitoreo3\app\Models\Generaldb.php(70): CodeIgniter\Database\BaseBuilder->get()
#5 D:\wamp\www\monitoreo3\app\Controllers\Administrador.php(1018): App\Models\Generaldb->selectSomeData('enti_ide \tas id...', 'entidades', false, 'enti_nombre')
#6 D:\wamp\www\monitoreo3\system\CodeIgniter.php(927): App\Controllers\Administrador->getUsuarios()
#7 D:\wamp\www\monitoreo3\system\CodeIgniter.php(482): CodeIgniter\CodeIgniter->runController(Object(App\Controllers\Administrador))
#8 D:\wamp\www\monitoreo3\system\CodeIgniter.php(351): CodeIgniter\CodeIgniter->handleRequest(NULL, Object(Config\Cache), false)
#9 D:\wamp\www\monitoreo3\index.php(67): CodeIgniter\CodeIgniter->run()
#10 {main}
CRITICAL - 2025-09-17 10:35:40 --> Table 'monitoreo_2025_09.entidades' doesn't exist
in SYSTEMPATH\Database\MySQLi\Connection.php on line 292.
 1 SYSTEMPATH\Database\MySQLi\Connection.php(292): mysqli->query('SELECT `enti_ide` as `ide`, `enti_nombre` as `nombre`
FROM `entidades`
ORDER BY `enti_nombre`', 0)
 2 SYSTEMPATH\Database\BaseConnection.php(666): CodeIgniter\Database\MySQLi\Connection->execute('SELECT `enti_ide` as `ide`, `enti_nombre` as `nombre`
FROM `entidades`
ORDER BY `enti_nombre`')
 3 SYSTEMPATH\Database\BaseConnection.php(593): CodeIgniter\Database\BaseConnection->simpleQuery('SELECT `enti_ide` as `ide`, `enti_nombre` as `nombre`
FROM `entidades`
ORDER BY `enti_nombre`')
 4 SYSTEMPATH\Database\BaseBuilder.php(1585): CodeIgniter\Database\BaseConnection->query('SELECT `enti_ide` as `ide`, `enti_nombre` as `nombre`
FROM `entidades`
ORDER BY `enti_nombre`', [], false)
 5 APPPATH\Models\Generaldb.php(70): CodeIgniter\Database\BaseBuilder->get()
 6 APPPATH\Controllers\Administrador.php(1018): App\Models\Generaldb->selectSomeData('enti_ide 	as ide,
		enti_nombre as nombre', 'entidades', false, 'enti_nombre')
 7 SYSTEMPATH\CodeIgniter.php(927): App\Controllers\Administrador->getUsuarios()
 8 SYSTEMPATH\CodeIgniter.php(482): CodeIgniter\CodeIgniter->runController(Object(App\Controllers\Administrador))
 9 SYSTEMPATH\CodeIgniter.php(351): CodeIgniter\CodeIgniter->handleRequest(null, Object(Config\Cache), false)
10 FCPATH\index.php(67): CodeIgniter\CodeIgniter->run()
ERROR - 2025-09-17 10:38:35 --> mysqli_sql_exception: Table 'monitoreo_2025_09.entidades' doesn't exist in D:\wamp\www\monitoreo3\system\Database\MySQLi\Connection.php:292
Stack trace:
#0 D:\wamp\www\monitoreo3\system\Database\MySQLi\Connection.php(292): mysqli->query('SELECT `enti_id...', 0)
#1 D:\wamp\www\monitoreo3\system\Database\BaseConnection.php(666): CodeIgniter\Database\MySQLi\Connection->execute('SELECT `enti_id...')
#2 D:\wamp\www\monitoreo3\system\Database\BaseConnection.php(593): CodeIgniter\Database\BaseConnection->simpleQuery('SELECT `enti_id...')
#3 D:\wamp\www\monitoreo3\system\Database\BaseBuilder.php(1585): CodeIgniter\Database\BaseConnection->query('SELECT `enti_id...', Array, false)
#4 D:\wamp\www\monitoreo3\app\Models\Generaldb.php(70): CodeIgniter\Database\BaseBuilder->get()
#5 D:\wamp\www\monitoreo3\app\Controllers\Administrador.php(1018): App\Models\Generaldb->selectSomeData('enti_ide \tas id...', 'entidades', false, 'enti_nombre')
#6 D:\wamp\www\monitoreo3\system\CodeIgniter.php(927): App\Controllers\Administrador->getUsuarios()
#7 D:\wamp\www\monitoreo3\system\CodeIgniter.php(482): CodeIgniter\CodeIgniter->runController(Object(App\Controllers\Administrador))
#8 D:\wamp\www\monitoreo3\system\CodeIgniter.php(351): CodeIgniter\CodeIgniter->handleRequest(NULL, Object(Config\Cache), false)
#9 D:\wamp\www\monitoreo3\index.php(67): CodeIgniter\CodeIgniter->run()
#10 {main}
CRITICAL - 2025-09-17 10:38:35 --> Table 'monitoreo_2025_09.entidades' doesn't exist
in SYSTEMPATH\Database\MySQLi\Connection.php on line 292.
 1 SYSTEMPATH\Database\MySQLi\Connection.php(292): mysqli->query('SELECT `enti_ide` as `ide`, `enti_nombre` as `nombre`
FROM `entidades`
ORDER BY `enti_nombre`', 0)
 2 SYSTEMPATH\Database\BaseConnection.php(666): CodeIgniter\Database\MySQLi\Connection->execute('SELECT `enti_ide` as `ide`, `enti_nombre` as `nombre`
FROM `entidades`
ORDER BY `enti_nombre`')
 3 SYSTEMPATH\Database\BaseConnection.php(593): CodeIgniter\Database\BaseConnection->simpleQuery('SELECT `enti_ide` as `ide`, `enti_nombre` as `nombre`
FROM `entidades`
ORDER BY `enti_nombre`')
 4 SYSTEMPATH\Database\BaseBuilder.php(1585): CodeIgniter\Database\BaseConnection->query('SELECT `enti_ide` as `ide`, `enti_nombre` as `nombre`
FROM `entidades`
ORDER BY `enti_nombre`', [], false)
 5 APPPATH\Models\Generaldb.php(70): CodeIgniter\Database\BaseBuilder->get()
 6 APPPATH\Controllers\Administrador.php(1018): App\Models\Generaldb->selectSomeData('enti_ide 	as ide,
		enti_nombre as nombre', 'entidades', false, 'enti_nombre')
 7 SYSTEMPATH\CodeIgniter.php(927): App\Controllers\Administrador->getUsuarios()
 8 SYSTEMPATH\CodeIgniter.php(482): CodeIgniter\CodeIgniter->runController(Object(App\Controllers\Administrador))
 9 SYSTEMPATH\CodeIgniter.php(351): CodeIgniter\CodeIgniter->handleRequest(null, Object(Config\Cache), false)
10 FCPATH\index.php(67): CodeIgniter\CodeIgniter->run()
