CRITICAL - 2024-07-11 15:15:48 --> Undefined array key 0
in APPPATH/Controllers/Informes2.php on line 73.
 1 APPPATH/Controllers/Informes2.php(73): CodeIgniter\Debug\Exceptions->errorHandler(2, 'Undefined array key 0', 'APPPATH/Controllers/Informes2.php', 73)
 2 SYSTEMPATH/CodeIgniter.php(927): App\Controllers\Informes2->getInformesUGEL()
 3 SYSTEMPATH/CodeIgniter.php(482): CodeIgniter\CodeIgniter->runController(Object(App\Controllers\Informes2))
 4 SYSTEMPATH/CodeIgniter.php(351): CodeIgniter\CodeIgniter->handleRequest(null, Object(Config\Cache), false)
 5 FCPATH/index.php(67): CodeIgniter\CodeIgniter->run()
CRITICAL - 2024-07-11 15:26:50 --> Undefined array key 0
in APPPATH/Controllers/Informes2.php on line 73.
 1 APPPATH/Controllers/Informes2.php(73): CodeIgniter\Debug\Exceptions->errorHandler(2, 'Undefined array key 0', 'APPPATH/Controllers/Informes2.php', 73)
 2 SYSTEMPATH/CodeIgniter.php(927): App\Controllers\Informes2->getInformesUGEL()
 3 SYSTEMPATH/CodeIgniter.php(482): CodeIgniter\CodeIgniter->runController(Object(App\Controllers\Informes2))
 4 SYSTEMPATH/CodeIgniter.php(351): CodeIgniter\CodeIgniter->handleRequest(null, Object(Config\Cache), false)
 5 FCPATH/index.php(67): CodeIgniter\CodeIgniter->run()
CRITICAL - 2024-07-11 15:28:06 --> Undefined array key 0
in APPPATH/Controllers/Informes2.php on line 362.
 1 APPPATH/Controllers/Informes2.php(362): CodeIgniter\Debug\Exceptions->errorHandler(2, 'Undefined array key 0', 'APPPATH/Controllers/Informes2.php', 362)
 2 SYSTEMPATH/CodeIgniter.php(927): App\Controllers\Informes2->getCumple()
 3 SYSTEMPATH/CodeIgniter.php(482): CodeIgniter\CodeIgniter->runController(Object(App\Controllers\Informes2))
 4 SYSTEMPATH/CodeIgniter.php(351): CodeIgniter\CodeIgniter->handleRequest(null, Object(Config\Cache), false)
 5 FCPATH/index.php(67): CodeIgniter\CodeIgniter->run()
CRITICAL - 2024-07-11 15:28:11 --> Undefined array key 0
in APPPATH/Controllers/Evaluacion.php on line 1038.
 1 APPPATH/Controllers/Evaluacion.php(1038): CodeIgniter\Debug\Exceptions->errorHandler(2, 'Undefined array key 0', 'APPPATH/Controllers/Evaluacion.php', 1038)
 2 SYSTEMPATH/CodeIgniter.php(927): App\Controllers\Evaluacion->getGraficoAvanceIIEE()
 3 SYSTEMPATH/CodeIgniter.php(482): CodeIgniter\CodeIgniter->runController(Object(App\Controllers\Evaluacion))
 4 SYSTEMPATH/CodeIgniter.php(351): CodeIgniter\CodeIgniter->handleRequest(null, Object(Config\Cache), false)
 5 FCPATH/index.php(67): CodeIgniter\CodeIgniter->run()
CRITICAL - 2024-07-11 15:28:15 --> Undefined array key 0
in APPPATH/Controllers/Evaluacion.php on line 1096.
 1 APPPATH/Controllers/Evaluacion.php(1096): CodeIgniter\Debug\Exceptions->errorHandler(2, 'Undefined array key 0', 'APPPATH/Controllers/Evaluacion.php', 1096)
 2 SYSTEMPATH/CodeIgniter.php(927): App\Controllers\Evaluacion->getListadoAvanceUgel()
 3 SYSTEMPATH/CodeIgniter.php(482): CodeIgniter\CodeIgniter->runController(Object(App\Controllers\Evaluacion))
 4 SYSTEMPATH/CodeIgniter.php(351): CodeIgniter\CodeIgniter->handleRequest(null, Object(Config\Cache), false)
 5 FCPATH/index.php(67): CodeIgniter\CodeIgniter->run()
CRITICAL - 2024-07-11 15:28:21 --> Undefined array key 0
in APPPATH/Controllers/Evaluacion.php on line 1198.
 1 APPPATH/Controllers/Evaluacion.php(1198): CodeIgniter\Debug\Exceptions->errorHandler(2, 'Undefined array key 0', 'APPPATH/Controllers/Evaluacion.php', 1198)
 2 SYSTEMPATH/CodeIgniter.php(927): App\Controllers\Evaluacion->getCuadroComparativoUgel()
 3 SYSTEMPATH/CodeIgniter.php(482): CodeIgniter\CodeIgniter->runController(Object(App\Controllers\Evaluacion))
 4 SYSTEMPATH/CodeIgniter.php(351): CodeIgniter\CodeIgniter->handleRequest(null, Object(Config\Cache), false)
 5 FCPATH/index.php(67): CodeIgniter\CodeIgniter->run()
