CRITICAL - 2024-01-08 07:23:19 --> Undefined array key 0
in APPPATH\Controllers\Evaluacion.php on line 39.
 1 APPPATH\Controllers\Evaluacion.php(39): CodeIgniter\Debug\Exceptions->errorHandler(2, 'Undefined array key 0', 'APPPATH\\Controllers\\Evaluacion.php', 39)
 2 SYSTEMPATH\CodeIgniter.php(927): App\Controllers\Evaluacion->getIndex()
 3 SYSTEMPATH\CodeIgniter.php(482): CodeIgniter\CodeIgniter->runController(Object(App\Controllers\Evaluacion))
 4 SYSTEMPATH\CodeIgniter.php(351): CodeIgniter\CodeIgniter->handleRequest(null, Object(Config\Cache), false)
 5 FCPATH\index.php(67): CodeIgniter\CodeIgniter->run()
CRITICAL - 2024-01-08 12:10:24 --> Undefined array key 0
in APPPATH\Views\informes2\vinformes.php on line 31.
 1 APPPATH\Views\informes2\vinformes.php(31): CodeIgniter\Debug\Exceptions->errorHandler(2, 'Undefined array key 0', 'APPPATH\\Views\\informes2\\vinformes.php', 31)
 2 SYSTEMPATH\View\View.php(213): include('APPPATH\\Views\\informes2\\vinformes.php')
 3 SYSTEMPATH\View\View.php(216): CodeIgniter\View\View->CodeIgniter\View\{closure}()
 4 SYSTEMPATH\Common.php(1134): CodeIgniter\View\View->render('informes2/vinformes', [], true)
 5 APPPATH\Controllers\Informes2.php(51): view('informes2/vinformes', [...])
 6 SYSTEMPATH\CodeIgniter.php(927): App\Controllers\Informes2->getInformesUGEL()
 7 SYSTEMPATH\CodeIgniter.php(482): CodeIgniter\CodeIgniter->runController(Object(App\Controllers\Informes2))
 8 SYSTEMPATH\CodeIgniter.php(351): CodeIgniter\CodeIgniter->handleRequest(null, Object(Config\Cache), false)
 9 FCPATH\index.php(67): CodeIgniter\CodeIgniter->run()
CRITICAL - 2024-01-08 12:15:50 --> Undefined variable $usua_ide
in APPPATH\Controllers\Informes2.php on line 30.
 1 APPPATH\Controllers\Informes2.php(30): CodeIgniter\Debug\Exceptions->errorHandler(2, 'Undefined variable $usua_ide', 'APPPATH\\Controllers\\Informes2.php', 30)
 2 SYSTEMPATH\CodeIgniter.php(927): App\Controllers\Informes2->getInformesUgelDre()
 3 SYSTEMPATH\CodeIgniter.php(482): CodeIgniter\CodeIgniter->runController(Object(App\Controllers\Informes2))
 4 SYSTEMPATH\CodeIgniter.php(351): CodeIgniter\CodeIgniter->handleRequest(null, Object(Config\Cache), false)
 5 FCPATH\index.php(67): CodeIgniter\CodeIgniter->run()
CRITICAL - 2024-01-08 12:16:00 --> Undefined variable $usua_ide
in APPPATH\Controllers\Informes2.php on line 30.
 1 APPPATH\Controllers\Informes2.php(30): CodeIgniter\Debug\Exceptions->errorHandler(2, 'Undefined variable $usua_ide', 'APPPATH\\Controllers\\Informes2.php', 30)
 2 SYSTEMPATH\CodeIgniter.php(927): App\Controllers\Informes2->getInformesUgelDre()
 3 SYSTEMPATH\CodeIgniter.php(482): CodeIgniter\CodeIgniter->runController(Object(App\Controllers\Informes2))
 4 SYSTEMPATH\CodeIgniter.php(351): CodeIgniter\CodeIgniter->handleRequest(null, Object(Config\Cache), false)
 5 FCPATH\index.php(67): CodeIgniter\CodeIgniter->run()
CRITICAL - 2024-01-08 12:17:19 --> Undefined array key 0
in APPPATH\Views\informes2\vinformesud.php on line 31.
 1 APPPATH\Views\informes2\vinformesud.php(31): CodeIgniter\Debug\Exceptions->errorHandler(2, 'Undefined array key 0', 'APPPATH\\Views\\informes2\\vinformesud.php', 31)
 2 SYSTEMPATH\View\View.php(213): include('APPPATH\\Views\\informes2\\vinformesud.php')
 3 SYSTEMPATH\View\View.php(216): CodeIgniter\View\View->CodeIgniter\View\{closure}()
 4 SYSTEMPATH\Common.php(1134): CodeIgniter\View\View->render('informes2/vinformesud', [], true)
 5 APPPATH\Controllers\Informes2.php(46): view('informes2/vinformesud', [...])
 6 SYSTEMPATH\CodeIgniter.php(927): App\Controllers\Informes2->getInformesUgelDre()
 7 SYSTEMPATH\CodeIgniter.php(482): CodeIgniter\CodeIgniter->runController(Object(App\Controllers\Informes2))
 8 SYSTEMPATH\CodeIgniter.php(351): CodeIgniter\CodeIgniter->handleRequest(null, Object(Config\Cache), false)
 9 FCPATH\index.php(67): CodeIgniter\CodeIgniter->run()
CRITICAL - 2024-01-08 12:27:18 --> Undefined array key 0
in APPPATH\Views\informes2\vinformesud.php on line 31.
 1 APPPATH\Views\informes2\vinformesud.php(31): CodeIgniter\Debug\Exceptions->errorHandler(2, 'Undefined array key 0', 'APPPATH\\Views\\informes2\\vinformesud.php', 31)
 2 SYSTEMPATH\View\View.php(213): include('APPPATH\\Views\\informes2\\vinformesud.php')
 3 SYSTEMPATH\View\View.php(216): CodeIgniter\View\View->CodeIgniter\View\{closure}()
 4 SYSTEMPATH\Common.php(1134): CodeIgniter\View\View->render('informes2/vinformesud', [], true)
 5 APPPATH\Controllers\Informes2.php(46): view('informes2/vinformesud', [...])
 6 SYSTEMPATH\CodeIgniter.php(927): App\Controllers\Informes2->getInformesUgelDre()
 7 SYSTEMPATH\CodeIgniter.php(482): CodeIgniter\CodeIgniter->runController(Object(App\Controllers\Informes2))
 8 SYSTEMPATH\CodeIgniter.php(351): CodeIgniter\CodeIgniter->handleRequest(null, Object(Config\Cache), false)
 9 FCPATH\index.php(67): CodeIgniter\CodeIgniter->run()
CRITICAL - 2024-01-08 12:27:25 --> Undefined array key 0
in APPPATH\Views\informes2\vinformesud.php on line 31.
 1 APPPATH\Views\informes2\vinformesud.php(31): CodeIgniter\Debug\Exceptions->errorHandler(2, 'Undefined array key 0', 'APPPATH\\Views\\informes2\\vinformesud.php', 31)
 2 SYSTEMPATH\View\View.php(213): include('APPPATH\\Views\\informes2\\vinformesud.php')
 3 SYSTEMPATH\View\View.php(216): CodeIgniter\View\View->CodeIgniter\View\{closure}()
 4 SYSTEMPATH\Common.php(1134): CodeIgniter\View\View->render('informes2/vinformesud', [], true)
 5 APPPATH\Controllers\Informes2.php(46): view('informes2/vinformesud', [...])
 6 SYSTEMPATH\CodeIgniter.php(927): App\Controllers\Informes2->getInformesUgelDre()
 7 SYSTEMPATH\CodeIgniter.php(482): CodeIgniter\CodeIgniter->runController(Object(App\Controllers\Informes2))
 8 SYSTEMPATH\CodeIgniter.php(351): CodeIgniter\CodeIgniter->handleRequest(null, Object(Config\Cache), false)
 9 FCPATH\index.php(67): CodeIgniter\CodeIgniter->run()
CRITICAL - 2024-01-08 15:05:33 --> Undefined array key "Field"
in APPPATH\Libraries\Lgrilla.php on line 158.
 1 APPPATH\Libraries\Lgrilla.php(158): CodeIgniter\Debug\Exceptions->errorHandler(2, 'Undefined array key "Field"', 'APPPATH\\Libraries\\Lgrilla.php', 158)
 2 APPPATH\Libraries\Lgrilla.php(239): App\Libraries\Lgrilla->getData(10, 1, 'D:\\wamp\\www\\simondrep')
 3 APPPATH\Controllers\Informes2.php(588): App\Libraries\Lgrilla->mostrarGrilla('grilla_informes')
 4 SYSTEMPATH\CodeIgniter.php(927): App\Controllers\Informes2->getCumpleInfoUgel()
 5 SYSTEMPATH\CodeIgniter.php(482): CodeIgniter\CodeIgniter->runController(Object(App\Controllers\Informes2))
 6 SYSTEMPATH\CodeIgniter.php(351): CodeIgniter\CodeIgniter->handleRequest(null, Object(Config\Cache), false)
 7 FCPATH\index.php(67): CodeIgniter\CodeIgniter->run()
CRITICAL - 2024-01-08 15:05:39 --> Undefined array key "Field"
in APPPATH\Libraries\Lgrilla.php on line 158.
 1 APPPATH\Libraries\Lgrilla.php(158): CodeIgniter\Debug\Exceptions->errorHandler(2, 'Undefined array key "Field"', 'APPPATH\\Libraries\\Lgrilla.php', 158)
 2 APPPATH\Libraries\Lgrilla.php(239): App\Libraries\Lgrilla->getData(10, 1, 'D:\\wamp\\www\\simondrep')
 3 APPPATH\Controllers\Informes2.php(588): App\Libraries\Lgrilla->mostrarGrilla('grilla_informes')
 4 SYSTEMPATH\CodeIgniter.php(927): App\Controllers\Informes2->getCumpleInfoUgel()
 5 SYSTEMPATH\CodeIgniter.php(482): CodeIgniter\CodeIgniter->runController(Object(App\Controllers\Informes2))
 6 SYSTEMPATH\CodeIgniter.php(351): CodeIgniter\CodeIgniter->handleRequest(null, Object(Config\Cache), false)
 7 FCPATH\index.php(67): CodeIgniter\CodeIgniter->run()
