ERROR - 2025-01-12 08:27:55 --> mysqli_sql_exception: You have an error in your SQL syntax; check the manual that corresponds to your MySQL server version for the right syntax to use near 'AND
                `arch_anio` = 2024 AND
                arch_anexo = 1' at line 5 in /home/customer/www/xurainc.com/public_html/monitoreo/system/Database/MySQLi/Connection.php:292
Stack trace:
#0 /home/customer/www/xurainc.com/public_html/monitoreo/system/Database/MySQLi/Connection.php(292): mysqli->query('SELECT *\nFROM `...', 0)
#1 /home/customer/www/xurainc.com/public_html/monitoreo/system/Database/BaseConnection.php(666): CodeIgniter\Database\MySQLi\Connection->execute('SELECT *\nFROM `...')
#2 /home/customer/www/xurainc.com/public_html/monitoreo/system/Database/BaseConnection.php(593): CodeIgniter\Database\BaseConnection->simpleQuery('SELECT *\nFROM `...')
#3 /home/customer/www/xurainc.com/public_html/monitoreo/system/Database/BaseBuilder.php(1585): CodeIgniter\Database\BaseConnection->query('SELECT *\nFROM `...', Array, false)
#4 /home/customer/www/xurainc.com/public_html/monitoreo/app/Models/Generaldb.php(70): CodeIgniter\Database\BaseBuilder->get()
#5 /home/customer/www/xurainc.com/public_html/monitoreo/app/Controllers/Anexos2024.php(29): App\Models\Generaldb->selectSomeData('*', '2024_archivos,e...', '\r\n             ...')
#6 /home/customer/www/xurainc.com/public_html/monitoreo/app/Controllers/Anexos2024.php(71): App\Controllers\Anexos2024->anexos(2024, 1, Array, '/anexos2024/ane...', Array)
#7 /home/customer/www/xurainc.com/public_html/monitoreo/system/CodeIgniter.php(927): App\Controllers\Anexos2024->getAnexo1()
#8 /home/customer/www/xurainc.com/public_html/monitoreo/system/CodeIgniter.php(482): CodeIgniter\CodeIgniter->runController(Object(App\Controllers\Anexos2024))
#9 /home/customer/www/xurainc.com/public_html/monitoreo/system/CodeIgniter.php(351): CodeIgniter\CodeIgniter->handleRequest(NULL, Object(Config\Cache), false)
#10 /home/customer/www/xurainc.com/public_html/monitoreo/index.php(67): CodeIgniter\CodeIgniter->run()
#11 {main}
CRITICAL - 2025-01-12 08:27:55 --> You have an error in your SQL syntax; check the manual that corresponds to your MySQL server version for the right syntax to use near 'AND
                `arch_anio` = 2024 AND
                arch_anexo = 1' at line 5
in SYSTEMPATH/Database/MySQLi/Connection.php on line 292.
 1 SYSTEMPATH/Database/MySQLi/Connection.php(292): mysqli->query('SELECT *
FROM `2024_archivos`, `estados` `e`
WHERE 
                arch_esta_ide = e.esta_ide AND
                `arch_iiee_ide` =  AND
                `arch_anio` = 2024 AND
                arch_anexo = 1
            ', 0)
 2 SYSTEMPATH/Database/BaseConnection.php(666): CodeIgniter\Database\MySQLi\Connection->execute('SELECT *
FROM `2024_archivos`, `estados` `e`
WHERE 
                arch_esta_ide = e.esta_ide AND
                `arch_iiee_ide` =  AND
                `arch_anio` = 2024 AND
                arch_anexo = 1
            ')
 3 SYSTEMPATH/Database/BaseConnection.php(593): CodeIgniter\Database\BaseConnection->simpleQuery('SELECT *
FROM `2024_archivos`, `estados` `e`
WHERE 
                arch_esta_ide = e.esta_ide AND
                `arch_iiee_ide` =  AND
                `arch_anio` = 2024 AND
                arch_anexo = 1
            ')
 4 SYSTEMPATH/Database/BaseBuilder.php(1585): CodeIgniter\Database\BaseConnection->query('SELECT *
FROM `2024_archivos`, `estados` `e`
WHERE 
                arch_esta_ide = e.esta_ide AND
                `arch_iiee_ide` =  AND
                `arch_anio` = 2024 AND
                arch_anexo = 1
            ', [], false)
 5 APPPATH/Models/Generaldb.php(70): CodeIgniter\Database\BaseBuilder->get()
 6 APPPATH/Controllers/Anexos2024.php(29): App\Models\Generaldb->selectSomeData('*', '2024_archivos,estados e', '
                arch_esta_ide = e.esta_ide AND
                arch_iiee_ide =  AND
                arch_anio = 2024 AND
                arch_anexo = 1
            ')
 7 APPPATH/Controllers/Anexos2024.php(71): App\Controllers\Anexos2024->anexos(2024, 1, [...], '/anexos2024/anexo1', [...])
 8 SYSTEMPATH/CodeIgniter.php(927): App\Controllers\Anexos2024->getAnexo1()
 9 SYSTEMPATH/CodeIgniter.php(482): CodeIgniter\CodeIgniter->runController(Object(App\Controllers\Anexos2024))
10 SYSTEMPATH/CodeIgniter.php(351): CodeIgniter\CodeIgniter->handleRequest(null, Object(Config\Cache), false)
11 FCPATH/index.php(67): CodeIgniter\CodeIgniter->run()
ERROR - 2025-01-12 15:46:02 --> mysqli_sql_exception: You have an error in your SQL syntax; check the manual that corresponds to your MySQL server version for the right syntax to use near 'AND
                `arch_anio` = 2024 AND
                arch_anexo = 1' at line 5 in /home/customer/www/xurainc.com/public_html/monitoreo/system/Database/MySQLi/Connection.php:292
Stack trace:
#0 /home/customer/www/xurainc.com/public_html/monitoreo/system/Database/MySQLi/Connection.php(292): mysqli->query('SELECT *\nFROM `...', 0)
#1 /home/customer/www/xurainc.com/public_html/monitoreo/system/Database/BaseConnection.php(666): CodeIgniter\Database\MySQLi\Connection->execute('SELECT *\nFROM `...')
#2 /home/customer/www/xurainc.com/public_html/monitoreo/system/Database/BaseConnection.php(593): CodeIgniter\Database\BaseConnection->simpleQuery('SELECT *\nFROM `...')
#3 /home/customer/www/xurainc.com/public_html/monitoreo/system/Database/BaseBuilder.php(1585): CodeIgniter\Database\BaseConnection->query('SELECT *\nFROM `...', Array, false)
#4 /home/customer/www/xurainc.com/public_html/monitoreo/app/Models/Generaldb.php(70): CodeIgniter\Database\BaseBuilder->get()
#5 /home/customer/www/xurainc.com/public_html/monitoreo/app/Controllers/Anexos2024.php(29): App\Models\Generaldb->selectSomeData('*', '2024_archivos,e...', '\r\n             ...')
#6 /home/customer/www/xurainc.com/public_html/monitoreo/app/Controllers/Anexos2024.php(71): App\Controllers\Anexos2024->anexos(2024, 1, Array, '/anexos2024/ane...', Array)
#7 /home/customer/www/xurainc.com/public_html/monitoreo/system/CodeIgniter.php(927): App\Controllers\Anexos2024->getAnexo1()
#8 /home/customer/www/xurainc.com/public_html/monitoreo/system/CodeIgniter.php(482): CodeIgniter\CodeIgniter->runController(Object(App\Controllers\Anexos2024))
#9 /home/customer/www/xurainc.com/public_html/monitoreo/system/CodeIgniter.php(351): CodeIgniter\CodeIgniter->handleRequest(NULL, Object(Config\Cache), false)
#10 /home/customer/www/xurainc.com/public_html/monitoreo/index.php(67): CodeIgniter\CodeIgniter->run()
#11 {main}
CRITICAL - 2025-01-12 15:46:02 --> You have an error in your SQL syntax; check the manual that corresponds to your MySQL server version for the right syntax to use near 'AND
                `arch_anio` = 2024 AND
                arch_anexo = 1' at line 5
in SYSTEMPATH/Database/MySQLi/Connection.php on line 292.
 1 SYSTEMPATH/Database/MySQLi/Connection.php(292): mysqli->query('SELECT *
FROM `2024_archivos`, `estados` `e`
WHERE 
                arch_esta_ide = e.esta_ide AND
                `arch_iiee_ide` =  AND
                `arch_anio` = 2024 AND
                arch_anexo = 1
            ', 0)
 2 SYSTEMPATH/Database/BaseConnection.php(666): CodeIgniter\Database\MySQLi\Connection->execute('SELECT *
FROM `2024_archivos`, `estados` `e`
WHERE 
                arch_esta_ide = e.esta_ide AND
                `arch_iiee_ide` =  AND
                `arch_anio` = 2024 AND
                arch_anexo = 1
            ')
 3 SYSTEMPATH/Database/BaseConnection.php(593): CodeIgniter\Database\BaseConnection->simpleQuery('SELECT *
FROM `2024_archivos`, `estados` `e`
WHERE 
                arch_esta_ide = e.esta_ide AND
                `arch_iiee_ide` =  AND
                `arch_anio` = 2024 AND
                arch_anexo = 1
            ')
 4 SYSTEMPATH/Database/BaseBuilder.php(1585): CodeIgniter\Database\BaseConnection->query('SELECT *
FROM `2024_archivos`, `estados` `e`
WHERE 
                arch_esta_ide = e.esta_ide AND
                `arch_iiee_ide` =  AND
                `arch_anio` = 2024 AND
                arch_anexo = 1
            ', [], false)
 5 APPPATH/Models/Generaldb.php(70): CodeIgniter\Database\BaseBuilder->get()
 6 APPPATH/Controllers/Anexos2024.php(29): App\Models\Generaldb->selectSomeData('*', '2024_archivos,estados e', '
                arch_esta_ide = e.esta_ide AND
                arch_iiee_ide =  AND
                arch_anio = 2024 AND
                arch_anexo = 1
            ')
 7 APPPATH/Controllers/Anexos2024.php(71): App\Controllers\Anexos2024->anexos(2024, 1, [...], '/anexos2024/anexo1', [...])
 8 SYSTEMPATH/CodeIgniter.php(927): App\Controllers\Anexos2024->getAnexo1()
 9 SYSTEMPATH/CodeIgniter.php(482): CodeIgniter\CodeIgniter->runController(Object(App\Controllers\Anexos2024))
10 SYSTEMPATH/CodeIgniter.php(351): CodeIgniter\CodeIgniter->handleRequest(null, Object(Config\Cache), false)
11 FCPATH/index.php(67): CodeIgniter\CodeIgniter->run()
ERROR - 2025-01-12 15:52:14 --> mysqli_sql_exception: You have an error in your SQL syntax; check the manual that corresponds to your MySQL server version for the right syntax to use near 'AND
                `arch_anio` = 2024 AND
                arch_anexo = 2' at line 5 in /home/customer/www/xurainc.com/public_html/monitoreo/system/Database/MySQLi/Connection.php:292
Stack trace:
#0 /home/customer/www/xurainc.com/public_html/monitoreo/system/Database/MySQLi/Connection.php(292): mysqli->query('SELECT *\nFROM `...', 0)
#1 /home/customer/www/xurainc.com/public_html/monitoreo/system/Database/BaseConnection.php(666): CodeIgniter\Database\MySQLi\Connection->execute('SELECT *\nFROM `...')
#2 /home/customer/www/xurainc.com/public_html/monitoreo/system/Database/BaseConnection.php(593): CodeIgniter\Database\BaseConnection->simpleQuery('SELECT *\nFROM `...')
#3 /home/customer/www/xurainc.com/public_html/monitoreo/system/Database/BaseBuilder.php(1585): CodeIgniter\Database\BaseConnection->query('SELECT *\nFROM `...', Array, false)
#4 /home/customer/www/xurainc.com/public_html/monitoreo/app/Models/Generaldb.php(70): CodeIgniter\Database\BaseBuilder->get()
#5 /home/customer/www/xurainc.com/public_html/monitoreo/app/Controllers/Anexos2024.php(29): App\Models\Generaldb->selectSomeData('*', '2024_archivos,e...', '\r\n             ...')
#6 /home/customer/www/xurainc.com/public_html/monitoreo/app/Controllers/Anexos2024.php(81): App\Controllers\Anexos2024->anexos(2024, 2, Array, '/anexos2024/ane...', Array)
#7 /home/customer/www/xurainc.com/public_html/monitoreo/system/CodeIgniter.php(927): App\Controllers\Anexos2024->getAnexo2()
#8 /home/customer/www/xurainc.com/public_html/monitoreo/system/CodeIgniter.php(482): CodeIgniter\CodeIgniter->runController(Object(App\Controllers\Anexos2024))
#9 /home/customer/www/xurainc.com/public_html/monitoreo/system/CodeIgniter.php(351): CodeIgniter\CodeIgniter->handleRequest(NULL, Object(Config\Cache), false)
#10 /home/customer/www/xurainc.com/public_html/monitoreo/index.php(67): CodeIgniter\CodeIgniter->run()
#11 {main}
CRITICAL - 2025-01-12 15:52:14 --> You have an error in your SQL syntax; check the manual that corresponds to your MySQL server version for the right syntax to use near 'AND
                `arch_anio` = 2024 AND
                arch_anexo = 2' at line 5
in SYSTEMPATH/Database/MySQLi/Connection.php on line 292.
 1 SYSTEMPATH/Database/MySQLi/Connection.php(292): mysqli->query('SELECT *
FROM `2024_archivos`, `estados` `e`
WHERE 
                arch_esta_ide = e.esta_ide AND
                `arch_iiee_ide` =  AND
                `arch_anio` = 2024 AND
                arch_anexo = 2
            ', 0)
 2 SYSTEMPATH/Database/BaseConnection.php(666): CodeIgniter\Database\MySQLi\Connection->execute('SELECT *
FROM `2024_archivos`, `estados` `e`
WHERE 
                arch_esta_ide = e.esta_ide AND
                `arch_iiee_ide` =  AND
                `arch_anio` = 2024 AND
                arch_anexo = 2
            ')
 3 SYSTEMPATH/Database/BaseConnection.php(593): CodeIgniter\Database\BaseConnection->simpleQuery('SELECT *
FROM `2024_archivos`, `estados` `e`
WHERE 
                arch_esta_ide = e.esta_ide AND
                `arch_iiee_ide` =  AND
                `arch_anio` = 2024 AND
                arch_anexo = 2
            ')
 4 SYSTEMPATH/Database/BaseBuilder.php(1585): CodeIgniter\Database\BaseConnection->query('SELECT *
FROM `2024_archivos`, `estados` `e`
WHERE 
                arch_esta_ide = e.esta_ide AND
                `arch_iiee_ide` =  AND
                `arch_anio` = 2024 AND
                arch_anexo = 2
            ', [], false)
 5 APPPATH/Models/Generaldb.php(70): CodeIgniter\Database\BaseBuilder->get()
 6 APPPATH/Controllers/Anexos2024.php(29): App\Models\Generaldb->selectSomeData('*', '2024_archivos,estados e', '
                arch_esta_ide = e.esta_ide AND
                arch_iiee_ide =  AND
                arch_anio = 2024 AND
                arch_anexo = 2
            ')
 7 APPPATH/Controllers/Anexos2024.php(81): App\Controllers\Anexos2024->anexos(2024, 2, [...], '/anexos2024/anexo2', [...])
 8 SYSTEMPATH/CodeIgniter.php(927): App\Controllers\Anexos2024->getAnexo2()
 9 SYSTEMPATH/CodeIgniter.php(482): CodeIgniter\CodeIgniter->runController(Object(App\Controllers\Anexos2024))
10 SYSTEMPATH/CodeIgniter.php(351): CodeIgniter\CodeIgniter->handleRequest(null, Object(Config\Cache), false)
11 FCPATH/index.php(67): CodeIgniter\CodeIgniter->run()
ERROR - 2025-01-12 17:38:43 --> mysqli_sql_exception: You have an error in your SQL syntax; check the manual that corresponds to your MySQL server version for the right syntax to use near 'AND
                `arch_anio` = 2024 AND
                arch_anexo = 3' at line 5 in /home/customer/www/xurainc.com/public_html/monitoreo/system/Database/MySQLi/Connection.php:292
Stack trace:
#0 /home/customer/www/xurainc.com/public_html/monitoreo/system/Database/MySQLi/Connection.php(292): mysqli->query('SELECT *\nFROM `...', 0)
#1 /home/customer/www/xurainc.com/public_html/monitoreo/system/Database/BaseConnection.php(666): CodeIgniter\Database\MySQLi\Connection->execute('SELECT *\nFROM `...')
#2 /home/customer/www/xurainc.com/public_html/monitoreo/system/Database/BaseConnection.php(593): CodeIgniter\Database\BaseConnection->simpleQuery('SELECT *\nFROM `...')
#3 /home/customer/www/xurainc.com/public_html/monitoreo/system/Database/BaseBuilder.php(1585): CodeIgniter\Database\BaseConnection->query('SELECT *\nFROM `...', Array, false)
#4 /home/customer/www/xurainc.com/public_html/monitoreo/app/Models/Generaldb.php(70): CodeIgniter\Database\BaseBuilder->get()
#5 /home/customer/www/xurainc.com/public_html/monitoreo/app/Controllers/Anexos2024.php(29): App\Models\Generaldb->selectSomeData('*', '2024_archivos,e...', '\r\n             ...')
#6 /home/customer/www/xurainc.com/public_html/monitoreo/app/Controllers/Anexos2024.php(91): App\Controllers\Anexos2024->anexos(2024, 3, Array, '/anexos2024/ane...', Array)
#7 /home/customer/www/xurainc.com/public_html/monitoreo/system/CodeIgniter.php(927): App\Controllers\Anexos2024->getAnexo3()
#8 /home/customer/www/xurainc.com/public_html/monitoreo/system/CodeIgniter.php(482): CodeIgniter\CodeIgniter->runController(Object(App\Controllers\Anexos2024))
#9 /home/customer/www/xurainc.com/public_html/monitoreo/system/CodeIgniter.php(351): CodeIgniter\CodeIgniter->handleRequest(NULL, Object(Config\Cache), false)
#10 /home/customer/www/xurainc.com/public_html/monitoreo/index.php(67): CodeIgniter\CodeIgniter->run()
#11 {main}
CRITICAL - 2025-01-12 17:38:43 --> You have an error in your SQL syntax; check the manual that corresponds to your MySQL server version for the right syntax to use near 'AND
                `arch_anio` = 2024 AND
                arch_anexo = 3' at line 5
in SYSTEMPATH/Database/MySQLi/Connection.php on line 292.
 1 SYSTEMPATH/Database/MySQLi/Connection.php(292): mysqli->query('SELECT *
FROM `2024_archivos`, `estados` `e`
WHERE 
                arch_esta_ide = e.esta_ide AND
                `arch_iiee_ide` =  AND
                `arch_anio` = 2024 AND
                arch_anexo = 3
            ', 0)
 2 SYSTEMPATH/Database/BaseConnection.php(666): CodeIgniter\Database\MySQLi\Connection->execute('SELECT *
FROM `2024_archivos`, `estados` `e`
WHERE 
                arch_esta_ide = e.esta_ide AND
                `arch_iiee_ide` =  AND
                `arch_anio` = 2024 AND
                arch_anexo = 3
            ')
 3 SYSTEMPATH/Database/BaseConnection.php(593): CodeIgniter\Database\BaseConnection->simpleQuery('SELECT *
FROM `2024_archivos`, `estados` `e`
WHERE 
                arch_esta_ide = e.esta_ide AND
                `arch_iiee_ide` =  AND
                `arch_anio` = 2024 AND
                arch_anexo = 3
            ')
 4 SYSTEMPATH/Database/BaseBuilder.php(1585): CodeIgniter\Database\BaseConnection->query('SELECT *
FROM `2024_archivos`, `estados` `e`
WHERE 
                arch_esta_ide = e.esta_ide AND
                `arch_iiee_ide` =  AND
                `arch_anio` = 2024 AND
                arch_anexo = 3
            ', [], false)
 5 APPPATH/Models/Generaldb.php(70): CodeIgniter\Database\BaseBuilder->get()
 6 APPPATH/Controllers/Anexos2024.php(29): App\Models\Generaldb->selectSomeData('*', '2024_archivos,estados e', '
                arch_esta_ide = e.esta_ide AND
                arch_iiee_ide =  AND
                arch_anio = 2024 AND
                arch_anexo = 3
            ')
 7 APPPATH/Controllers/Anexos2024.php(91): App\Controllers\Anexos2024->anexos(2024, 3, [...], '/anexos2024/anexo3', [...])
 8 SYSTEMPATH/CodeIgniter.php(927): App\Controllers\Anexos2024->getAnexo3()
 9 SYSTEMPATH/CodeIgniter.php(482): CodeIgniter\CodeIgniter->runController(Object(App\Controllers\Anexos2024))
10 SYSTEMPATH/CodeIgniter.php(351): CodeIgniter\CodeIgniter->handleRequest(null, Object(Config\Cache), false)
11 FCPATH/index.php(67): CodeIgniter\CodeIgniter->run()
ERROR - 2025-01-12 17:38:58 --> mysqli_sql_exception: You have an error in your SQL syntax; check the manual that corresponds to your MySQL server version for the right syntax to use near 'AND
                `arch_anio` = 2024 AND
                arch_anexo = 1' at line 5 in /home/customer/www/xurainc.com/public_html/monitoreo/system/Database/MySQLi/Connection.php:292
Stack trace:
#0 /home/customer/www/xurainc.com/public_html/monitoreo/system/Database/MySQLi/Connection.php(292): mysqli->query('SELECT *\nFROM `...', 0)
#1 /home/customer/www/xurainc.com/public_html/monitoreo/system/Database/BaseConnection.php(666): CodeIgniter\Database\MySQLi\Connection->execute('SELECT *\nFROM `...')
#2 /home/customer/www/xurainc.com/public_html/monitoreo/system/Database/BaseConnection.php(593): CodeIgniter\Database\BaseConnection->simpleQuery('SELECT *\nFROM `...')
#3 /home/customer/www/xurainc.com/public_html/monitoreo/system/Database/BaseBuilder.php(1585): CodeIgniter\Database\BaseConnection->query('SELECT *\nFROM `...', Array, false)
#4 /home/customer/www/xurainc.com/public_html/monitoreo/app/Models/Generaldb.php(70): CodeIgniter\Database\BaseBuilder->get()
#5 /home/customer/www/xurainc.com/public_html/monitoreo/app/Controllers/Anexos2024.php(29): App\Models\Generaldb->selectSomeData('*', '2024_archivos,e...', '\r\n             ...')
#6 /home/customer/www/xurainc.com/public_html/monitoreo/app/Controllers/Anexos2024.php(71): App\Controllers\Anexos2024->anexos(2024, 1, Array, '/anexos2024/ane...', Array)
#7 /home/customer/www/xurainc.com/public_html/monitoreo/system/CodeIgniter.php(927): App\Controllers\Anexos2024->getAnexo1()
#8 /home/customer/www/xurainc.com/public_html/monitoreo/system/CodeIgniter.php(482): CodeIgniter\CodeIgniter->runController(Object(App\Controllers\Anexos2024))
#9 /home/customer/www/xurainc.com/public_html/monitoreo/system/CodeIgniter.php(351): CodeIgniter\CodeIgniter->handleRequest(NULL, Object(Config\Cache), false)
#10 /home/customer/www/xurainc.com/public_html/monitoreo/index.php(67): CodeIgniter\CodeIgniter->run()
#11 {main}
CRITICAL - 2025-01-12 17:38:58 --> You have an error in your SQL syntax; check the manual that corresponds to your MySQL server version for the right syntax to use near 'AND
                `arch_anio` = 2024 AND
                arch_anexo = 1' at line 5
in SYSTEMPATH/Database/MySQLi/Connection.php on line 292.
 1 SYSTEMPATH/Database/MySQLi/Connection.php(292): mysqli->query('SELECT *
FROM `2024_archivos`, `estados` `e`
WHERE 
                arch_esta_ide = e.esta_ide AND
                `arch_iiee_ide` =  AND
                `arch_anio` = 2024 AND
                arch_anexo = 1
            ', 0)
 2 SYSTEMPATH/Database/BaseConnection.php(666): CodeIgniter\Database\MySQLi\Connection->execute('SELECT *
FROM `2024_archivos`, `estados` `e`
WHERE 
                arch_esta_ide = e.esta_ide AND
                `arch_iiee_ide` =  AND
                `arch_anio` = 2024 AND
                arch_anexo = 1
            ')
 3 SYSTEMPATH/Database/BaseConnection.php(593): CodeIgniter\Database\BaseConnection->simpleQuery('SELECT *
FROM `2024_archivos`, `estados` `e`
WHERE 
                arch_esta_ide = e.esta_ide AND
                `arch_iiee_ide` =  AND
                `arch_anio` = 2024 AND
                arch_anexo = 1
            ')
 4 SYSTEMPATH/Database/BaseBuilder.php(1585): CodeIgniter\Database\BaseConnection->query('SELECT *
FROM `2024_archivos`, `estados` `e`
WHERE 
                arch_esta_ide = e.esta_ide AND
                `arch_iiee_ide` =  AND
                `arch_anio` = 2024 AND
                arch_anexo = 1
            ', [], false)
 5 APPPATH/Models/Generaldb.php(70): CodeIgniter\Database\BaseBuilder->get()
 6 APPPATH/Controllers/Anexos2024.php(29): App\Models\Generaldb->selectSomeData('*', '2024_archivos,estados e', '
                arch_esta_ide = e.esta_ide AND
                arch_iiee_ide =  AND
                arch_anio = 2024 AND
                arch_anexo = 1
            ')
 7 APPPATH/Controllers/Anexos2024.php(71): App\Controllers\Anexos2024->anexos(2024, 1, [...], '/anexos2024/anexo1', [...])
 8 SYSTEMPATH/CodeIgniter.php(927): App\Controllers\Anexos2024->getAnexo1()
 9 SYSTEMPATH/CodeIgniter.php(482): CodeIgniter\CodeIgniter->runController(Object(App\Controllers\Anexos2024))
10 SYSTEMPATH/CodeIgniter.php(351): CodeIgniter\CodeIgniter->handleRequest(null, Object(Config\Cache), false)
11 FCPATH/index.php(67): CodeIgniter\CodeIgniter->run()
ERROR - 2025-01-12 17:40:25 --> mysqli_sql_exception: You have an error in your SQL syntax; check the manual that corresponds to your MySQL server version for the right syntax to use near 'AND
                `arch_anio` = 2024 AND
                arch_anexo = 5' at line 5 in /home/customer/www/xurainc.com/public_html/monitoreo/system/Database/MySQLi/Connection.php:292
Stack trace:
#0 /home/customer/www/xurainc.com/public_html/monitoreo/system/Database/MySQLi/Connection.php(292): mysqli->query('SELECT *\nFROM `...', 0)
#1 /home/customer/www/xurainc.com/public_html/monitoreo/system/Database/BaseConnection.php(666): CodeIgniter\Database\MySQLi\Connection->execute('SELECT *\nFROM `...')
#2 /home/customer/www/xurainc.com/public_html/monitoreo/system/Database/BaseConnection.php(593): CodeIgniter\Database\BaseConnection->simpleQuery('SELECT *\nFROM `...')
#3 /home/customer/www/xurainc.com/public_html/monitoreo/system/Database/BaseBuilder.php(1585): CodeIgniter\Database\BaseConnection->query('SELECT *\nFROM `...', Array, false)
#4 /home/customer/www/xurainc.com/public_html/monitoreo/app/Models/Generaldb.php(70): CodeIgniter\Database\BaseBuilder->get()
#5 /home/customer/www/xurainc.com/public_html/monitoreo/app/Controllers/Anexos2024.php(29): App\Models\Generaldb->selectSomeData('*', '2024_archivos,e...', '\r\n             ...')
#6 /home/customer/www/xurainc.com/public_html/monitoreo/app/Controllers/Anexos2024.php(111): App\Controllers\Anexos2024->anexos(2024, 5, Array, '/anexos2024/ane...', Array)
#7 /home/customer/www/xurainc.com/public_html/monitoreo/system/CodeIgniter.php(927): App\Controllers\Anexos2024->getAnexo5()
#8 /home/customer/www/xurainc.com/public_html/monitoreo/system/CodeIgniter.php(482): CodeIgniter\CodeIgniter->runController(Object(App\Controllers\Anexos2024))
#9 /home/customer/www/xurainc.com/public_html/monitoreo/system/CodeIgniter.php(351): CodeIgniter\CodeIgniter->handleRequest(NULL, Object(Config\Cache), false)
#10 /home/customer/www/xurainc.com/public_html/monitoreo/index.php(67): CodeIgniter\CodeIgniter->run()
#11 {main}
CRITICAL - 2025-01-12 17:40:25 --> You have an error in your SQL syntax; check the manual that corresponds to your MySQL server version for the right syntax to use near 'AND
                `arch_anio` = 2024 AND
                arch_anexo = 5' at line 5
in SYSTEMPATH/Database/MySQLi/Connection.php on line 292.
 1 SYSTEMPATH/Database/MySQLi/Connection.php(292): mysqli->query('SELECT *
FROM `2024_archivos`, `estados` `e`
WHERE 
                arch_esta_ide = e.esta_ide AND
                `arch_iiee_ide` =  AND
                `arch_anio` = 2024 AND
                arch_anexo = 5
            ', 0)
 2 SYSTEMPATH/Database/BaseConnection.php(666): CodeIgniter\Database\MySQLi\Connection->execute('SELECT *
FROM `2024_archivos`, `estados` `e`
WHERE 
                arch_esta_ide = e.esta_ide AND
                `arch_iiee_ide` =  AND
                `arch_anio` = 2024 AND
                arch_anexo = 5
            ')
 3 SYSTEMPATH/Database/BaseConnection.php(593): CodeIgniter\Database\BaseConnection->simpleQuery('SELECT *
FROM `2024_archivos`, `estados` `e`
WHERE 
                arch_esta_ide = e.esta_ide AND
                `arch_iiee_ide` =  AND
                `arch_anio` = 2024 AND
                arch_anexo = 5
            ')
 4 SYSTEMPATH/Database/BaseBuilder.php(1585): CodeIgniter\Database\BaseConnection->query('SELECT *
FROM `2024_archivos`, `estados` `e`
WHERE 
                arch_esta_ide = e.esta_ide AND
                `arch_iiee_ide` =  AND
                `arch_anio` = 2024 AND
                arch_anexo = 5
            ', [], false)
 5 APPPATH/Models/Generaldb.php(70): CodeIgniter\Database\BaseBuilder->get()
 6 APPPATH/Controllers/Anexos2024.php(29): App\Models\Generaldb->selectSomeData('*', '2024_archivos,estados e', '
                arch_esta_ide = e.esta_ide AND
                arch_iiee_ide =  AND
                arch_anio = 2024 AND
                arch_anexo = 5
            ')
 7 APPPATH/Controllers/Anexos2024.php(111): App\Controllers\Anexos2024->anexos(2024, 5, [...], '/anexos2024/anexo5', [...])
 8 SYSTEMPATH/CodeIgniter.php(927): App\Controllers\Anexos2024->getAnexo5()
 9 SYSTEMPATH/CodeIgniter.php(482): CodeIgniter\CodeIgniter->runController(Object(App\Controllers\Anexos2024))
10 SYSTEMPATH/CodeIgniter.php(351): CodeIgniter\CodeIgniter->handleRequest(null, Object(Config\Cache), false)
11 FCPATH/index.php(67): CodeIgniter\CodeIgniter->run()
ERROR - 2025-01-12 17:40:39 --> mysqli_sql_exception: You have an error in your SQL syntax; check the manual that corresponds to your MySQL server version for the right syntax to use near 'AND
                `arch_anio` = 2024 AND
                arch_anexo = 7' at line 5 in /home/customer/www/xurainc.com/public_html/monitoreo/system/Database/MySQLi/Connection.php:292
Stack trace:
#0 /home/customer/www/xurainc.com/public_html/monitoreo/system/Database/MySQLi/Connection.php(292): mysqli->query('SELECT *\nFROM `...', 0)
#1 /home/customer/www/xurainc.com/public_html/monitoreo/system/Database/BaseConnection.php(666): CodeIgniter\Database\MySQLi\Connection->execute('SELECT *\nFROM `...')
#2 /home/customer/www/xurainc.com/public_html/monitoreo/system/Database/BaseConnection.php(593): CodeIgniter\Database\BaseConnection->simpleQuery('SELECT *\nFROM `...')
#3 /home/customer/www/xurainc.com/public_html/monitoreo/system/Database/BaseBuilder.php(1585): CodeIgniter\Database\BaseConnection->query('SELECT *\nFROM `...', Array, false)
#4 /home/customer/www/xurainc.com/public_html/monitoreo/app/Models/Generaldb.php(70): CodeIgniter\Database\BaseBuilder->get()
#5 /home/customer/www/xurainc.com/public_html/monitoreo/app/Controllers/Anexos2024.php(29): App\Models\Generaldb->selectSomeData('*', '2024_archivos,e...', '\r\n             ...')
#6 /home/customer/www/xurainc.com/public_html/monitoreo/app/Controllers/Anexos2024.php(131): App\Controllers\Anexos2024->anexos(2024, 7, Array, '/anexos2024/ane...', Array)
#7 /home/customer/www/xurainc.com/public_html/monitoreo/system/CodeIgniter.php(927): App\Controllers\Anexos2024->getAnexo7()
#8 /home/customer/www/xurainc.com/public_html/monitoreo/system/CodeIgniter.php(482): CodeIgniter\CodeIgniter->runController(Object(App\Controllers\Anexos2024))
#9 /home/customer/www/xurainc.com/public_html/monitoreo/system/CodeIgniter.php(351): CodeIgniter\CodeIgniter->handleRequest(NULL, Object(Config\Cache), false)
#10 /home/customer/www/xurainc.com/public_html/monitoreo/index.php(67): CodeIgniter\CodeIgniter->run()
#11 {main}
CRITICAL - 2025-01-12 17:40:39 --> You have an error in your SQL syntax; check the manual that corresponds to your MySQL server version for the right syntax to use near 'AND
                `arch_anio` = 2024 AND
                arch_anexo = 7' at line 5
in SYSTEMPATH/Database/MySQLi/Connection.php on line 292.
 1 SYSTEMPATH/Database/MySQLi/Connection.php(292): mysqli->query('SELECT *
FROM `2024_archivos`, `estados` `e`
WHERE 
                arch_esta_ide = e.esta_ide AND
                `arch_iiee_ide` =  AND
                `arch_anio` = 2024 AND
                arch_anexo = 7
            ', 0)
 2 SYSTEMPATH/Database/BaseConnection.php(666): CodeIgniter\Database\MySQLi\Connection->execute('SELECT *
FROM `2024_archivos`, `estados` `e`
WHERE 
                arch_esta_ide = e.esta_ide AND
                `arch_iiee_ide` =  AND
                `arch_anio` = 2024 AND
                arch_anexo = 7
            ')
 3 SYSTEMPATH/Database/BaseConnection.php(593): CodeIgniter\Database\BaseConnection->simpleQuery('SELECT *
FROM `2024_archivos`, `estados` `e`
WHERE 
                arch_esta_ide = e.esta_ide AND
                `arch_iiee_ide` =  AND
                `arch_anio` = 2024 AND
                arch_anexo = 7
            ')
 4 SYSTEMPATH/Database/BaseBuilder.php(1585): CodeIgniter\Database\BaseConnection->query('SELECT *
FROM `2024_archivos`, `estados` `e`
WHERE 
                arch_esta_ide = e.esta_ide AND
                `arch_iiee_ide` =  AND
                `arch_anio` = 2024 AND
                arch_anexo = 7
            ', [], false)
 5 APPPATH/Models/Generaldb.php(70): CodeIgniter\Database\BaseBuilder->get()
 6 APPPATH/Controllers/Anexos2024.php(29): App\Models\Generaldb->selectSomeData('*', '2024_archivos,estados e', '
                arch_esta_ide = e.esta_ide AND
                arch_iiee_ide =  AND
                arch_anio = 2024 AND
                arch_anexo = 7
            ')
 7 APPPATH/Controllers/Anexos2024.php(131): App\Controllers\Anexos2024->anexos(2024, 7, [...], '/anexos2024/anexo7', [...])
 8 SYSTEMPATH/CodeIgniter.php(927): App\Controllers\Anexos2024->getAnexo7()
 9 SYSTEMPATH/CodeIgniter.php(482): CodeIgniter\CodeIgniter->runController(Object(App\Controllers\Anexos2024))
10 SYSTEMPATH/CodeIgniter.php(351): CodeIgniter\CodeIgniter->handleRequest(null, Object(Config\Cache), false)
11 FCPATH/index.php(67): CodeIgniter\CodeIgniter->run()
