CRITICAL - 2025-12-22 21:12:19 --> Cannot use object of type stdClass as array
in APPPATH\Controllers\Anexos2025.php on line 60.
 1 SYSTEMPATH\CodeIgniter.php(927): App\Controllers\Anexos2025->getAnexo1u()
 2 SYSTEMPATH\CodeIgniter.php(482): CodeIgniter\CodeIgniter->runController(Object(App\Controllers\Anexos2025))
 3 SYSTEMPATH\CodeIgniter.php(351): CodeIgniter\CodeIgniter->handleRequest(null, Object(Config\Cache), false)
 4 FCPATH\index.php(67): CodeIgniter\CodeIgniter->run()
CRITICAL - 2025-12-22 21:20:51 --> Undefined property: stdClass::$reg
in APPPATH\Controllers\Anexos2025.php on line 69.
 1 APPPATH\Controllers\Anexos2025.php(69): CodeIgniter\Debug\Exceptions->errorHandler(2, 'Undefined property: stdClass::$reg', 'APPPATH\\Controllers\\Anexos2025.php', 69)
 2 SYSTEMPATH\CodeIgniter.php(927): App\Controllers\Anexos2025->getAnexo1u()
 3 SYSTEMPATH\CodeIgniter.php(482): CodeIgniter\CodeIgniter->runController(Object(App\Controllers\Anexos2025))
 4 SYSTEMPATH\CodeIgniter.php(351): CodeIgniter\CodeIgniter->handleRequest(null, Object(Config\Cache), false)
 5 FCPATH\index.php(67): CodeIgniter\CodeIgniter->run()
CRITICAL - 2025-12-22 21:21:00 --> Undefined property: stdClass::$reg
in APPPATH\Controllers\Anexos2025.php on line 69.
 1 APPPATH\Controllers\Anexos2025.php(69): CodeIgniter\Debug\Exceptions->errorHandler(2, 'Undefined property: stdClass::$reg', 'APPPATH\\Controllers\\Anexos2025.php', 69)
 2 SYSTEMPATH\CodeIgniter.php(927): App\Controllers\Anexos2025->getAnexo1u()
 3 SYSTEMPATH\CodeIgniter.php(482): CodeIgniter\CodeIgniter->runController(Object(App\Controllers\Anexos2025))
 4 SYSTEMPATH\CodeIgniter.php(351): CodeIgniter\CodeIgniter->handleRequest(null, Object(Config\Cache), false)
 5 FCPATH\index.php(67): CodeIgniter\CodeIgniter->run()
CRITICAL - 2025-12-22 21:21:47 --> Undefined array key "id"
in APPPATH\Libraries\Componente.php on line 114.
 1 APPPATH\Libraries\Componente.php(114): CodeIgniter\Debug\Exceptions->errorHandler(2, 'Undefined array key "id"', 'APPPATH\\Libraries\\Componente.php', 114)
 2 APPPATH\Controllers\Anexos2025.php(71): App\Libraries\Componente::Select('moda_1', 'Modalidad', [...], 'primary', 'true', null, 'D:\\wamp\\www\\monitoreo3', 'D:\\wamp\\www\\monitoreo3')
 3 SYSTEMPATH\CodeIgniter.php(927): App\Controllers\Anexos2025->getAnexo1u()
 4 SYSTEMPATH\CodeIgniter.php(482): CodeIgniter\CodeIgniter->runController(Object(App\Controllers\Anexos2025))
 5 SYSTEMPATH\CodeIgniter.php(351): CodeIgniter\CodeIgniter->handleRequest(null, Object(Config\Cache), false)
 6 FCPATH\index.php(67): CodeIgniter\CodeIgniter->run()
ERROR - 2025-12-22 21:41:47 --> mysqli_sql_exception: Unknown column 'd.a1ud_a1um_txt' in 'field list' in D:\wamp\www\monitoreo3\system\Database\MySQLi\Connection.php:292
Stack trace:
#0 D:\wamp\www\monitoreo3\system\Database\MySQLi\Connection.php(292): mysqli->query('SELECT `s`.`a1u...', 0)
#1 D:\wamp\www\monitoreo3\system\Database\BaseConnection.php(666): CodeIgniter\Database\MySQLi\Connection->execute('SELECT `s`.`a1u...')
#2 D:\wamp\www\monitoreo3\system\Database\BaseConnection.php(593): CodeIgniter\Database\BaseConnection->simpleQuery('SELECT `s`.`a1u...')
#3 D:\wamp\www\monitoreo3\system\Database\BaseBuilder.php(1585): CodeIgniter\Database\BaseConnection->query('SELECT `s`.`a1u...', Array, false)
#4 D:\wamp\www\monitoreo3\app\Models\Generaldb.php(111): CodeIgniter\Database\BaseBuilder->get()
#5 D:\wamp\www\monitoreo3\app\Controllers\Anexos2025.php(38): App\Models\Generaldb->selectSomeDataJoin('\r\n             ...', '2025_a1u_data d', false, false, false, false, Array)
#6 D:\wamp\www\monitoreo3\system\CodeIgniter.php(927): App\Controllers\Anexos2025->getAnexo1u()
#7 D:\wamp\www\monitoreo3\system\CodeIgniter.php(482): CodeIgniter\CodeIgniter->runController(Object(App\Controllers\Anexos2025))
#8 D:\wamp\www\monitoreo3\system\CodeIgniter.php(351): CodeIgniter\CodeIgniter->handleRequest(NULL, Object(Config\Cache), false)
#9 D:\wamp\www\monitoreo3\index.php(67): CodeIgniter\CodeIgniter->run()
#10 {main}
CRITICAL - 2025-12-22 21:41:47 --> Unknown column 'd.a1ud_a1um_txt' in 'field list'
in SYSTEMPATH\Database\MySQLi\Connection.php on line 292.
 1 SYSTEMPATH\Database\MySQLi\Connection.php(292): mysqli->query('SELECT `s`.`a1us_ide`, `s`.`a1us_accion`, `s`.`a1us_actividad`, `s`.`a1us_producto`, `s`.`a1us_responsable`, `s`.`a1us_recurso`, `d`.`a1ud_a1um_txt`, `d`.`a1ud_a1uc_txt`
FROM `2025_a1u_data` `d`
RIGHT JOIN `2025_a1u_struct` `s` ON `d`.`a1ud_a1us_ide` = `s`.`a1us_ide` AND `d`.`a1ud_iiee_ide` = 10001', 0)
 2 SYSTEMPATH\Database\BaseConnection.php(666): CodeIgniter\Database\MySQLi\Connection->execute('SELECT `s`.`a1us_ide`, `s`.`a1us_accion`, `s`.`a1us_actividad`, `s`.`a1us_producto`, `s`.`a1us_responsable`, `s`.`a1us_recurso`, `d`.`a1ud_a1um_txt`, `d`.`a1ud_a1uc_txt`
FROM `2025_a1u_data` `d`
RIGHT JOIN `2025_a1u_struct` `s` ON `d`.`a1ud_a1us_ide` = `s`.`a1us_ide` AND `d`.`a1ud_iiee_ide` = 10001')
 3 SYSTEMPATH\Database\BaseConnection.php(593): CodeIgniter\Database\BaseConnection->simpleQuery('SELECT `s`.`a1us_ide`, `s`.`a1us_accion`, `s`.`a1us_actividad`, `s`.`a1us_producto`, `s`.`a1us_responsable`, `s`.`a1us_recurso`, `d`.`a1ud_a1um_txt`, `d`.`a1ud_a1uc_txt`
FROM `2025_a1u_data` `d`
RIGHT JOIN `2025_a1u_struct` `s` ON `d`.`a1ud_a1us_ide` = `s`.`a1us_ide` AND `d`.`a1ud_iiee_ide` = 10001')
 4 SYSTEMPATH\Database\BaseBuilder.php(1585): CodeIgniter\Database\BaseConnection->query('SELECT `s`.`a1us_ide`, `s`.`a1us_accion`, `s`.`a1us_actividad`, `s`.`a1us_producto`, `s`.`a1us_responsable`, `s`.`a1us_recurso`, `d`.`a1ud_a1um_txt`, `d`.`a1ud_a1uc_txt`
FROM `2025_a1u_data` `d`
RIGHT JOIN `2025_a1u_struct` `s` ON `d`.`a1ud_a1us_ide` = `s`.`a1us_ide` AND `d`.`a1ud_iiee_ide` = 10001', [], false)
 5 APPPATH\Models\Generaldb.php(111): CodeIgniter\Database\BaseBuilder->get()
 6 APPPATH\Controllers\Anexos2025.php(38): App\Models\Generaldb->selectSomeDataJoin('
                s.a1us_ide,
                s.a1us_accion,
                s.a1us_actividad,
                s.a1us_producto,
                s.a1us_responsable,
                s.a1us_recurso,
                d.a1ud_a1um_txt,
                d.a1ud_a1uc_txt
            ', '2025_a1u_data d', false, false, false, false, [...])
 7 SYSTEMPATH\CodeIgniter.php(927): App\Controllers\Anexos2025->getAnexo1u()
 8 SYSTEMPATH\CodeIgniter.php(482): CodeIgniter\CodeIgniter->runController(Object(App\Controllers\Anexos2025))
 9 SYSTEMPATH\CodeIgniter.php(351): CodeIgniter\CodeIgniter->handleRequest(null, Object(Config\Cache), false)
10 FCPATH\index.php(67): CodeIgniter\CodeIgniter->run()
ERROR - 2025-12-22 21:41:56 --> mysqli_sql_exception: Unknown column 'd.a1ud_a1um_txt' in 'field list' in D:\wamp\www\monitoreo3\system\Database\MySQLi\Connection.php:292
Stack trace:
#0 D:\wamp\www\monitoreo3\system\Database\MySQLi\Connection.php(292): mysqli->query('SELECT `s`.`a1u...', 0)
#1 D:\wamp\www\monitoreo3\system\Database\BaseConnection.php(666): CodeIgniter\Database\MySQLi\Connection->execute('SELECT `s`.`a1u...')
#2 D:\wamp\www\monitoreo3\system\Database\BaseConnection.php(593): CodeIgniter\Database\BaseConnection->simpleQuery('SELECT `s`.`a1u...')
#3 D:\wamp\www\monitoreo3\system\Database\BaseBuilder.php(1585): CodeIgniter\Database\BaseConnection->query('SELECT `s`.`a1u...', Array, false)
#4 D:\wamp\www\monitoreo3\app\Models\Generaldb.php(111): CodeIgniter\Database\BaseBuilder->get()
#5 D:\wamp\www\monitoreo3\app\Controllers\Anexos2025.php(38): App\Models\Generaldb->selectSomeDataJoin('\r\n             ...', '2025_a1u_data d', false, false, false, false, Array)
#6 D:\wamp\www\monitoreo3\system\CodeIgniter.php(927): App\Controllers\Anexos2025->getAnexo1u()
#7 D:\wamp\www\monitoreo3\system\CodeIgniter.php(482): CodeIgniter\CodeIgniter->runController(Object(App\Controllers\Anexos2025))
#8 D:\wamp\www\monitoreo3\system\CodeIgniter.php(351): CodeIgniter\CodeIgniter->handleRequest(NULL, Object(Config\Cache), false)
#9 D:\wamp\www\monitoreo3\index.php(67): CodeIgniter\CodeIgniter->run()
#10 {main}
CRITICAL - 2025-12-22 21:41:56 --> Unknown column 'd.a1ud_a1um_txt' in 'field list'
in SYSTEMPATH\Database\MySQLi\Connection.php on line 292.
 1 SYSTEMPATH\Database\MySQLi\Connection.php(292): mysqli->query('SELECT `s`.`a1us_ide`, `s`.`a1us_accion`, `s`.`a1us_actividad`, `s`.`a1us_producto`, `s`.`a1us_responsable`, `s`.`a1us_recurso`, `d`.`a1ud_a1um_txt`, `d`.`a1ud_a1uc_txt`
FROM `2025_a1u_data` `d`
RIGHT JOIN `2025_a1u_struct` `s` ON `d`.`a1ud_a1us_ide` = `s`.`a1us_ide` AND `d`.`a1ud_iiee_ide` = 10001', 0)
 2 SYSTEMPATH\Database\BaseConnection.php(666): CodeIgniter\Database\MySQLi\Connection->execute('SELECT `s`.`a1us_ide`, `s`.`a1us_accion`, `s`.`a1us_actividad`, `s`.`a1us_producto`, `s`.`a1us_responsable`, `s`.`a1us_recurso`, `d`.`a1ud_a1um_txt`, `d`.`a1ud_a1uc_txt`
FROM `2025_a1u_data` `d`
RIGHT JOIN `2025_a1u_struct` `s` ON `d`.`a1ud_a1us_ide` = `s`.`a1us_ide` AND `d`.`a1ud_iiee_ide` = 10001')
 3 SYSTEMPATH\Database\BaseConnection.php(593): CodeIgniter\Database\BaseConnection->simpleQuery('SELECT `s`.`a1us_ide`, `s`.`a1us_accion`, `s`.`a1us_actividad`, `s`.`a1us_producto`, `s`.`a1us_responsable`, `s`.`a1us_recurso`, `d`.`a1ud_a1um_txt`, `d`.`a1ud_a1uc_txt`
FROM `2025_a1u_data` `d`
RIGHT JOIN `2025_a1u_struct` `s` ON `d`.`a1ud_a1us_ide` = `s`.`a1us_ide` AND `d`.`a1ud_iiee_ide` = 10001')
 4 SYSTEMPATH\Database\BaseBuilder.php(1585): CodeIgniter\Database\BaseConnection->query('SELECT `s`.`a1us_ide`, `s`.`a1us_accion`, `s`.`a1us_actividad`, `s`.`a1us_producto`, `s`.`a1us_responsable`, `s`.`a1us_recurso`, `d`.`a1ud_a1um_txt`, `d`.`a1ud_a1uc_txt`
FROM `2025_a1u_data` `d`
RIGHT JOIN `2025_a1u_struct` `s` ON `d`.`a1ud_a1us_ide` = `s`.`a1us_ide` AND `d`.`a1ud_iiee_ide` = 10001', [], false)
 5 APPPATH\Models\Generaldb.php(111): CodeIgniter\Database\BaseBuilder->get()
 6 APPPATH\Controllers\Anexos2025.php(38): App\Models\Generaldb->selectSomeDataJoin('
                s.a1us_ide,
                s.a1us_accion,
                s.a1us_actividad,
                s.a1us_producto,
                s.a1us_responsable,
                s.a1us_recurso,
                d.a1ud_a1um_txt,
                d.a1ud_a1uc_txt
            ', '2025_a1u_data d', false, false, false, false, [...])
 7 SYSTEMPATH\CodeIgniter.php(927): App\Controllers\Anexos2025->getAnexo1u()
 8 SYSTEMPATH\CodeIgniter.php(482): CodeIgniter\CodeIgniter->runController(Object(App\Controllers\Anexos2025))
 9 SYSTEMPATH\CodeIgniter.php(351): CodeIgniter\CodeIgniter->handleRequest(null, Object(Config\Cache), false)
10 FCPATH\index.php(67): CodeIgniter\CodeIgniter->run()
ERROR - 2025-12-22 21:42:37 --> mysqli_sql_exception: Unknown column 'd.a1ud_a1um_txt' in 'field list' in D:\wamp\www\monitoreo3\system\Database\MySQLi\Connection.php:292
Stack trace:
#0 D:\wamp\www\monitoreo3\system\Database\MySQLi\Connection.php(292): mysqli->query('SELECT `s`.`a1u...', 0)
#1 D:\wamp\www\monitoreo3\system\Database\BaseConnection.php(666): CodeIgniter\Database\MySQLi\Connection->execute('SELECT `s`.`a1u...')
#2 D:\wamp\www\monitoreo3\system\Database\BaseConnection.php(593): CodeIgniter\Database\BaseConnection->simpleQuery('SELECT `s`.`a1u...')
#3 D:\wamp\www\monitoreo3\system\Database\BaseBuilder.php(1585): CodeIgniter\Database\BaseConnection->query('SELECT `s`.`a1u...', Array, false)
#4 D:\wamp\www\monitoreo3\app\Models\Generaldb.php(111): CodeIgniter\Database\BaseBuilder->get()
#5 D:\wamp\www\monitoreo3\app\Controllers\Anexos2025.php(38): App\Models\Generaldb->selectSomeDataJoin('\r\n             ...', '2025_a1u_data d', false, false, false, false, Array)
#6 D:\wamp\www\monitoreo3\system\CodeIgniter.php(927): App\Controllers\Anexos2025->getAnexo1u()
#7 D:\wamp\www\monitoreo3\system\CodeIgniter.php(482): CodeIgniter\CodeIgniter->runController(Object(App\Controllers\Anexos2025))
#8 D:\wamp\www\monitoreo3\system\CodeIgniter.php(351): CodeIgniter\CodeIgniter->handleRequest(NULL, Object(Config\Cache), false)
#9 D:\wamp\www\monitoreo3\index.php(67): CodeIgniter\CodeIgniter->run()
#10 {main}
CRITICAL - 2025-12-22 21:42:37 --> Unknown column 'd.a1ud_a1um_txt' in 'field list'
in SYSTEMPATH\Database\MySQLi\Connection.php on line 292.
 1 SYSTEMPATH\Database\MySQLi\Connection.php(292): mysqli->query('SELECT `s`.`a1us_ide`, `s`.`a1us_accion`, `s`.`a1us_actividad`, `s`.`a1us_producto`, `s`.`a1us_responsable`, `s`.`a1us_recurso`, `d`.`a1ud_a1um_txt`, `d`.`a1ud_a1uc_txt`
FROM `2025_a1u_data` `d`
RIGHT JOIN `2025_a1u_struct` `s` ON `d`.`a1ud_a1us_ide` = `s`.`a1us_ide` AND `d`.`a1ud_iiee_ide` = 10001', 0)
 2 SYSTEMPATH\Database\BaseConnection.php(666): CodeIgniter\Database\MySQLi\Connection->execute('SELECT `s`.`a1us_ide`, `s`.`a1us_accion`, `s`.`a1us_actividad`, `s`.`a1us_producto`, `s`.`a1us_responsable`, `s`.`a1us_recurso`, `d`.`a1ud_a1um_txt`, `d`.`a1ud_a1uc_txt`
FROM `2025_a1u_data` `d`
RIGHT JOIN `2025_a1u_struct` `s` ON `d`.`a1ud_a1us_ide` = `s`.`a1us_ide` AND `d`.`a1ud_iiee_ide` = 10001')
 3 SYSTEMPATH\Database\BaseConnection.php(593): CodeIgniter\Database\BaseConnection->simpleQuery('SELECT `s`.`a1us_ide`, `s`.`a1us_accion`, `s`.`a1us_actividad`, `s`.`a1us_producto`, `s`.`a1us_responsable`, `s`.`a1us_recurso`, `d`.`a1ud_a1um_txt`, `d`.`a1ud_a1uc_txt`
FROM `2025_a1u_data` `d`
RIGHT JOIN `2025_a1u_struct` `s` ON `d`.`a1ud_a1us_ide` = `s`.`a1us_ide` AND `d`.`a1ud_iiee_ide` = 10001')
 4 SYSTEMPATH\Database\BaseBuilder.php(1585): CodeIgniter\Database\BaseConnection->query('SELECT `s`.`a1us_ide`, `s`.`a1us_accion`, `s`.`a1us_actividad`, `s`.`a1us_producto`, `s`.`a1us_responsable`, `s`.`a1us_recurso`, `d`.`a1ud_a1um_txt`, `d`.`a1ud_a1uc_txt`
FROM `2025_a1u_data` `d`
RIGHT JOIN `2025_a1u_struct` `s` ON `d`.`a1ud_a1us_ide` = `s`.`a1us_ide` AND `d`.`a1ud_iiee_ide` = 10001', [], false)
 5 APPPATH\Models\Generaldb.php(111): CodeIgniter\Database\BaseBuilder->get()
 6 APPPATH\Controllers\Anexos2025.php(38): App\Models\Generaldb->selectSomeDataJoin('
                s.a1us_ide,
                s.a1us_accion,
                s.a1us_actividad,
                s.a1us_producto,
                s.a1us_responsable,
                s.a1us_recurso,
                d.a1ud_a1um_txt,
                d.a1ud_a1uc_txt
            ', '2025_a1u_data d', false, false, false, false, [...])
 7 SYSTEMPATH\CodeIgniter.php(927): App\Controllers\Anexos2025->getAnexo1u()
 8 SYSTEMPATH\CodeIgniter.php(482): CodeIgniter\CodeIgniter->runController(Object(App\Controllers\Anexos2025))
 9 SYSTEMPATH\CodeIgniter.php(351): CodeIgniter\CodeIgniter->handleRequest(null, Object(Config\Cache), false)
10 FCPATH\index.php(67): CodeIgniter\CodeIgniter->run()
ERROR - 2025-12-22 21:42:45 --> mysqli_sql_exception: Unknown column 'd.a1ud_a1um_txt' in 'field list' in D:\wamp\www\monitoreo3\system\Database\MySQLi\Connection.php:292
Stack trace:
#0 D:\wamp\www\monitoreo3\system\Database\MySQLi\Connection.php(292): mysqli->query('SELECT `s`.`a1u...', 0)
#1 D:\wamp\www\monitoreo3\system\Database\BaseConnection.php(666): CodeIgniter\Database\MySQLi\Connection->execute('SELECT `s`.`a1u...')
#2 D:\wamp\www\monitoreo3\system\Database\BaseConnection.php(593): CodeIgniter\Database\BaseConnection->simpleQuery('SELECT `s`.`a1u...')
#3 D:\wamp\www\monitoreo3\system\Database\BaseBuilder.php(1585): CodeIgniter\Database\BaseConnection->query('SELECT `s`.`a1u...', Array, false)
#4 D:\wamp\www\monitoreo3\app\Models\Generaldb.php(111): CodeIgniter\Database\BaseBuilder->get()
#5 D:\wamp\www\monitoreo3\app\Controllers\Anexos2025.php(38): App\Models\Generaldb->selectSomeDataJoin('\r\n             ...', '2025_a1u_data d', false, false, false, false, Array)
#6 D:\wamp\www\monitoreo3\system\CodeIgniter.php(927): App\Controllers\Anexos2025->getAnexo1u()
#7 D:\wamp\www\monitoreo3\system\CodeIgniter.php(482): CodeIgniter\CodeIgniter->runController(Object(App\Controllers\Anexos2025))
#8 D:\wamp\www\monitoreo3\system\CodeIgniter.php(351): CodeIgniter\CodeIgniter->handleRequest(NULL, Object(Config\Cache), false)
#9 D:\wamp\www\monitoreo3\index.php(67): CodeIgniter\CodeIgniter->run()
#10 {main}
CRITICAL - 2025-12-22 21:42:45 --> Unknown column 'd.a1ud_a1um_txt' in 'field list'
in SYSTEMPATH\Database\MySQLi\Connection.php on line 292.
 1 SYSTEMPATH\Database\MySQLi\Connection.php(292): mysqli->query('SELECT `s`.`a1us_ide`, `s`.`a1us_accion`, `s`.`a1us_actividad`, `s`.`a1us_producto`, `s`.`a1us_responsable`, `s`.`a1us_recurso`, `d`.`a1ud_a1um_txt`, `d`.`a1ud_a1uc_txt`
FROM `2025_a1u_data` `d`
RIGHT JOIN `2025_a1u_struct` `s` ON `d`.`a1ud_a1us_ide` = `s`.`a1us_ide` AND `d`.`a1ud_iiee_ide` = 10001', 0)
 2 SYSTEMPATH\Database\BaseConnection.php(666): CodeIgniter\Database\MySQLi\Connection->execute('SELECT `s`.`a1us_ide`, `s`.`a1us_accion`, `s`.`a1us_actividad`, `s`.`a1us_producto`, `s`.`a1us_responsable`, `s`.`a1us_recurso`, `d`.`a1ud_a1um_txt`, `d`.`a1ud_a1uc_txt`
FROM `2025_a1u_data` `d`
RIGHT JOIN `2025_a1u_struct` `s` ON `d`.`a1ud_a1us_ide` = `s`.`a1us_ide` AND `d`.`a1ud_iiee_ide` = 10001')
 3 SYSTEMPATH\Database\BaseConnection.php(593): CodeIgniter\Database\BaseConnection->simpleQuery('SELECT `s`.`a1us_ide`, `s`.`a1us_accion`, `s`.`a1us_actividad`, `s`.`a1us_producto`, `s`.`a1us_responsable`, `s`.`a1us_recurso`, `d`.`a1ud_a1um_txt`, `d`.`a1ud_a1uc_txt`
FROM `2025_a1u_data` `d`
RIGHT JOIN `2025_a1u_struct` `s` ON `d`.`a1ud_a1us_ide` = `s`.`a1us_ide` AND `d`.`a1ud_iiee_ide` = 10001')
 4 SYSTEMPATH\Database\BaseBuilder.php(1585): CodeIgniter\Database\BaseConnection->query('SELECT `s`.`a1us_ide`, `s`.`a1us_accion`, `s`.`a1us_actividad`, `s`.`a1us_producto`, `s`.`a1us_responsable`, `s`.`a1us_recurso`, `d`.`a1ud_a1um_txt`, `d`.`a1ud_a1uc_txt`
FROM `2025_a1u_data` `d`
RIGHT JOIN `2025_a1u_struct` `s` ON `d`.`a1ud_a1us_ide` = `s`.`a1us_ide` AND `d`.`a1ud_iiee_ide` = 10001', [], false)
 5 APPPATH\Models\Generaldb.php(111): CodeIgniter\Database\BaseBuilder->get()
 6 APPPATH\Controllers\Anexos2025.php(38): App\Models\Generaldb->selectSomeDataJoin('
                s.a1us_ide,
                s.a1us_accion,
                s.a1us_actividad,
                s.a1us_producto,
                s.a1us_responsable,
                s.a1us_recurso,
                d.a1ud_a1um_txt,
                d.a1ud_a1uc_txt
            ', '2025_a1u_data d', false, false, false, false, [...])
 7 SYSTEMPATH\CodeIgniter.php(927): App\Controllers\Anexos2025->getAnexo1u()
 8 SYSTEMPATH\CodeIgniter.php(482): CodeIgniter\CodeIgniter->runController(Object(App\Controllers\Anexos2025))
 9 SYSTEMPATH\CodeIgniter.php(351): CodeIgniter\CodeIgniter->handleRequest(null, Object(Config\Cache), false)
10 FCPATH\index.php(67): CodeIgniter\CodeIgniter->run()
CRITICAL - 2025-12-22 22:34:44 --> Call to undefined function App\Controllers\Boton()
in APPPATH\Controllers\Anexos2025.php on line 121.
 1 SYSTEMPATH\CodeIgniter.php(927): App\Controllers\Anexos2025->postAnexo1uData()
 2 SYSTEMPATH\CodeIgniter.php(482): CodeIgniter\CodeIgniter->runController(Object(App\Controllers\Anexos2025))
 3 SYSTEMPATH\CodeIgniter.php(351): CodeIgniter\CodeIgniter->handleRequest(null, Object(Config\Cache), false)
 4 FCPATH\index.php(67): CodeIgniter\CodeIgniter->run()
CRITICAL - 2025-12-22 23:42:24 --> Undefined property: stdClass::$a1us_accion
in APPPATH\Controllers\Anexos2025.php on line 270.
 1 APPPATH\Controllers\Anexos2025.php(270): CodeIgniter\Debug\Exceptions->errorHandler(2, 'Undefined property: stdClass::$a1us_accion', 'APPPATH\\Controllers\\Anexos2025.php', 270)
 2 SYSTEMPATH\CodeIgniter.php(927): App\Controllers\Anexos2025->postAnexo2aData()
 3 SYSTEMPATH\CodeIgniter.php(482): CodeIgniter\CodeIgniter->runController(Object(App\Controllers\Anexos2025))
 4 SYSTEMPATH\CodeIgniter.php(351): CodeIgniter\CodeIgniter->handleRequest(null, Object(Config\Cache), false)
 5 FCPATH\index.php(67): CodeIgniter\CodeIgniter->run()
CRITICAL - 2025-12-22 23:48:50 --> Undefined property: stdClass::$a1us_ide
in APPPATH\Controllers\Anexos2025.php on line 272.
 1 APPPATH\Controllers\Anexos2025.php(272): CodeIgniter\Debug\Exceptions->errorHandler(2, 'Undefined property: stdClass::$a1us_ide', 'APPPATH\\Controllers\\Anexos2025.php', 272)
 2 SYSTEMPATH\CodeIgniter.php(927): App\Controllers\Anexos2025->postAnexo2aData()
 3 SYSTEMPATH\CodeIgniter.php(482): CodeIgniter\CodeIgniter->runController(Object(App\Controllers\Anexos2025))
 4 SYSTEMPATH\CodeIgniter.php(351): CodeIgniter\CodeIgniter->handleRequest(null, Object(Config\Cache), false)
 5 FCPATH\index.php(67): CodeIgniter\CodeIgniter->run()
CRITICAL - 2025-12-22 23:49:57 --> Undefined property: stdClass::$a1us_ide
in APPPATH\Controllers\Anexos2025.php on line 272.
 1 APPPATH\Controllers\Anexos2025.php(272): CodeIgniter\Debug\Exceptions->errorHandler(2, 'Undefined property: stdClass::$a1us_ide', 'APPPATH\\Controllers\\Anexos2025.php', 272)
 2 SYSTEMPATH\CodeIgniter.php(927): App\Controllers\Anexos2025->postAnexo2aData()
 3 SYSTEMPATH\CodeIgniter.php(482): CodeIgniter\CodeIgniter->runController(Object(App\Controllers\Anexos2025))
 4 SYSTEMPATH\CodeIgniter.php(351): CodeIgniter\CodeIgniter->handleRequest(null, Object(Config\Cache), false)
 5 FCPATH\index.php(67): CodeIgniter\CodeIgniter->run()
CRITICAL - 2025-12-22 23:50:25 --> Undefined property: stdClass::$a2as_ide
in APPPATH\Controllers\Anexos2025.php on line 272.
 1 APPPATH\Controllers\Anexos2025.php(272): CodeIgniter\Debug\Exceptions->errorHandler(2, 'Undefined property: stdClass::$a2as_ide', 'APPPATH\\Controllers\\Anexos2025.php', 272)
 2 SYSTEMPATH\CodeIgniter.php(927): App\Controllers\Anexos2025->postAnexo2aData()
 3 SYSTEMPATH\CodeIgniter.php(482): CodeIgniter\CodeIgniter->runController(Object(App\Controllers\Anexos2025))
 4 SYSTEMPATH\CodeIgniter.php(351): CodeIgniter\CodeIgniter->handleRequest(null, Object(Config\Cache), false)
 5 FCPATH\index.php(67): CodeIgniter\CodeIgniter->run()
CRITICAL - 2025-12-22 23:56:27 --> Undefined property: stdClass::$a2ad_logrado_cuali
in APPPATH\Controllers\Anexos2025.php on line 298.
 1 APPPATH\Controllers\Anexos2025.php(298): CodeIgniter\Debug\Exceptions->errorHandler(2, 'Undefined property: stdClass::$a2ad_logrado_cuali', 'APPPATH\\Controllers\\Anexos2025.php', 298)
 2 SYSTEMPATH\CodeIgniter.php(927): App\Controllers\Anexos2025->postAnexo2aData()
 3 SYSTEMPATH\CodeIgniter.php(482): CodeIgniter\CodeIgniter->runController(Object(App\Controllers\Anexos2025))
 4 SYSTEMPATH\CodeIgniter.php(351): CodeIgniter\CodeIgniter->handleRequest(null, Object(Config\Cache), false)
 5 FCPATH\index.php(67): CodeIgniter\CodeIgniter->run()
