CRITICAL - 2023-12-05 04:42:26 --> Undefined array key 0
in APPPATH\Controllers\Monitoreo.php on line 36.
 1 APPPATH\Controllers\Monitoreo.php(36): CodeIgniter\Debug\Exceptions->errorHandler(2, 'Undefined array key 0', 'APPPATH\\Controllers\\Monitoreo.php', 36)
 2 SYSTEMPATH\CodeIgniter.php(927): App\Controllers\Monitoreo->getNuevoInstrumento()
 3 SYSTEMPATH\CodeIgniter.php(482): CodeIgniter\CodeIgniter->runController(Object(App\Controllers\Monitoreo))
 4 SYSTEMPATH\CodeIgniter.php(351): CodeIgniter\CodeIgniter->handleRequest(null, Object(Config\Cache), false)
 5 FCPATH\index.php(67): CodeIgniter\CodeIgniter->run()
CRITICAL - 2023-12-05 04:43:34 --> Undefined array key 0
in APPPATH\Controllers\Monitoreo.php on line 36.
 1 APPPATH\Controllers\Monitoreo.php(36): CodeIgniter\Debug\Exceptions->errorHandler(2, 'Undefined array key 0', 'APPPATH\\Controllers\\Monitoreo.php', 36)
 2 SYSTEMPATH\CodeIgniter.php(927): App\Controllers\Monitoreo->getNuevoInstrumento()
 3 SYSTEMPATH\CodeIgniter.php(482): CodeIgniter\CodeIgniter->runController(Object(App\Controllers\Monitoreo))
 4 SYSTEMPATH\CodeIgniter.php(351): CodeIgniter\CodeIgniter->handleRequest(null, Object(Config\Cache), false)
 5 FCPATH\index.php(67): CodeIgniter\CodeIgniter->run()
CRITICAL - 2023-12-05 04:44:28 --> Undefined array key 0
in APPPATH\Controllers\Monitoreo.php on line 36.
 1 APPPATH\Controllers\Monitoreo.php(36): CodeIgniter\Debug\Exceptions->errorHandler(2, 'Undefined array key 0', 'APPPATH\\Controllers\\Monitoreo.php', 36)
 2 SYSTEMPATH\CodeIgniter.php(927): App\Controllers\Monitoreo->getNuevoInstrumento()
 3 SYSTEMPATH\CodeIgniter.php(482): CodeIgniter\CodeIgniter->runController(Object(App\Controllers\Monitoreo))
 4 SYSTEMPATH\CodeIgniter.php(351): CodeIgniter\CodeIgniter->handleRequest(null, Object(Config\Cache), false)
 5 FCPATH\index.php(67): CodeIgniter\CodeIgniter->run()
CRITICAL - 2023-12-05 04:45:41 --> Undefined array key 0
in APPPATH\Controllers\Monitoreo.php on line 36.
 1 APPPATH\Controllers\Monitoreo.php(36): CodeIgniter\Debug\Exceptions->errorHandler(2, 'Undefined array key 0', 'APPPATH\\Controllers\\Monitoreo.php', 36)
 2 SYSTEMPATH\CodeIgniter.php(927): App\Controllers\Monitoreo->getNuevoInstrumento()
 3 SYSTEMPATH\CodeIgniter.php(482): CodeIgniter\CodeIgniter->runController(Object(App\Controllers\Monitoreo))
 4 SYSTEMPATH\CodeIgniter.php(351): CodeIgniter\CodeIgniter->handleRequest(null, Object(Config\Cache), false)
 5 FCPATH\index.php(67): CodeIgniter\CodeIgniter->run()
CRITICAL - 2023-12-05 04:48:34 --> Array to string conversion
in APPPATH\Controllers\Monitoreo.php on line 80.
 1 APPPATH\Controllers\Monitoreo.php(80): CodeIgniter\Debug\Exceptions->errorHandler(2, 'Array to string conversion', 'APPPATH\\Controllers\\Monitoreo.php', 80)
 2 SYSTEMPATH\CodeIgniter.php(927): App\Controllers\Monitoreo->postGuardarInstrumento()
 3 SYSTEMPATH\CodeIgniter.php(482): CodeIgniter\CodeIgniter->runController(Object(App\Controllers\Monitoreo))
 4 SYSTEMPATH\CodeIgniter.php(351): CodeIgniter\CodeIgniter->handleRequest(null, Object(Config\Cache), false)
 5 FCPATH\index.php(67): CodeIgniter\CodeIgniter->run()
CRITICAL - 2023-12-05 04:49:03 --> Undefined variable $base_url
in APPPATH\Views\monitoreo\aspectos.php on line 51.
 1 APPPATH\Views\monitoreo\aspectos.php(51): CodeIgniter\Debug\Exceptions->errorHandler(2, 'Undefined variable $base_url', 'APPPATH\\Views\\monitoreo\\aspectos.php', 51)
 2 SYSTEMPATH\View\View.php(213): include('APPPATH\\Views\\monitoreo\\aspectos.php')
 3 SYSTEMPATH\View\View.php(216): CodeIgniter\View\View->CodeIgniter\View\{closure}()
 4 SYSTEMPATH\Common.php(1134): CodeIgniter\View\View->render('monitoreo/aspectos', [], true)
 5 APPPATH\Controllers\Monitoreo.php(82): view('monitoreo/aspectos', [...])
 6 SYSTEMPATH\CodeIgniter.php(927): App\Controllers\Monitoreo->postGuardarInstrumento()
 7 SYSTEMPATH\CodeIgniter.php(482): CodeIgniter\CodeIgniter->runController(Object(App\Controllers\Monitoreo))
 8 SYSTEMPATH\CodeIgniter.php(351): CodeIgniter\CodeIgniter->handleRequest(null, Object(Config\Cache), false)
 9 FCPATH\index.php(67): CodeIgniter\CodeIgniter->run()
ERROR - 2023-12-05 04:54:55 --> mysqli_sql_exception: Unknown column 'alt_nombre' in 'field list' in C:\wamp64\www\simondrep\system\Database\MySQLi\Connection.php:292
Stack trace:
#0 C:\wamp64\www\simondrep\system\Database\MySQLi\Connection.php(292): mysqli->query('SELECT `alt_ide...', 0)
#1 C:\wamp64\www\simondrep\system\Database\BaseConnection.php(666): CodeIgniter\Database\MySQLi\Connection->execute('SELECT `alt_ide...')
#2 C:\wamp64\www\simondrep\system\Database\BaseConnection.php(593): CodeIgniter\Database\BaseConnection->simpleQuery('SELECT `alt_ide...')
#3 C:\wamp64\www\simondrep\system\Database\BaseBuilder.php(1585): CodeIgniter\Database\BaseConnection->query('SELECT `alt_ide...', Array, false)
#4 C:\wamp64\www\simondrep\app\Models\Generaldb.php(70): CodeIgniter\Database\BaseBuilder->get()
#5 C:\wamp64\www\simondrep\app\Controllers\Monitoreo.php(101): App\Models\Generaldb->selectSomeData('alt_ide as ide,...', 'sd_alternativa', 'alt_esta_ide = ...', 'asp_nombre')
#6 C:\wamp64\www\simondrep\system\CodeIgniter.php(927): App\Controllers\Monitoreo->getNuevoItem()
#7 C:\wamp64\www\simondrep\system\CodeIgniter.php(482): CodeIgniter\CodeIgniter->runController(Object(App\Controllers\Monitoreo))
#8 C:\wamp64\www\simondrep\system\CodeIgniter.php(351): CodeIgniter\CodeIgniter->handleRequest(NULL, Object(Config\Cache), false)
#9 C:\wamp64\www\simondrep\index.php(67): CodeIgniter\CodeIgniter->run()
#10 {main}
CRITICAL - 2023-12-05 04:54:55 --> Unknown column 'alt_nombre' in 'field list'
in SYSTEMPATH\Database\MySQLi\Connection.php on line 292.
 1 SYSTEMPATH\Database\MySQLi\Connection.php(292): mysqli->query('SELECT `alt_ide` as `ide`, `alt_nombre` as `nombre`
FROM `sd_alternativa`
WHERE `alt_esta_ide` = 1
ORDER BY `asp_nombre`', 0)
 2 SYSTEMPATH\Database\BaseConnection.php(666): CodeIgniter\Database\MySQLi\Connection->execute('SELECT `alt_ide` as `ide`, `alt_nombre` as `nombre`
FROM `sd_alternativa`
WHERE `alt_esta_ide` = 1
ORDER BY `asp_nombre`')
 3 SYSTEMPATH\Database\BaseConnection.php(593): CodeIgniter\Database\BaseConnection->simpleQuery('SELECT `alt_ide` as `ide`, `alt_nombre` as `nombre`
FROM `sd_alternativa`
WHERE `alt_esta_ide` = 1
ORDER BY `asp_nombre`')
 4 SYSTEMPATH\Database\BaseBuilder.php(1585): CodeIgniter\Database\BaseConnection->query('SELECT `alt_ide` as `ide`, `alt_nombre` as `nombre`
FROM `sd_alternativa`
WHERE `alt_esta_ide` = 1
ORDER BY `asp_nombre`', [], false)
 5 APPPATH\Models\Generaldb.php(70): CodeIgniter\Database\BaseBuilder->get()
 6 APPPATH\Controllers\Monitoreo.php(101): App\Models\Generaldb->selectSomeData('alt_ide as ide, alt_nombre as nombre', 'sd_alternativa', 'alt_esta_ide = 1 ', 'asp_nombre')
 7 SYSTEMPATH\CodeIgniter.php(927): App\Controllers\Monitoreo->getNuevoItem()
 8 SYSTEMPATH\CodeIgniter.php(482): CodeIgniter\CodeIgniter->runController(Object(App\Controllers\Monitoreo))
 9 SYSTEMPATH\CodeIgniter.php(351): CodeIgniter\CodeIgniter->handleRequest(null, Object(Config\Cache), false)
10 FCPATH\index.php(67): CodeIgniter\CodeIgniter->run()
ERROR - 2023-12-05 05:06:55 --> mysqli_sql_exception: Unknown column 'alt_nombre' in 'field list' in C:\wamp64\www\simondrep\system\Database\MySQLi\Connection.php:292
Stack trace:
#0 C:\wamp64\www\simondrep\system\Database\MySQLi\Connection.php(292): mysqli->query('SELECT `alt_ide...', 0)
#1 C:\wamp64\www\simondrep\system\Database\BaseConnection.php(666): CodeIgniter\Database\MySQLi\Connection->execute('SELECT `alt_ide...')
#2 C:\wamp64\www\simondrep\system\Database\BaseConnection.php(593): CodeIgniter\Database\BaseConnection->simpleQuery('SELECT `alt_ide...')
#3 C:\wamp64\www\simondrep\system\Database\BaseBuilder.php(1585): CodeIgniter\Database\BaseConnection->query('SELECT `alt_ide...', Array, false)
#4 C:\wamp64\www\simondrep\app\Models\Generaldb.php(70): CodeIgniter\Database\BaseBuilder->get()
#5 C:\wamp64\www\simondrep\app\Controllers\Monitoreo.php(101): App\Models\Generaldb->selectSomeData('alt_ide as ide,...', 'sd_alternativa', 'alt_esta_ide = ...', 'asp_nombre')
#6 C:\wamp64\www\simondrep\system\CodeIgniter.php(927): App\Controllers\Monitoreo->getNuevoItem()
#7 C:\wamp64\www\simondrep\system\CodeIgniter.php(482): CodeIgniter\CodeIgniter->runController(Object(App\Controllers\Monitoreo))
#8 C:\wamp64\www\simondrep\system\CodeIgniter.php(351): CodeIgniter\CodeIgniter->handleRequest(NULL, Object(Config\Cache), false)
#9 C:\wamp64\www\simondrep\index.php(67): CodeIgniter\CodeIgniter->run()
#10 {main}
CRITICAL - 2023-12-05 05:06:55 --> Unknown column 'alt_nombre' in 'field list'
in SYSTEMPATH\Database\MySQLi\Connection.php on line 292.
 1 SYSTEMPATH\Database\MySQLi\Connection.php(292): mysqli->query('SELECT `alt_ide` as `ide`, `alt_nombre` as `nombre`
FROM `sd_alternativa`
WHERE `alt_esta_ide` = 1
ORDER BY `asp_nombre`', 0)
 2 SYSTEMPATH\Database\BaseConnection.php(666): CodeIgniter\Database\MySQLi\Connection->execute('SELECT `alt_ide` as `ide`, `alt_nombre` as `nombre`
FROM `sd_alternativa`
WHERE `alt_esta_ide` = 1
ORDER BY `asp_nombre`')
 3 SYSTEMPATH\Database\BaseConnection.php(593): CodeIgniter\Database\BaseConnection->simpleQuery('SELECT `alt_ide` as `ide`, `alt_nombre` as `nombre`
FROM `sd_alternativa`
WHERE `alt_esta_ide` = 1
ORDER BY `asp_nombre`')
 4 SYSTEMPATH\Database\BaseBuilder.php(1585): CodeIgniter\Database\BaseConnection->query('SELECT `alt_ide` as `ide`, `alt_nombre` as `nombre`
FROM `sd_alternativa`
WHERE `alt_esta_ide` = 1
ORDER BY `asp_nombre`', [], false)
 5 APPPATH\Models\Generaldb.php(70): CodeIgniter\Database\BaseBuilder->get()
 6 APPPATH\Controllers\Monitoreo.php(101): App\Models\Generaldb->selectSomeData('alt_ide as ide, alt_nombre as nombre', 'sd_alternativa', 'alt_esta_ide = 1 ', 'asp_nombre')
 7 SYSTEMPATH\CodeIgniter.php(927): App\Controllers\Monitoreo->getNuevoItem()
 8 SYSTEMPATH\CodeIgniter.php(482): CodeIgniter\CodeIgniter->runController(Object(App\Controllers\Monitoreo))
 9 SYSTEMPATH\CodeIgniter.php(351): CodeIgniter\CodeIgniter->handleRequest(null, Object(Config\Cache), false)
10 FCPATH\index.php(67): CodeIgniter\CodeIgniter->run()
