ERROR - 2025-01-29 09:03:27 --> mysqli_sql_exception: You have an error in your SQL syntax; check the manual that corresponds to your MySQL server version for the right syntax to use near 'AND
                `arch_anio` = 2024 AND
                arch_anexo = 2' at line 5 in /home/customer/www/xurainc.com/public_html/monitoreo/system/Database/MySQLi/Connection.php:292
Stack trace:
#0 /home/customer/www/xurainc.com/public_html/monitoreo/system/Database/MySQLi/Connection.php(292): mysqli->query('SELECT *\nFROM `...', 0)
#1 /home/customer/www/xurainc.com/public_html/monitoreo/system/Database/BaseConnection.php(666): CodeIgniter\Database\MySQLi\Connection->execute('SELECT *\nFROM `...')
#2 /home/customer/www/xurainc.com/public_html/monitoreo/system/Database/BaseConnection.php(593): CodeIgniter\Database\BaseConnection->simpleQuery('SELECT *\nFROM `...')
#3 /home/customer/www/xurainc.com/public_html/monitoreo/system/Database/BaseBuilder.php(1585): CodeIgniter\Database\BaseConnection->query('SELECT *\nFROM `...', Array, false)
#4 /home/customer/www/xurainc.com/public_html/monitoreo/app/Models/Generaldb.php(70): CodeIgniter\Database\BaseBuilder->get()
#5 /home/customer/www/xurainc.com/public_html/monitoreo/app/Controllers/Anexos2024.php(29): App\Models\Generaldb->selectSomeData('*', '2024_archivos,e...', '\r\n             ...')
#6 /home/customer/www/xurainc.com/public_html/monitoreo/app/Controllers/Anexos2024.php(81): App\Controllers\Anexos2024->anexos(2024, 2, Array, '/anexos2024/ane...', Array)
#7 /home/customer/www/xurainc.com/public_html/monitoreo/system/CodeIgniter.php(927): App\Controllers\Anexos2024->getAnexo2()
#8 /home/customer/www/xurainc.com/public_html/monitoreo/system/CodeIgniter.php(482): CodeIgniter\CodeIgniter->runController(Object(App\Controllers\Anexos2024))
#9 /home/customer/www/xurainc.com/public_html/monitoreo/system/CodeIgniter.php(351): CodeIgniter\CodeIgniter->handleRequest(NULL, Object(Config\Cache), false)
#10 /home/customer/www/xurainc.com/public_html/monitoreo/index.php(67): CodeIgniter\CodeIgniter->run()
#11 {main}
CRITICAL - 2025-01-29 09:03:27 --> You have an error in your SQL syntax; check the manual that corresponds to your MySQL server version for the right syntax to use near 'AND
                `arch_anio` = 2024 AND
                arch_anexo = 2' at line 5
in SYSTEMPATH/Database/MySQLi/Connection.php on line 292.
 1 SYSTEMPATH/Database/MySQLi/Connection.php(292): mysqli->query('SELECT *
FROM `2024_archivos`, `estados` `e`
WHERE 
                arch_esta_ide = e.esta_ide AND
                `arch_iiee_ide` =  AND
                `arch_anio` = 2024 AND
                arch_anexo = 2
            ', 0)
 2 SYSTEMPATH/Database/BaseConnection.php(666): CodeIgniter\Database\MySQLi\Connection->execute('SELECT *
FROM `2024_archivos`, `estados` `e`
WHERE 
                arch_esta_ide = e.esta_ide AND
                `arch_iiee_ide` =  AND
                `arch_anio` = 2024 AND
                arch_anexo = 2
            ')
 3 SYSTEMPATH/Database/BaseConnection.php(593): CodeIgniter\Database\BaseConnection->simpleQuery('SELECT *
FROM `2024_archivos`, `estados` `e`
WHERE 
                arch_esta_ide = e.esta_ide AND
                `arch_iiee_ide` =  AND
                `arch_anio` = 2024 AND
                arch_anexo = 2
            ')
 4 SYSTEMPATH/Database/BaseBuilder.php(1585): CodeIgniter\Database\BaseConnection->query('SELECT *
FROM `2024_archivos`, `estados` `e`
WHERE 
                arch_esta_ide = e.esta_ide AND
                `arch_iiee_ide` =  AND
                `arch_anio` = 2024 AND
                arch_anexo = 2
            ', [], false)
 5 APPPATH/Models/Generaldb.php(70): CodeIgniter\Database\BaseBuilder->get()
 6 APPPATH/Controllers/Anexos2024.php(29): App\Models\Generaldb->selectSomeData('*', '2024_archivos,estados e', '
                arch_esta_ide = e.esta_ide AND
                arch_iiee_ide =  AND
                arch_anio = 2024 AND
                arch_anexo = 2
            ')
 7 APPPATH/Controllers/Anexos2024.php(81): App\Controllers\Anexos2024->anexos(2024, 2, [...], '/anexos2024/anexo2', [...])
 8 SYSTEMPATH/CodeIgniter.php(927): App\Controllers\Anexos2024->getAnexo2()
 9 SYSTEMPATH/CodeIgniter.php(482): CodeIgniter\CodeIgniter->runController(Object(App\Controllers\Anexos2024))
10 SYSTEMPATH/CodeIgniter.php(351): CodeIgniter\CodeIgniter->handleRequest(null, Object(Config\Cache), false)
11 FCPATH/index.php(67): CodeIgniter\CodeIgniter->run()
ERROR - 2025-01-29 10:02:59 --> mysqli_sql_exception: You have an error in your SQL syntax; check the manual that corresponds to your MySQL server version for the right syntax to use near 'AND
                `arch_anio` = 2024 AND
                arch_anexo = 2' at line 5 in /home/customer/www/xurainc.com/public_html/monitoreo/system/Database/MySQLi/Connection.php:292
Stack trace:
#0 /home/customer/www/xurainc.com/public_html/monitoreo/system/Database/MySQLi/Connection.php(292): mysqli->query('SELECT *\nFROM `...', 0)
#1 /home/customer/www/xurainc.com/public_html/monitoreo/system/Database/BaseConnection.php(666): CodeIgniter\Database\MySQLi\Connection->execute('SELECT *\nFROM `...')
#2 /home/customer/www/xurainc.com/public_html/monitoreo/system/Database/BaseConnection.php(593): CodeIgniter\Database\BaseConnection->simpleQuery('SELECT *\nFROM `...')
#3 /home/customer/www/xurainc.com/public_html/monitoreo/system/Database/BaseBuilder.php(1585): CodeIgniter\Database\BaseConnection->query('SELECT *\nFROM `...', Array, false)
#4 /home/customer/www/xurainc.com/public_html/monitoreo/app/Models/Generaldb.php(70): CodeIgniter\Database\BaseBuilder->get()
#5 /home/customer/www/xurainc.com/public_html/monitoreo/app/Controllers/Anexos2024.php(29): App\Models\Generaldb->selectSomeData('*', '2024_archivos,e...', '\r\n             ...')
#6 /home/customer/www/xurainc.com/public_html/monitoreo/app/Controllers/Anexos2024.php(81): App\Controllers\Anexos2024->anexos(2024, 2, Array, '/anexos2024/ane...', Array)
#7 /home/customer/www/xurainc.com/public_html/monitoreo/system/CodeIgniter.php(927): App\Controllers\Anexos2024->getAnexo2()
#8 /home/customer/www/xurainc.com/public_html/monitoreo/system/CodeIgniter.php(482): CodeIgniter\CodeIgniter->runController(Object(App\Controllers\Anexos2024))
#9 /home/customer/www/xurainc.com/public_html/monitoreo/system/CodeIgniter.php(351): CodeIgniter\CodeIgniter->handleRequest(NULL, Object(Config\Cache), false)
#10 /home/customer/www/xurainc.com/public_html/monitoreo/index.php(67): CodeIgniter\CodeIgniter->run()
#11 {main}
CRITICAL - 2025-01-29 10:02:59 --> You have an error in your SQL syntax; check the manual that corresponds to your MySQL server version for the right syntax to use near 'AND
                `arch_anio` = 2024 AND
                arch_anexo = 2' at line 5
in SYSTEMPATH/Database/MySQLi/Connection.php on line 292.
 1 SYSTEMPATH/Database/MySQLi/Connection.php(292): mysqli->query('SELECT *
FROM `2024_archivos`, `estados` `e`
WHERE 
                arch_esta_ide = e.esta_ide AND
                `arch_iiee_ide` =  AND
                `arch_anio` = 2024 AND
                arch_anexo = 2
            ', 0)
 2 SYSTEMPATH/Database/BaseConnection.php(666): CodeIgniter\Database\MySQLi\Connection->execute('SELECT *
FROM `2024_archivos`, `estados` `e`
WHERE 
                arch_esta_ide = e.esta_ide AND
                `arch_iiee_ide` =  AND
                `arch_anio` = 2024 AND
                arch_anexo = 2
            ')
 3 SYSTEMPATH/Database/BaseConnection.php(593): CodeIgniter\Database\BaseConnection->simpleQuery('SELECT *
FROM `2024_archivos`, `estados` `e`
WHERE 
                arch_esta_ide = e.esta_ide AND
                `arch_iiee_ide` =  AND
                `arch_anio` = 2024 AND
                arch_anexo = 2
            ')
 4 SYSTEMPATH/Database/BaseBuilder.php(1585): CodeIgniter\Database\BaseConnection->query('SELECT *
FROM `2024_archivos`, `estados` `e`
WHERE 
                arch_esta_ide = e.esta_ide AND
                `arch_iiee_ide` =  AND
                `arch_anio` = 2024 AND
                arch_anexo = 2
            ', [], false)
 5 APPPATH/Models/Generaldb.php(70): CodeIgniter\Database\BaseBuilder->get()
 6 APPPATH/Controllers/Anexos2024.php(29): App\Models\Generaldb->selectSomeData('*', '2024_archivos,estados e', '
                arch_esta_ide = e.esta_ide AND
                arch_iiee_ide =  AND
                arch_anio = 2024 AND
                arch_anexo = 2
            ')
 7 APPPATH/Controllers/Anexos2024.php(81): App\Controllers\Anexos2024->anexos(2024, 2, [...], '/anexos2024/anexo2', [...])
 8 SYSTEMPATH/CodeIgniter.php(927): App\Controllers\Anexos2024->getAnexo2()
 9 SYSTEMPATH/CodeIgniter.php(482): CodeIgniter\CodeIgniter->runController(Object(App\Controllers\Anexos2024))
10 SYSTEMPATH/CodeIgniter.php(351): CodeIgniter\CodeIgniter->handleRequest(null, Object(Config\Cache), false)
11 FCPATH/index.php(67): CodeIgniter\CodeIgniter->run()
ERROR - 2025-01-29 10:03:22 --> mysqli_sql_exception: You have an error in your SQL syntax; check the manual that corresponds to your MySQL server version for the right syntax to use near 'AND
                `arch_anio` = 2024 AND
                arch_anexo = 1' at line 5 in /home/customer/www/xurainc.com/public_html/monitoreo/system/Database/MySQLi/Connection.php:292
Stack trace:
#0 /home/customer/www/xurainc.com/public_html/monitoreo/system/Database/MySQLi/Connection.php(292): mysqli->query('SELECT *\nFROM `...', 0)
#1 /home/customer/www/xurainc.com/public_html/monitoreo/system/Database/BaseConnection.php(666): CodeIgniter\Database\MySQLi\Connection->execute('SELECT *\nFROM `...')
#2 /home/customer/www/xurainc.com/public_html/monitoreo/system/Database/BaseConnection.php(593): CodeIgniter\Database\BaseConnection->simpleQuery('SELECT *\nFROM `...')
#3 /home/customer/www/xurainc.com/public_html/monitoreo/system/Database/BaseBuilder.php(1585): CodeIgniter\Database\BaseConnection->query('SELECT *\nFROM `...', Array, false)
#4 /home/customer/www/xurainc.com/public_html/monitoreo/app/Models/Generaldb.php(70): CodeIgniter\Database\BaseBuilder->get()
#5 /home/customer/www/xurainc.com/public_html/monitoreo/app/Controllers/Anexos2024.php(29): App\Models\Generaldb->selectSomeData('*', '2024_archivos,e...', '\r\n             ...')
#6 /home/customer/www/xurainc.com/public_html/monitoreo/app/Controllers/Anexos2024.php(71): App\Controllers\Anexos2024->anexos(2024, 1, Array, '/anexos2024/ane...', Array)
#7 /home/customer/www/xurainc.com/public_html/monitoreo/system/CodeIgniter.php(927): App\Controllers\Anexos2024->getAnexo1()
#8 /home/customer/www/xurainc.com/public_html/monitoreo/system/CodeIgniter.php(482): CodeIgniter\CodeIgniter->runController(Object(App\Controllers\Anexos2024))
#9 /home/customer/www/xurainc.com/public_html/monitoreo/system/CodeIgniter.php(351): CodeIgniter\CodeIgniter->handleRequest(NULL, Object(Config\Cache), false)
#10 /home/customer/www/xurainc.com/public_html/monitoreo/index.php(67): CodeIgniter\CodeIgniter->run()
#11 {main}
CRITICAL - 2025-01-29 10:03:22 --> You have an error in your SQL syntax; check the manual that corresponds to your MySQL server version for the right syntax to use near 'AND
                `arch_anio` = 2024 AND
                arch_anexo = 1' at line 5
in SYSTEMPATH/Database/MySQLi/Connection.php on line 292.
 1 SYSTEMPATH/Database/MySQLi/Connection.php(292): mysqli->query('SELECT *
FROM `2024_archivos`, `estados` `e`
WHERE 
                arch_esta_ide = e.esta_ide AND
                `arch_iiee_ide` =  AND
                `arch_anio` = 2024 AND
                arch_anexo = 1
            ', 0)
 2 SYSTEMPATH/Database/BaseConnection.php(666): CodeIgniter\Database\MySQLi\Connection->execute('SELECT *
FROM `2024_archivos`, `estados` `e`
WHERE 
                arch_esta_ide = e.esta_ide AND
                `arch_iiee_ide` =  AND
                `arch_anio` = 2024 AND
                arch_anexo = 1
            ')
 3 SYSTEMPATH/Database/BaseConnection.php(593): CodeIgniter\Database\BaseConnection->simpleQuery('SELECT *
FROM `2024_archivos`, `estados` `e`
WHERE 
                arch_esta_ide = e.esta_ide AND
                `arch_iiee_ide` =  AND
                `arch_anio` = 2024 AND
                arch_anexo = 1
            ')
 4 SYSTEMPATH/Database/BaseBuilder.php(1585): CodeIgniter\Database\BaseConnection->query('SELECT *
FROM `2024_archivos`, `estados` `e`
WHERE 
                arch_esta_ide = e.esta_ide AND
                `arch_iiee_ide` =  AND
                `arch_anio` = 2024 AND
                arch_anexo = 1
            ', [], false)
 5 APPPATH/Models/Generaldb.php(70): CodeIgniter\Database\BaseBuilder->get()
 6 APPPATH/Controllers/Anexos2024.php(29): App\Models\Generaldb->selectSomeData('*', '2024_archivos,estados e', '
                arch_esta_ide = e.esta_ide AND
                arch_iiee_ide =  AND
                arch_anio = 2024 AND
                arch_anexo = 1
            ')
 7 APPPATH/Controllers/Anexos2024.php(71): App\Controllers\Anexos2024->anexos(2024, 1, [...], '/anexos2024/anexo1', [...])
 8 SYSTEMPATH/CodeIgniter.php(927): App\Controllers\Anexos2024->getAnexo1()
 9 SYSTEMPATH/CodeIgniter.php(482): CodeIgniter\CodeIgniter->runController(Object(App\Controllers\Anexos2024))
10 SYSTEMPATH/CodeIgniter.php(351): CodeIgniter\CodeIgniter->handleRequest(null, Object(Config\Cache), false)
11 FCPATH/index.php(67): CodeIgniter\CodeIgniter->run()
ERROR - 2025-01-29 10:39:55 --> mysqli_sql_exception: You have an error in your SQL syntax; check the manual that corresponds to your MySQL server version for the right syntax to use near 'AND
                `arch_anio` = 2024 AND
                arch_anexo = 2' at line 5 in /home/customer/www/xurainc.com/public_html/monitoreo/system/Database/MySQLi/Connection.php:292
Stack trace:
#0 /home/customer/www/xurainc.com/public_html/monitoreo/system/Database/MySQLi/Connection.php(292): mysqli->query('SELECT *\nFROM `...', 0)
#1 /home/customer/www/xurainc.com/public_html/monitoreo/system/Database/BaseConnection.php(666): CodeIgniter\Database\MySQLi\Connection->execute('SELECT *\nFROM `...')
#2 /home/customer/www/xurainc.com/public_html/monitoreo/system/Database/BaseConnection.php(593): CodeIgniter\Database\BaseConnection->simpleQuery('SELECT *\nFROM `...')
#3 /home/customer/www/xurainc.com/public_html/monitoreo/system/Database/BaseBuilder.php(1585): CodeIgniter\Database\BaseConnection->query('SELECT *\nFROM `...', Array, false)
#4 /home/customer/www/xurainc.com/public_html/monitoreo/app/Models/Generaldb.php(70): CodeIgniter\Database\BaseBuilder->get()
#5 /home/customer/www/xurainc.com/public_html/monitoreo/app/Controllers/Anexos2024.php(29): App\Models\Generaldb->selectSomeData('*', '2024_archivos,e...', '\r\n             ...')
#6 /home/customer/www/xurainc.com/public_html/monitoreo/app/Controllers/Anexos2024.php(81): App\Controllers\Anexos2024->anexos(2024, 2, Array, '/anexos2024/ane...', Array)
#7 /home/customer/www/xurainc.com/public_html/monitoreo/system/CodeIgniter.php(927): App\Controllers\Anexos2024->getAnexo2()
#8 /home/customer/www/xurainc.com/public_html/monitoreo/system/CodeIgniter.php(482): CodeIgniter\CodeIgniter->runController(Object(App\Controllers\Anexos2024))
#9 /home/customer/www/xurainc.com/public_html/monitoreo/system/CodeIgniter.php(351): CodeIgniter\CodeIgniter->handleRequest(NULL, Object(Config\Cache), false)
#10 /home/customer/www/xurainc.com/public_html/monitoreo/index.php(67): CodeIgniter\CodeIgniter->run()
#11 {main}
CRITICAL - 2025-01-29 10:39:55 --> You have an error in your SQL syntax; check the manual that corresponds to your MySQL server version for the right syntax to use near 'AND
                `arch_anio` = 2024 AND
                arch_anexo = 2' at line 5
in SYSTEMPATH/Database/MySQLi/Connection.php on line 292.
 1 SYSTEMPATH/Database/MySQLi/Connection.php(292): mysqli->query('SELECT *
FROM `2024_archivos`, `estados` `e`
WHERE 
                arch_esta_ide = e.esta_ide AND
                `arch_iiee_ide` =  AND
                `arch_anio` = 2024 AND
                arch_anexo = 2
            ', 0)
 2 SYSTEMPATH/Database/BaseConnection.php(666): CodeIgniter\Database\MySQLi\Connection->execute('SELECT *
FROM `2024_archivos`, `estados` `e`
WHERE 
                arch_esta_ide = e.esta_ide AND
                `arch_iiee_ide` =  AND
                `arch_anio` = 2024 AND
                arch_anexo = 2
            ')
 3 SYSTEMPATH/Database/BaseConnection.php(593): CodeIgniter\Database\BaseConnection->simpleQuery('SELECT *
FROM `2024_archivos`, `estados` `e`
WHERE 
                arch_esta_ide = e.esta_ide AND
                `arch_iiee_ide` =  AND
                `arch_anio` = 2024 AND
                arch_anexo = 2
            ')
 4 SYSTEMPATH/Database/BaseBuilder.php(1585): CodeIgniter\Database\BaseConnection->query('SELECT *
FROM `2024_archivos`, `estados` `e`
WHERE 
                arch_esta_ide = e.esta_ide AND
                `arch_iiee_ide` =  AND
                `arch_anio` = 2024 AND
                arch_anexo = 2
            ', [], false)
 5 APPPATH/Models/Generaldb.php(70): CodeIgniter\Database\BaseBuilder->get()
 6 APPPATH/Controllers/Anexos2024.php(29): App\Models\Generaldb->selectSomeData('*', '2024_archivos,estados e', '
                arch_esta_ide = e.esta_ide AND
                arch_iiee_ide =  AND
                arch_anio = 2024 AND
                arch_anexo = 2
            ')
 7 APPPATH/Controllers/Anexos2024.php(81): App\Controllers\Anexos2024->anexos(2024, 2, [...], '/anexos2024/anexo2', [...])
 8 SYSTEMPATH/CodeIgniter.php(927): App\Controllers\Anexos2024->getAnexo2()
 9 SYSTEMPATH/CodeIgniter.php(482): CodeIgniter\CodeIgniter->runController(Object(App\Controllers\Anexos2024))
10 SYSTEMPATH/CodeIgniter.php(351): CodeIgniter\CodeIgniter->handleRequest(null, Object(Config\Cache), false)
11 FCPATH/index.php(67): CodeIgniter\CodeIgniter->run()
CRITICAL - 2025-01-29 14:37:16 --> Undefined array key 0
in APPPATH/Controllers/Informes2.php on line 73.
 1 APPPATH/Controllers/Informes2.php(73): CodeIgniter\Debug\Exceptions->errorHandler(2, 'Undefined array key 0', 'APPPATH/Controllers/Informes2.php', 73)
 2 SYSTEMPATH/CodeIgniter.php(927): App\Controllers\Informes2->getInformesUGEL()
 3 SYSTEMPATH/CodeIgniter.php(482): CodeIgniter\CodeIgniter->runController(Object(App\Controllers\Informes2))
 4 SYSTEMPATH/CodeIgniter.php(351): CodeIgniter\CodeIgniter->handleRequest(null, Object(Config\Cache), false)
 5 FCPATH/index.php(67): CodeIgniter\CodeIgniter->run()
CRITICAL - 2025-01-29 14:37:35 --> Undefined array key 0
in APPPATH/Controllers/Informes2.php on line 73.
 1 APPPATH/Controllers/Informes2.php(73): CodeIgniter\Debug\Exceptions->errorHandler(2, 'Undefined array key 0', 'APPPATH/Controllers/Informes2.php', 73)
 2 SYSTEMPATH/CodeIgniter.php(927): App\Controllers\Informes2->getInformesUGEL()
 3 SYSTEMPATH/CodeIgniter.php(482): CodeIgniter\CodeIgniter->runController(Object(App\Controllers\Informes2))
 4 SYSTEMPATH/CodeIgniter.php(351): CodeIgniter\CodeIgniter->handleRequest(null, Object(Config\Cache), false)
 5 FCPATH/index.php(67): CodeIgniter\CodeIgniter->run()
ERROR - 2025-01-29 16:50:56 --> mysqli_sql_exception: You have an error in your SQL syntax; check the manual that corresponds to your MySQL server version for the right syntax to use near 'AND
                `arch_anio` = 2024 AND
                arch_anexo = 2' at line 5 in /home/customer/www/xurainc.com/public_html/monitoreo/system/Database/MySQLi/Connection.php:292
Stack trace:
#0 /home/customer/www/xurainc.com/public_html/monitoreo/system/Database/MySQLi/Connection.php(292): mysqli->query('SELECT *\nFROM `...', 0)
#1 /home/customer/www/xurainc.com/public_html/monitoreo/system/Database/BaseConnection.php(666): CodeIgniter\Database\MySQLi\Connection->execute('SELECT *\nFROM `...')
#2 /home/customer/www/xurainc.com/public_html/monitoreo/system/Database/BaseConnection.php(593): CodeIgniter\Database\BaseConnection->simpleQuery('SELECT *\nFROM `...')
#3 /home/customer/www/xurainc.com/public_html/monitoreo/system/Database/BaseBuilder.php(1585): CodeIgniter\Database\BaseConnection->query('SELECT *\nFROM `...', Array, false)
#4 /home/customer/www/xurainc.com/public_html/monitoreo/app/Models/Generaldb.php(70): CodeIgniter\Database\BaseBuilder->get()
#5 /home/customer/www/xurainc.com/public_html/monitoreo/app/Controllers/Anexos2024.php(29): App\Models\Generaldb->selectSomeData('*', '2024_archivos,e...', '\r\n             ...')
#6 /home/customer/www/xurainc.com/public_html/monitoreo/app/Controllers/Anexos2024.php(81): App\Controllers\Anexos2024->anexos(2024, 2, Array, '/anexos2024/ane...', Array)
#7 /home/customer/www/xurainc.com/public_html/monitoreo/system/CodeIgniter.php(927): App\Controllers\Anexos2024->getAnexo2()
#8 /home/customer/www/xurainc.com/public_html/monitoreo/system/CodeIgniter.php(482): CodeIgniter\CodeIgniter->runController(Object(App\Controllers\Anexos2024))
#9 /home/customer/www/xurainc.com/public_html/monitoreo/system/CodeIgniter.php(351): CodeIgniter\CodeIgniter->handleRequest(NULL, Object(Config\Cache), false)
#10 /home/customer/www/xurainc.com/public_html/monitoreo/index.php(67): CodeIgniter\CodeIgniter->run()
#11 {main}
CRITICAL - 2025-01-29 16:50:56 --> You have an error in your SQL syntax; check the manual that corresponds to your MySQL server version for the right syntax to use near 'AND
                `arch_anio` = 2024 AND
                arch_anexo = 2' at line 5
in SYSTEMPATH/Database/MySQLi/Connection.php on line 292.
 1 SYSTEMPATH/Database/MySQLi/Connection.php(292): mysqli->query('SELECT *
FROM `2024_archivos`, `estados` `e`
WHERE 
                arch_esta_ide = e.esta_ide AND
                `arch_iiee_ide` =  AND
                `arch_anio` = 2024 AND
                arch_anexo = 2
            ', 0)
 2 SYSTEMPATH/Database/BaseConnection.php(666): CodeIgniter\Database\MySQLi\Connection->execute('SELECT *
FROM `2024_archivos`, `estados` `e`
WHERE 
                arch_esta_ide = e.esta_ide AND
                `arch_iiee_ide` =  AND
                `arch_anio` = 2024 AND
                arch_anexo = 2
            ')
 3 SYSTEMPATH/Database/BaseConnection.php(593): CodeIgniter\Database\BaseConnection->simpleQuery('SELECT *
FROM `2024_archivos`, `estados` `e`
WHERE 
                arch_esta_ide = e.esta_ide AND
                `arch_iiee_ide` =  AND
                `arch_anio` = 2024 AND
                arch_anexo = 2
            ')
 4 SYSTEMPATH/Database/BaseBuilder.php(1585): CodeIgniter\Database\BaseConnection->query('SELECT *
FROM `2024_archivos`, `estados` `e`
WHERE 
                arch_esta_ide = e.esta_ide AND
                `arch_iiee_ide` =  AND
                `arch_anio` = 2024 AND
                arch_anexo = 2
            ', [], false)
 5 APPPATH/Models/Generaldb.php(70): CodeIgniter\Database\BaseBuilder->get()
 6 APPPATH/Controllers/Anexos2024.php(29): App\Models\Generaldb->selectSomeData('*', '2024_archivos,estados e', '
                arch_esta_ide = e.esta_ide AND
                arch_iiee_ide =  AND
                arch_anio = 2024 AND
                arch_anexo = 2
            ')
 7 APPPATH/Controllers/Anexos2024.php(81): App\Controllers\Anexos2024->anexos(2024, 2, [...], '/anexos2024/anexo2', [...])
 8 SYSTEMPATH/CodeIgniter.php(927): App\Controllers\Anexos2024->getAnexo2()
 9 SYSTEMPATH/CodeIgniter.php(482): CodeIgniter\CodeIgniter->runController(Object(App\Controllers\Anexos2024))
10 SYSTEMPATH/CodeIgniter.php(351): CodeIgniter\CodeIgniter->handleRequest(null, Object(Config\Cache), false)
11 FCPATH/index.php(67): CodeIgniter\CodeIgniter->run()
CRITICAL - 2025-01-29 16:56:03 --> unlink(/home/customer/www/xurainc.com/public_html/monitoreo/writable/debugbar/debugbar_1738191332.614037.json): No such file or directory
in SYSTEMPATH/Debug/Toolbar/Collectors/History.php on line 76.
 1 [internal function]: CodeIgniter\Debug\Exceptions->errorHandler(2, 'unlink(/home/customer/www/xurainc.com/public_html/monitoreo/writable/debugbar/debugbar_1738191332.614037.json): No such file or directory', 'SYSTEMPATH/Debug/Toolbar/Collectors/History.php', 76)
 2 SYSTEMPATH/Debug/Toolbar/Collectors/History.php(76): unlink('FCPATH/writable/debugbar/debugbar_1738191332.614037.json')
 3 SYSTEMPATH/Debug/Toolbar.php(500): CodeIgniter\Debug\Toolbar\Collectors\History->setFiles('1738191362.925335', 20)
 4 SYSTEMPATH/Debug/Toolbar.php(477): CodeIgniter\Debug\Toolbar->format([...], 'html')
 5 APPPATH/Config/Events.php(46): CodeIgniter\Debug\Toolbar->respond()
 6 SYSTEMPATH/Events/Events.php(149): CodeIgniter\Events\Events::Config\{closure}()
 7 SYSTEMPATH/CodeIgniter.php(328): CodeIgniter\Events\Events::trigger('pre_system')
 8 FCPATH/index.php(67): CodeIgniter\CodeIgniter->run()
CRITICAL - 2025-01-29 19:47:26 --> unlink(/home/customer/www/xurainc.com/public_html/monitoreo/writable/debugbar/debugbar_1738201391.940058.json): No such file or directory
in SYSTEMPATH/Debug/Toolbar/Collectors/History.php on line 76.
 1 [internal function]: CodeIgniter\Debug\Exceptions->errorHandler(2, 'unlink(/home/customer/www/xurainc.com/public_html/monitoreo/writable/debugbar/debugbar_1738201391.940058.json): No such file or directory', 'SYSTEMPATH/Debug/Toolbar/Collectors/History.php', 76)
 2 SYSTEMPATH/Debug/Toolbar/Collectors/History.php(76): unlink('FCPATH/writable/debugbar/debugbar_1738201391.940058.json')
 3 SYSTEMPATH/Debug/Toolbar.php(500): CodeIgniter\Debug\Toolbar\Collectors\History->setFiles('1738201643.907588', 20)
 4 SYSTEMPATH/Debug/Toolbar.php(477): CodeIgniter\Debug\Toolbar->format([...], 'html')
 5 APPPATH/Config/Events.php(46): CodeIgniter\Debug\Toolbar->respond()
 6 SYSTEMPATH/Events/Events.php(149): CodeIgniter\Events\Events::Config\{closure}()
 7 SYSTEMPATH/CodeIgniter.php(328): CodeIgniter\Events\Events::trigger('pre_system')
 8 FCPATH/index.php(67): CodeIgniter\CodeIgniter->run()
CRITICAL - 2025-01-29 20:20:32 --> Undefined array key 0
in APPPATH/Controllers/Informes2.php on line 362.
 1 APPPATH/Controllers/Informes2.php(362): CodeIgniter\Debug\Exceptions->errorHandler(2, 'Undefined array key 0', 'APPPATH/Controllers/Informes2.php', 362)
 2 SYSTEMPATH/CodeIgniter.php(927): App\Controllers\Informes2->getCumple()
 3 SYSTEMPATH/CodeIgniter.php(482): CodeIgniter\CodeIgniter->runController(Object(App\Controllers\Informes2))
 4 SYSTEMPATH/CodeIgniter.php(351): CodeIgniter\CodeIgniter->handleRequest(null, Object(Config\Cache), false)
 5 FCPATH/index.php(67): CodeIgniter\CodeIgniter->run()
