CRITICAL - 2026-03-16 13:43:57 --> syntax error, unexpected token "public", expecting end of file
in APPPATH\Controllers\Usuarios.php on line 87.
 1 SYSTEMPATH\Autoloader\Autoloader.php(259): CodeIgniter\Autoloader\Autoloader->includeFile('APPPATH\\Controllers\\Usuarios.php')
 2 SYSTEMPATH\Autoloader\Autoloader.php(237): CodeIgniter\Autoloader\Autoloader->loadInNamespace('App\\Controllers\\Usuarios')
 3 [internal function]: CodeIgniter\Autoloader\Autoloader->loadClass('App\\Controllers\\Usuarios')
 4 SYSTEMPATH\CodeIgniter.php(877): class_exists('\\App\\Controllers\\Usuarios', true)
 5 SYSTEMPATH\CodeIgniter.php(469): CodeIgniter\CodeIgniter->startController()
 6 SYSTEMPATH\CodeIgniter.php(351): CodeIgniter\CodeIgniter->handleRequest(null, Object(Config\Cache), false)
 7 FCPATH\index.php(67): CodeIgniter\CodeIgniter->run()
CRITICAL - 2026-03-16 13:44:04 --> Invalid file: lecciones/vlecciones.php
in SYSTEMPATH\Exceptions\FrameworkException.php on line 33.
 1 SYSTEMPATH\View\View.php(201): CodeIgniter\Exceptions\FrameworkException::forInvalidFile('lecciones/vlecciones.php')
 2 SYSTEMPATH\Common.php(1134): CodeIgniter\View\View->render('lecciones/vlecciones', [], true)
 3 APPPATH\Controllers\Lecciones.php(20): view('lecciones/vlecciones', [...])
 4 SYSTEMPATH\CodeIgniter.php(927): App\Controllers\Lecciones->index()
 5 SYSTEMPATH\CodeIgniter.php(482): CodeIgniter\CodeIgniter->runController(Object(App\Controllers\Lecciones))
 6 SYSTEMPATH\CodeIgniter.php(351): CodeIgniter\CodeIgniter->handleRequest(null, Object(Config\Cache), false)
 7 FCPATH\index.php(67): CodeIgniter\CodeIgniter->run()
CRITICAL - 2026-03-16 13:44:39 --> syntax error, unexpected token "public", expecting end of file
in APPPATH\Controllers\Usuarios.php on line 87.
 1 SYSTEMPATH\Autoloader\Autoloader.php(259): CodeIgniter\Autoloader\Autoloader->includeFile('APPPATH\\Controllers\\Usuarios.php')
 2 SYSTEMPATH\Autoloader\Autoloader.php(237): CodeIgniter\Autoloader\Autoloader->loadInNamespace('App\\Controllers\\Usuarios')
 3 [internal function]: CodeIgniter\Autoloader\Autoloader->loadClass('App\\Controllers\\Usuarios')
 4 SYSTEMPATH\CodeIgniter.php(877): class_exists('\\App\\Controllers\\Usuarios', true)
 5 SYSTEMPATH\CodeIgniter.php(469): CodeIgniter\CodeIgniter->startController()
 6 SYSTEMPATH\CodeIgniter.php(351): CodeIgniter\CodeIgniter->handleRequest(null, Object(Config\Cache), false)
 7 FCPATH\index.php(67): CodeIgniter\CodeIgniter->run()
CRITICAL - 2026-03-16 13:44:42 --> syntax error, unexpected token "public", expecting end of file
in APPPATH\Controllers\Usuarios.php on line 87.
 1 SYSTEMPATH\Autoloader\Autoloader.php(259): CodeIgniter\Autoloader\Autoloader->includeFile('APPPATH\\Controllers\\Usuarios.php')
 2 SYSTEMPATH\Autoloader\Autoloader.php(237): CodeIgniter\Autoloader\Autoloader->loadInNamespace('App\\Controllers\\Usuarios')
 3 [internal function]: CodeIgniter\Autoloader\Autoloader->loadClass('App\\Controllers\\Usuarios')
 4 SYSTEMPATH\CodeIgniter.php(877): class_exists('\\App\\Controllers\\Usuarios', true)
 5 SYSTEMPATH\CodeIgniter.php(469): CodeIgniter\CodeIgniter->startController()
 6 SYSTEMPATH\CodeIgniter.php(351): CodeIgniter\CodeIgniter->handleRequest(null, Object(Config\Cache), false)
 7 FCPATH\index.php(67): CodeIgniter\CodeIgniter->run()
CRITICAL - 2026-03-16 13:45:01 --> Call to undefined method CodeIgniter\Database\MySQLi\Builder::whereNull()
in APPPATH\Controllers\Reportes.php on line 17.
 1 SYSTEMPATH\CodeIgniter.php(927): App\Controllers\Reportes->progreso()
 2 SYSTEMPATH\CodeIgniter.php(482): CodeIgniter\CodeIgniter->runController(Object(App\Controllers\Reportes))
 3 SYSTEMPATH\CodeIgniter.php(351): CodeIgniter\CodeIgniter->handleRequest(null, Object(Config\Cache), false)
 4 FCPATH\index.php(67): CodeIgniter\CodeIgniter->run()
CRITICAL - 2026-03-16 13:47:12 --> syntax error, unexpected token "public", expecting end of file
in APPPATH\Controllers\Usuarios.php on line 87.
 1 SYSTEMPATH\Autoloader\Autoloader.php(259): CodeIgniter\Autoloader\Autoloader->includeFile('APPPATH\\Controllers\\Usuarios.php')
 2 SYSTEMPATH\Autoloader\Autoloader.php(237): CodeIgniter\Autoloader\Autoloader->loadInNamespace('App\\Controllers\\Usuarios')
 3 [internal function]: CodeIgniter\Autoloader\Autoloader->loadClass('App\\Controllers\\Usuarios')
 4 SYSTEMPATH\CodeIgniter.php(877): class_exists('\\App\\Controllers\\Usuarios', true)
 5 SYSTEMPATH\CodeIgniter.php(469): CodeIgniter\CodeIgniter->startController()
 6 SYSTEMPATH\CodeIgniter.php(351): CodeIgniter\CodeIgniter->handleRequest(null, Object(Config\Cache), false)
 7 FCPATH\index.php(67): CodeIgniter\CodeIgniter->run()
CRITICAL - 2026-03-16 15:30:53 --> Call to undefined method CodeIgniter\Database\MySQLi\Builder::whereNull()
in APPPATH\Controllers\Usuarios.php on line 24.
 1 SYSTEMPATH\CodeIgniter.php(927): App\Controllers\Usuarios->alumnos()
 2 SYSTEMPATH\CodeIgniter.php(482): CodeIgniter\CodeIgniter->runController(Object(App\Controllers\Usuarios))
 3 SYSTEMPATH\CodeIgniter.php(351): CodeIgniter\CodeIgniter->handleRequest(null, Object(Config\Cache), false)
 4 FCPATH\index.php(67): CodeIgniter\CodeIgniter->run()
CRITICAL - 2026-03-16 15:31:00 --> Call to undefined method CodeIgniter\Database\MySQLi\Builder::whereNull()
in APPPATH\Controllers\Usuarios.php on line 45.
 1 SYSTEMPATH\CodeIgniter.php(927): App\Controllers\Usuarios->profesores()
 2 SYSTEMPATH\CodeIgniter.php(482): CodeIgniter\CodeIgniter->runController(Object(App\Controllers\Usuarios))
 3 SYSTEMPATH\CodeIgniter.php(351): CodeIgniter\CodeIgniter->handleRequest(null, Object(Config\Cache), false)
 4 FCPATH\index.php(67): CodeIgniter\CodeIgniter->run()
CRITICAL - 2026-03-16 15:31:08 --> Call to undefined method CodeIgniter\Database\MySQLi\Builder::whereNull()
in APPPATH\Controllers\Reportes.php on line 17.
 1 SYSTEMPATH\CodeIgniter.php(927): App\Controllers\Reportes->progreso()
 2 SYSTEMPATH\CodeIgniter.php(482): CodeIgniter\CodeIgniter->runController(Object(App\Controllers\Reportes))
 3 SYSTEMPATH\CodeIgniter.php(351): CodeIgniter\CodeIgniter->handleRequest(null, Object(Config\Cache), false)
 4 FCPATH\index.php(67): CodeIgniter\CodeIgniter->run()
CRITICAL - 2026-03-16 15:32:25 --> Call to undefined method CodeIgniter\Database\MySQLi\Builder::whereNull()
in APPPATH\Controllers\Usuarios.php on line 45.
 1 SYSTEMPATH\CodeIgniter.php(927): App\Controllers\Usuarios->profesores()
 2 SYSTEMPATH\CodeIgniter.php(482): CodeIgniter\CodeIgniter->runController(Object(App\Controllers\Usuarios))
 3 SYSTEMPATH\CodeIgniter.php(351): CodeIgniter\CodeIgniter->handleRequest(null, Object(Config\Cache), false)
 4 FCPATH\index.php(67): CodeIgniter\CodeIgniter->run()
CRITICAL - 2026-03-16 15:32:29 --> Call to undefined method CodeIgniter\Database\MySQLi\Builder::whereNull()
in APPPATH\Controllers\Reportes.php on line 17.
 1 SYSTEMPATH\CodeIgniter.php(927): App\Controllers\Reportes->progreso()
 2 SYSTEMPATH\CodeIgniter.php(482): CodeIgniter\CodeIgniter->runController(Object(App\Controllers\Reportes))
 3 SYSTEMPATH\CodeIgniter.php(351): CodeIgniter\CodeIgniter->handleRequest(null, Object(Config\Cache), false)
 4 FCPATH\index.php(67): CodeIgniter\CodeIgniter->run()
CRITICAL - 2026-03-16 17:24:29 --> Call to undefined method CodeIgniter\Database\MySQLi\Builder::whereNull()
in APPPATH\Controllers\Usuarios.php on line 24.
 1 SYSTEMPATH\CodeIgniter.php(927): App\Controllers\Usuarios->alumnos()
 2 SYSTEMPATH\CodeIgniter.php(482): CodeIgniter\CodeIgniter->runController(Object(App\Controllers\Usuarios))
 3 SYSTEMPATH\CodeIgniter.php(351): CodeIgniter\CodeIgniter->handleRequest(null, Object(Config\Cache), false)
 4 FCPATH\index.php(67): CodeIgniter\CodeIgniter->run()
CRITICAL - 2026-03-16 17:25:20 --> Call to undefined method CodeIgniter\Database\MySQLi\Builder::whereNull()
in APPPATH\Controllers\Usuarios.php on line 45.
 1 SYSTEMPATH\CodeIgniter.php(927): App\Controllers\Usuarios->profesores()
 2 SYSTEMPATH\CodeIgniter.php(482): CodeIgniter\CodeIgniter->runController(Object(App\Controllers\Usuarios))
 3 SYSTEMPATH\CodeIgniter.php(351): CodeIgniter\CodeIgniter->handleRequest(null, Object(Config\Cache), false)
 4 FCPATH\index.php(67): CodeIgniter\CodeIgniter->run()
CRITICAL - 2026-03-16 17:25:43 --> Call to undefined method CodeIgniter\Database\MySQLi\Builder::whereNull()
in APPPATH\Controllers\Reportes.php on line 17.
 1 SYSTEMPATH\CodeIgniter.php(927): App\Controllers\Reportes->progreso()
 2 SYSTEMPATH\CodeIgniter.php(482): CodeIgniter\CodeIgniter->runController(Object(App\Controllers\Reportes))
 3 SYSTEMPATH\CodeIgniter.php(351): CodeIgniter\CodeIgniter->handleRequest(null, Object(Config\Cache), false)
 4 FCPATH\index.php(67): CodeIgniter\CodeIgniter->run()
CRITICAL - 2026-03-16 17:28:03 --> Call to undefined method CodeIgniter\Database\MySQLi\Builder::whereNull()
in APPPATH\Controllers\Reportes.php on line 17.
 1 SYSTEMPATH\CodeIgniter.php(927): App\Controllers\Reportes->progreso()
 2 SYSTEMPATH\CodeIgniter.php(482): CodeIgniter\CodeIgniter->runController(Object(App\Controllers\Reportes))
 3 SYSTEMPATH\CodeIgniter.php(351): CodeIgniter\CodeIgniter->handleRequest(null, Object(Config\Cache), false)
 4 FCPATH\index.php(67): CodeIgniter\CodeIgniter->run()
