ERROR - 2024-12-01 18:45:03 --> mysqli_sql_exception: Expression #1 of SELECT list is not in GROUP BY clause and contains nonaggregated column 'drepuno_monitoreo_regional.com_program_curri.prcu_ide' which is not functionally dependent on columns in GROUP BY clause; this is incompatible with sql_mode=only_full_group_by in /home/drepuno/public_html/monitoreo/system/Database/MySQLi/Connection.php:292
Stack trace:
#0 /home/drepuno/public_html/monitoreo/system/Database/MySQLi/Connection.php(292): mysqli->query('SELECT *\nFROM `...', 0)
#1 /home/drepuno/public_html/monitoreo/system/Database/BaseConnection.php(666): CodeIgniter\Database\MySQLi\Connection->execute('SELECT *\nFROM `...')
#2 /home/drepuno/public_html/monitoreo/system/Database/BaseConnection.php(593): CodeIgniter\Database\BaseConnection->simpleQuery('SELECT *\nFROM `...')
#3 /home/drepuno/public_html/monitoreo/system/Database/BaseBuilder.php(1585): CodeIgniter\Database\BaseConnection->query('SELECT *\nFROM `...', Array, false)
#4 /home/drepuno/public_html/monitoreo/app/Models/Generaldb.php(111): CodeIgniter\Database\BaseBuilder->get()
#5 /home/drepuno/public_html/monitoreo/app/Controllers/Evaluacion.php(126): App\Models\Generaldb->selectSomeDataJoin('*', 'com_program_cur...', 'prcu_esta_ide =...', 'prcu_orden ASC', 'prcu_anio', false, Array)
#6 /home/drepuno/public_html/monitoreo/system/CodeIgniter.php(927): App\Controllers\Evaluacion->getVerInformeAnual()
#7 /home/drepuno/public_html/monitoreo/system/CodeIgniter.php(482): CodeIgniter\CodeIgniter->runController(Object(App\Controllers\Evaluacion))
#8 /home/drepuno/public_html/monitoreo/system/CodeIgniter.php(351): CodeIgniter\CodeIgniter->handleRequest(NULL, Object(Config\Cache), false)
#9 /home/drepuno/public_html/monitoreo/index.php(67): CodeIgniter\CodeIgniter->run()
#10 {main}
CRITICAL - 2024-12-01 18:45:03 --> Call to a member function getResult() on bool
in APPPATH/Models/Generaldb.php on line 111.
 1 APPPATH/Controllers/Evaluacion.php(126): App\Models\Generaldb->selectSomeDataJoin('*', 'com_program_curri', 'prcu_esta_ide = 1 AND nive_ide = \'23\' AND prcu_anio = \'2023\'  AND com1_iiee_ide = \'10066\'', 'prcu_orden ASC', 'prcu_anio', false, [...])
 2 SYSTEMPATH/CodeIgniter.php(927): App\Controllers\Evaluacion->getVerInformeAnual()
 3 SYSTEMPATH/CodeIgniter.php(482): CodeIgniter\CodeIgniter->runController(Object(App\Controllers\Evaluacion))
 4 SYSTEMPATH/CodeIgniter.php(351): CodeIgniter\CodeIgniter->handleRequest(null, Object(Config\Cache), false)
 5 FCPATH/index.php(67): CodeIgniter\CodeIgniter->run()
